{"meta": {"format": 3, "version": "7.10.5", "timestamp": "2025-08-29T17:32:13.323752", "branch_coverage": false, "show_contexts": false}, "files": {"backend\\app\\__init__.py": {"executed_lines": [0], "summary": {"covered_lines": 0, "num_statements": 0, "percent_covered": 100.0, "percent_covered_display": "100", "missing_lines": 0, "excluded_lines": 0}, "missing_lines": [], "excluded_lines": [], "functions": {"": {"executed_lines": [], "summary": {"covered_lines": 0, "num_statements": 0, "percent_covered": 100.0, "percent_covered_display": "100", "missing_lines": 0, "excluded_lines": 0}, "missing_lines": [], "excluded_lines": []}}, "classes": {"": {"executed_lines": [], "summary": {"covered_lines": 0, "num_statements": 0, "percent_covered": 100.0, "percent_covered_display": "100", "missing_lines": 0, "excluded_lines": 0}, "missing_lines": [], "excluded_lines": []}}}, "backend\\app\\actions\\__init__.py": {"executed_lines": [0], "summary": {"covered_lines": 0, "num_statements": 0, "percent_covered": 100.0, "percent_covered_display": "100", "missing_lines": 0, "excluded_lines": 0}, "missing_lines": [], "excluded_lines": [], "functions": {"": {"executed_lines": [], "summary": {"covered_lines": 0, "num_statements": 0, "percent_covered": 100.0, "percent_covered_display": "100", "missing_lines": 0, "excluded_lines": 0}, "missing_lines": [], "excluded_lines": []}}, "classes": {"": {"executed_lines": [], "summary": {"covered_lines": 0, "num_statements": 0, "percent_covered": 100.0, "percent_covered_display": "100", "missing_lines": 0, "excluded_lines": 0}, "missing_lines": [], "excluded_lines": []}}}, "backend\\app\\actions\\registry.py": {"executed_lines": [1, 2, 3, 7, 10, 11, 12, 13, 14, 15, 16, 19, 20, 21, 22, 23, 24, 27, 28, 29, 30, 33, 34, 35, 36, 38, 40, 65, 81, 110, 140, 192, 236, 277, 308, 342, 369, 391, 392, 394, 397, 401], "summary": {"covered_lines": 42, "num_statements": 44, "percent_covered": 95.45454545454545, "percent_covered_display": "95", "missing_lines": 2, "excluded_lines": 0}, "missing_lines": [395, 398], "excluded_lines": [], "functions": {"ActionsRegistry.__init__": {"executed_lines": [35, 36], "summary": {"covered_lines": 2, "num_statements": 2, "percent_covered": 100.0, "percent_covered_display": "100", "missing_lines": 0, "excluded_lines": 0}, "missing_lines": [], "excluded_lines": []}, "ActionsRegistry._bootstrap": {"executed_lines": [40, 65, 81, 110, 140, 192, 236, 277, 308, 342, 369], "summary": {"covered_lines": 11, "num_statements": 11, "percent_covered": 100.0, "percent_covered_display": "100", "missing_lines": 0, "excluded_lines": 0}, "missing_lines": [], "excluded_lines": []}, "ActionsRegistry.register": {"executed_lines": [392], "summary": {"covered_lines": 1, "num_statements": 1, "percent_covered": 100.0, "percent_covered_display": "100", "missing_lines": 0, "excluded_lines": 0}, "missing_lines": [], "excluded_lines": []}, "ActionsRegistry.get": {"executed_lines": [], "summary": {"covered_lines": 0, "num_statements": 1, "percent_covered": 0.0, "percent_covered_display": "0", "missing_lines": 1, "excluded_lines": 0}, "missing_lines": [395], "excluded_lines": []}, "ActionsRegistry.list": {"executed_lines": [], "summary": {"covered_lines": 0, "num_statements": 1, "percent_covered": 0.0, "percent_covered_display": "0", "missing_lines": 1, "excluded_lines": 0}, "missing_lines": [398], "excluded_lines": []}, "": {"executed_lines": [1, 2, 3, 7, 10, 11, 12, 13, 14, 15, 16, 19, 20, 21, 22, 23, 24, 27, 28, 29, 30, 33, 34, 38, 391, 394, 397, 401], "summary": {"covered_lines": 28, "num_statements": 28, "percent_covered": 100.0, "percent_covered_display": "100", "missing_lines": 0, "excluded_lines": 0}, "missing_lines": [], "excluded_lines": []}}, "classes": {"ActionDescriptor": {"executed_lines": [], "summary": {"covered_lines": 0, "num_statements": 0, "percent_covered": 100.0, "percent_covered_display": "100", "missing_lines": 0, "excluded_lines": 0}, "missing_lines": [], "excluded_lines": []}, "ExecuteActionRequest": {"executed_lines": [], "summary": {"covered_lines": 0, "num_statements": 0, "percent_covered": 100.0, "percent_covered_display": "100", "missing_lines": 0, "excluded_lines": 0}, "missing_lines": [], "excluded_lines": []}, "ExecuteActionResponse": {"executed_lines": [], "summary": {"covered_lines": 0, "num_statements": 0, "percent_covered": 100.0, "percent_covered_display": "100", "missing_lines": 0, "excluded_lines": 0}, "missing_lines": [], "excluded_lines": []}, "ActionsRegistry": {"executed_lines": [35, 36, 40, 65, 81, 110, 140, 192, 236, 277, 308, 342, 369, 392], "summary": {"covered_lines": 14, "num_statements": 16, "percent_covered": 87.5, "percent_covered_display": "88", "missing_lines": 2, "excluded_lines": 0}, "missing_lines": [395, 398], "excluded_lines": []}, "": {"executed_lines": [1, 2, 3, 7, 10, 11, 12, 13, 14, 15, 16, 19, 20, 21, 22, 23, 24, 27, 28, 29, 30, 33, 34, 38, 391, 394, 397, 401], "summary": {"covered_lines": 28, "num_statements": 28, "percent_covered": 100.0, "percent_covered_display": "100", "missing_lines": 0, "excluded_lines": 0}, "missing_lines": [], "excluded_lines": []}}}, "backend\\app\\actions\\router.py": {"executed_lines": [1, 2, 3, 4, 5, 7, 8, 9, 10, 11, 12, 13, 14, 16, 19, 20, 21, 22, 23, 24, 25, 28, 29, 36, 37, 39, 41, 43, 44, 46, 47, 48, 49, 50, 51, 52, 54, 55, 57, 62, 65, 109, 113, 131, 143, 149, 159, 169, 216, 249, 291, 316, 338, 377, 428, 442], "summary": {"covered_lines": 55, "num_statements": 253, "percent_covered": 21.73913043478261, "percent_covered_display": "22", "missing_lines": 198, "excluded_lines": 0}, "missing_lines": [60, 63, 66, 67, 68, 73, 76, 83, 84, 89, 90, 94, 95, 97, 99, 101, 102, 103, 104, 105, 106, 107, 111, 117, 118, 119, 121, 128, 133, 134, 135, 136, 137, 138, 140, 141, 145, 146, 150, 151, 152, 153, 154, 156, 157, 160, 161, 162, 163, 164, 166, 167, 170, 171, 172, 173, 175, 176, 179, 180, 181, 182, 183, 184, 185, 188, 189, 190, 191, 192, 194, 201, 202, 205, 207, 217, 218, 219, 220, 222, 223, 226, 228, 229, 231, 232, 239, 240, 241, 242, 245, 247, 250, 251, 252, 254, 255, 257, 258, 261, 262, 263, 266, 267, 268, 269, 271, 278, 279, 282, 284, 292, 293, 294, 296, 297, 300, 301, 303, 306, 307, 309, 317, 318, 320, 321, 323, 324, 326, 329, 330, 331, 332, 333, 335, 339, 340, 341, 342, 343, 344, 351, 352, 353, 355, 356, 357, 358, 359, 360, 363, 364, 365, 366, 367, 369, 370, 371, 372, 374, 375, 378, 379, 380, 381, 383, 384, 385, 386, 393, 395, 396, 403, 405, 406, 407, 408, 409, 412, 413, 414, 415, 416, 417, 419, 420, 421, 422, 424, 425, 429, 430, 431, 434, 435, 436, 437, 438], "excluded_lines": [], "functions": {"ActionRouter.__init__": {"executed_lines": [37, 39, 41, 43, 44, 46, 47, 48, 49, 50, 51, 52, 54, 55], "summary": {"covered_lines": 14, "num_statements": 14, "percent_covered": 100.0, "percent_covered_display": "100", "missing_lines": 0, "excluded_lines": 0}, "missing_lines": [], "excluded_lines": []}, "ActionRouter.register": {"executed_lines": [], "summary": {"covered_lines": 0, "num_statements": 1, "percent_covered": 0.0, "percent_covered_display": "0", "missing_lines": 1, "excluded_lines": 0}, "missing_lines": [60], "excluded_lines": []}, "ActionRouter.get_descriptor": {"executed_lines": [], "summary": {"covered_lines": 0, "num_statements": 1, "percent_covered": 0.0, "percent_covered_display": "0", "missing_lines": 1, "excluded_lines": 0}, "missing_lines": [63], "excluded_lines": []}, "ActionRouter.execute": {"executed_lines": [], "summary": {"covered_lines": 0, "num_statements": 20, "percent_covered": 0.0, "percent_covered_display": "0", "missing_lines": 20, "excluded_lines": 0}, "missing_lines": [66, 67, 68, 73, 76, 83, 84, 89, 90, 94, 95, 97, 99, 101, 102, 103, 104, 105, 106, 107], "excluded_lines": []}, "ActionRouter.execute_action": {"executed_lines": [], "summary": {"covered_lines": 0, "num_statements": 1, "percent_covered": 0.0, "percent_covered_display": "0", "missing_lines": 1, "excluded_lines": 0}, "missing_lines": [111], "excluded_lines": []}, "ActionRouter.parse_and_execute_from_text": {"executed_lines": [], "summary": {"covered_lines": 0, "num_statements": 5, "percent_covered": 0.0, "percent_covered_display": "0", "missing_lines": 5, "excluded_lines": 0}, "missing_lines": [117, 118, 119, 121, 128], "excluded_lines": []}, "ActionRouter._handle_journal_add_entry": {"executed_lines": [], "summary": {"covered_lines": 0, "num_statements": 8, "percent_covered": 0.0, "percent_covered_display": "0", "missing_lines": 8, "excluded_lines": 0}, "missing_lines": [133, 134, 135, 136, 137, 138, 140, 141], "excluded_lines": []}, "ActionRouter._handle_review_weekly_generate": {"executed_lines": [], "summary": {"covered_lines": 0, "num_statements": 2, "percent_covered": 0.0, "percent_covered_display": "0", "missing_lines": 2, "excluded_lines": 0}, "missing_lines": [145, 146], "excluded_lines": []}, "ActionRouter._handle_nutrition_set_current": {"executed_lines": [], "summary": {"covered_lines": 0, "num_statements": 7, "percent_covered": 0.0, "percent_covered_display": "0", "missing_lines": 7, "excluded_lines": 0}, "missing_lines": [150, 151, 152, 153, 154, 156, 157], "excluded_lines": []}, "ActionRouter._handle_nutrition_archive": {"executed_lines": [], "summary": {"covered_lines": 0, "num_statements": 7, "percent_covered": 0.0, "percent_covered_display": "0", "missing_lines": 7, "excluded_lines": 0}, "missing_lines": [160, 161, 162, 163, 164, 166, 167], "excluded_lines": []}, "ActionRouter._handle_fitness_log_workout": {"executed_lines": [], "summary": {"covered_lines": 0, "num_statements": 23, "percent_covered": 0.0, "percent_covered_display": "0", "missing_lines": 23, "excluded_lines": 0}, "missing_lines": [170, 171, 172, 173, 175, 176, 179, 180, 181, 182, 183, 184, 185, 188, 189, 190, 191, 192, 194, 201, 202, 205, 207], "excluded_lines": []}, "ActionRouter._handle_fitness_create_goal": {"executed_lines": [], "summary": {"covered_lines": 0, "num_statements": 17, "percent_covered": 0.0, "percent_covered_display": "0", "missing_lines": 17, "excluded_lines": 0}, "missing_lines": [217, 218, 219, 220, 222, 223, 226, 228, 229, 231, 232, 239, 240, 241, 242, 245, 247], "excluded_lines": []}, "ActionRouter._handle_nutrition_log_meal": {"executed_lines": [], "summary": {"covered_lines": 0, "num_statements": 19, "percent_covered": 0.0, "percent_covered_display": "0", "missing_lines": 19, "excluded_lines": 0}, "missing_lines": [250, 251, 252, 254, 255, 257, 258, 261, 262, 263, 266, 267, 268, 269, 271, 278, 279, 282, 284], "excluded_lines": []}, "ActionRouter._handle_hydration_log_water": {"executed_lines": [], "summary": {"covered_lines": 0, "num_statements": 11, "percent_covered": 0.0, "percent_covered_display": "0", "missing_lines": 11, "excluded_lines": 0}, "missing_lines": [292, 293, 294, 296, 297, 300, 301, 303, 306, 307, 309], "excluded_lines": []}, "ActionRouter._handle_mood_log_checkin": {"executed_lines": [], "summary": {"covered_lines": 0, "num_statements": 13, "percent_covered": 0.0, "percent_covered_display": "0", "missing_lines": 13, "excluded_lines": 0}, "missing_lines": [317, 318, 320, 321, 323, 324, 326, 329, 330, 331, 332, 333, 335], "excluded_lines": []}, "ActionRouter._handle_calendar_add_event": {"executed_lines": [], "summary": {"covered_lines": 0, "num_statements": 18, "percent_covered": 0.0, "percent_covered_display": "0", "missing_lines": 18, "excluded_lines": 0}, "missing_lines": [339, 340, 341, 342, 343, 344, 351, 352, 353, 355, 356, 357, 358, 359, 360, 363, 374, 375], "excluded_lines": []}, "ActionRouter._handle_calendar_add_event._undo_delete_created": {"executed_lines": [], "summary": {"covered_lines": 0, "num_statements": 8, "percent_covered": 0.0, "percent_covered_display": "0", "missing_lines": 8, "excluded_lines": 0}, "missing_lines": [364, 365, 366, 367, 369, 370, 371, 372], "excluded_lines": []}, "ActionRouter._handle_calendar_delete_event": {"executed_lines": [], "summary": {"covered_lines": 0, "num_statements": 20, "percent_covered": 0.0, "percent_covered_display": "0", "missing_lines": 20, "excluded_lines": 0}, "missing_lines": [378, 379, 380, 381, 383, 384, 385, 386, 393, 395, 396, 403, 405, 406, 407, 408, 409, 412, 424, 425], "excluded_lines": []}, "ActionRouter._handle_calendar_delete_event._undo_recreate_deleted": {"executed_lines": [], "summary": {"covered_lines": 0, "num_statements": 9, "percent_covered": 0.0, "percent_covered_display": "0", "missing_lines": 9, "excluded_lines": 0}, "missing_lines": [413, 414, 415, 416, 417, 419, 420, 421, 422], "excluded_lines": []}, "ActionRouter.undo": {"executed_lines": [], "summary": {"covered_lines": 0, "num_statements": 8, "percent_covered": 0.0, "percent_covered_display": "0", "missing_lines": 8, "excluded_lines": 0}, "missing_lines": [429, 430, 431, 434, 435, 436, 437, 438], "excluded_lines": []}, "": {"executed_lines": [1, 2, 3, 4, 5, 7, 8, 9, 10, 11, 12, 13, 14, 16, 19, 20, 21, 22, 23, 24, 25, 28, 29, 36, 57, 62, 65, 109, 113, 131, 143, 149, 159, 169, 216, 249, 291, 316, 338, 377, 428, 442], "summary": {"covered_lines": 41, "num_statements": 41, "percent_covered": 100.0, "percent_covered_display": "100", "missing_lines": 0, "excluded_lines": 0}, "missing_lines": [], "excluded_lines": []}}, "classes": {"ActionResult": {"executed_lines": [], "summary": {"covered_lines": 0, "num_statements": 0, "percent_covered": 100.0, "percent_covered_display": "100", "missing_lines": 0, "excluded_lines": 0}, "missing_lines": [], "excluded_lines": []}, "ActionRouter": {"executed_lines": [37, 39, 41, 43, 44, 46, 47, 48, 49, 50, 51, 52, 54, 55], "summary": {"covered_lines": 14, "num_statements": 212, "percent_covered": 6.60377358490566, "percent_covered_display": "7", "missing_lines": 198, "excluded_lines": 0}, "missing_lines": [60, 63, 66, 67, 68, 73, 76, 83, 84, 89, 90, 94, 95, 97, 99, 101, 102, 103, 104, 105, 106, 107, 111, 117, 118, 119, 121, 128, 133, 134, 135, 136, 137, 138, 140, 141, 145, 146, 150, 151, 152, 153, 154, 156, 157, 160, 161, 162, 163, 164, 166, 167, 170, 171, 172, 173, 175, 176, 179, 180, 181, 182, 183, 184, 185, 188, 189, 190, 191, 192, 194, 201, 202, 205, 207, 217, 218, 219, 220, 222, 223, 226, 228, 229, 231, 232, 239, 240, 241, 242, 245, 247, 250, 251, 252, 254, 255, 257, 258, 261, 262, 263, 266, 267, 268, 269, 271, 278, 279, 282, 284, 292, 293, 294, 296, 297, 300, 301, 303, 306, 307, 309, 317, 318, 320, 321, 323, 324, 326, 329, 330, 331, 332, 333, 335, 339, 340, 341, 342, 343, 344, 351, 352, 353, 355, 356, 357, 358, 359, 360, 363, 364, 365, 366, 367, 369, 370, 371, 372, 374, 375, 378, 379, 380, 381, 383, 384, 385, 386, 393, 395, 396, 403, 405, 406, 407, 408, 409, 412, 413, 414, 415, 416, 417, 419, 420, 421, 422, 424, 425, 429, 430, 431, 434, 435, 436, 437, 438], "excluded_lines": []}, "": {"executed_lines": [1, 2, 3, 4, 5, 7, 8, 9, 10, 11, 12, 13, 14, 16, 19, 20, 21, 22, 23, 24, 25, 28, 29, 36, 57, 62, 65, 109, 113, 131, 143, 149, 159, 169, 216, 249, 291, 316, 338, 377, 428, 442], "summary": {"covered_lines": 41, "num_statements": 41, "percent_covered": 100.0, "percent_covered_display": "100", "missing_lines": 0, "excluded_lines": 0}, "missing_lines": [], "excluded_lines": []}}}, "backend\\app\\api\\__init__.py": {"executed_lines": [0], "summary": {"covered_lines": 0, "num_statements": 0, "percent_covered": 100.0, "percent_covered_display": "100", "missing_lines": 0, "excluded_lines": 0}, "missing_lines": [], "excluded_lines": [], "functions": {"": {"executed_lines": [], "summary": {"covered_lines": 0, "num_statements": 0, "percent_covered": 100.0, "percent_covered_display": "100", "missing_lines": 0, "excluded_lines": 0}, "missing_lines": [], "excluded_lines": []}}, "classes": {"": {"executed_lines": [], "summary": {"covered_lines": 0, "num_statements": 0, "percent_covered": 100.0, "percent_covered_display": "100", "missing_lines": 0, "excluded_lines": 0}, "missing_lines": [], "excluded_lines": []}}}, "backend\\app\\api\\api_v1\\__init__.py": {"executed_lines": [0], "summary": {"covered_lines": 0, "num_statements": 0, "percent_covered": 100.0, "percent_covered_display": "100", "missing_lines": 0, "excluded_lines": 0}, "missing_lines": [], "excluded_lines": [], "functions": {"": {"executed_lines": [], "summary": {"covered_lines": 0, "num_statements": 0, "percent_covered": 100.0, "percent_covered_display": "100", "missing_lines": 0, "excluded_lines": 0}, "missing_lines": [], "excluded_lines": []}}, "classes": {"": {"executed_lines": [], "summary": {"covered_lines": 0, "num_statements": 0, "percent_covered": 100.0, "percent_covered_display": "100", "missing_lines": 0, "excluded_lines": 0}, "missing_lines": [], "excluded_lines": []}}}, "backend\\app\\api\\api_v1\\api.py": {"executed_lines": [1, 3, 27, 29, 31, 32, 33, 36, 39, 42, 45, 47, 49, 54, 55, 56, 59, 62, 63, 64, 65, 66, 67, 68, 69, 70, 71, 72, 73, 76], "summary": {"covered_lines": 30, "num_statements": 30, "percent_covered": 100.0, "percent_covered_display": "100", "missing_lines": 0, "excluded_lines": 0}, "missing_lines": [], "excluded_lines": [], "functions": {"": {"executed_lines": [1, 3, 27, 29, 31, 32, 33, 36, 39, 42, 45, 47, 49, 54, 55, 56, 59, 62, 63, 64, 65, 66, 67, 68, 69, 70, 71, 72, 73, 76], "summary": {"covered_lines": 30, "num_statements": 30, "percent_covered": 100.0, "percent_covered_display": "100", "missing_lines": 0, "excluded_lines": 0}, "missing_lines": [], "excluded_lines": []}}, "classes": {"": {"executed_lines": [1, 3, 27, 29, 31, 32, 33, 36, 39, 42, 45, 47, 49, 54, 55, 56, 59, 62, 63, 64, 65, 66, 67, 68, 69, 70, 71, 72, 73, 76], "summary": {"covered_lines": 30, "num_statements": 30, "percent_covered": 100.0, "percent_covered_display": "100", "missing_lines": 0, "excluded_lines": 0}, "missing_lines": [], "excluded_lines": []}}}, "backend\\app\\api\\deps.py": {"executed_lines": [1, 3, 4, 5, 6, 7, 9, 10, 11, 12, 13, 15, 18, 32, 60, 80], "summary": {"covered_lines": 16, "num_statements": 35, "percent_covered": 45.714285714285715, "percent_covered_display": "46", "missing_lines": 19, "excluded_lines": 0}, "missing_lines": [25, 26, 27, 29, 46, 47, 48, 49, 50, 54, 55, 56, 57, 75, 76, 77, 95, 96, 97], "excluded_lines": [], "functions": {"get_db": {"executed_lines": [], "summary": {"covered_lines": 0, "num_statements": 4, "percent_covered": 0.0, "percent_covered_display": "0", "missing_lines": 4, "excluded_lines": 0}, "missing_lines": [25, 26, 27, 29], "excluded_lines": []}, "get_current_user": {"executed_lines": [], "summary": {"covered_lines": 0, "num_statements": 9, "percent_covered": 0.0, "percent_covered_display": "0", "missing_lines": 9, "excluded_lines": 0}, "missing_lines": [46, 47, 48, 49, 50, 54, 55, 56, 57], "excluded_lines": []}, "get_current_active_user": {"executed_lines": [], "summary": {"covered_lines": 0, "num_statements": 3, "percent_covered": 0.0, "percent_covered_display": "0", "missing_lines": 3, "excluded_lines": 0}, "missing_lines": [75, 76, 77], "excluded_lines": []}, "get_current_active_superuser": {"executed_lines": [], "summary": {"covered_lines": 0, "num_statements": 3, "percent_covered": 0.0, "percent_covered_display": "0", "missing_lines": 3, "excluded_lines": 0}, "missing_lines": [95, 96, 97], "excluded_lines": []}, "": {"executed_lines": [1, 3, 4, 5, 6, 7, 9, 10, 11, 12, 13, 15, 18, 32, 60, 80], "summary": {"covered_lines": 16, "num_statements": 16, "percent_covered": 100.0, "percent_covered_display": "100", "missing_lines": 0, "excluded_lines": 0}, "missing_lines": [], "excluded_lines": []}}, "classes": {"": {"executed_lines": [1, 3, 4, 5, 6, 7, 9, 10, 11, 12, 13, 15, 18, 32, 60, 80], "summary": {"covered_lines": 16, "num_statements": 35, "percent_covered": 45.714285714285715, "percent_covered_display": "46", "missing_lines": 19, "excluded_lines": 0}, "missing_lines": [25, 26, 27, 29, 46, 47, 48, 49, 50, 54, 55, 56, 57, 75, 76, 77, 95, 96, 97], "excluded_lines": []}}}, "backend\\app\\api\\endpoints\\__init__.py": {"executed_lines": [2, 4], "summary": {"covered_lines": 2, "num_statements": 2, "percent_covered": 100.0, "percent_covered_display": "100", "missing_lines": 0, "excluded_lines": 0}, "missing_lines": [], "excluded_lines": [], "functions": {"": {"executed_lines": [2, 4], "summary": {"covered_lines": 2, "num_statements": 2, "percent_covered": 100.0, "percent_covered_display": "100", "missing_lines": 0, "excluded_lines": 0}, "missing_lines": [], "excluded_lines": []}}, "classes": {"": {"executed_lines": [2, 4], "summary": {"covered_lines": 2, "num_statements": 2, "percent_covered": 100.0, "percent_covered_display": "100", "missing_lines": 0, "excluded_lines": 0}, "missing_lines": [], "excluded_lines": []}}}, "backend\\app\\api\\endpoints\\actions.py": {"executed_lines": [1, 2, 3, 5, 6, 7, 8, 10, 13, 14, 24, 25, 94, 95], "summary": {"covered_lines": 14, "num_statements": 46, "percent_covered": 30.434782608695652, "percent_covered_display": "30", "missing_lines": 32, "excluded_lines": 0}, "missing_lines": [20, 21, 34, 35, 36, 37, 38, 39, 42, 44, 46, 54, 55, 56, 62, 69, 70, 72, 73, 79, 81, 91, 103, 104, 105, 115, 116, 117, 118, 124, 125, 134], "excluded_lines": [], "functions": {"list_actions": {"executed_lines": [], "summary": {"covered_lines": 0, "num_statements": 2, "percent_covered": 0.0, "percent_covered_display": "0", "missing_lines": 2, "excluded_lines": 0}, "missing_lines": [20, 21], "excluded_lines": []}, "execute_action": {"executed_lines": [], "summary": {"covered_lines": 0, "num_statements": 20, "percent_covered": 0.0, "percent_covered_display": "0", "missing_lines": 20, "excluded_lines": 0}, "missing_lines": [34, 35, 36, 37, 38, 39, 42, 44, 46, 54, 55, 56, 62, 69, 70, 72, 73, 79, 81, 91], "excluded_lines": []}, "undo_action": {"executed_lines": [], "summary": {"covered_lines": 0, "num_statements": 10, "percent_covered": 0.0, "percent_covered_display": "0", "missing_lines": 10, "excluded_lines": 0}, "missing_lines": [103, 104, 105, 115, 116, 117, 118, 124, 125, 134], "excluded_lines": []}, "": {"executed_lines": [1, 2, 3, 5, 6, 7, 8, 10, 13, 14, 24, 25, 94, 95], "summary": {"covered_lines": 14, "num_statements": 14, "percent_covered": 100.0, "percent_covered_display": "100", "missing_lines": 0, "excluded_lines": 0}, "missing_lines": [], "excluded_lines": []}}, "classes": {"": {"executed_lines": [1, 2, 3, 5, 6, 7, 8, 10, 13, 14, 24, 25, 94, 95], "summary": {"covered_lines": 14, "num_statements": 46, "percent_covered": 30.434782608695652, "percent_covered_display": "30", "missing_lines": 32, "excluded_lines": 0}, "missing_lines": [20, 21, 34, 35, 36, 37, 38, 39, 42, 44, 46, 54, 55, 56, 62, 69, 70, 72, 73, 79, 81, 91, 103, 104, 105, 115, 116, 117, 118, 124, 125, 134], "excluded_lines": []}}}, "backend\\app\\api\\endpoints\\calendar.py": {"executed_lines": [1, 2, 3, 4, 5, 6, 8, 9, 10, 19, 20, 22, 23, 26, 27, 80, 81, 147, 150, 180, 181, 196, 197, 218, 219], "summary": {"covered_lines": 25, "num_statements": 100, "percent_covered": 25.0, "percent_covered_display": "25", "missing_lines": 75, "excluded_lines": 0}, "missing_lines": [34, 36, 37, 38, 40, 41, 42, 43, 45, 46, 48, 49, 50, 51, 53, 54, 55, 61, 62, 69, 70, 71, 72, 74, 93, 94, 95, 96, 97, 98, 99, 100, 102, 103, 105, 106, 107, 108, 109, 111, 113, 114, 116, 123, 125, 126, 137, 139, 140, 141, 156, 157, 158, 159, 172, 173, 174, 187, 188, 189, 190, 204, 205, 208, 209, 210, 211, 212, 225, 226, 227, 228, 229, 230, 231], "excluded_lines": [], "functions": {"list_events": {"executed_lines": [], "summary": {"covered_lines": 0, "num_statements": 15, "percent_covered": 0.0, "percent_covered_display": "0", "missing_lines": 15, "excluded_lines": 0}, "missing_lines": [34, 36, 45, 46, 48, 53, 54, 55, 61, 62, 69, 70, 71, 72, 74], "excluded_lines": []}, "list_events.parse_dt": {"executed_lines": [], "summary": {"covered_lines": 0, "num_statements": 6, "percent_covered": 0.0, "percent_covered_display": "0", "missing_lines": 6, "excluded_lines": 0}, "missing_lines": [37, 38, 40, 41, 42, 43], "excluded_lines": []}, "list_events.to_naive_utc": {"executed_lines": [], "summary": {"covered_lines": 0, "num_statements": 3, "percent_covered": 0.0, "percent_covered_display": "0", "missing_lines": 3, "excluded_lines": 0}, "missing_lines": [49, 50, 51], "excluded_lines": []}, "create_from_intents": {"executed_lines": [], "summary": {"covered_lines": 0, "num_statements": 26, "percent_covered": 0.0, "percent_covered_display": "0", "missing_lines": 26, "excluded_lines": 0}, "missing_lines": [93, 94, 95, 96, 97, 98, 99, 100, 102, 103, 105, 106, 107, 108, 109, 111, 113, 114, 116, 123, 125, 126, 137, 139, 140, 141], "excluded_lines": []}, "create_events_bulk": {"executed_lines": [], "summary": {"covered_lines": 0, "num_statements": 7, "percent_covered": 0.0, "percent_covered_display": "0", "missing_lines": 7, "excluded_lines": 0}, "missing_lines": [156, 157, 158, 159, 172, 173, 174], "excluded_lines": []}, "create_event": {"executed_lines": [], "summary": {"covered_lines": 0, "num_statements": 4, "percent_covered": 0.0, "percent_covered_display": "0", "missing_lines": 4, "excluded_lines": 0}, "missing_lines": [187, 188, 189, 190], "excluded_lines": []}, "update_event": {"executed_lines": [], "summary": {"covered_lines": 0, "num_statements": 7, "percent_covered": 0.0, "percent_covered_display": "0", "missing_lines": 7, "excluded_lines": 0}, "missing_lines": [204, 205, 208, 209, 210, 211, 212], "excluded_lines": []}, "delete_event": {"executed_lines": [], "summary": {"covered_lines": 0, "num_statements": 7, "percent_covered": 0.0, "percent_covered_display": "0", "missing_lines": 7, "excluded_lines": 0}, "missing_lines": [225, 226, 227, 228, 229, 230, 231], "excluded_lines": []}, "": {"executed_lines": [1, 2, 3, 4, 5, 6, 8, 9, 10, 19, 20, 22, 23, 26, 27, 80, 81, 147, 150, 180, 181, 196, 197, 218, 219], "summary": {"covered_lines": 25, "num_statements": 25, "percent_covered": 100.0, "percent_covered_display": "100", "missing_lines": 0, "excluded_lines": 0}, "missing_lines": [], "excluded_lines": []}}, "classes": {"": {"executed_lines": [1, 2, 3, 4, 5, 6, 8, 9, 10, 19, 20, 22, 23, 26, 27, 80, 81, 147, 150, 180, 181, 196, 197, 218, 219], "summary": {"covered_lines": 25, "num_statements": 100, "percent_covered": 25.0, "percent_covered_display": "25", "missing_lines": 75, "excluded_lines": 0}, "missing_lines": [34, 36, 37, 38, 40, 41, 42, 43, 45, 46, 48, 49, 50, 51, 53, 54, 55, 61, 62, 69, 70, 71, 72, 74, 93, 94, 95, 96, 97, 98, 99, 100, 102, 103, 105, 106, 107, 108, 109, 111, 113, 114, 116, 123, 125, 126, 137, 139, 140, 141, 156, 157, 158, 159, 172, 173, 174, 187, 188, 189, 190, 204, 205, 208, 209, 210, 211, 212, 225, 226, 227, 228, 229, 230, 231], "excluded_lines": []}}}, "backend\\app\\api\\endpoints\\coaching.py": {"executed_lines": [1, 2, 3, 4, 5, 7, 8, 9, 10, 36, 40, 41, 50, 51, 74, 75, 91, 92, 101, 102, 113, 114, 142, 143, 157, 158, 166, 167, 175, 176, 185, 186, 195, 196, 205, 206, 280, 281, 295, 296, 308, 309, 365, 366, 374, 375, 383, 384, 391, 392, 400, 401, 410, 411, 419, 420, 428, 429, 436, 437, 445, 446], "summary": {"covered_lines": 62, "num_statements": 178, "percent_covered": 34.831460674157306, "percent_covered_display": "35", "missing_lines": 116, "excluded_lines": 0}, "missing_lines": [46, 47, 57, 59, 60, 61, 71, 81, 82, 84, 85, 86, 87, 97, 98, 109, 110, 119, 120, 121, 123, 124, 125, 126, 127, 128, 129, 139, 149, 150, 151, 152, 153, 163, 172, 181, 182, 191, 192, 201, 202, 215, 216, 217, 218, 219, 220, 221, 223, 224, 226, 227, 228, 229, 230, 231, 234, 235, 236, 237, 238, 239, 240, 241, 242, 243, 244, 254, 255, 256, 259, 260, 261, 262, 263, 264, 265, 266, 275, 276, 286, 300, 314, 315, 317, 318, 324, 331, 332, 333, 334, 335, 336, 337, 338, 339, 340, 341, 342, 343, 344, 345, 346, 349, 356, 357, 371, 380, 388, 397, 406, 416, 425, 433, 442, 451], "excluded_lines": [], "functions": {"create_goal": {"executed_lines": [], "summary": {"covered_lines": 0, "num_statements": 2, "percent_covered": 0.0, "percent_covered_display": "0", "missing_lines": 2, "excluded_lines": 0}, "missing_lines": [46, 47], "excluded_lines": []}, "list_goals": {"executed_lines": [], "summary": {"covered_lines": 0, "num_statements": 5, "percent_covered": 0.0, "percent_covered_display": "0", "missing_lines": 5, "excluded_lines": 0}, "missing_lines": [57, 59, 60, 61, 71], "excluded_lines": []}, "update_goal": {"executed_lines": [], "summary": {"covered_lines": 0, "num_statements": 6, "percent_covered": 0.0, "percent_covered_display": "0", "missing_lines": 6, "excluded_lines": 0}, "missing_lines": [81, 82, 84, 85, 86, 87], "excluded_lines": []}, "create_routine": {"executed_lines": [], "summary": {"covered_lines": 0, "num_statements": 2, "percent_covered": 0.0, "percent_covered_display": "0", "missing_lines": 2, "excluded_lines": 0}, "missing_lines": [97, 98], "excluded_lines": []}, "upsert_routine": {"executed_lines": [], "summary": {"covered_lines": 0, "num_statements": 2, "percent_covered": 0.0, "percent_covered_display": "0", "missing_lines": 2, "excluded_lines": 0}, "missing_lines": [109, 110], "excluded_lines": []}, "list_routines": {"executed_lines": [], "summary": {"covered_lines": 0, "num_statements": 11, "percent_covered": 0.0, "percent_covered_display": "0", "missing_lines": 11, "excluded_lines": 0}, "missing_lines": [119, 120, 121, 123, 124, 125, 126, 127, 128, 129, 139], "excluded_lines": []}, "update_routine": {"executed_lines": [], "summary": {"covered_lines": 0, "num_statements": 5, "percent_covered": 0.0, "percent_covered_display": "0", "missing_lines": 5, "excluded_lines": 0}, "missing_lines": [149, 150, 151, 152, 153], "excluded_lines": []}, "log_workout": {"executed_lines": [], "summary": {"covered_lines": 0, "num_statements": 1, "percent_covered": 0.0, "percent_covered_display": "0", "missing_lines": 1, "excluded_lines": 0}, "missing_lines": [163], "excluded_lines": []}, "log_meal": {"executed_lines": [], "summary": {"covered_lines": 0, "num_statements": 1, "percent_covered": 0.0, "percent_covered_display": "0", "missing_lines": 1, "excluded_lines": 0}, "missing_lines": [172], "excluded_lines": []}, "log_hydration": {"executed_lines": [], "summary": {"covered_lines": 0, "num_statements": 2, "percent_covered": 0.0, "percent_covered_display": "0", "missing_lines": 2, "excluded_lines": 0}, "missing_lines": [181, 182], "excluded_lines": []}, "log_mood": {"executed_lines": [], "summary": {"covered_lines": 0, "num_statements": 2, "percent_covered": 0.0, "percent_covered_display": "0", "missing_lines": 2, "excluded_lines": 0}, "missing_lines": [191, 192], "excluded_lines": []}, "add_journal_entry": {"executed_lines": [], "summary": {"covered_lines": 0, "num_statements": 2, "percent_covered": 0.0, "percent_covered_display": "0", "missing_lines": 2, "excluded_lines": 0}, "missing_lines": [201, 202], "excluded_lines": []}, "query_logs": {"executed_lines": [], "summary": {"covered_lines": 0, "num_statements": 33, "percent_covered": 0.0, "percent_covered_display": "0", "missing_lines": 33, "excluded_lines": 0}, "missing_lines": [215, 223, 224, 226, 227, 228, 229, 230, 231, 234, 235, 236, 237, 238, 239, 240, 241, 242, 243, 244, 254, 255, 256, 259, 260, 261, 262, 263, 264, 265, 266, 275, 276], "excluded_lines": []}, "query_logs._parse_dt": {"executed_lines": [], "summary": {"covered_lines": 0, "num_statements": 6, "percent_covered": 0.0, "percent_covered_display": "0", "missing_lines": 6, "excluded_lines": 0}, "missing_lines": [216, 217, 218, 219, 220, 221], "excluded_lines": []}, "daily_nudge": {"executed_lines": [], "summary": {"covered_lines": 0, "num_statements": 1, "percent_covered": 0.0, "percent_covered_display": "0", "missing_lines": 1, "excluded_lines": 0}, "missing_lines": [286], "excluded_lines": []}, "weekly_review": {"executed_lines": [], "summary": {"covered_lines": 0, "num_statements": 1, "percent_covered": 0.0, "percent_covered_display": "0", "missing_lines": 1, "excluded_lines": 0}, "missing_lines": [300], "excluded_lines": []}, "execute_action": {"executed_lines": [], "summary": {"covered_lines": 0, "num_statements": 24, "percent_covered": 0.0, "percent_covered_display": "0", "missing_lines": 24, "excluded_lines": 0}, "missing_lines": [314, 315, 317, 318, 324, 331, 332, 333, 334, 335, 336, 337, 338, 339, 340, 341, 342, 343, 344, 345, 346, 349, 356, 357], "excluded_lines": []}, "create_fitness_plan": {"executed_lines": [], "summary": {"covered_lines": 0, "num_statements": 1, "percent_covered": 0.0, "percent_covered_display": "0", "missing_lines": 1, "excluded_lines": 0}, "missing_lines": [371], "excluded_lines": []}, "list_fitness_plans": {"executed_lines": [], "summary": {"covered_lines": 0, "num_statements": 1, "percent_covered": 0.0, "percent_covered_display": "0", "missing_lines": 1, "excluded_lines": 0}, "missing_lines": [380], "excluded_lines": []}, "get_current_fitness_plan": {"executed_lines": [], "summary": {"covered_lines": 0, "num_statements": 1, "percent_covered": 0.0, "percent_covered_display": "0", "missing_lines": 1, "excluded_lines": 0}, "missing_lines": [388], "excluded_lines": []}, "set_active_fitness_plan": {"executed_lines": [], "summary": {"covered_lines": 0, "num_statements": 1, "percent_covered": 0.0, "percent_covered_display": "0", "missing_lines": 1, "excluded_lines": 0}, "missing_lines": [397], "excluded_lines": []}, "archive_fitness_plan": {"executed_lines": [], "summary": {"covered_lines": 0, "num_statements": 1, "percent_covered": 0.0, "percent_covered_display": "0", "missing_lines": 1, "excluded_lines": 0}, "missing_lines": [406], "excluded_lines": []}, "create_nutrition_plan": {"executed_lines": [], "summary": {"covered_lines": 0, "num_statements": 1, "percent_covered": 0.0, "percent_covered_display": "0", "missing_lines": 1, "excluded_lines": 0}, "missing_lines": [416], "excluded_lines": []}, "list_nutrition_plans": {"executed_lines": [], "summary": {"covered_lines": 0, "num_statements": 1, "percent_covered": 0.0, "percent_covered_display": "0", "missing_lines": 1, "excluded_lines": 0}, "missing_lines": [425], "excluded_lines": []}, "get_current_nutrition_plan": {"executed_lines": [], "summary": {"covered_lines": 0, "num_statements": 1, "percent_covered": 0.0, "percent_covered_display": "0", "missing_lines": 1, "excluded_lines": 0}, "missing_lines": [433], "excluded_lines": []}, "set_active_nutrition_plan": {"executed_lines": [], "summary": {"covered_lines": 0, "num_statements": 1, "percent_covered": 0.0, "percent_covered_display": "0", "missing_lines": 1, "excluded_lines": 0}, "missing_lines": [442], "excluded_lines": []}, "archive_nutrition_plan": {"executed_lines": [], "summary": {"covered_lines": 0, "num_statements": 1, "percent_covered": 0.0, "percent_covered_display": "0", "missing_lines": 1, "excluded_lines": 0}, "missing_lines": [451], "excluded_lines": []}, "": {"executed_lines": [1, 2, 3, 4, 5, 7, 8, 9, 10, 36, 40, 41, 50, 51, 74, 75, 91, 92, 101, 102, 113, 114, 142, 143, 157, 158, 166, 167, 175, 176, 185, 186, 195, 196, 205, 206, 280, 281, 295, 296, 308, 309, 365, 366, 374, 375, 383, 384, 391, 392, 400, 401, 410, 411, 419, 420, 428, 429, 436, 437, 445, 446], "summary": {"covered_lines": 62, "num_statements": 62, "percent_covered": 100.0, "percent_covered_display": "100", "missing_lines": 0, "excluded_lines": 0}, "missing_lines": [], "excluded_lines": []}}, "classes": {"": {"executed_lines": [1, 2, 3, 4, 5, 7, 8, 9, 10, 36, 40, 41, 50, 51, 74, 75, 91, 92, 101, 102, 113, 114, 142, 143, 157, 158, 166, 167, 175, 176, 185, 186, 195, 196, 205, 206, 280, 281, 295, 296, 308, 309, 365, 366, 374, 375, 383, 384, 391, 392, 400, 401, 410, 411, 419, 420, 428, 429, 436, 437, 445, 446], "summary": {"covered_lines": 62, "num_statements": 178, "percent_covered": 34.831460674157306, "percent_covered_display": "35", "missing_lines": 116, "excluded_lines": 0}, "missing_lines": [46, 47, 57, 59, 60, 61, 71, 81, 82, 84, 85, 86, 87, 97, 98, 109, 110, 119, 120, 121, 123, 124, 125, 126, 127, 128, 129, 139, 149, 150, 151, 152, 153, 163, 172, 181, 182, 191, 192, 201, 202, 215, 216, 217, 218, 219, 220, 221, 223, 224, 226, 227, 228, 229, 230, 231, 234, 235, 236, 237, 238, 239, 240, 241, 242, 243, 244, 254, 255, 256, 259, 260, 261, 262, 263, 264, 265, 266, 275, 276, 286, 300, 314, 315, 317, 318, 324, 331, 332, 333, 334, 335, 336, 337, 338, 339, 340, 341, 342, 343, 344, 345, 346, 349, 356, 357, 371, 380, 388, 397, 406, 416, 425, 433, 442, 451], "excluded_lines": []}}}, "backend\\app\\api\\endpoints\\conversation.py": {"executed_lines": [], "summary": {"covered_lines": 0, "num_statements": 43, "percent_covered": 0.0, "percent_covered_display": "0", "missing_lines": 43, "excluded_lines": 0}, "missing_lines": [5, 6, 7, 8, 10, 11, 12, 14, 17, 18, 29, 30, 33, 38, 39, 40, 42, 44, 45, 48, 49, 55, 57, 76, 78, 79, 84, 85, 96, 98, 99, 104, 106, 107, 108, 109, 112, 113, 122, 124, 126, 132, 133], "excluded_lines": [], "functions": {"chat_with_assistant": {"executed_lines": [], "summary": {"covered_lines": 0, "num_statements": 9, "percent_covered": 0.0, "percent_covered_display": "0", "missing_lines": 9, "excluded_lines": 0}, "missing_lines": [29, 30, 33, 38, 39, 40, 42, 44, 45], "excluded_lines": []}, "get_conversation_insights": {"executed_lines": [], "summary": {"covered_lines": 0, "num_statements": 5, "percent_covered": 0.0, "percent_covered_display": "0", "missing_lines": 5, "excluded_lines": 0}, "missing_lines": [55, 57, 76, 78, 79], "excluded_lines": []}, "provide_conversation_feedback": {"executed_lines": [], "summary": {"covered_lines": 0, "num_statements": 8, "percent_covered": 0.0, "percent_covered_display": "0", "missing_lines": 8, "excluded_lines": 0}, "missing_lines": [96, 98, 99, 104, 106, 107, 108, 109], "excluded_lines": []}, "search_memories": {"executed_lines": [], "summary": {"covered_lines": 0, "num_statements": 5, "percent_covered": 0.0, "percent_covered_display": "0", "missing_lines": 5, "excluded_lines": 0}, "missing_lines": [122, 124, 126, 132, 133], "excluded_lines": []}, "": {"executed_lines": [], "summary": {"covered_lines": 0, "num_statements": 16, "percent_covered": 0.0, "percent_covered_display": "0", "missing_lines": 16, "excluded_lines": 0}, "missing_lines": [5, 6, 7, 8, 10, 11, 12, 14, 17, 18, 48, 49, 84, 85, 112, 113], "excluded_lines": []}}, "classes": {"": {"executed_lines": [], "summary": {"covered_lines": 0, "num_statements": 43, "percent_covered": 0.0, "percent_covered_display": "0", "missing_lines": 43, "excluded_lines": 0}, "missing_lines": [5, 6, 7, 8, 10, 11, 12, 14, 17, 18, 29, 30, 33, 38, 39, 40, 42, 44, 45, 48, 49, 55, 57, 76, 78, 79, 84, 85, 96, 98, 99, 104, 106, 107, 108, 109, 112, 113, 122, 124, 126, 132, 133], "excluded_lines": []}}}, "backend\\app\\api\\endpoints\\conversations_calendar.py": {"executed_lines": [], "summary": {"covered_lines": 0, "num_statements": 301, "percent_covered": 0.0, "percent_covered_display": "0", "missing_lines": 301, "excluded_lines": 0}, "missing_lines": [6, 7, 8, 9, 10, 12, 13, 14, 15, 16, 18, 20, 23, 28, 29, 30, 33, 35, 36, 39, 41, 43, 44, 49, 50, 51, 52, 53, 54, 55, 56, 60, 61, 62, 63, 64, 65, 66, 67, 68, 69, 70, 73, 76, 77, 78, 79, 80, 81, 82, 84, 86, 91, 92, 93, 94, 95, 96, 97, 98, 99, 106, 109, 114, 120, 122, 123, 124, 125, 127, 135, 136, 143, 144, 145, 148, 149, 157, 158, 160, 165, 172, 195, 196, 197, 200, 205, 207, 208, 209, 210, 213, 215, 216, 217, 218, 219, 220, 221, 223, 224, 225, 226, 227, 228, 229, 230, 231, 232, 233, 234, 241, 242, 243, 254, 255, 256, 257, 262, 264, 267, 268, 272, 273, 275, 276, 277, 280, 282, 283, 284, 285, 286, 287, 294, 295, 297, 298, 299, 300, 301, 302, 310, 311, 312, 314, 317, 319, 321, 325, 326, 327, 328, 329, 330, 331, 338, 339, 340, 342, 343, 344, 346, 347, 348, 350, 351, 354, 355, 357, 358, 359, 360, 361, 362, 363, 365, 366, 369, 370, 371, 372, 373, 374, 375, 377, 388, 389, 390, 391, 392, 393, 394, 395, 397, 398, 399, 400, 401, 402, 403, 404, 405, 407, 408, 410, 411, 412, 413, 414, 415, 416, 417, 418, 420, 421, 422, 423, 424, 425, 426, 433, 437, 439, 440, 447, 448, 455, 456, 457, 460, 461, 469, 470, 471, 476, 483, 485, 488, 489, 490, 491, 492, 493, 494, 495, 496, 498, 499, 500, 501, 502, 503, 504, 505, 506, 507, 508, 511, 512, 513, 515, 516, 517, 518, 520, 521, 528, 529, 530, 531, 532, 533, 534, 535, 536, 537, 539, 541, 542, 543, 544, 545, 546, 547, 548, 549, 550, 551, 552, 553, 555, 557, 559, 560, 563, 568, 571, 573, 574, 575], "excluded_lines": [], "functions": {"_handle_calendar_command": {"executed_lines": [], "summary": {"covered_lines": 0, "num_statements": 72, "percent_covered": 0.0, "percent_covered_display": "0", "missing_lines": 72, "excluded_lines": 0}, "missing_lines": [28, 29, 30, 33, 35, 36, 39, 41, 43, 44, 49, 50, 51, 52, 53, 54, 55, 56, 60, 61, 62, 63, 64, 65, 66, 67, 68, 69, 70, 73, 76, 77, 78, 79, 80, 81, 82, 84, 86, 91, 92, 93, 94, 95, 96, 97, 98, 99, 106, 109, 114, 120, 122, 123, 124, 125, 127, 135, 136, 143, 144, 145, 148, 149, 157, 158, 160, 165, 172, 195, 196, 197], "excluded_lines": []}, "_handle_calendar_nl": {"executed_lines": [], "summary": {"covered_lines": 0, "num_statements": 180, "percent_covered": 0.0, "percent_covered_display": "0", "missing_lines": 180, "excluded_lines": 0}, "missing_lines": [205, 207, 208, 209, 210, 213, 215, 216, 217, 218, 219, 220, 221, 223, 224, 225, 226, 227, 228, 229, 230, 231, 232, 233, 234, 241, 242, 243, 254, 255, 256, 257, 262, 264, 267, 268, 272, 273, 275, 276, 277, 280, 282, 283, 284, 285, 286, 287, 294, 295, 297, 298, 299, 300, 301, 302, 310, 311, 312, 314, 317, 319, 321, 325, 326, 327, 328, 329, 330, 331, 338, 339, 340, 342, 343, 344, 346, 347, 348, 350, 351, 354, 355, 357, 358, 359, 360, 361, 362, 363, 365, 366, 369, 377, 388, 397, 407, 408, 410, 420, 421, 422, 423, 424, 425, 426, 433, 437, 439, 440, 447, 448, 455, 456, 457, 460, 461, 469, 470, 471, 476, 483, 485, 488, 489, 490, 491, 492, 493, 494, 495, 496, 498, 499, 500, 501, 502, 503, 504, 505, 506, 507, 508, 511, 512, 513, 515, 516, 517, 518, 520, 521, 528, 529, 530, 531, 532, 533, 534, 535, 536, 537, 539, 541, 542, 543, 544, 545, 546, 547, 548, 549, 550, 551, 552, 553, 555, 557, 559, 560], "excluded_lines": []}, "_handle_calendar_nl._naive_utc": {"executed_lines": [], "summary": {"covered_lines": 0, "num_statements": 6, "percent_covered": 0.0, "percent_covered_display": "0", "missing_lines": 6, "excluded_lines": 0}, "missing_lines": [370, 371, 372, 373, 374, 375], "excluded_lines": []}, "_handle_calendar_nl._get": {"executed_lines": [], "summary": {"covered_lines": 0, "num_statements": 7, "percent_covered": 0.0, "percent_covered_display": "0", "missing_lines": 7, "excluded_lines": 0}, "missing_lines": [389, 390, 391, 392, 393, 394, 395], "excluded_lines": []}, "_handle_calendar_nl._to_naive_utc": {"executed_lines": [], "summary": {"covered_lines": 0, "num_statements": 8, "percent_covered": 0.0, "percent_covered_display": "0", "missing_lines": 8, "excluded_lines": 0}, "missing_lines": [398, 399, 400, 401, 402, 403, 404, 405], "excluded_lines": []}, "_handle_calendar_nl._overlaps": {"executed_lines": [], "summary": {"covered_lines": 0, "num_statements": 8, "percent_covered": 0.0, "percent_covered_display": "0", "missing_lines": 8, "excluded_lines": 0}, "missing_lines": [411, 412, 413, 414, 415, 416, 417, 418], "excluded_lines": []}, "_handle_calendar_llm": {"executed_lines": [], "summary": {"covered_lines": 0, "num_statements": 5, "percent_covered": 0.0, "percent_covered_display": "0", "missing_lines": 5, "excluded_lines": 0}, "missing_lines": [568, 571, 573, 574, 575], "excluded_lines": []}, "": {"executed_lines": [], "summary": {"covered_lines": 0, "num_statements": 15, "percent_covered": 0.0, "percent_covered_display": "0", "missing_lines": 15, "excluded_lines": 0}, "missing_lines": [6, 7, 8, 9, 10, 12, 13, 14, 15, 16, 18, 20, 23, 200, 563], "excluded_lines": []}}, "classes": {"": {"executed_lines": [], "summary": {"covered_lines": 0, "num_statements": 301, "percent_covered": 0.0, "percent_covered_display": "0", "missing_lines": 301, "excluded_lines": 0}, "missing_lines": [6, 7, 8, 9, 10, 12, 13, 14, 15, 16, 18, 20, 23, 28, 29, 30, 33, 35, 36, 39, 41, 43, 44, 49, 50, 51, 52, 53, 54, 55, 56, 60, 61, 62, 63, 64, 65, 66, 67, 68, 69, 70, 73, 76, 77, 78, 79, 80, 81, 82, 84, 86, 91, 92, 93, 94, 95, 96, 97, 98, 99, 106, 109, 114, 120, 122, 123, 124, 125, 127, 135, 136, 143, 144, 145, 148, 149, 157, 158, 160, 165, 172, 195, 196, 197, 200, 205, 207, 208, 209, 210, 213, 215, 216, 217, 218, 219, 220, 221, 223, 224, 225, 226, 227, 228, 229, 230, 231, 232, 233, 234, 241, 242, 243, 254, 255, 256, 257, 262, 264, 267, 268, 272, 273, 275, 276, 277, 280, 282, 283, 284, 285, 286, 287, 294, 295, 297, 298, 299, 300, 301, 302, 310, 311, 312, 314, 317, 319, 321, 325, 326, 327, 328, 329, 330, 331, 338, 339, 340, 342, 343, 344, 346, 347, 348, 350, 351, 354, 355, 357, 358, 359, 360, 361, 362, 363, 365, 366, 369, 370, 371, 372, 373, 374, 375, 377, 388, 389, 390, 391, 392, 393, 394, 395, 397, 398, 399, 400, 401, 402, 403, 404, 405, 407, 408, 410, 411, 412, 413, 414, 415, 416, 417, 418, 420, 421, 422, 423, 424, 425, 426, 433, 437, 439, 440, 447, 448, 455, 456, 457, 460, 461, 469, 470, 471, 476, 483, 485, 488, 489, 490, 491, 492, 493, 494, 495, 496, 498, 499, 500, 501, 502, 503, 504, 505, 506, 507, 508, 511, 512, 513, 515, 516, 517, 518, 520, 521, 528, 529, 530, 531, 532, 533, 534, 535, 536, 537, 539, 541, 542, 543, 544, 545, 546, 547, 548, 549, 550, 551, 552, 553, 555, 557, 559, 560, 563, 568, 571, 573, 574, 575], "excluded_lines": []}}}, "backend\\app\\api\\endpoints\\conversations_crud.py": {"executed_lines": [1, 6, 7, 8, 9, 10, 12, 13, 14, 15, 23, 24, 26, 28, 31, 32, 51, 52, 71, 72, 95, 96, 121, 122, 146, 147, 176, 179], "summary": {"covered_lines": 27, "num_statements": 142, "percent_covered": 19.014084507042252, "percent_covered_display": "19", "missing_lines": 115, "excluded_lines": 0}, "missing_lines": [41, 42, 45, 46, 47, 48, 61, 62, 65, 66, 67, 68, 81, 82, 83, 84, 85, 86, 87, 88, 89, 90, 91, 92, 106, 107, 108, 109, 110, 111, 112, 113, 114, 115, 116, 117, 118, 131, 132, 133, 134, 135, 136, 137, 138, 139, 140, 141, 142, 143, 158, 159, 160, 161, 162, 163, 165, 168, 169, 170, 171, 172, 173, 192, 194, 195, 196, 197, 198, 201, 206, 207, 208, 209, 210, 211, 213, 214, 215, 216, 221, 223, 225, 226, 227, 228, 230, 231, 232, 233, 236, 237, 238, 239, 240, 241, 242, 243, 244, 249, 256, 257, 258, 261, 262, 268, 269, 270, 272, 273, 274, 275, 276, 277, 278], "excluded_lines": [], "functions": {"list_conversations": {"executed_lines": [], "summary": {"covered_lines": 0, "num_statements": 6, "percent_covered": 0.0, "percent_covered_display": "0", "missing_lines": 6, "excluded_lines": 0}, "missing_lines": [41, 42, 45, 46, 47, 48], "excluded_lines": []}, "create_conversation": {"executed_lines": [], "summary": {"covered_lines": 0, "num_statements": 6, "percent_covered": 0.0, "percent_covered_display": "0", "missing_lines": 6, "excluded_lines": 0}, "missing_lines": [61, 62, 65, 66, 67, 68], "excluded_lines": []}, "get_conversation": {"executed_lines": [], "summary": {"covered_lines": 0, "num_statements": 12, "percent_covered": 0.0, "percent_covered_display": "0", "missing_lines": 12, "excluded_lines": 0}, "missing_lines": [81, 82, 83, 84, 85, 86, 87, 88, 89, 90, 91, 92], "excluded_lines": []}, "update_conversation": {"executed_lines": [], "summary": {"covered_lines": 0, "num_statements": 13, "percent_covered": 0.0, "percent_covered_display": "0", "missing_lines": 13, "excluded_lines": 0}, "missing_lines": [106, 107, 108, 109, 110, 111, 112, 113, 114, 115, 116, 117, 118], "excluded_lines": []}, "delete_conversation": {"executed_lines": [], "summary": {"covered_lines": 0, "num_statements": 13, "percent_covered": 0.0, "percent_covered_display": "0", "missing_lines": 13, "excluded_lines": 0}, "missing_lines": [131, 132, 133, 134, 135, 136, 137, 138, 139, 140, 141, 142, 143], "excluded_lines": []}, "get_conversation_messages": {"executed_lines": [], "summary": {"covered_lines": 0, "num_statements": 13, "percent_covered": 0.0, "percent_covered_display": "0", "missing_lines": 13, "excluded_lines": 0}, "missing_lines": [158, 159, 160, 161, 162, 163, 165, 168, 169, 170, 171, 172, 173], "excluded_lines": []}, "create_message": {"executed_lines": [], "summary": {"covered_lines": 0, "num_statements": 52, "percent_covered": 0.0, "percent_covered_display": "0", "missing_lines": 52, "excluded_lines": 0}, "missing_lines": [192, 194, 195, 196, 197, 198, 201, 206, 207, 208, 209, 210, 211, 213, 214, 215, 216, 221, 223, 225, 226, 227, 228, 230, 231, 232, 233, 236, 237, 238, 239, 240, 241, 242, 243, 244, 249, 256, 257, 258, 261, 262, 268, 269, 270, 272, 273, 274, 275, 276, 277, 278], "excluded_lines": []}, "": {"executed_lines": [1, 6, 7, 8, 9, 10, 12, 13, 14, 15, 23, 24, 26, 28, 31, 32, 51, 52, 71, 72, 95, 96, 121, 122, 146, 147, 176, 179], "summary": {"covered_lines": 27, "num_statements": 27, "percent_covered": 100.0, "percent_covered_display": "100", "missing_lines": 0, "excluded_lines": 0}, "missing_lines": [], "excluded_lines": []}}, "classes": {"": {"executed_lines": [1, 6, 7, 8, 9, 10, 12, 13, 14, 15, 23, 24, 26, 28, 31, 32, 51, 52, 71, 72, 95, 96, 121, 122, 146, 147, 176, 179], "summary": {"covered_lines": 27, "num_statements": 142, "percent_covered": 19.014084507042252, "percent_covered_display": "19", "missing_lines": 115, "excluded_lines": 0}, "missing_lines": [41, 42, 45, 46, 47, 48, 61, 62, 65, 66, 67, 68, 81, 82, 83, 84, 85, 86, 87, 88, 89, 90, 91, 92, 106, 107, 108, 109, 110, 111, 112, 113, 114, 115, 116, 117, 118, 131, 132, 133, 134, 135, 136, 137, 138, 139, 140, 141, 142, 143, 158, 159, 160, 161, 162, 163, 165, 168, 169, 170, 171, 172, 173, 192, 194, 195, 196, 197, 198, 201, 206, 207, 208, 209, 210, 211, 213, 214, 215, 216, 221, 223, 225, 226, 227, 228, 230, 231, 232, 233, 236, 237, 238, 239, 240, 241, 242, 243, 244, 249, 256, 257, 258, 261, 262, 268, 269, 270, 272, 273, 274, 275, 276, 277, 278], "excluded_lines": []}}}, "backend\\app\\api\\endpoints\\conversations_main.py": {"executed_lines": [1, 6, 7, 10, 11, 13, 16, 19, 20, 22], "summary": {"covered_lines": 9, "num_statements": 9, "percent_covered": 100.0, "percent_covered_display": "100", "missing_lines": 0, "excluded_lines": 0}, "missing_lines": [], "excluded_lines": [], "functions": {"": {"executed_lines": [1, 6, 7, 10, 11, 13, 16, 19, 20, 22], "summary": {"covered_lines": 9, "num_statements": 9, "percent_covered": 100.0, "percent_covered_display": "100", "missing_lines": 0, "excluded_lines": 0}, "missing_lines": [], "excluded_lines": []}}, "classes": {"": {"executed_lines": [1, 6, 7, 10, 11, 13, 16, 19, 20, 22], "summary": {"covered_lines": 9, "num_statements": 9, "percent_covered": 100.0, "percent_covered_display": "100", "missing_lines": 0, "excluded_lines": 0}, "missing_lines": [], "excluded_lines": []}}}, "backend\\app\\api\\endpoints\\conversations_messages.py": {"executed_lines": [1, 2, 3, 4, 5, 6, 7, 8, 9, 10, 11, 12, 13, 15, 16, 17, 18, 19, 20, 21, 22, 23, 24, 25, 26, 27, 28, 29, 30, 31, 32, 33, 36, 43, 45, 52, 61, 83, 96, 101, 108, 165, 166, 169, 175, 216, 241, 271, 290, 291, 496, 497, 2683, 2684], "summary": {"covered_lines": 54, "num_statements": 1256, "percent_covered": 4.2993630573248405, "percent_covered_display": "4", "missing_lines": 1202, "excluded_lines": 0}, "missing_lines": [66, 67, 68, 69, 71, 72, 74, 79, 80, 84, 85, 86, 88, 89, 90, 91, 93, 97, 98, 102, 103, 104, 105, 122, 123, 125, 126, 127, 129, 130, 136, 138, 140, 141, 142, 143, 144, 145, 147, 148, 149, 151, 152, 153, 154, 155, 156, 158, 172, 180, 181, 182, 183, 184, 185, 186, 188, 193, 194, 195, 196, 197, 198, 199, 200, 203, 204, 205, 206, 207, 208, 209, 210, 211, 212, 213, 220, 222, 223, 224, 225, 226, 227, 228, 229, 230, 231, 232, 233, 234, 237, 249, 250, 251, 253, 254, 256, 258, 261, 263, 264, 265, 266, 267, 272, 273, 274, 275, 276, 285, 286, 287, 301, 303, 304, 305, 306, 307, 309, 310, 317, 318, 321, 322, 323, 326, 327, 328, 329, 330, 331, 332, 336, 337, 338, 341, 344, 345, 346, 347, 348, 349, 351, 352, 353, 354, 359, 361, 364, 365, 366, 373, 374, 376, 377, 378, 379, 382, 383, 384, 385, 388, 389, 390, 391, 392, 393, 394, 395, 396, 404, 405, 412, 413, 414, 418, 419, 420, 422, 423, 424, 426, 427, 432, 433, 434, 436, 437, 440, 443, 444, 445, 446, 450, 451, 452, 458, 459, 462, 463, 465, 466, 467, 468, 472, 473, 474, 475, 476, 478, 479, 480, 481, 485, 486, 487, 489, 490, 491, 492, 493, 507, 509, 510, 511, 512, 513, 515, 516, 517, 518, 519, 520, 521, 522, 527, 528, 531, 535, 537, 539, 544, 545, 546, 547, 549, 550, 551, 553, 564, 566, 567, 569, 570, 571, 572, 573, 575, 576, 579, 580, 581, 582, 594, 595, 596, 597, 598, 600, 601, 602, 605, 612, 613, 614, 617, 620, 623, 626, 629, 630, 631, 632, 635, 638, 639, 640, 641, 642, 643, 644, 645, 646, 647, 648, 649, 650, 651, 654, 655, 656, 657, 658, 659, 660, 661, 662, 663, 666, 667, 668, 669, 670, 671, 672, 673, 674, 675, 678, 679, 680, 681, 682, 683, 684, 685, 686, 687, 688, 689, 690, 691, 692, 695, 696, 699, 700, 701, 702, 703, 704, 705, 706, 707, 708, 709, 710, 711, 714, 715, 718, 719, 720, 722, 723, 757, 758, 759, 760, 762, 765, 766, 772, 773, 774, 775, 776, 778, 779, 780, 781, 782, 784, 785, 786, 787, 788, 790, 793, 796, 797, 798, 799, 800, 801, 803, 804, 810, 813, 815, 832, 836, 838, 839, 842, 843, 862, 863, 865, 866, 867, 868, 869, 870, 871, 872, 873, 874, 875, 876, 877, 878, 879, 880, 881, 882, 883, 884, 885, 886, 887, 888, 889, 890, 891, 894, 895, 898, 899, 900, 901, 904, 906, 997, 1077, 1080, 1083, 1086, 1087, 1088, 1089, 1090, 1091, 1092, 1093, 1094, 1095, 1097, 1099, 1100, 1103, 1104, 1105, 1108, 1109, 1122, 1125, 1126, 1127, 1128, 1130, 1131, 1134, 1153, 1156, 1157, 1158, 1159, 1160, 1162, 1175, 1176, 1177, 1178, 1179, 1182, 1184, 1201, 1205, 1207, 1220, 1221, 1224, 1225, 1226, 1227, 1229, 1230, 1231, 1232, 1235, 1238, 1239, 1240, 1241, 1242, 1243, 1246, 1247, 1248, 1249, 1250, 1251, 1252, 1253, 1254, 1255, 1256, 1257, 1258, 1259, 1260, 1261, 1264, 1265, 1268, 1269, 1271, 1272, 1273, 1274, 1275, 1276, 1277, 1279, 1280, 1281, 1286, 1287, 1290, 1291, 1293, 1294, 1295, 1296, 1300, 1301, 1302, 1303, 1304, 1306, 1307, 1308, 1309, 1315, 1316, 1319, 1320, 1321, 1322, 1323, 1325, 1332, 1333, 1334, 1337, 1338, 1339, 1340, 1341, 1342, 1343, 1344, 1345, 1346, 1357, 1374, 1375, 1376, 1377, 1378, 1379, 1380, 1383, 1384, 1385, 1386, 1389, 1390, 1391, 1396, 1401, 1404, 1405, 1411, 1412, 1413, 1420, 1421, 1422, 1427, 1432, 1433, 1437, 1438, 1439, 1445, 1447, 1453, 1454, 1456, 1457, 1458, 1459, 1461, 1462, 1463, 1464, 1465, 1466, 1467, 1469, 1471, 1476, 1479, 1480, 1486, 1487, 1488, 1495, 1496, 1497, 1502, 1507, 1508, 1513, 1514, 1515, 1516, 1518, 1520, 1521, 1522, 1523, 1524, 1526, 1529, 1530, 1531, 1532, 1533, 1538, 1539, 1541, 1542, 1543, 1544, 1545, 1546, 1547, 1548, 1549, 1550, 1551, 1552, 1555, 1556, 1557, 1558, 1560, 1561, 1562, 1563, 1564, 1565, 1566, 1567, 1568, 1571, 1572, 1573, 1574, 1576, 1577, 1578, 1579, 1580, 1581, 1582, 1584, 1585, 1586, 1587, 1588, 1589, 1590, 1592, 1593, 1596, 1597, 1598, 1599, 1600, 1602, 1603, 1604, 1614, 1615, 1616, 1619, 1620, 1622, 1623, 1624, 1625, 1626, 1627, 1628, 1630, 1631, 1632, 1633, 1636, 1637, 1638, 1639, 1640, 1641, 1643, 1644, 1645, 1646, 1648, 1649, 1650, 1651, 1652, 1653, 1655, 1656, 1657, 1659, 1660, 1662, 1663, 1664, 1666, 1667, 1670, 1674, 1677, 1678, 1684, 1685, 1686, 1693, 1694, 1695, 1700, 1705, 1707, 1708, 1709, 1711, 1712, 1715, 1719, 1722, 1728, 1729, 1730, 1737, 1738, 1739, 1744, 1749, 1750, 1754, 1755, 1756, 1757, 1758, 1763, 1774, 1775, 1776, 1777, 1778, 1781, 1782, 1788, 1789, 1790, 1797, 1798, 1799, 1804, 1809, 1810, 1813, 1814, 1816, 1822, 1825, 1826, 1828, 1829, 1830, 1831, 1834, 1835, 1836, 1837, 1838, 1840, 1841, 1843, 1844, 1845, 1846, 1848, 1849, 1850, 1851, 1852, 1856, 1857, 1858, 1859, 1860, 1861, 1862, 1863, 1864, 1865, 1866, 1867, 1868, 1870, 1872, 1875, 1876, 1877, 1878, 1882, 1884, 1887, 1888, 1894, 1895, 1896, 1903, 1904, 1905, 1910, 1915, 1916, 1923, 1924, 1925, 1926, 1927, 1928, 1930, 1931, 1932, 1933, 1935, 1936, 1941, 1946, 1949, 1950, 1951, 1956, 1957, 1972, 1973, 1974, 1975, 1976, 1978, 1979, 1980, 1981, 1983, 1984, 1989, 1994, 1997, 1998, 1999, 2004, 2005, 2020, 2021, 2022, 2023, 2024, 2026, 2027, 2028, 2029, 2030, 2039, 2040, 2043, 2044, 2045, 2050, 2051, 2053, 2054, 2057, 2058, 2074, 2075, 2076, 2077, 2078, 2079, 2080, 2086, 2087, 2088, 2095, 2096, 2097, 2102, 2107, 2108, 2111, 2112, 2113, 2114, 2115, 2116, 2126, 2127, 2128, 2129, 2131, 2132, 2133, 2134, 2137, 2138, 2139, 2140, 2141, 2143, 2144, 2146, 2147, 2148, 2150, 2151, 2152, 2153, 2155, 2157, 2161, 2165, 2166, 2167, 2168, 2170, 2171, 2172, 2173, 2174, 2176, 2177, 2178, 2183, 2184, 2190, 2191, 2192, 2199, 2200, 2201, 2206, 2211, 2212, 2215, 2220, 2221, 2223, 2224, 2225, 2228, 2229, 2231, 2232, 2233, 2234, 2235, 2236, 2237, 2239, 2241, 2242, 2250, 2251, 2254, 2255, 2256, 2265, 2266, 2267, 2268, 2269, 2270, 2271, 2272, 2274, 2275, 2281, 2290, 2296, 2297, 2298, 2299, 2304, 2307, 2308, 2317, 2322, 2324, 2327, 2328, 2333, 2335, 2339, 2340, 2341, 2342, 2343, 2344, 2347, 2355, 2356, 2357, 2358, 2360, 2363, 2364, 2365, 2366, 2368, 2369, 2370, 2371, 2372, 2373, 2375, 2376, 2378, 2380, 2381, 2382, 2387, 2389, 2390, 2391, 2392, 2398, 2399, 2400, 2402, 2404, 2405, 2406, 2414, 2415, 2416, 2417, 2421, 2422, 2423, 2424, 2426, 2427, 2428, 2429, 2432, 2433, 2434, 2437, 2438, 2439, 2440, 2441, 2442, 2443, 2444, 2445, 2446, 2447, 2448, 2449, 2451, 2462, 2464, 2467, 2468, 2469, 2470, 2472, 2489, 2491, 2492, 2493, 2494, 2495, 2498, 2503, 2505, 2506, 2526, 2527, 2528, 2529, 2534, 2535, 2537, 2538, 2539, 2542, 2543, 2548, 2549, 2550, 2553, 2563, 2565, 2572, 2573, 2575, 2576, 2577, 2578, 2579, 2580, 2582, 2583, 2584, 2585, 2586, 2587, 2588, 2589, 2601, 2602, 2604, 2605, 2606, 2613, 2614, 2617, 2624, 2625, 2626, 2627, 2630, 2631, 2645, 2646, 2647, 2649, 2655, 2656, 2657, 2660, 2670, 2676, 2677, 2678, 2679, 2680, 2692, 2694, 2697, 2698, 2701, 2706, 2707, 2708, 2711, 2712, 2713, 2714, 2717, 2718, 2719, 2722, 2724, 2727, 2728, 2730, 2733, 2734, 2735, 2736, 2737, 2740, 2756, 2757, 2758, 2759, 2760], "excluded_lines": [], "functions": {"_maybe_shape": {"executed_lines": [], "summary": {"covered_lines": 0, "num_statements": 9, "percent_covered": 0.0, "percent_covered_display": "0", "missing_lines": 9, "excluded_lines": 0}, "missing_lines": [66, 67, 68, 69, 71, 72, 74, 79, 80], "excluded_lines": []}, "_cb_can_attempt": {"executed_lines": [], "summary": {"covered_lines": 0, "num_statements": 8, "percent_covered": 0.0, "percent_covered_display": "0", "missing_lines": 8, "excluded_lines": 0}, "missing_lines": [84, 85, 86, 88, 89, 90, 91, 93], "excluded_lines": []}, "_cb_on_success": {"executed_lines": [], "summary": {"covered_lines": 0, "num_statements": 2, "percent_covered": 0.0, "percent_covered_display": "0", "missing_lines": 2, "excluded_lines": 0}, "missing_lines": [97, 98], "excluded_lines": []}, "_cb_on_failure": {"executed_lines": [], "summary": {"covered_lines": 0, "num_statements": 4, "percent_covered": 0.0, "percent_covered_display": "0", "missing_lines": 4, "excluded_lines": 0}, "missing_lines": [102, 103, 104, 105], "excluded_lines": []}, "_call_llm_with_retries": {"executed_lines": [], "summary": {"covered_lines": 0, "num_statements": 25, "percent_covered": 0.0, "percent_covered_display": "0", "missing_lines": 25, "excluded_lines": 0}, "missing_lines": [122, 123, 125, 126, 127, 129, 130, 136, 138, 140, 141, 142, 143, 144, 145, 147, 148, 149, 151, 152, 153, 154, 155, 156, 158], "excluded_lines": []}, "_idem_key": {"executed_lines": [], "summary": {"covered_lines": 0, "num_statements": 1, "percent_covered": 0.0, "percent_covered_display": "0", "missing_lines": 1, "excluded_lines": 0}, "missing_lines": [172], "excluded_lines": []}, "_idem_get": {"executed_lines": [], "summary": {"covered_lines": 0, "num_statements": 27, "percent_covered": 0.0, "percent_covered_display": "0", "missing_lines": 27, "excluded_lines": 0}, "missing_lines": [180, 181, 182, 183, 184, 185, 186, 188, 193, 194, 195, 196, 197, 198, 199, 200, 203, 204, 205, 206, 207, 208, 209, 210, 211, 212, 213], "excluded_lines": []}, "_idem_set": {"executed_lines": [], "summary": {"covered_lines": 0, "num_statements": 15, "percent_covered": 0.0, "percent_covered_display": "0", "missing_lines": 15, "excluded_lines": 0}, "missing_lines": [220, 222, 223, 224, 225, 226, 227, 228, 229, 230, 231, 232, 233, 234, 237], "excluded_lines": []}, "_sanitize_text_allergies": {"executed_lines": [], "summary": {"covered_lines": 0, "num_statements": 13, "percent_covered": 0.0, "percent_covered_display": "0", "missing_lines": 13, "excluded_lines": 0}, "missing_lines": [249, 250, 251, 253, 254, 256, 258, 261, 263, 264, 265, 266, 267], "excluded_lines": []}, "_is_sensitive_query": {"executed_lines": [], "summary": {"covered_lines": 0, "num_statements": 8, "percent_covered": 0.0, "percent_covered_display": "0", "missing_lines": 8, "excluded_lines": 0}, "missing_lines": [272, 273, 274, 275, 276, 285, 286, 287], "excluded_lines": []}, "send_message": {"executed_lines": [], "summary": {"covered_lines": 0, "num_statements": 109, "percent_covered": 0.0, "percent_covered_display": "0", "missing_lines": 109, "excluded_lines": 0}, "missing_lines": [301, 303, 304, 305, 306, 307, 309, 310, 317, 318, 321, 322, 323, 326, 327, 328, 329, 330, 331, 332, 336, 337, 338, 341, 344, 345, 346, 347, 348, 349, 351, 352, 353, 354, 359, 361, 364, 365, 366, 373, 374, 376, 377, 378, 379, 382, 383, 384, 385, 388, 389, 390, 391, 392, 393, 394, 395, 396, 404, 405, 412, 413, 414, 418, 419, 420, 422, 423, 424, 426, 427, 432, 433, 434, 436, 437, 440, 443, 444, 445, 446, 450, 451, 452, 458, 459, 462, 463, 465, 466, 467, 468, 472, 473, 474, 475, 476, 478, 479, 480, 481, 485, 486, 487, 489, 490, 491, 492, 493], "excluded_lines": []}, "reply_to_conversation": {"executed_lines": [], "summary": {"covered_lines": 0, "num_statements": 906, "percent_covered": 0.0, "percent_covered_display": "0", "missing_lines": 906, "excluded_lines": 0}, "missing_lines": [507, 509, 510, 511, 512, 513, 515, 516, 517, 518, 519, 520, 521, 522, 527, 528, 531, 535, 537, 539, 544, 545, 546, 547, 549, 550, 551, 553, 564, 566, 567, 569, 570, 571, 572, 573, 575, 576, 579, 580, 581, 582, 594, 595, 596, 597, 598, 600, 601, 602, 605, 612, 613, 614, 617, 620, 623, 626, 629, 630, 631, 632, 635, 638, 639, 640, 641, 642, 643, 644, 645, 646, 647, 648, 649, 650, 651, 654, 655, 656, 657, 658, 659, 660, 661, 662, 663, 666, 667, 668, 669, 670, 671, 672, 673, 674, 675, 678, 679, 680, 681, 682, 683, 684, 685, 686, 687, 688, 689, 690, 691, 692, 695, 696, 699, 700, 701, 702, 703, 704, 705, 706, 707, 708, 709, 710, 711, 714, 715, 718, 719, 720, 722, 723, 757, 758, 759, 760, 762, 765, 766, 772, 773, 774, 775, 776, 778, 779, 780, 781, 782, 784, 785, 786, 787, 788, 790, 793, 796, 797, 798, 799, 800, 801, 803, 804, 810, 813, 815, 832, 836, 838, 839, 842, 843, 862, 863, 865, 866, 867, 868, 869, 870, 871, 872, 873, 874, 875, 876, 877, 878, 879, 880, 881, 882, 883, 884, 885, 886, 887, 888, 889, 890, 891, 894, 895, 898, 899, 900, 901, 904, 906, 997, 1077, 1080, 1083, 1086, 1087, 1088, 1089, 1090, 1091, 1092, 1093, 1094, 1095, 1097, 1099, 1100, 1103, 1104, 1105, 1108, 1109, 1122, 1125, 1126, 1127, 1128, 1130, 1131, 1134, 1153, 1156, 1157, 1158, 1159, 1160, 1162, 1175, 1176, 1177, 1178, 1179, 1182, 1184, 1201, 1205, 1207, 1220, 1221, 1224, 1225, 1226, 1227, 1229, 1230, 1231, 1232, 1235, 1238, 1239, 1240, 1241, 1242, 1243, 1246, 1247, 1248, 1249, 1250, 1251, 1252, 1253, 1254, 1255, 1256, 1257, 1258, 1259, 1260, 1261, 1264, 1265, 1268, 1269, 1271, 1272, 1273, 1274, 1275, 1276, 1277, 1279, 1280, 1281, 1286, 1287, 1290, 1291, 1293, 1294, 1295, 1296, 1300, 1301, 1302, 1303, 1304, 1306, 1307, 1308, 1309, 1315, 1316, 1319, 1320, 1321, 1322, 1323, 1325, 1332, 1333, 1334, 1337, 1338, 1339, 1340, 1341, 1342, 1343, 1344, 1345, 1346, 1357, 1374, 1375, 1376, 1377, 1378, 1379, 1380, 1383, 1384, 1385, 1386, 1389, 1390, 1391, 1396, 1401, 1404, 1405, 1411, 1412, 1413, 1420, 1421, 1422, 1427, 1432, 1433, 1437, 1438, 1439, 1445, 1447, 1453, 1454, 1456, 1457, 1458, 1459, 1461, 1462, 1463, 1464, 1465, 1466, 1467, 1469, 1471, 1476, 1479, 1480, 1486, 1487, 1488, 1495, 1496, 1497, 1502, 1507, 1508, 1513, 1514, 1515, 1516, 1518, 1520, 1521, 1522, 1523, 1524, 1526, 1529, 1530, 1531, 1532, 1533, 1538, 1539, 1541, 1542, 1543, 1544, 1545, 1546, 1547, 1548, 1549, 1550, 1551, 1552, 1555, 1556, 1557, 1558, 1560, 1561, 1562, 1563, 1564, 1565, 1566, 1567, 1568, 1571, 1572, 1573, 1574, 1576, 1577, 1578, 1579, 1580, 1581, 1582, 1584, 1585, 1586, 1587, 1588, 1589, 1590, 1592, 1593, 1596, 1602, 1603, 1604, 1614, 1615, 1616, 1619, 1620, 1622, 1630, 1659, 1660, 1662, 1666, 1667, 1670, 1674, 1677, 1678, 1684, 1685, 1686, 1693, 1694, 1695, 1700, 1705, 1707, 1708, 1709, 1711, 1712, 1715, 1719, 1722, 1728, 1729, 1730, 1737, 1738, 1739, 1744, 1749, 1750, 1754, 1755, 1756, 1757, 1758, 1763, 1774, 1775, 1776, 1777, 1778, 1781, 1782, 1788, 1789, 1790, 1797, 1798, 1799, 1804, 1809, 1810, 1813, 1814, 1816, 1822, 1825, 1826, 1828, 1829, 1830, 1831, 1834, 1835, 1836, 1837, 1838, 1840, 1841, 1843, 1844, 1845, 1846, 1848, 1849, 1850, 1851, 1852, 1856, 1857, 1858, 1859, 1860, 1861, 1862, 1863, 1864, 1865, 1866, 1867, 1868, 1870, 1872, 1875, 1876, 1877, 1878, 1882, 1884, 1887, 1888, 1894, 1895, 1896, 1903, 1904, 1905, 1910, 1915, 1916, 1923, 1924, 1925, 1926, 1927, 1928, 1930, 1931, 1932, 1933, 1935, 1936, 1941, 1946, 1949, 1950, 1951, 1956, 1957, 1972, 1973, 1974, 1975, 1976, 1978, 1979, 1980, 1981, 1983, 1984, 1989, 1994, 1997, 1998, 1999, 2004, 2005, 2020, 2021, 2022, 2023, 2024, 2026, 2027, 2028, 2029, 2030, 2039, 2040, 2043, 2044, 2045, 2050, 2051, 2053, 2054, 2057, 2058, 2074, 2075, 2076, 2077, 2078, 2079, 2080, 2086, 2087, 2088, 2095, 2096, 2097, 2102, 2107, 2108, 2111, 2112, 2113, 2114, 2115, 2116, 2126, 2127, 2128, 2129, 2131, 2132, 2133, 2134, 2137, 2138, 2139, 2140, 2141, 2143, 2144, 2146, 2147, 2148, 2150, 2151, 2152, 2153, 2155, 2157, 2161, 2165, 2166, 2167, 2168, 2170, 2171, 2172, 2173, 2174, 2176, 2177, 2178, 2183, 2184, 2190, 2191, 2192, 2199, 2200, 2201, 2206, 2211, 2212, 2215, 2220, 2221, 2223, 2224, 2225, 2228, 2229, 2231, 2232, 2233, 2234, 2235, 2236, 2237, 2239, 2241, 2242, 2250, 2251, 2254, 2255, 2256, 2265, 2266, 2267, 2268, 2269, 2270, 2271, 2272, 2274, 2275, 2281, 2290, 2296, 2297, 2298, 2299, 2304, 2307, 2308, 2317, 2322, 2324, 2327, 2328, 2333, 2335, 2339, 2340, 2341, 2342, 2343, 2344, 2347, 2355, 2356, 2357, 2358, 2360, 2363, 2364, 2365, 2366, 2368, 2369, 2370, 2371, 2372, 2373, 2375, 2376, 2378, 2380, 2381, 2382, 2387, 2389, 2390, 2391, 2392, 2398, 2399, 2400, 2402, 2404, 2426, 2427, 2428, 2429, 2432, 2433, 2434, 2437, 2438, 2439, 2440, 2441, 2442, 2443, 2444, 2445, 2446, 2447, 2448, 2449, 2451, 2462, 2464, 2467, 2468, 2469, 2470, 2472, 2489, 2491, 2492, 2493, 2494, 2495, 2498, 2503, 2505, 2506, 2526, 2527, 2528, 2529, 2534, 2535, 2537, 2538, 2539, 2542, 2543, 2548, 2549, 2550, 2553, 2563, 2565, 2572, 2573, 2575, 2576, 2577, 2578, 2579, 2580, 2582, 2583, 2584, 2585, 2586, 2587, 2588, 2589, 2601, 2602, 2604, 2605, 2606, 2613, 2614, 2617, 2624, 2625, 2626, 2627, 2630, 2631, 2645, 2646, 2647, 2649, 2655, 2656, 2657, 2660, 2670, 2676, 2677, 2678, 2679, 2680], "excluded_lines": []}, "reply_to_conversation._naive_utc": {"executed_lines": [], "summary": {"covered_lines": 0, "num_statements": 4, "percent_covered": 0.0, "percent_covered_display": "0", "missing_lines": 4, "excluded_lines": 0}, "missing_lines": [1597, 1598, 1599, 1600], "excluded_lines": []}, "reply_to_conversation._get_field": {"executed_lines": [], "summary": {"covered_lines": 0, "num_statements": 6, "percent_covered": 0.0, "percent_covered_display": "0", "missing_lines": 6, "excluded_lines": 0}, "missing_lines": [1623, 1624, 1625, 1626, 1627, 1628], "excluded_lines": []}, "reply_to_conversation._overlaps": {"executed_lines": [], "summary": {"covered_lines": 0, "num_statements": 13, "percent_covered": 0.0, "percent_covered_display": "0", "missing_lines": 13, "excluded_lines": 0}, "missing_lines": [1631, 1632, 1633, 1636, 1648, 1649, 1650, 1651, 1652, 1653, 1655, 1656, 1657], "excluded_lines": []}, "reply_to_conversation._overlaps._to_naive_utc": {"executed_lines": [], "summary": {"covered_lines": 0, "num_statements": 9, "percent_covered": 0.0, "percent_covered_display": "0", "missing_lines": 9, "excluded_lines": 0}, "missing_lines": [1637, 1638, 1639, 1640, 1641, 1643, 1644, 1645, 1646], "excluded_lines": []}, "reply_to_conversation._title": {"executed_lines": [], "summary": {"covered_lines": 0, "num_statements": 2, "percent_covered": 0.0, "percent_covered_display": "0", "missing_lines": 2, "excluded_lines": 0}, "missing_lines": [1663, 1664], "excluded_lines": []}, "reply_to_conversation._keep": {"executed_lines": [], "summary": {"covered_lines": 0, "num_statements": 10, "percent_covered": 0.0, "percent_covered_display": "0", "missing_lines": 10, "excluded_lines": 0}, "missing_lines": [2405, 2406, 2414, 2415, 2416, 2417, 2421, 2422, 2423, 2424], "excluded_lines": []}, "stream_reply_to_conversation": {"executed_lines": [], "summary": {"covered_lines": 0, "num_statements": 31, "percent_covered": 0.0, "percent_covered_display": "0", "missing_lines": 31, "excluded_lines": 0}, "missing_lines": [2692, 2694, 2697, 2698, 2701, 2706, 2707, 2708, 2711, 2712, 2713, 2714, 2717, 2718, 2719, 2722, 2724, 2727, 2728, 2730, 2733, 2734, 2735, 2736, 2737, 2740, 2756, 2757, 2758, 2759, 2760], "excluded_lines": []}, "": {"executed_lines": [1, 2, 3, 4, 5, 6, 7, 8, 9, 10, 11, 12, 13, 15, 16, 17, 18, 19, 20, 21, 22, 23, 24, 25, 26, 27, 28, 29, 30, 31, 32, 33, 36, 43, 45, 52, 61, 83, 96, 101, 108, 165, 166, 169, 175, 216, 241, 271, 290, 291, 496, 497, 2683, 2684], "summary": {"covered_lines": 54, "num_statements": 54, "percent_covered": 100.0, "percent_covered_display": "100", "missing_lines": 0, "excluded_lines": 0}, "missing_lines": [], "excluded_lines": []}}, "classes": {"": {"executed_lines": [1, 2, 3, 4, 5, 6, 7, 8, 9, 10, 11, 12, 13, 15, 16, 17, 18, 19, 20, 21, 22, 23, 24, 25, 26, 27, 28, 29, 30, 31, 32, 33, 36, 43, 45, 52, 61, 83, 96, 101, 108, 165, 166, 169, 175, 216, 241, 271, 290, 291, 496, 497, 2683, 2684], "summary": {"covered_lines": 54, "num_statements": 1256, "percent_covered": 4.2993630573248405, "percent_covered_display": "4", "missing_lines": 1202, "excluded_lines": 0}, "missing_lines": [66, 67, 68, 69, 71, 72, 74, 79, 80, 84, 85, 86, 88, 89, 90, 91, 93, 97, 98, 102, 103, 104, 105, 122, 123, 125, 126, 127, 129, 130, 136, 138, 140, 141, 142, 143, 144, 145, 147, 148, 149, 151, 152, 153, 154, 155, 156, 158, 172, 180, 181, 182, 183, 184, 185, 186, 188, 193, 194, 195, 196, 197, 198, 199, 200, 203, 204, 205, 206, 207, 208, 209, 210, 211, 212, 213, 220, 222, 223, 224, 225, 226, 227, 228, 229, 230, 231, 232, 233, 234, 237, 249, 250, 251, 253, 254, 256, 258, 261, 263, 264, 265, 266, 267, 272, 273, 274, 275, 276, 285, 286, 287, 301, 303, 304, 305, 306, 307, 309, 310, 317, 318, 321, 322, 323, 326, 327, 328, 329, 330, 331, 332, 336, 337, 338, 341, 344, 345, 346, 347, 348, 349, 351, 352, 353, 354, 359, 361, 364, 365, 366, 373, 374, 376, 377, 378, 379, 382, 383, 384, 385, 388, 389, 390, 391, 392, 393, 394, 395, 396, 404, 405, 412, 413, 414, 418, 419, 420, 422, 423, 424, 426, 427, 432, 433, 434, 436, 437, 440, 443, 444, 445, 446, 450, 451, 452, 458, 459, 462, 463, 465, 466, 467, 468, 472, 473, 474, 475, 476, 478, 479, 480, 481, 485, 486, 487, 489, 490, 491, 492, 493, 507, 509, 510, 511, 512, 513, 515, 516, 517, 518, 519, 520, 521, 522, 527, 528, 531, 535, 537, 539, 544, 545, 546, 547, 549, 550, 551, 553, 564, 566, 567, 569, 570, 571, 572, 573, 575, 576, 579, 580, 581, 582, 594, 595, 596, 597, 598, 600, 601, 602, 605, 612, 613, 614, 617, 620, 623, 626, 629, 630, 631, 632, 635, 638, 639, 640, 641, 642, 643, 644, 645, 646, 647, 648, 649, 650, 651, 654, 655, 656, 657, 658, 659, 660, 661, 662, 663, 666, 667, 668, 669, 670, 671, 672, 673, 674, 675, 678, 679, 680, 681, 682, 683, 684, 685, 686, 687, 688, 689, 690, 691, 692, 695, 696, 699, 700, 701, 702, 703, 704, 705, 706, 707, 708, 709, 710, 711, 714, 715, 718, 719, 720, 722, 723, 757, 758, 759, 760, 762, 765, 766, 772, 773, 774, 775, 776, 778, 779, 780, 781, 782, 784, 785, 786, 787, 788, 790, 793, 796, 797, 798, 799, 800, 801, 803, 804, 810, 813, 815, 832, 836, 838, 839, 842, 843, 862, 863, 865, 866, 867, 868, 869, 870, 871, 872, 873, 874, 875, 876, 877, 878, 879, 880, 881, 882, 883, 884, 885, 886, 887, 888, 889, 890, 891, 894, 895, 898, 899, 900, 901, 904, 906, 997, 1077, 1080, 1083, 1086, 1087, 1088, 1089, 1090, 1091, 1092, 1093, 1094, 1095, 1097, 1099, 1100, 1103, 1104, 1105, 1108, 1109, 1122, 1125, 1126, 1127, 1128, 1130, 1131, 1134, 1153, 1156, 1157, 1158, 1159, 1160, 1162, 1175, 1176, 1177, 1178, 1179, 1182, 1184, 1201, 1205, 1207, 1220, 1221, 1224, 1225, 1226, 1227, 1229, 1230, 1231, 1232, 1235, 1238, 1239, 1240, 1241, 1242, 1243, 1246, 1247, 1248, 1249, 1250, 1251, 1252, 1253, 1254, 1255, 1256, 1257, 1258, 1259, 1260, 1261, 1264, 1265, 1268, 1269, 1271, 1272, 1273, 1274, 1275, 1276, 1277, 1279, 1280, 1281, 1286, 1287, 1290, 1291, 1293, 1294, 1295, 1296, 1300, 1301, 1302, 1303, 1304, 1306, 1307, 1308, 1309, 1315, 1316, 1319, 1320, 1321, 1322, 1323, 1325, 1332, 1333, 1334, 1337, 1338, 1339, 1340, 1341, 1342, 1343, 1344, 1345, 1346, 1357, 1374, 1375, 1376, 1377, 1378, 1379, 1380, 1383, 1384, 1385, 1386, 1389, 1390, 1391, 1396, 1401, 1404, 1405, 1411, 1412, 1413, 1420, 1421, 1422, 1427, 1432, 1433, 1437, 1438, 1439, 1445, 1447, 1453, 1454, 1456, 1457, 1458, 1459, 1461, 1462, 1463, 1464, 1465, 1466, 1467, 1469, 1471, 1476, 1479, 1480, 1486, 1487, 1488, 1495, 1496, 1497, 1502, 1507, 1508, 1513, 1514, 1515, 1516, 1518, 1520, 1521, 1522, 1523, 1524, 1526, 1529, 1530, 1531, 1532, 1533, 1538, 1539, 1541, 1542, 1543, 1544, 1545, 1546, 1547, 1548, 1549, 1550, 1551, 1552, 1555, 1556, 1557, 1558, 1560, 1561, 1562, 1563, 1564, 1565, 1566, 1567, 1568, 1571, 1572, 1573, 1574, 1576, 1577, 1578, 1579, 1580, 1581, 1582, 1584, 1585, 1586, 1587, 1588, 1589, 1590, 1592, 1593, 1596, 1597, 1598, 1599, 1600, 1602, 1603, 1604, 1614, 1615, 1616, 1619, 1620, 1622, 1623, 1624, 1625, 1626, 1627, 1628, 1630, 1631, 1632, 1633, 1636, 1637, 1638, 1639, 1640, 1641, 1643, 1644, 1645, 1646, 1648, 1649, 1650, 1651, 1652, 1653, 1655, 1656, 1657, 1659, 1660, 1662, 1663, 1664, 1666, 1667, 1670, 1674, 1677, 1678, 1684, 1685, 1686, 1693, 1694, 1695, 1700, 1705, 1707, 1708, 1709, 1711, 1712, 1715, 1719, 1722, 1728, 1729, 1730, 1737, 1738, 1739, 1744, 1749, 1750, 1754, 1755, 1756, 1757, 1758, 1763, 1774, 1775, 1776, 1777, 1778, 1781, 1782, 1788, 1789, 1790, 1797, 1798, 1799, 1804, 1809, 1810, 1813, 1814, 1816, 1822, 1825, 1826, 1828, 1829, 1830, 1831, 1834, 1835, 1836, 1837, 1838, 1840, 1841, 1843, 1844, 1845, 1846, 1848, 1849, 1850, 1851, 1852, 1856, 1857, 1858, 1859, 1860, 1861, 1862, 1863, 1864, 1865, 1866, 1867, 1868, 1870, 1872, 1875, 1876, 1877, 1878, 1882, 1884, 1887, 1888, 1894, 1895, 1896, 1903, 1904, 1905, 1910, 1915, 1916, 1923, 1924, 1925, 1926, 1927, 1928, 1930, 1931, 1932, 1933, 1935, 1936, 1941, 1946, 1949, 1950, 1951, 1956, 1957, 1972, 1973, 1974, 1975, 1976, 1978, 1979, 1980, 1981, 1983, 1984, 1989, 1994, 1997, 1998, 1999, 2004, 2005, 2020, 2021, 2022, 2023, 2024, 2026, 2027, 2028, 2029, 2030, 2039, 2040, 2043, 2044, 2045, 2050, 2051, 2053, 2054, 2057, 2058, 2074, 2075, 2076, 2077, 2078, 2079, 2080, 2086, 2087, 2088, 2095, 2096, 2097, 2102, 2107, 2108, 2111, 2112, 2113, 2114, 2115, 2116, 2126, 2127, 2128, 2129, 2131, 2132, 2133, 2134, 2137, 2138, 2139, 2140, 2141, 2143, 2144, 2146, 2147, 2148, 2150, 2151, 2152, 2153, 2155, 2157, 2161, 2165, 2166, 2167, 2168, 2170, 2171, 2172, 2173, 2174, 2176, 2177, 2178, 2183, 2184, 2190, 2191, 2192, 2199, 2200, 2201, 2206, 2211, 2212, 2215, 2220, 2221, 2223, 2224, 2225, 2228, 2229, 2231, 2232, 2233, 2234, 2235, 2236, 2237, 2239, 2241, 2242, 2250, 2251, 2254, 2255, 2256, 2265, 2266, 2267, 2268, 2269, 2270, 2271, 2272, 2274, 2275, 2281, 2290, 2296, 2297, 2298, 2299, 2304, 2307, 2308, 2317, 2322, 2324, 2327, 2328, 2333, 2335, 2339, 2340, 2341, 2342, 2343, 2344, 2347, 2355, 2356, 2357, 2358, 2360, 2363, 2364, 2365, 2366, 2368, 2369, 2370, 2371, 2372, 2373, 2375, 2376, 2378, 2380, 2381, 2382, 2387, 2389, 2390, 2391, 2392, 2398, 2399, 2400, 2402, 2404, 2405, 2406, 2414, 2415, 2416, 2417, 2421, 2422, 2423, 2424, 2426, 2427, 2428, 2429, 2432, 2433, 2434, 2437, 2438, 2439, 2440, 2441, 2442, 2443, 2444, 2445, 2446, 2447, 2448, 2449, 2451, 2462, 2464, 2467, 2468, 2469, 2470, 2472, 2489, 2491, 2492, 2493, 2494, 2495, 2498, 2503, 2505, 2506, 2526, 2527, 2528, 2529, 2534, 2535, 2537, 2538, 2539, 2542, 2543, 2548, 2549, 2550, 2553, 2563, 2565, 2572, 2573, 2575, 2576, 2577, 2578, 2579, 2580, 2582, 2583, 2584, 2585, 2586, 2587, 2588, 2589, 2601, 2602, 2604, 2605, 2606, 2613, 2614, 2617, 2624, 2625, 2626, 2627, 2630, 2631, 2645, 2646, 2647, 2649, 2655, 2656, 2657, 2660, 2670, 2676, 2677, 2678, 2679, 2680, 2692, 2694, 2697, 2698, 2701, 2706, 2707, 2708, 2711, 2712, 2713, 2714, 2717, 2718, 2719, 2722, 2724, 2727, 2728, 2730, 2733, 2734, 2735, 2736, 2737, 2740, 2756, 2757, 2758, 2759, 2760], "excluded_lines": []}}}, "backend\\app\\api\\endpoints\\conversations_messages_simple.py": {"executed_lines": [], "summary": {"covered_lines": 0, "num_statements": 66, "percent_covered": 0.0, "percent_covered_display": "0", "missing_lines": 66, "excluded_lines": 0}, "missing_lines": [6, 7, 8, 9, 11, 12, 13, 14, 19, 20, 22, 24, 27, 28, 38, 40, 41, 42, 43, 44, 47, 48, 54, 55, 56, 59, 60, 61, 62, 63, 64, 65, 66, 67, 68, 71, 72, 73, 74, 75, 81, 82, 83, 86, 88, 91, 92, 97, 100, 101, 104, 105, 111, 112, 113, 116, 117, 123, 124, 125, 128, 135, 136, 137, 138, 139], "excluded_lines": [], "functions": {"reply_to_conversation_simple": {"executed_lines": [], "summary": {"covered_lines": 0, "num_statements": 52, "percent_covered": 0.0, "percent_covered_display": "0", "missing_lines": 52, "excluded_lines": 0}, "missing_lines": [38, 40, 41, 42, 43, 44, 47, 48, 54, 55, 56, 59, 60, 61, 62, 63, 64, 65, 66, 67, 68, 71, 72, 73, 74, 75, 81, 82, 83, 86, 88, 91, 92, 97, 100, 101, 104, 105, 111, 112, 113, 116, 117, 123, 124, 125, 128, 135, 136, 137, 138, 139], "excluded_lines": []}, "": {"executed_lines": [], "summary": {"covered_lines": 0, "num_statements": 14, "percent_covered": 0.0, "percent_covered_display": "0", "missing_lines": 14, "excluded_lines": 0}, "missing_lines": [6, 7, 8, 9, 11, 12, 13, 14, 19, 20, 22, 24, 27, 28], "excluded_lines": []}}, "classes": {"": {"executed_lines": [], "summary": {"covered_lines": 0, "num_statements": 66, "percent_covered": 0.0, "percent_covered_display": "0", "missing_lines": 66, "excluded_lines": 0}, "missing_lines": [6, 7, 8, 9, 11, 12, 13, 14, 19, 20, 22, 24, 27, 28, 38, 40, 41, 42, 43, 44, 47, 48, 54, 55, 56, 59, 60, 61, 62, 63, 64, 65, 66, 67, 68, 71, 72, 73, 74, 75, 81, 82, 83, 86, 88, 91, 92, 97, 100, 101, 104, 105, 111, 112, 113, 116, 117, 123, 124, 125, 128, 135, 136, 137, 138, 139], "excluded_lines": []}}}, "backend\\app\\api\\endpoints\\conversations_ntr.py": {"executed_lines": [], "summary": {"covered_lines": 0, "num_statements": 134, "percent_covered": 0.0, "percent_covered_display": "0", "missing_lines": 134, "excluded_lines": 0}, "missing_lines": [6, 8, 9, 10, 11, 13, 14, 15, 16, 17, 18, 19, 20, 21, 22, 23, 24, 26, 29, 34, 35, 36, 39, 40, 41, 42, 43, 49, 50, 52, 54, 55, 58, 59, 68, 72, 73, 74, 75, 76, 77, 78, 81, 82, 83, 86, 87, 88, 89, 91, 92, 94, 95, 96, 98, 99, 100, 101, 107, 108, 109, 113, 114, 115, 116, 126, 127, 128, 129, 130, 132, 134, 139, 140, 141, 142, 143, 144, 145, 148, 149, 150, 151, 154, 155, 156, 157, 159, 160, 165, 166, 167, 168, 169, 170, 172, 173, 174, 176, 177, 178, 180, 181, 182, 183, 184, 185, 186, 192, 193, 194, 196, 197, 198, 199, 209, 210, 211, 212, 213, 214, 216, 221, 222, 223, 224, 225, 226, 227, 230, 231, 232, 233, 235], "excluded_lines": [], "functions": {"handle_notes_tasks_reminders": {"executed_lines": [], "summary": {"covered_lines": 0, "num_statements": 105, "percent_covered": 0.0, "percent_covered_display": "0", "missing_lines": 105, "excluded_lines": 0}, "missing_lines": [34, 35, 36, 39, 40, 41, 42, 43, 49, 50, 52, 54, 55, 58
[...]
 19, 22, 23, 25, 41, 59, 76, 81, 256, 282, 296, 320, 628, 651, 697, 723, 766, 775, 799, 836], "summary": {"covered_lines": 31, "num_statements": 31, "percent_covered": 100.0, "percent_covered_display": "100", "missing_lines": 0, "excluded_lines": 0}, "missing_lines": [], "excluded_lines": []}}}, "backend\\app\\services\\calendar_parser.py": {"executed_lines": [1, 2, 3, 4, 5, 6, 9, 10, 11, 12, 13, 14, 15, 18, 23, 93], "summary": {"covered_lines": 16, "num_statements": 65, "percent_covered": 24.615384615384617, "percent_covered_display": "25", "missing_lines": 49, "excluded_lines": 0}, "missing_lines": [24, 25, 26, 29, 30, 31, 32, 33, 34, 35, 36, 37, 41, 42, 44, 45, 46, 47, 49, 53, 54, 55, 56, 57, 62, 63, 67, 69, 74, 75, 76, 77, 78, 79, 80, 81, 82, 85, 86, 87, 88, 90, 94, 95, 96, 97, 98, 99, 100], "excluded_lines": [], "functions": {"parse_line": {"executed_lines": [], "summary": {"covered_lines": 0, "num_statements": 42, "percent_covered": 0.0, "percent_covered_display": "0", "missing_lines": 42, "excluded_lines": 0}, "missing_lines": [24, 25, 26, 29, 30, 31, 32, 33, 34, 35, 36, 37, 41, 42, 44, 45, 46, 47, 49, 53, 54, 55, 56, 57, 62, 63, 67, 69, 74, 75, 76, 77, 78, 79, 80, 81, 82, 85, 86, 87, 88, 90], "excluded_lines": []}, "parse_block": {"executed_lines": [], "summary": {"covered_lines": 0, "num_statements": 7, "percent_covered": 0.0, "percent_covered_display": "0", "missing_lines": 7, "excluded_lines": 0}, "missing_lines": [94, 95, 96, 97, 98, 99, 100], "excluded_lines": []}, "": {"executed_lines": [1, 2, 3, 4, 5, 6, 9, 10, 11, 12, 13, 14, 15, 18, 23, 93], "summary": {"covered_lines": 16, "num_statements": 16, "percent_covered": 100.0, "percent_covered_display": "100", "missing_lines": 0, "excluded_lines": 0}, "missing_lines": [], "excluded_lines": []}}, "classes": {"ParsedEvent": {"executed_lines": [], "summary": {"covered_lines": 0, "num_statements": 0, "percent_covered": 100.0, "percent_covered_display": "100", "missing_lines": 0, "excluded_lines": 0}, "missing_lines": [], "excluded_lines": []}, "": {"executed_lines": [1, 2, 3, 4, 5, 6, 9, 10, 11, 12, 13, 14, 15, 18, 23, 93], "summary": {"covered_lines": 16, "num_statements": 65, "percent_covered": 24.615384615384617, "percent_covered_display": "25", "missing_lines": 49, "excluded_lines": 0}, "missing_lines": [24, 25, 26, 29, 30, 31, 32, 33, 34, 35, 36, 37, 41, 42, 44, 45, 46, 47, 49, 53, 54, 55, 56, 57, 62, 63, 67, 69, 74, 75, 76, 77, 78, 79, 80, 81, 82, 85, 86, 87, 88, 90, 94, 95, 96, 97, 98, 99, 100], "excluded_lines": []}}}, "backend\\app\\services\\intent_parser.py": {"executed_lines": [1, 6, 7, 8, 11, 12, 14, 16, 31, 38, 69, 105, 137, 167, 183, 247, 257, 276, 291, 346], "summary": {"covered_lines": 18, "num_statements": 146, "percent_covered": 12.32876712328767, "percent_covered_display": "12", "missing_lines": 128, "excluded_lines": 0}, "missing_lines": [40, 43, 50, 51, 52, 53, 54, 63, 64, 65, 67, 71, 74, 82, 83, 84, 85, 86, 87, 88, 89, 91, 92, 94, 103, 107, 110, 116, 117, 118, 119, 120, 123, 124, 125, 126, 128, 130, 135, 139, 142, 149, 150, 151, 152, 153, 155, 156, 165, 172, 173, 174, 177, 178, 179, 181, 185, 188, 189, 191, 192, 193, 194, 195, 197, 199, 202, 203, 205, 206, 207, 208, 209, 211, 213, 222, 223, 225, 226, 227, 228, 229, 231, 233, 234, 235, 237, 239, 240, 245, 249, 251, 252, 253, 255, 259, 261, 264, 265, 266, 267, 268, 269, 270, 271, 272, 274, 278, 279, 282, 283, 284, 285, 286, 287, 289, 293, 296, 297, 298, 301, 302, 303, 304, 305, 306, 309, 342], "excluded_lines": [], "functions": {"IntentParser.__init__": {"executed_lines": [16, 31], "summary": {"covered_lines": 2, "num_statements": 2, "percent_covered": 100.0, "percent_covered_display": "100", "missing_lines": 0, "excluded_lines": 0}, "missing_lines": [], "excluded_lines": []}, "IntentParser.parse_fitness_intent": {"executed_lines": [], "summary": {"covered_lines": 0, "num_statements": 11, "percent_covered": 0.0, "percent_covered_display": "0", "missing_lines": 11, "excluded_lines": 0}, "missing_lines": [40, 43, 50, 51, 52, 53, 54, 63, 64, 65, 67], "excluded_lines": []}, "IntentParser.parse_nutrition_intent": {"executed_lines": [], "summary": {"covered_lines": 0, "num_statements": 14, "percent_covered": 0.0, "percent_covered_display": "0", "missing_lines": 14, "excluded_lines": 0}, "missing_lines": [71, 74, 82, 83, 84, 85, 86, 87, 88, 89, 91, 92, 94, 103], "excluded_lines": []}, "IntentParser.parse_hydration_intent": {"executed_lines": [], "summary": {"covered_lines": 0, "num_statements": 14, "percent_covered": 0.0, "percent_covered_display": "0", "missing_lines": 14, "excluded_lines": 0}, "missing_lines": [107, 110, 116, 117, 118, 119, 120, 123, 124, 125, 126, 128, 130, 135], "excluded_lines": []}, "IntentParser.parse_mood_intent": {"executed_lines": [], "summary": {"covered_lines": 0, "num_statements": 10, "percent_covered": 0.0, "percent_covered_display": "0", "missing_lines": 10, "excluded_lines": 0}, "missing_lines": [139, 142, 149, 150, 151, 152, 153, 155, 156, 165], "excluded_lines": []}, "IntentParser.parse_any_intent": {"executed_lines": [], "summary": {"covered_lines": 0, "num_statements": 7, "percent_covered": 0.0, "percent_covered_display": "0", "missing_lines": 7, "excluded_lines": 0}, "missing_lines": [172, 173, 174, 177, 178, 179, 181], "excluded_lines": []}, "IntentParser._parse_workout_log": {"executed_lines": [], "summary": {"covered_lines": 0, "num_statements": 34, "percent_covered": 0.0, "percent_covered_display": "0", "missing_lines": 34, "excluded_lines": 0}, "missing_lines": [185, 188, 189, 191, 192, 193, 194, 195, 197, 199, 202, 203, 205, 206, 207, 208, 209, 211, 213, 222, 223, 225, 226, 227, 228, 229, 231, 233, 234, 235, 237, 239, 240, 245], "excluded_lines": []}, "IntentParser._normalize_exercise_name": {"executed_lines": [], "summary": {"covered_lines": 0, "num_statements": 5, "percent_covered": 0.0, "percent_covered_display": "0", "missing_lines": 5, "excluded_lines": 0}, "missing_lines": [249, 251, 252, 253, 255], "excluded_lines": []}, "IntentParser._detect_goal_category": {"executed_lines": [], "summary": {"covered_lines": 0, "num_statements": 12, "percent_covered": 0.0, "percent_covered_display": "0", "missing_lines": 12, "excluded_lines": 0}, "missing_lines": [259, 261, 264, 265, 266, 267, 268, 269, 270, 271, 272, 274], "excluded_lines": []}, "IntentParser._detect_meal_type": {"executed_lines": [], "summary": {"covered_lines": 0, "num_statements": 9, "percent_covered": 0.0, "percent_covered_display": "0", "missing_lines": 9, "excluded_lines": 0}, "missing_lines": [278, 279, 282, 283, 284, 285, 286, 287, 289], "excluded_lines": []}, "IntentParser._text_to_mood_score": {"executed_lines": [], "summary": {"covered_lines": 0, "num_statements": 12, "percent_covered": 0.0, "percent_covered_display": "0", "missing_lines": 12, "excluded_lines": 0}, "missing_lines": [293, 296, 297, 298, 301, 302, 303, 304, 305, 306, 309, 342], "excluded_lines": []}, "": {"executed_lines": [1, 6, 7, 8, 11, 12, 14, 38, 69, 105, 137, 167, 183, 247, 257, 276, 291, 346], "summary": {"covered_lines": 16, "num_statements": 16, "percent_covered": 100.0, "percent_covered_display": "100", "missing_lines": 0, "excluded_lines": 0}, "missing_lines": [], "excluded_lines": []}}, "classes": {"IntentParser": {"executed_lines": [16, 31], "summary": {"covered_lines": 2, "num_statements": 130, "percent_covered": 1.5384615384615385, "percent_covered_display": "2", "missing_lines": 128, "excluded_lines": 0}, "missing_lines": [40, 43, 50, 51, 52, 53, 54, 63, 64, 65, 67, 71, 74, 82, 83, 84, 85, 86, 87, 88, 89, 91, 92, 94, 103, 107, 110, 116, 117, 118, 119, 120, 123, 124, 125, 126, 128, 130, 135, 139, 142, 149, 150, 151, 152, 153, 155, 156, 165, 172, 173, 174, 177, 178, 179, 181, 185, 188, 189, 191, 192, 193, 194, 195, 197, 199, 202, 203, 205, 206, 207, 208, 209, 211, 213, 222, 223, 225, 226, 227, 228, 229, 231, 233, 234, 235, 237, 239, 240, 245, 249, 251, 252, 253, 255, 259, 261, 264, 265, 266, 267, 268, 269, 270, 271, 272, 274, 278, 279, 282, 283, 284, 285, 286, 287, 289, 293, 296, 297, 298, 301, 302, 303, 304, 305, 306, 309, 342], "excluded_lines": []}, "": {"executed_lines": [1, 6, 7, 8, 11, 12, 14, 38, 69, 105, 137, 167, 183, 247, 257, 276, 291, 346], "summary": {"covered_lines": 16, "num_statements": 16, "percent_covered": 100.0, "percent_covered_display": "100", "missing_lines": 0, "excluded_lines": 0}, "missing_lines": [], "excluded_lines": []}}}, "backend\\app\\services\\response_shaper.py": {"executed_lines": [1, 3, 4, 5, 10, 13, 22, 29, 39, 71, 86, 96, 111, 117, 159, 171], "summary": {"covered_lines": 16, "num_statements": 125, "percent_covered": 12.8, "percent_covered_display": "13", "missing_lines": 109, "excluded_lines": 0}, "missing_lines": [14, 15, 17, 19, 23, 24, 25, 26, 30, 31, 32, 33, 34, 36, 45, 46, 47, 48, 50, 51, 52, 54, 58, 60, 61, 62, 63, 64, 65, 66, 67, 68, 75, 76, 78, 80, 81, 82, 83, 88, 89, 90, 92, 93, 98, 99, 100, 102, 103, 105, 106, 107, 108, 114, 118, 119, 121, 123, 124, 125, 126, 128, 149, 150, 152, 153, 154, 155, 156, 161, 166, 168, 189, 190, 191, 194, 196, 198, 199, 200, 201, 204, 206, 208, 209, 210, 211, 212, 213, 214, 215, 217, 218, 219, 220, 222, 223, 224, 226, 229, 230, 232, 233, 234, 235, 246, 247, 248, 249], "excluded_lines": [], "functions": {"_split_sentences": {"executed_lines": [], "summary": {"covered_lines": 0, "num_statements": 4, "percent_covered": 0.0, "percent_covered_display": "0", "missing_lines": 4, "excluded_lines": 0}, "missing_lines": [14, 15, 17, 19], "excluded_lines": []}, "_limit_sentences": {"executed_lines": [], "summary": {"covered_lines": 0, "num_statements": 4, "percent_covered": 0.0, "percent_covered_display": "0", "missing_lines": 4, "excluded_lines": 0}, "missing_lines": [23, 24, 25, 26], "excluded_lines": []}, "_remove_forbidden_phrases": {"executed_lines": [], "summary": {"covered_lines": 0, "num_statements": 6, "percent_covered": 0.0, "percent_covered_display": "0", "missing_lines": 6, "excluded_lines": 0}, "missing_lines": [30, 31, 32, 33, 34, 36], "excluded_lines": []}, "_sanitize_sensitive_terms": {"executed_lines": [], "summary": {"covered_lines": 0, "num_statements": 18, "percent_covered": 0.0, "percent_covered_display": "0", "missing_lines": 18, "excluded_lines": 0}, "missing_lines": [45, 46, 47, 48, 50, 51, 52, 54, 58, 60, 61, 62, 63, 64, 65, 66, 67, 68], "excluded_lines": []}, "_normalize_list_markers": {"executed_lines": [], "summary": {"covered_lines": 0, "num_statements": 7, "percent_covered": 0.0, "percent_covered_display": "0", "missing_lines": 7, "excluded_lines": 0}, "missing_lines": [75, 76, 78, 80, 81, 82, 83], "excluded_lines": []}, "_ensure_contains_all": {"executed_lines": [], "summary": {"covered_lines": 0, "num_statements": 5, "percent_covered": 0.0, "percent_covered_display": "0", "missing_lines": 5, "excluded_lines": 0}, "missing_lines": [88, 89, 90, 92, 93], "excluded_lines": []}, "_ensure_contains_any": {"executed_lines": [], "summary": {"covered_lines": 0, "num_statements": 9, "percent_covered": 0.0, "percent_covered_display": "0", "missing_lines": 9, "excluded_lines": 0}, "missing_lines": [98, 99, 100, 102, 103, 105, 106, 107, 108], "excluded_lines": []}, "_apply_regex_requirements": {"executed_lines": [], "summary": {"covered_lines": 0, "num_statements": 1, "percent_covered": 0.0, "percent_covered_display": "0", "missing_lines": 1, "excluded_lines": 0}, "missing_lines": [114], "excluded_lines": []}, "_add_confirmation": {"executed_lines": [], "summary": {"covered_lines": 0, "num_statements": 15, "percent_covered": 0.0, "percent_covered_display": "0", "missing_lines": 15, "excluded_lines": 0}, "missing_lines": [118, 119, 121, 123, 124, 125, 126, 128, 149, 150, 152, 153, 154, 155, 156], "excluded_lines": []}, "_tone_adjust": {"executed_lines": [], "summary": {"covered_lines": 0, "num_statements": 3, "percent_covered": 0.0, "percent_covered_display": "0", "missing_lines": 3, "excluded_lines": 0}, "missing_lines": [161, 166, 168], "excluded_lines": []}, "shape_response": {"executed_lines": [], "summary": {"covered_lines": 0, "num_statements": 37, "percent_covered": 0.0, "percent_covered_display": "0", "missing_lines": 37, "excluded_lines": 0}, "missing_lines": [189, 190, 191, 194, 196, 198, 199, 200, 201, 204, 206, 208, 209, 210, 211, 212, 213, 214, 215, 217, 218, 219, 220, 222, 223, 224, 226, 229, 230, 232, 233, 234, 235, 246, 247, 248, 249], "excluded_lines": []}, "": {"executed_lines": [1, 3, 4, 5, 10, 13, 22, 29, 39, 71, 86, 96, 111, 117, 159, 171], "summary": {"covered_lines": 16, "num_statements": 16, "percent_covered": 100.0, "percent_covered_display": "100", "missing_lines": 0, "excluded_lines": 0}, "missing_lines": [], "excluded_lines": []}}, "classes": {"": {"executed_lines": [1, 3, 4, 5, 10, 13, 22, 29, 39, 71, 86, 96, 111, 117, 159, 171], "summary": {"covered_lines": 16, "num_statements": 125, "percent_covered": 12.8, "percent_covered_display": "13", "missing_lines": 109, "excluded_lines": 0}, "missing_lines": [14, 15, 17, 19, 23, 24, 25, 26, 30, 31, 32, 33, 34, 36, 45, 46, 47, 48, 50, 51, 52, 54, 58, 60, 61, 62, 63, 64, 65, 66, 67, 68, 75, 76, 78, 80, 81, 82, 83, 88, 89, 90, 92, 93, 98, 99, 100, 102, 103, 105, 106, 107, 108, 114, 118, 119, 121, 123, 124, 125, 126, 128, 149, 150, 152, 153, 154, 155, 156, 161, 166, 168, 189, 190, 191, 194, 196, 198, 199, 200, 201, 204, 206, 208, 209, 210, 211, 212, 213, 214, 215, 217, 218, 219, 220, 222, 223, 224, 226, 229, 230, 232, 233, 234, 235, 246, 247, 248, 249], "excluded_lines": []}}}, "backend\\app\\services\\summarization.py": {"executed_lines": [1, 3, 4, 5, 6, 8, 10, 11, 12, 14, 18, 23, 24, 27, 39, 55], "summary": {"covered_lines": 16, "num_statements": 49, "percent_covered": 32.6530612244898, "percent_covered_display": "33", "missing_lines": 33, "excluded_lines": 0}, "missing_lines": [29, 42, 43, 52, 68, 69, 72, 73, 79, 83, 84, 85, 86, 87, 88, 90, 91, 92, 94, 95, 96, 104, 105, 110, 111, 112, 113, 120, 121, 130, 131, 132, 140], "excluded_lines": [], "functions": {"_build_system_prompt": {"executed_lines": [], "summary": {"covered_lines": 0, "num_statements": 1, "percent_covered": 0.0, "percent_covered_display": "0", "missing_lines": 1, "excluded_lines": 0}, "missing_lines": [29], "excluded_lines": []}, "_build_messages": {"executed_lines": [], "summary": {"covered_lines": 0, "num_statements": 3, "percent_covered": 0.0, "percent_covered_display": "0", "missing_lines": 3, "excluded_lines": 0}, "missing_lines": [42, 43, 52], "excluded_lines": []}, "generate_conversation_summary": {"executed_lines": [], "summary": {"covered_lines": 0, "num_statements": 29, "percent_covered": 0.0, "percent_covered_display": "0", "missing_lines": 29, "excluded_lines": 0}, "missing_lines": [68, 69, 72, 73, 79, 83, 84, 85, 86, 87, 88, 90, 91, 92, 94, 95, 96, 104, 105, 110, 111, 112, 113, 120, 121, 130, 131, 132, 140], "excluded_lines": []}, "": {"executed_lines": [1, 3, 4, 5, 6, 8, 10, 11, 12, 14, 18, 23, 24, 27, 39, 55], "summary": {"covered_lines": 16, "num_statements": 16, "percent_covered": 100.0, "percent_covered_display": "100", "missing_lines": 0, "excluded_lines": 0}, "missing_lines": [], "excluded_lines": []}}, "classes": {"": {"executed_lines": [1, 3, 4, 5, 6, 8, 10, 11, 12, 14, 18, 23, 24, 27, 39, 55], "summary": {"covered_lines": 16, "num_statements": 49, "percent_covered": 32.6530612244898, "percent_covered_display": "33", "missing_lines": 33, "excluded_lines": 0}, "missing_lines": [29, 42, 43, 52, 68, 69, 72, 73, 79, 83, 84, 85, 86, 87, 88, 90, 91, 92, 94, 95, 96, 104, 105, 110, 111, 112, 113, 120, 121, 130, 131, 132, 140], "excluded_lines": []}}}, "backend\\app\\services\\web_search.py": {"executed_lines": [1, 6, 7, 8, 9, 10, 12, 15, 16, 18, 19, 20, 22, 82, 131, 170, 224, 264, 270], "summary": {"covered_lines": 17, "num_statements": 103, "percent_covered": 16.50485436893204, "percent_covered_display": "17", "missing_lines": 86, "excluded_lines": 0}, "missing_lines": [33, 35, 36, 38, 40, 41, 43, 44, 47, 48, 58, 59, 60, 70, 71, 74, 76, 78, 79, 80, 86, 88, 89, 91, 101, 102, 105, 106, 109, 110, 112, 113, 114, 115, 116, 125, 127, 128, 129, 141, 143, 144, 146, 148, 149, 151, 153, 154, 155, 164, 166, 167, 168, 183, 185, 186, 188, 193, 194, 197, 198, 201, 202, 204, 206, 207, 209, 218, 220, 221, 222, 234, 236, 238, 240, 241, 243, 245, 246, 247, 249, 258, 260, 261, 262, 266], "excluded_lines": [], "functions": {"WebSearchService.__init__": {"executed_lines": [19, 20], "summary": {"covered_lines": 2, "num_statements": 2, "percent_covered": 100.0, "percent_covered_display": "100", "missing_lines": 0, "excluded_lines": 0}, "missing_lines": [], "excluded_lines": []}, "WebSearchService.search_web": {"executed_lines": [], "summary": {"covered_lines": 0, "num_statements": 20, "percent_covered": 0.0, "percent_covered_display": "0", "missing_lines": 20, "excluded_lines": 0}, "missing_lines": [33, 35, 36, 38, 40, 41, 43, 44, 47, 48, 58, 59, 60, 70, 71, 74, 76, 78, 79, 80], "excluded_lines": []}, "WebSearchService._search_with_alternative_method": {"executed_lines": [], "summary": {"covered_lines": 0, "num_statements": 19, "percent_covered": 0.0, "percent_covered_display": "0", "missing_lines": 19, "excluded_lines": 0}, "missing_lines": [86, 88, 89, 91, 101, 102, 105, 106, 109, 110, 112, 113, 114, 115, 116, 125, 127, 128, 129], "excluded_lines": []}, "WebSearchService.get_current_weather": {"executed_lines": [], "summary": {"covered_lines": 0, "num_statements": 14, "percent_covered": 0.0, "percent_covered_display": "0", "missing_lines": 14, "excluded_lines": 0}, "missing_lines": [141, 143, 144, 146, 148, 149, 151, 153, 154, 155, 164, 166, 167, 168], "excluded_lines": []}, "WebSearchService.get_news_headlines": {"executed_lines": [], "summary": {"covered_lines": 0, "num_statements": 18, "percent_covered": 0.0, "percent_covered_display": "0", "missing_lines": 18, "excluded_lines": 0}, "missing_lines": [183, 185, 186, 188, 193, 194, 197, 198, 201, 202, 204, 206, 207, 209, 218, 220, 221, 222], "excluded_lines": []}, "WebSearchService.get_stock_price": {"executed_lines": [], "summary": {"covered_lines": 0, "num_statements": 14, "percent_covered": 0.0, "percent_covered_display": "0", "missing_lines": 14, "excluded_lines": 0}, "missing_lines": [234, 236, 238, 240, 241, 243, 245, 246, 247, 249, 258, 260, 261, 262], "excluded_lines": []}, "WebSearchService.close": {"executed_lines": [], "summary": {"covered_lines": 0, "num_statements": 1, "percent_covered": 0.0, "percent_covered_display": "0", "missing_lines": 1, "excluded_lines": 0}, "missing_lines": [266], "excluded_lines": []}, "": {"executed_lines": [1, 6, 7, 8, 9, 10, 12, 15, 16, 18, 22, 82, 131, 170, 224, 264, 270], "summary": {"covered_lines": 15, "num_statements": 15, "percent_covered": 100.0, "percent_covered_display": "100", "missing_lines": 0, "excluded_lines": 0}, "missing_lines": [], "excluded_lines": []}}, "classes": {"WebSearchService": {"executed_lines": [19, 20], "summary": {"covered_lines": 2, "num_statements": 88, "percent_covered": 2.272727272727273, "percent_covered_display": "2", "missing_lines": 86, "excluded_lines": 0}, "missing_lines": [33, 35, 36, 38, 40, 41, 43, 44, 47, 48, 58, 59, 60, 70, 71, 74, 76, 78, 79, 80, 86, 88, 89, 91, 101, 102, 105, 106, 109, 110, 112, 113, 114, 115, 116, 125, 127, 128, 129, 141, 143, 144, 146, 148, 149, 151, 153, 154, 155, 164, 166, 167, 168, 183, 185, 186, 188, 193, 194, 197, 198, 201, 202, 204, 206, 207, 209, 218, 220, 221, 222, 234, 236, 238, 240, 241, 243, 245, 246, 247, 249, 258, 260, 261, 262, 266], "excluded_lines": []}, "": {"executed_lines": [1, 6, 7, 8, 9, 10, 12, 15, 16, 18, 22, 82, 131, 170, 224, 264, 270], "summary": {"covered_lines": 15, "num_statements": 15, "percent_covered": 100.0, "percent_covered_display": "100", "missing_lines": 0, "excluded_lines": 0}, "missing_lines": [], "excluded_lines": []}}}}, "totals": {"covered_lines": 2754, "num_statements": 11623, "percent_covered": 23.694399036393357, "percent_covered_display": "24", "missing_lines": 8869, "excluded_lines": 13}}