{"meta": {"format": 3, "version": "7.10.6", "timestamp": "2025-08-30T19:00:04.229715", "branch_coverage": false, "show_contexts": false}, "files": {"app\\__init__.py": {"executed_lines": [0], "summary": {"covered_lines": 0, "num_statements": 0, "percent_covered": 100.0, "percent_covered_display": "100", "missing_lines": 0, "excluded_lines": 0}, "missing_lines": [], "excluded_lines": [], "functions": {"": {"executed_lines": [], "summary": {"covered_lines": 0, "num_statements": 0, "percent_covered": 100.0, "percent_covered_display": "100", "missing_lines": 0, "excluded_lines": 0}, "missing_lines": [], "excluded_lines": []}}, "classes": {"": {"executed_lines": [], "summary": {"covered_lines": 0, "num_statements": 0, "percent_covered": 100.0, "percent_covered_display": "100", "missing_lines": 0, "excluded_lines": 0}, "missing_lines": [], "excluded_lines": []}}}, "app\\actions\\__init__.py": {"executed_lines": [0], "summary": {"covered_lines": 0, "num_statements": 0, "percent_covered": 100.0, "percent_covered_display": "100", "missing_lines": 0, "excluded_lines": 0}, "missing_lines": [], "excluded_lines": [], "functions": {"": {"executed_lines": [], "summary": {"covered_lines": 0, "num_statements": 0, "percent_covered": 100.0, "percent_covered_display": "100", "missing_lines": 0, "excluded_lines": 0}, "missing_lines": [], "excluded_lines": []}}, "classes": {"": {"executed_lines": [], "summary": {"covered_lines": 0, "num_statements": 0, "percent_covered": 100.0, "percent_covered_display": "100", "missing_lines": 0, "excluded_lines": 0}, "missing_lines": [], "excluded_lines": []}}}, "app\\actions\\registry.py": {"executed_lines": [1, 2, 3, 7, 10, 11, 12, 13, 14, 15, 16, 19, 20, 21, 22, 23, 24, 27, 28, 29, 30, 33, 34, 35, 36, 38, 40, 65, 81, 110, 140, 192, 236, 277, 308, 342, 369, 391, 392, 394, 397, 401], "summary": {"covered_lines": 42, "num_statements": 44, "percent_covered": 95.45454545454545, "percent_covered_display": "95", "missing_lines": 2, "excluded_lines": 0}, "missing_lines": [395, 398], "excluded_lines": [], "functions": {"ActionsRegistry.__init__": {"executed_lines": [35, 36], "summary": {"covered_lines": 2, "num_statements": 2, "percent_covered": 100.0, "percent_covered_display": "100", "missing_lines": 0, "excluded_lines": 0}, "missing_lines": [], "excluded_lines": []}, "ActionsRegistry._bootstrap": {"executed_lines": [40, 65, 81, 110, 140, 192, 236, 277, 308, 342, 369], "summary": {"covered_lines": 11, "num_statements": 11, "percent_covered": 100.0, "percent_covered_display": "100", "missing_lines": 0, "excluded_lines": 0}, "missing_lines": [], "excluded_lines": []}, "ActionsRegistry.register": {"executed_lines": [392], "summary": {"covered_lines": 1, "num_statements": 1, "percent_covered": 100.0, "percent_covered_display": "100", "missing_lines": 0, "excluded_lines": 0}, "missing_lines": [], "excluded_lines": []}, "ActionsRegistry.get": {"executed_lines": [], "summary": {"covered_lines": 0, "num_statements": 1, "percent_covered": 0.0, "percent_covered_display": "0", "missing_lines": 1, "excluded_lines": 0}, "missing_lines": [395], "excluded_lines": []}, "ActionsRegistry.list": {"executed_lines": [], "summary": {"covered_lines": 0, "num_statements": 1, "percent_covered": 0.0, "percent_covered_display": "0", "missing_lines": 1, "excluded_lines": 0}, "missing_lines": [398], "excluded_lines": []}, "": {"executed_lines": [1, 2, 3, 7, 10, 11, 12, 13, 14, 15, 16, 19, 20, 21, 22, 23, 24, 27, 28, 29, 30, 33, 34, 38, 391, 394, 397, 401], "summary": {"covered_lines": 28, "num_statements": 28, "percent_covered": 100.0, "percent_covered_display": "100", "missing_lines": 0, "excluded_lines": 0}, "missing_lines": [], "excluded_lines": []}}, "classes": {"ActionDescriptor": {"executed_lines": [], "summary": {"covered_lines": 0, "num_statements": 0, "percent_covered": 100.0, "percent_covered_display": "100", "missing_lines": 0, "excluded_lines": 0}, "missing_lines": [], "excluded_lines": []}, "ExecuteActionRequest": {"executed_lines": [], "summary": {"covered_lines": 0, "num_statements": 0, "percent_covered": 100.0, "percent_covered_display": "100", "missing_lines": 0, "excluded_lines": 0}, "missing_lines": [], "excluded_lines": []}, "ExecuteActionResponse": {"executed_lines": [], "summary": {"covered_lines": 0, "num_statements": 0, "percent_covered": 100.0, "percent_covered_display": "100", "missing_lines": 0, "excluded_lines": 0}, "missing_lines": [], "excluded_lines": []}, "ActionsRegistry": {"executed_lines": [35, 36, 40, 65, 81, 110, 140, 192, 236, 277, 308, 342, 369, 392], "summary": {"covered_lines": 14, "num_statements": 16, "percent_covered": 87.5, "percent_covered_display": "88", "missing_lines": 2, "excluded_lines": 0}, "missing_lines": [395, 398], "excluded_lines": []}, "": {"executed_lines": [1, 2, 3, 7, 10, 11, 12, 13, 14, 15, 16, 19, 20, 21, 22, 23, 24, 27, 28, 29, 30, 33, 34, 38, 391, 394, 397, 401], "summary": {"covered_lines": 28, "num_statements": 28, "percent_covered": 100.0, "percent_covered_display": "100", "missing_lines": 0, "excluded_lines": 0}, "missing_lines": [], "excluded_lines": []}}}, "app\\actions\\router.py": {"executed_lines": [1, 2, 3, 4, 5, 7, 8, 9, 10, 11, 12, 13, 14, 16, 19, 20, 21, 22, 23, 24, 25, 28, 29, 36, 37, 39, 41, 43, 44, 46, 47, 48, 49, 50, 51, 52, 54, 55, 57, 62, 65, 109, 113, 131, 143, 149, 159, 169, 216, 249, 291, 316, 338, 377, 428, 442], "summary": {"covered_lines": 55, "num_statements": 253, "percent_covered": 21.73913043478261, "percent_covered_display": "22", "missing_lines": 198, "excluded_lines": 0}, "missing_lines": [60, 63, 66, 67, 68, 73, 76, 83, 84, 89, 90, 94, 95, 97, 99, 101, 102, 103, 104, 105, 106, 107, 111, 117, 118, 119, 121, 128, 133, 134, 135, 136, 137, 138, 140, 141, 145, 146, 150, 151, 152, 153, 154, 156, 157, 160, 161, 162, 163, 164, 166, 167, 170, 171, 172, 173, 175, 176, 179, 180, 181, 182, 183, 184, 185, 188, 189, 190, 191, 192, 194, 201, 202, 205, 207, 217, 218, 219, 220, 222, 223, 226, 228, 229, 231, 232, 239, 240, 241, 242, 245, 247, 250, 251, 252, 254, 255, 257, 258, 261, 262, 263, 266, 267, 268, 269, 271, 278, 279, 282, 284, 292, 293, 294, 296, 297, 300, 301, 303, 306, 307, 309, 317, 318, 320, 321, 323, 324, 326, 329, 330, 331, 332, 333, 335, 339, 340, 341, 342, 343, 344, 351, 352, 353, 355, 356, 357, 358, 359, 360, 363, 364, 365, 366, 367, 369, 370, 371, 372, 374, 375, 378, 379, 380, 381, 383, 384, 385, 386, 393, 395, 396, 403, 405, 406, 407, 408, 409, 412, 413, 414, 415, 416, 417, 419, 420, 421, 422, 424, 425, 429, 430, 431, 434, 435, 436, 437, 438], "excluded_lines": [], "functions": {"ActionRouter.__init__": {"executed_lines": [37, 39, 41, 43, 44, 46, 47, 48, 49, 50, 51, 52, 54, 55], "summary": {"covered_lines": 14, "num_statements": 14, "percent_covered": 100.0, "percent_covered_display": "100", "missing_lines": 0, "excluded_lines": 0}, "missing_lines": [], "excluded_lines": []}, "ActionRouter.register": {"executed_lines": [], "summary": {"covered_lines": 0, "num_statements": 1, "percent_covered": 0.0, "percent_covered_display": "0", "missing_lines": 1, "excluded_lines": 0}, "missing_lines": [60], "excluded_lines": []}, "ActionRouter.get_descriptor": {"executed_lines": [], "summary": {"covered_lines": 0, "num_statements": 1, "percent_covered": 0.0, "percent_covered_display": "0", "missing_lines": 1, "excluded_lines": 0}, "missing_lines": [63], "excluded_lines": []}, "ActionRouter.execute": {"executed_lines": [], "summary": {"covered_lines": 0, "num_statements": 20, "percent_covered": 0.0, "percent_covered_display": "0", "missing_lines": 20, "excluded_lines": 0}, "missing_lines": [66, 67, 68, 73, 76, 83, 84, 89, 90, 94, 95, 97, 99, 101, 102, 103, 104, 105, 106, 107], "excluded_lines": []}, "ActionRouter.execute_action": {"executed_lines": [], "summary": {"covered_lines": 0, "num_statements": 1, "percent_covered": 0.0, "percent_covered_display": "0", "missing_lines": 1, "excluded_lines": 0}, "missing_lines": [111], "excluded_lines": []}, "ActionRouter.parse_and_execute_from_text": {"executed_lines": [], "summary": {"covered_lines": 0, "num_statements": 5, "percent_covered": 0.0, "percent_covered_display": "0", "missing_lines": 5, "excluded_lines": 0}, "missing_lines": [117, 118, 119, 121, 128], "excluded_lines": []}, "ActionRouter._handle_journal_add_entry": {"executed_lines": [], "summary": {"covered_lines": 0, "num_statements": 8, "percent_covered": 0.0, "percent_covered_display": "0", "missing_lines": 8, "excluded_lines": 0}, "missing_lines": [133, 134, 135, 136, 137, 138, 140, 141], "excluded_lines": []}, "ActionRouter._handle_review_weekly_generate": {"executed_lines": [], "summary": {"covered_lines": 0, "num_statements": 2, "percent_covered": 0.0, "percent_covered_display": "0", "missing_lines": 2, "excluded_lines": 0}, "missing_lines": [145, 146], "excluded_lines": []}, "ActionRouter._handle_nutrition_set_current": {"executed_lines": [], "summary": {"covered_lines": 0, "num_statements": 7, "percent_covered": 0.0, "percent_covered_display": "0", "missing_lines": 7, "excluded_lines": 0}, "missing_lines": [150, 151, 152, 153, 154, 156, 157], "excluded_lines": []}, "ActionRouter._handle_nutrition_archive": {"executed_lines": [], "summary": {"covered_lines": 0, "num_statements": 7, "percent_covered": 0.0, "percent_covered_display": "0", "missing_lines": 7, "excluded_lines": 0}, "missing_lines": [160, 161, 162, 163, 164, 166, 167], "excluded_lines": []}, "ActionRouter._handle_fitness_log_workout": {"executed_lines": [], "summary": {"covered_lines": 0, "num_statements": 23, "percent_covered": 0.0, "percent_covered_display": "0", "missing_lines": 23, "excluded_lines": 0}, "missing_lines": [170, 171, 172, 173, 175, 176, 179, 180, 181, 182, 183, 184, 185, 188, 189, 190, 191, 192, 194, 201, 202, 205, 207], "excluded_lines": []}, "ActionRouter._handle_fitness_create_goal": {"executed_lines": [], "summary": {"covered_lines": 0, "num_statements": 17, "percent_covered": 0.0, "percent_covered_display": "0", "missing_lines": 17, "excluded_lines": 0}, "missing_lines": [217, 218, 219, 220, 222, 223, 226, 228, 229, 231, 232, 239, 240, 241, 242, 245, 247], "excluded_lines": []}, "ActionRouter._handle_nutrition_log_meal": {"executed_lines": [], "summary": {"covered_lines": 0, "num_statements": 19, "percent_covered": 0.0, "percent_covered_display": "0", "missing_lines": 19, "excluded_lines": 0}, "missing_lines": [250, 251, 252, 254, 255, 257, 258, 261, 262, 263, 266, 267, 268, 269, 271, 278, 279, 282, 284], "excluded_lines": []}, "ActionRouter._handle_hydration_log_water": {"executed_lines": [], "summary": {"covered_lines": 0, "num_statements": 11, "percent_covered": 0.0, "percent_covered_display": "0", "missing_lines": 11, "excluded_lines": 0}, "missing_lines": [292, 293, 294, 296, 297, 300, 301, 303, 306, 307, 309], "excluded_lines": []}, "ActionRouter._handle_mood_log_checkin": {"executed_lines": [], "summary": {"covered_lines": 0, "num_statements": 13, "percent_covered": 0.0, "percent_covered_display": "0", "missing_lines": 13, "excluded_lines": 0}, "missing_lines": [317, 318, 320, 321, 323, 324, 326, 329, 330, 331, 332, 333, 335], "excluded_lines": []}, "ActionRouter._handle_calendar_add_event": {"executed_lines": [], "summary": {"covered_lines": 0, "num_statements": 18, "percent_covered": 0.0, "percent_covered_display": "0", "missing_lines": 18, "excluded_lines": 0}, "missing_lines": [339, 340, 341, 342, 343, 344, 351, 352, 353, 355, 356, 357, 358, 359, 360, 363, 374, 375], "excluded_lines": []}, "ActionRouter._handle_calendar_add_event._undo_delete_created": {"executed_lines": [], "summary": {"covered_lines": 0, "num_statements": 8, "percent_covered": 0.0, "percent_covered_display": "0", "missing_lines": 8, "excluded_lines": 0}, "missing_lines": [364, 365, 366, 367, 369, 370, 371, 372], "excluded_lines": []}, "ActionRouter._handle_calendar_delete_event": {"executed_lines": [], "summary": {"covered_lines": 0, "num_statements": 20, "percent_covered": 0.0, "percent_covered_display": "0", "missing_lines": 20, "excluded_lines": 0}, "missing_lines": [378, 379, 380, 381, 383, 384, 385, 386, 393, 395, 396, 403, 405, 406, 407, 408, 409, 412, 424, 425], "excluded_lines": []}, "ActionRouter._handle_calendar_delete_event._undo_recreate_deleted": {"executed_lines": [], "summary": {"covered_lines": 0, "num_statements": 9, "percent_covered": 0.0, "percent_covered_display": "0", "missing_lines": 9, "excluded_lines": 0}, "missing_lines": [413, 414, 415, 416, 417, 419, 420, 421, 422], "excluded_lines": []}, "ActionRouter.undo": {"executed_lines": [], "summary": {"covered_lines": 0, "num_statements": 8, "percent_covered": 0.0, "percent_covered_display": "0", "missing_lines": 8, "excluded_lines": 0}, "missing_lines": [429, 430, 431, 434, 435, 436, 437, 438], "excluded_lines": []}, "": {"executed_lines": [1, 2, 3, 4, 5, 7, 8, 9, 10, 11, 12, 13, 14, 16, 19, 20, 21, 22, 23, 24, 25, 28, 29, 36, 57, 62, 65, 109, 113, 131, 143, 149, 159, 169, 216, 249, 291, 316, 338, 377, 428, 442], "summary": {"covered_lines": 41, "num_statements": 41, "percent_covered": 100.0, "percent_covered_display": "100", "missing_lines": 0, "excluded_lines": 0}, "missing_lines": [], "excluded_lines": []}}, "classes": {"ActionResult": {"executed_lines": [], "summary": {"covered_lines": 0, "num_statements": 0, "percent_covered": 100.0, "percent_covered_display": "100", "missing_lines": 0, "excluded_lines": 0}, "missing_lines": [], "excluded_lines": []}, "ActionRouter": {"executed_lines": [37, 39, 41, 43, 44, 46, 47, 48, 49, 50, 51, 52, 54, 55], "summary": {"covered_lines": 14, "num_statements": 212, "percent_covered": 6.60377358490566, "percent_covered_display": "7", "missing_lines": 198, "excluded_lines": 0}, "missing_lines": [60, 63, 66, 67, 68, 73, 76, 83, 84, 89, 90, 94, 95, 97, 99, 101, 102, 103, 104, 105, 106, 107, 111, 117, 118, 119, 121, 128, 133, 134, 135, 136, 137, 138, 140, 141, 145, 146, 150, 151, 152, 153, 154, 156, 157, 160, 161, 162, 163, 164, 166, 167, 170, 171, 172, 173, 175, 176, 179, 180, 181, 182, 183, 184, 185, 188, 189, 190, 191, 192, 194, 201, 202, 205, 207, 217, 218, 219, 220, 222, 223, 226, 228, 229, 231, 232, 239, 240, 241, 242, 245, 247, 250, 251, 252, 254, 255, 257, 258, 261, 262, 263, 266, 267, 268, 269, 271, 278, 279, 282, 284, 292, 293, 294, 296, 297, 300, 301, 303, 306, 307, 309, 317, 318, 320, 321, 323, 324, 326, 329, 330, 331, 332, 333, 335, 339, 340, 341, 342, 343, 344, 351, 352, 353, 355, 356, 357, 358, 359, 360, 363, 364, 365, 366, 367, 369, 370, 371, 372, 374, 375, 378, 379, 380, 381, 383, 384, 385, 386, 393, 395, 396, 403, 405, 406, 407, 408, 409, 412, 413, 414, 415, 416, 417, 419, 420, 421, 422, 424, 425, 429, 430, 431, 434, 435, 436, 437, 438], "excluded_lines": []}, "": {"executed_lines": [1, 2, 3, 4, 5, 7, 8, 9, 10, 11, 12, 13, 14, 16, 19, 20, 21, 22, 23, 24, 25, 28, 29, 36, 57, 62, 65, 109, 113, 131, 143, 149, 159, 169, 216, 249, 291, 316, 338, 377, 428, 442], "summary": {"covered_lines": 41, "num_statements": 41, "percent_covered": 100.0, "percent_covered_display": "100", "missing_lines": 0, "excluded_lines": 0}, "missing_lines": [], "excluded_lines": []}}}, "app\\api\\__init__.py": {"executed_lines": [0], "summary": {"covered_lines": 0, "num_statements": 0, "percent_covered": 100.0, "percent_covered_display": "100", "missing_lines": 0, "excluded_lines": 0}, "missing_lines": [], "excluded_lines": [], "functions": {"": {"executed_lines": [], "summary": {"covered_lines": 0, "num_statements": 0, "percent_covered": 100.0, "percent_covered_display": "100", "missing_lines": 0, "excluded_lines": 0}, "missing_lines": [], "excluded_lines": []}}, "classes": {"": {"executed_lines": [], "summary": {"covered_lines": 0, "num_statements": 0, "percent_covered": 100.0, "percent_covered_display": "100", "missing_lines": 0, "excluded_lines": 0}, "missing_lines": [], "excluded_lines": []}}}, "app\\api\\api_v1\\__init__.py": {"executed_lines": [0], "summary": {"covered_lines": 0, "num_statements": 0, "percent_covered": 100.0, "percent_covered_display": "100", "missing_lines": 0, "excluded_lines": 0}, "missing_lines": [], "excluded_lines": [], "functions": {"": {"executed_lines": [], "summary": {"covered_lines": 0, "num_statements": 0, "percent_covered": 100.0, "percent_covered_display": "100", "missing_lines": 0, "excluded_lines": 0}, "missing_lines": [], "excluded_lines": []}}, "classes": {"": {"executed_lines": [], "summary": {"covered_lines": 0, "num_statements": 0, "percent_covered": 100.0, "percent_covered_display": "100", "missing_lines": 0, "excluded_lines": 0}, "missing_lines": [], "excluded_lines": []}}}, "app\\api\\api_v1\\api.py": {"executed_lines": [1, 3, 28, 30, 32, 33, 34, 37, 40, 43, 46, 48, 50, 55, 56, 57, 60, 63, 64, 65, 66, 67, 68, 69, 70, 71, 72, 73, 74, 75, 78], "summary": {"covered_lines": 31, "num_statements": 31, "percent_covered": 100.0, "percent_covered_display": "100", "missing_lines": 0, "excluded_lines": 0}, "missing_lines": [], "excluded_lines": [], "functions": {"": {"executed_lines": [1, 3, 28, 30, 32, 33, 34, 37, 40, 43, 46, 48, 50, 55, 56, 57, 60, 63, 64, 65, 66, 67, 68, 69, 70, 71, 72, 73, 74, 75, 78], "summary": {"covered_lines": 31, "num_statements": 31, "percent_covered": 100.0, "percent_covered_display": "100", "missing_lines": 0, "excluded_lines": 0}, "missing_lines": [], "excluded_lines": []}}, "classes": {"": {"executed_lines": [1, 3, 28, 30, 32, 33, 34, 37, 40, 43, 46, 48, 50, 55, 56, 57, 60, 63, 64, 65, 66, 67, 68, 69, 70, 71, 72, 73, 74, 75, 78], "summary": {"covered_lines": 31, "num_statements": 31, "percent_covered": 100.0, "percent_covered_display": "100", "missing_lines": 0, "excluded_lines": 0}, "missing_lines": [], "excluded_lines": []}}}, "app\\api\\deps.py": {"executed_lines": [1, 3, 4, 5, 6, 7, 9, 10, 11, 12, 13, 15, 18, 32, 60, 80], "summary": {"covered_lines": 16, "num_statements": 35, "percent_covered": 45.714285714285715, "percent_covered_display": "46", "missing_lines": 19, "excluded_lines": 0}, "missing_lines": [25, 26, 27, 29, 46, 47, 48, 49, 50, 54, 55, 56, 57, 75, 76, 77, 95, 96, 97], "excluded_lines": [], "functions": {"get_db": {"executed_lines": [], "summary": {"covered_lines": 0, "num_statements": 4, "percent_covered": 0.0, "percent_covered_display": "0", "missing_lines": 4, "excluded_lines": 0}, "missing_lines": [25, 26, 27, 29], "excluded_lines": []}, "get_current_user": {"executed_lines": [], "summary": {"covered_lines": 0, "num_statements": 9, "percent_covered": 0.0, "percent_covered_display": "0", "missing_lines": 9, "excluded_lines": 0}, "missing_lines": [46, 47, 48, 49, 50, 54, 55, 56, 57], "excluded_lines": []}, "get_current_active_user": {"executed_lines": [], "summary": {"covered_lines": 0, "num_statements": 3, "percent_covered": 0.0, "percent_covered_display": "0", "missing_lines": 3, "excluded_lines": 0}, "missing_lines": [75, 76, 77], "excluded_lines": []}, "get_current_active_superuser": {"executed_lines": [], "summary": {"covered_lines": 0, "num_statements": 3, "percent_covered": 0.0, "percent_covered_display": "0", "missing_lines": 3, "excluded_lines": 0}, "missing_lines": [95, 96, 97], "excluded_lines": []}, "": {"executed_lines": [1, 3, 4, 5, 6, 7, 9, 10, 11, 12, 13, 15, 18, 32, 60, 80], "summary": {"covered_lines": 16, "num_statements": 16, "percent_covered": 100.0, "percent_covered_display": "100", "missing_lines": 0, "excluded_lines": 0}, "missing_lines": [], "excluded_lines": []}}, "classes": {"": {"executed_lines": [1, 3, 4, 5, 6, 7, 9, 10, 11, 12, 13, 15, 18, 32, 60, 80], "summary": {"covered_lines": 16, "num_statements": 35, "percent_covered": 45.714285714285715, "percent_covered_display": "46", "missing_lines": 19, "excluded_lines": 0}, "missing_lines": [25, 26, 27, 29, 46, 47, 48, 49, 50, 54, 55, 56, 57, 75, 76, 77, 95, 96, 97], "excluded_lines": []}}}, "app\\api\\endpoints\\__init__.py": {"executed_lines": [2, 4], "summary": {"covered_lines": 2, "num_statements": 2, "percent_covered": 100.0, "percent_covered_display": "100", "missing_lines": 0, "excluded_lines": 0}, "missing_lines": [], "excluded_lines": [], "functions": {"": {"executed_lines": [2, 4], "summary": {"covered_lines": 2, "num_statements": 2, "percent_covered": 100.0, "percent_covered_display": "100", "missing_lines": 0, "excluded_lines": 0}, "missing_lines": [], "excluded_lines": []}}, "classes": {"": {"executed_lines": [2, 4], "summary": {"covered_lines": 2, "num_statements": 2, "percent_covered": 100.0, "percent_covered_display": "100", "missing_lines": 0, "excluded_lines": 0}, "missing_lines": [], "excluded_lines": []}}}, "app\\api\\endpoints\\actions.py": {"executed_lines": [1, 2, 3, 5, 6, 7, 8, 10, 13, 14, 24, 25, 94, 95], "summary": {"covered_lines": 14, "num_statements": 46, "percent_covered": 30.434782608695652, "percent_covered_display": "30", "missing_lines": 32, "excluded_lines": 0}, "missing_lines": [20, 21, 34, 35, 36, 37, 38, 39, 42, 44, 46, 54, 55, 56, 62, 69, 70, 72, 73, 79, 81, 91, 103, 104, 105, 115, 116, 117, 118, 124, 125, 134], "excluded_lines": [], "functions": {"list_actions": {"executed_lines": [], "summary": {"covered_lines": 0, "num_statements": 2, "percent_covered": 0.0, "percent_covered_display": "0", "missing_lines": 2, "excluded_lines": 0}, "missing_lines": [20, 21], "excluded_lines": []}, "execute_action": {"executed_lines": [], "summary": {"covered_lines": 0, "num_statements": 20, "percent_covered": 0.0, "percent_covered_display": "0", "missing_lines": 20, "excluded_lines": 0}, "missing_lines": [34, 35, 36, 37, 38, 39, 42, 44, 46, 54, 55, 56, 62, 69, 70, 72, 73, 79, 81, 91], "excluded_lines": []}, "undo_action": {"executed_lines": [], "summary": {"covered_lines": 0, "num_statements": 10, "percent_covered": 0.0, "percent_covered_display": "0", "missing_lines": 10, "excluded_lines": 0}, "missing_lines": [103, 104, 105, 115, 116, 117, 118, 124, 125, 134], "excluded_lines": []}, "": {"executed_lines": [1, 2, 3, 5, 6, 7, 8, 10, 13, 14, 24, 25, 94, 95], "summary": {"covered_lines": 14, "num_statements": 14, "percent_covered": 100.0, "percent_covered_display": "100", "missing_lines": 0, "excluded_lines": 0}, "missing_lines": [], "excluded_lines": []}}, "classes": {"": {"executed_lines": [1, 2, 3, 5, 6, 7, 8, 10, 13, 14, 24, 25, 94, 95], "summary": {"covered_lines": 14, "num_statements": 46, "percent_covered": 30.434782608695652, "percent_covered_display": "30", "missing_lines": 32, "excluded_lines": 0}, "missing_lines": [20, 21, 34, 35, 36, 37, 38, 39, 42, 44, 46, 54, 55, 56, 62, 69, 70, 72, 73, 79, 81, 91, 103, 104, 105, 115, 116, 117, 118, 124, 125, 134], "excluded_lines": []}}}, "app\\api\\endpoints\\calendar.py": {"executed_lines": [1, 2, 3, 4, 5, 6, 8, 9, 10, 19, 20, 22, 23, 26, 27, 80, 81, 147, 150, 180, 181, 196, 197, 218, 219], "summary": {"covered_lines": 25, "num_statements": 100, "percent_covered": 25.0, "percent_covered_display": "25", "missing_lines": 75, "excluded_lines": 0}, "missing_lines": [34, 36, 37, 38, 40, 41, 42, 43, 45, 46, 48, 49, 50, 51, 53, 54, 55, 61, 62, 69, 70, 71, 72, 74, 93, 94, 95, 96, 97, 98, 99, 100, 102, 103, 105, 106, 107, 108, 109, 111, 113, 114, 116, 123, 125, 126, 137, 139, 140, 141, 156, 157, 158, 159, 172, 173, 174, 187, 188, 189, 190, 204, 205, 208, 209, 210, 211, 212, 225, 226, 227, 228, 229, 230, 231], "excluded_lines": [], "functions": {"list_events": {"executed_lines": [], "summary": {"covered_lines": 0, "num_statements": 15, "percent_covered": 0.0, "percent_covered_display": "0", "missing_lines": 15, "excluded_lines": 0}, "missing_lines": [34, 36, 45, 46, 48, 53, 54, 55, 61, 62, 69, 70, 71, 72, 74], "excluded_lines": []}, "list_events.parse_dt": {"executed_lines": [], "summary": {"covered_lines": 0, "num_statements": 6, "percent_covered": 0.0, "percent_covered_display": "0", "missing_lines": 6, "excluded_lines": 0}, "missing_lines": [37, 38, 40, 41, 42, 43], "excluded_lines": []}, "list_events.to_naive_utc": {"executed_lines": [], "summary": {"covered_lines": 0, "num_statements": 3, "percent_covered": 0.0, "percent_covered_display": "0", "missing_lines": 3, "excluded_lines": 0}, "missing_lines": [49, 50, 51], "excluded_lines": []}, "create_from_intents": {"executed_lines": [], "summary": {"covered_lines": 0, "num_statements": 26, "percent_covered": 0.0, "percent_covered_display": "0", "missing_lines": 26, "excluded_lines": 0}, "missing_lines": [93, 94, 95, 96, 97, 98, 99, 100, 102, 103, 105, 106, 107, 108, 109, 111, 113, 114, 116, 123, 125, 126, 137, 139, 140, 141], "excluded_lines": []}, "create_events_bulk": {"executed_lines": [], "summary": {"covered_lines": 0, "num_statements": 7, "percent_covered": 0.0, "percent_covered_display": "0", "missing_lines": 7, "excluded_lines": 0}, "missing_lines": [156, 157, 158, 159, 172, 173, 174], "excluded_lines": []}, "create_event": {"executed_lines": [], "summary": {"covered_lines": 0, "num_statements": 4, "percent_covered": 0.0, "percent_covered_display": "0", "missing_lines": 4, "excluded_lines": 0}, "missing_lines": [187, 188, 189, 190], "excluded_lines": []}, "update_event": {"executed_lines": [], "summary": {"covered_lines": 0, "num_statements": 7, "percent_covered": 0.0, "percent_covered_display": "0", "missing_lines": 7, "excluded_lines": 0}, "missing_lines": [204, 205, 208, 209, 210, 211, 212], "excluded_lines": []}, "delete_event": {"executed_lines": [], "summary": {"covered_lines": 0, "num_statements": 7, "percent_covered": 0.0, "percent_covered_display": "0", "missing_lines": 7, "excluded_lines": 0}, "missing_lines": [225, 226, 227, 228, 229, 230, 231], "excluded_lines": []}, "": {"executed_lines": [1, 2, 3, 4, 5, 6, 8, 9, 10, 19, 20, 22, 23, 26, 27, 80, 81, 147, 150, 180, 181, 196, 197, 218, 219], "summary": {"covered_lines": 25, "num_statements": 25, "percent_covered": 100.0, "percent_covered_display": "100", "missing_lines": 0, "excluded_lines": 0}, "missing_lines": [], "excluded_lines": []}}, "classes": {"": {"executed_lines": [1, 2, 3, 4, 5, 6, 8, 9, 10, 19, 20, 22, 23, 26, 27, 80, 81, 147, 150, 180, 181, 196, 197, 218, 219], "summary": {"covered_lines": 25, "num_statements": 100, "percent_covered": 25.0, "percent_covered_display": "25", "missing_lines": 75, "excluded_lines": 0}, "missing_lines": [34, 36, 37, 38, 40, 41, 42, 43, 45, 46, 48, 49, 50, 51, 53, 54, 55, 61, 62, 69, 70, 71, 72, 74, 93, 94, 95, 96, 97, 98, 99, 100, 102, 103, 105, 106, 107, 108, 109, 111, 113, 114, 116, 123, 125, 126, 137, 139, 140, 141, 156, 157, 158, 159, 172, 173, 174, 187, 188, 189, 190, 204, 205, 208, 209, 210, 211, 212, 225, 226, 227, 228, 229, 230, 231], "excluded_lines": []}}}, "app\\api\\endpoints\\coaching.py": {"executed_lines": [1, 2, 3, 4, 5, 7, 8, 9, 10, 36, 40, 41, 50, 51, 74, 75, 91, 92, 101, 102, 113, 114, 142, 143, 157, 158, 166, 167, 175, 176, 185, 186, 195, 196, 205, 206, 280, 281, 295, 296, 308, 309, 365, 366, 374, 375, 383, 384, 391, 392, 400, 401, 410, 411, 419, 420, 428, 429, 436, 437, 445, 446], "summary": {"covered_lines": 62, "num_statements": 178, "percent_covered": 34.831460674157306, "percent_covered_display": "35", "missing_lines": 116, "excluded_lines": 0}, "missing_lines": [46, 47, 57, 59, 60, 61, 71, 81, 82, 84, 85, 86, 87, 97, 98, 109, 110, 119, 120, 121, 123, 124, 125, 126, 127, 128, 129, 139, 149, 150, 151, 152, 153, 163, 172, 181, 182, 191, 192, 201, 202, 215, 216, 217, 218, 219, 220, 221, 223, 224, 226, 227, 228, 229, 230, 231, 234, 235, 236, 237, 238, 239, 240, 241, 242, 243, 244, 254, 255, 256, 259, 260, 261, 262, 263, 264, 265, 266, 275, 276, 286, 300, 314, 315, 317, 318, 324, 331, 332, 333, 334, 335, 336, 337, 338, 339, 340, 341, 342, 343, 344, 345, 346, 349, 356, 357, 371, 380, 388, 397, 406, 416, 425, 433, 442, 451], "excluded_lines": [], "functions": {"create_goal": {"executed_lines": [], "summary": {"covered_lines": 0, "num_statements": 2, "percent_covered": 0.0, "percent_covered_display": "0", "missing_lines": 2, "excluded_lines": 0}, "missing_lines": [46, 47], "excluded_lines": []}, "list_goals": {"executed_lines": [], "summary": {"covered_lines": 0, "num_statements": 5, "percent_covered": 0.0, "percent_covered_display": "0", "missing_lines": 5, "excluded_lines": 0}, "missing_lines": [57, 59, 60, 61, 71], "excluded_lines": []}, "update_goal": {"executed_lines": [], "summary": {"covered_lines": 0, "num_statements": 6, "percent_covered": 0.0, "percent_covered_display": "0", "missing_lines": 6, "excluded_lines": 0}, "missing_lines": [81, 82, 84, 85, 86, 87], "excluded_lines": []}, "create_routine": {"executed_lines": [], "summary": {"covered_lines": 0, "num_statements": 2, "percent_covered": 0.0, "percent_covered_display": "0", "missing_lines": 2, "excluded_lines": 0}, "missing_lines": [97, 98], "excluded_lines": []}, "upsert_routine": {"executed_lines": [], "summary": {"covered_lines": 0, "num_statements": 2, "percent_covered": 0.0, "percent_covered_display": "0", "missing_lines": 2, "excluded_lines": 0}, "missing_lines": [109, 110], "excluded_lines": []}, "list_routines": {"executed_lines": [], "summary": {"covered_lines": 0, "num_statements": 11, "percent_covered": 0.0, "percent_covered_display": "0", "missing_lines": 11, "excluded_lines": 0}, "missing_lines": [119, 120, 121, 123, 124, 125, 126, 127, 128, 129, 139], "excluded_lines": []}, "update_routine": {"executed_lines": [], "summary": {"covered_lines": 0, "num_statements": 5, "percent_covered": 0.0, "percent_covered_display": "0", "missing_lines": 5, "excluded_lines": 0}, "missing_lines": [149, 150, 151, 152, 153], "excluded_lines": []}, "log_workout": {"executed_lines": [], "summary": {"covered_lines": 0, "num_statements": 1, "percent_covered": 0.0, "percent_covered_display": "0", "missing_lines": 1, "excluded_lines": 0}, "missing_lines": [163], "excluded_lines": []}, "log_meal": {"executed_lines": [], "summary": {"covered_lines": 0, "num_statements": 1, "percent_covered": 0.0, "percent_covered_display": "0", "missing_lines": 1, "excluded_lines": 0}, "missing_lines": [172], "excluded_lines": []}, "log_hydration": {"executed_lines": [], "summary": {"covered_lines": 0, "num_statements": 2, "percent_covered": 0.0, "percent_covered_display": "0", "missing_lines": 2, "excluded_lines": 0}, "missing_lines": [181, 182], "excluded_lines": []}, "log_mood": {"executed_lines": [], "summary": {"covered_lines": 0, "num_statements": 2, "percent_covered": 0.0, "percent_covered_display": "0", "missing_lines": 2, "excluded_lines": 0}, "missing_lines": [191, 192], "excluded_lines": []}, "add_journal_entry": {"executed_lines": [], "summary": {"covered_lines": 0, "num_statements": 2, "percent_covered": 0.0, "percent_covered_display": "0", "missing_lines": 2, "excluded_lines": 0}, "missing_lines": [201, 202], "excluded_lines": []}, "query_logs": {"executed_lines": [], "summary": {"covered_lines": 0, "num_statements": 33, "percent_covered": 0.0, "percent_covered_display": "0", "missing_lines": 33, "excluded_lines": 0}, "missing_lines": [215, 223, 224, 226, 227, 228, 229, 230, 231, 234, 235, 236, 237, 238, 239, 240, 241, 242, 243, 244, 254, 255, 256, 259, 260, 261, 262, 263, 264, 265, 266, 275, 276], "excluded_lines": []}, "query_logs._parse_dt": {"executed_lines": [], "summary": {"covered_lines": 0, "num_statements": 6, "percent_covered": 0.0, "percent_covered_display": "0", "missing_lines": 6, "excluded_lines": 0}, "missing_lines": [216, 217, 218, 219, 220, 221], "excluded_lines": []}, "daily_nudge": {"executed_lines": [], "summary": {"covered_lines": 0, "num_statements": 1, "percent_covered": 0.0, "percent_covered_display": "0", "missing_lines": 1, "excluded_lines": 0}, "missing_lines": [286], "excluded_lines": []}, "weekly_review": {"executed_lines": [], "summary": {"covered_lines": 0, "num_statements": 1, "percent_covered": 0.0, "percent_covered_display": "0", "missing_lines": 1, "excluded_lines": 0}, "missing_lines": [300], "excluded_lines": []}, "execute_action": {"executed_lines": [], "summary": {"covered_lines": 0, "num_statements": 24, "percent_covered": 0.0, "percent_covered_display": "0", "missing_lines": 24, "excluded_lines": 0}, "missing_lines": [314, 315, 317, 318, 324, 331, 332, 333, 334, 335, 336, 337, 338, 339, 340, 341, 342, 343, 344, 345, 346, 349, 356, 357], "excluded_lines": []}, "create_fitness_plan": {"executed_lines": [], "summary": {"covered_lines": 0, "num_statements": 1, "percent_covered": 0.0, "percent_covered_display": "0", "missing_lines": 1, "excluded_lines": 0}, "missing_lines": [371], "excluded_lines": []}, "list_fitness_plans": {"executed_lines": [], "summary": {"covered_lines": 0, "num_statements": 1, "percent_covered": 0.0, "percent_covered_display": "0", "missing_lines": 1, "excluded_lines": 0}, "missing_lines": [380], "excluded_lines": []}, "get_current_fitness_plan": {"executed_lines": [], "summary": {"covered_lines": 0, "num_statements": 1, "percent_covered": 0.0, "percent_covered_display": "0", "missing_lines": 1, "excluded_lines": 0}, "missing_lines": [388], "excluded_lines": []}, "set_active_fitness_plan": {"executed_lines": [], "summary": {"covered_lines": 0, "num_statements": 1, "percent_covered": 0.0, "percent_covered_display": "0", "missing_lines": 1, "excluded_lines": 0}, "missing_lines": [397], "excluded_lines": []}, "archive_fitness_plan": {"executed_lines": [], "summary": {"covered_lines": 0, "num_statements": 1, "percent_covered": 0.0, "percent_covered_display": "0", "missing_lines": 1, "excluded_lines": 0}, "missing_lines": [406], "excluded_lines": []}, "create_nutrition_plan": {"executed_lines": [], "summary": {"covered_lines": 0, "num_statements": 1, "percent_covered": 0.0, "percent_covered_display": "0", "missing_lines": 1, "excluded_lines": 0}, "missing_lines": [416], "excluded_lines": []}, "list_nutrition_plans": {"executed_lines": [], "summary": {"covered_lines": 0, "num_statements": 1, "percent_covered": 0.0, "percent_covered_display": "0", "missing_lines": 1, "excluded_lines": 0}, "missing_lines": [425], "excluded_lines": []}, "get_current_nutrition_plan": {"executed_lines": [], "summary": {"covered_lines": 0, "num_statements": 1, "percent_covered": 0.0, "percent_covered_display": "0", "missing_lines": 1, "excluded_lines": 0}, "missing_lines": [433], "excluded_lines": []}, "set_active_nutrition_plan": {"executed_lines": [], "summary": {"covered_lines": 0, "num_statements": 1, "percent_covered": 0.0, "percent_covered_display": "0", "missing_lines": 1, "excluded_lines": 0}, "missing_lines": [442], "excluded_lines": []}, "archive_nutrition_plan": {"executed_lines": [], "summary": {"covered_lines": 0, "num_statements": 1, "percent_covered": 0.0, "percent_covered_display": "0", "missing_lines": 1, "excluded_lines": 0}, "missing_lines": [451], "excluded_lines": []}, "": {"executed_lines": [1, 2, 3, 4, 5, 7, 8, 9, 10, 36, 40, 41, 50, 51, 74, 75, 91, 92, 101, 102, 113, 114, 142, 143, 157, 158, 166, 167, 175, 176, 185, 186, 195, 196, 205, 206, 280, 281, 295, 296, 308, 309, 365, 366, 374, 375, 383, 384, 391, 392, 400, 401, 410, 411, 419, 420, 428, 429, 436, 437, 445, 446], "summary": {"covered_lines": 62, "num_statements": 62, "percent_covered": 100.0, "percent_covered_display": "100", "missing_lines": 0, "excluded_lines": 0}, "missing_lines": [], "excluded_lines": []}}, "classes": {"": {"executed_lines": [1, 2, 3, 4, 5, 7, 8, 9, 10, 36, 40, 41, 50, 51, 74, 75, 91, 92, 101, 102, 113, 114, 142, 143, 157, 158, 166, 167, 175, 176, 185, 186, 195, 196, 205, 206, 280, 281, 295, 296, 308, 309, 365, 366, 374, 375, 383, 384, 391, 392, 400, 401, 410, 411, 419, 420, 428, 429, 436, 437, 445, 446], "summary": {"covered_lines": 62, "num_statements": 178, "percent_covered": 34.831460674157306, "percent_covered_display": "35", "missing_lines": 116, "excluded_lines": 0}, "missing_lines": [46, 47, 57, 59, 60, 61, 71, 81, 82, 84, 85, 86, 87, 97, 98, 109, 110, 119, 120, 121, 123, 124, 125, 126, 127, 128, 129, 139, 149, 150, 151, 152, 153, 163, 172, 181, 182, 191, 192, 201, 202, 215, 216, 217, 218, 219, 220, 221, 223, 224, 226, 227, 228, 229, 230, 231, 234, 235, 236, 237, 238, 239, 240, 241, 242, 243, 244, 254, 255, 256, 259, 260, 261, 262, 263, 264, 265, 266, 275, 276, 286, 300, 314, 315, 317, 318, 324, 331, 332, 333, 334, 335, 336, 337, 338, 339, 340, 341, 342, 343, 344, 345, 346, 349, 356, 357, 371, 380, 388, 397, 406, 416, 425, 433, 442, 451], "excluded_lines": []}}}, "app\\api\\endpoints\\conversation.py": {"executed_lines": [], "summary": {"covered_lines": 0, "num_statements": 43, "percent_covered": 0.0, "percent_covered_display": "0", "missing_lines": 43, "excluded_lines": 0}, "missing_lines": [5, 6, 7, 8, 10, 11, 12, 14, 17, 18, 29, 30, 33, 38, 39, 40, 42, 44, 45, 48, 49, 55, 57, 76, 78, 79, 84, 85, 96, 98, 99, 104, 106, 107, 108, 109, 112, 113, 122, 124, 126, 132, 133], "excluded_lines": [], "functions": {"chat_with_assistant": {"executed_lines": [], "summary": {"covered_lines": 0, "num_statements": 9, "percent_covered": 0.0, "percent_covered_display": "0", "missing_lines": 9, "excluded_lines": 0}, "missing_lines": [29, 30, 33, 38, 39, 40, 42, 44, 45], "excluded_lines": []}, "get_conversation_insights": {"executed_lines": [], "summary": {"covered_lines": 0, "num_statements": 5, "percent_covered": 0.0, "percent_covered_display": "0", "missing_lines": 5, "excluded_lines": 0}, "missing_lines": [55, 57, 76, 78, 79], "excluded_lines": []}, "provide_conversation_feedback": {"executed_lines": [], "summary": {"covered_lines": 0, "num_statements": 8, "percent_covered": 0.0, "percent_covered_display": "0", "missing_lines": 8, "excluded_lines": 0}, "missing_lines": [96, 98, 99, 104, 106, 107, 108, 109], "excluded_lines": []}, "search_memories": {"executed_lines": [], "summary": {"covered_lines": 0, "num_statements": 5, "percent_covered": 0.0, "percent_covered_display": "0", "missing_lines": 5, "excluded_lines": 0}, "missing_lines": [122, 124, 126, 132, 133], "excluded_lines": []}, "": {"executed_lines": [], "summary": {"covered_lines": 0, "num_statements": 16, "percent_covered": 0.0, "percent_covered_display": "0", "missing_lines": 16, "excluded_lines": 0}, "missing_lines": [5, 6, 7, 8, 10, 11, 12, 14, 17, 18, 48, 49, 84, 85, 112, 113], "excluded_lines": []}}, "classes": {"": {"executed_lines": [], "summary": {"covered_lines": 0, "num_statements": 43, "percent_covered": 0.0, "percent_covered_display": "0", "missing_lines": 43, "excluded_lines": 0}, "missing_lines": [5, 6, 7, 8, 10, 11, 12, 14, 17, 18, 29, 30, 33, 38, 39, 40, 42, 44, 45, 48, 49, 55, 57, 76, 78, 79, 84, 85, 96, 98, 99, 104, 106, 107, 108, 109, 112, 113, 122, 124, 126, 132, 133], "excluded_lines": []}}}, "app\\api\\endpoints\\conversations_calendar.py": {"executed_lines": [], "summary": {"covered_lines": 0, "num_statements": 301, "percent_covered": 0.0, "percent_covered_display": "0", "missing_lines": 301, "excluded_lines": 0}, "missing_lines": [6, 7, 8, 9, 10, 12, 13, 14, 15, 16, 18, 20, 23, 28, 29, 30, 33, 35, 36, 39, 41, 43, 44, 49, 50, 51, 52, 53, 54, 55, 56, 60, 61, 62, 63, 64, 65, 66, 67, 68, 69, 70, 73, 76, 77, 78, 79, 80, 81, 82, 84, 86, 91, 92, 93, 94, 95, 96, 97, 98, 99, 106, 109, 114, 120, 122, 123, 124, 125, 127, 135, 136, 143, 144, 145, 148, 149, 157, 158, 160, 165, 172, 195, 196, 197, 200, 205, 207, 208, 209, 210, 213, 215, 216, 217, 218, 219, 220, 221, 223, 224, 225, 226, 227, 228, 229, 230, 231, 232, 233, 234, 241, 242, 243, 254, 255, 256, 257, 262, 264, 267, 268, 272, 273, 275, 276, 277, 280, 282, 283, 284, 285, 286, 287, 294, 295, 297, 298, 299, 300, 301, 302, 310, 311, 312, 314, 317, 319, 321, 325, 326, 327, 328, 329, 330, 331, 338, 339, 340, 342, 343, 344, 346, 347, 348, 350, 351, 354, 355, 357, 358, 359, 360, 361, 362, 363, 365, 366, 369, 370, 371, 372, 373, 374, 375, 377, 388, 389, 390, 391, 392, 393, 394, 395, 397, 398, 399, 400, 401, 402, 403, 404, 405, 407, 408, 410, 411, 412, 413, 414, 415, 416, 417, 418, 420, 421, 422, 423, 424, 425, 426, 433, 437, 439, 440, 447, 448, 455, 456, 457, 460, 461, 469, 470, 471, 476, 483, 485, 488, 489, 490, 491, 492, 493, 494, 495, 496, 498, 499, 500, 501, 502, 503, 504, 505, 506, 507, 508, 511, 512, 513, 515, 516, 517, 518, 520, 521, 528, 529, 530, 531, 532, 533, 534, 535, 536, 537, 539, 541, 542, 543, 544, 545, 546, 547, 548, 549, 550, 551, 552, 553, 555, 557, 559, 560, 563, 568, 571, 573, 574, 575], "excluded_lines": [], "functions": {"_handle_calendar_command": {"executed_lines": [], "summary": {"covered_lines": 0, "num_statements": 72, "percent_covered": 0.0, "percent_covered_display": "0", "missing_lines": 72, "excluded_lines": 0}, "missing_lines": [28, 29, 30, 33, 35, 36, 39, 41, 43, 44, 49, 50, 51, 52, 53, 54, 55, 56, 60, 61, 62, 63, 64, 65, 66, 67, 68, 69, 70, 73, 76, 77, 78, 79, 80, 81, 82, 84, 86, 91, 92, 93, 94, 95, 96, 97, 98, 99, 106, 109, 114, 120, 122, 123, 124, 125, 127, 135, 136, 143, 144, 145, 148, 149, 157, 158, 160, 165, 172, 195, 196, 197], "excluded_lines": []}, "_handle_calendar_nl": {"executed_lines": [], "summary": {"covered_lines": 0, "num_statements": 180, "percent_covered": 0.0, "percent_covered_display": "0", "missing_lines": 180, "excluded_lines": 0}, "missing_lines": [205, 207, 208, 209, 210, 213, 215, 216, 217, 218, 219, 220, 221, 223, 224, 225, 226, 227, 228, 229, 230, 231, 232, 233, 234, 241, 242, 243, 254, 255, 256, 257, 262, 264, 267, 268, 272, 273, 275, 276, 277, 280, 282, 283, 284, 285, 286, 287, 294, 295, 297, 298, 299, 300, 301, 302, 310, 311, 312, 314, 317, 319, 321, 325, 326, 327, 328, 329, 330, 331, 338, 339, 340, 342, 343, 344, 346, 347, 348, 350, 351, 354, 355, 357, 358, 359, 360, 361, 362, 363, 365, 366, 369, 377, 388, 397, 407, 408, 410, 420, 421, 422, 423, 424, 425, 426, 433, 437, 439, 440, 447, 448, 455, 456, 457, 460, 461, 469, 470, 471, 476, 483, 485, 488, 489, 490, 491, 492, 493, 494, 495, 496, 498, 499, 500, 501, 502, 503, 504, 505, 506, 507, 508, 511, 512, 513, 515, 516, 517, 518, 520, 521, 528, 529, 530, 531, 532, 533, 534, 535, 536, 537, 539, 541, 542, 543, 544, 545, 546, 547, 548, 549, 550, 551, 552, 553, 555, 557, 559, 560], "excluded_lines": []}, "_handle_calendar_nl._naive_utc": {"executed_lines": [], "summary": {"covered_lines": 0, "num_statements": 6, "percent_covered": 0.0, "percent_covered_display": "0", "missing_lines": 6, "excluded_lines": 0}, "missing_lines": [370, 371, 372, 373, 374, 375], "excluded_lines": []}, "_handle_calendar_nl._get": {"executed_lines": [], "summary": {"covered_lines": 0, "num_statements": 7, "percent_covered": 0.0, "percent_covered_display": "0", "missing_lines": 7, "excluded_lines": 0}, "missing_lines": [389, 390, 391, 392, 393, 394, 395], "excluded_lines": []}, "_handle_calendar_nl._to_naive_utc": {"executed_lines": [], "summary": {"covered_lines": 0, "num_statements": 8, "percent_covered": 0.0, "percent_covered_display": "0", "missing_lines": 8, "excluded_lines": 0}, "missing_lines": [398, 399, 400, 401, 402, 403, 404, 405], "excluded_lines": []}, "_handle_calendar_nl._overlaps": {"executed_lines": [], "summary": {"covered_lines": 0, "num_statements": 8, "percent_covered": 0.0, "percent_covered_display": "0", "missing_lines": 8, "excluded_lines": 0}, "missing_lines": [411, 412, 413, 414, 415, 416, 417, 418], "excluded_lines": []}, "_handle_calendar_llm": {"executed_lines": [], "summary": {"covered_lines": 0, "num_statements": 5, "percent_covered": 0.0, "percent_covered_display": "0", "missing_lines": 5, "excluded_lines": 0}, "missing_lines": [568, 571, 573, 574, 575], "excluded_lines": []}, "": {"executed_lines": [], "summary": {"covered_lines": 0, "num_statements": 15, "percent_covered": 0.0, "percent_covered_display": "0", "missing_lines": 15, "excluded_lines": 0}, "missing_lines": [6, 7, 8, 9, 10, 12, 13, 14, 15, 16, 18, 20, 23, 200, 563], "excluded_lines": []}}, "classes": {"": {"executed_lines": [], "summary": {"covered_lines": 0, "num_statements": 301, "percent_covered": 0.0, "percent_covered_display": "0", "missing_lines": 301, "excluded_lines": 0}, "missing_lines": [6, 7, 8, 9, 10, 12, 13, 14, 15, 16, 18, 20, 23, 28, 29, 30, 33, 35, 36, 39, 41, 43, 44, 49, 50, 51, 52, 53, 54, 55, 56, 60, 61, 62, 63, 64, 65, 66, 67, 68, 69, 70, 73, 76, 77, 78, 79, 80, 81, 82, 84, 86, 91, 92, 93, 94, 95, 96, 97, 98, 99, 106, 109, 114, 120, 122, 123, 124, 125, 127, 135, 136, 143, 144, 145, 148, 149, 157, 158, 160, 165, 172, 195, 196, 197, 200, 205, 207, 208, 209, 210, 213, 215, 216, 217, 218, 219, 220, 221, 223, 224, 225, 226, 227, 228, 229, 230, 231, 232, 233, 234, 241, 242, 243, 254, 255, 256, 257, 262, 264, 267, 268, 272, 273, 275, 276, 277, 280, 282, 283, 284, 285, 286, 287, 294, 295, 297, 298, 299, 300, 301, 302, 310, 311, 312, 314, 317, 319, 321, 325, 326, 327, 328, 329, 330, 331, 338, 339, 340, 342, 343, 344, 346, 347, 348, 350, 351, 354, 355, 357, 358, 359, 360, 361, 362, 363, 365, 366, 369, 370, 371, 372, 373, 374, 375, 377, 388, 389, 390, 391, 392, 393, 394, 395, 397, 398, 399, 400, 401, 402, 403, 404, 405, 407, 408, 410, 411, 412, 413, 414, 415, 416, 417, 418, 420, 421, 422, 423, 424, 425, 426, 433, 437, 439, 440, 447, 448, 455, 456, 457, 460, 461, 469, 470, 471, 476, 483, 485, 488, 489, 490, 491, 492, 493, 494, 495, 496, 498, 499, 500, 501, 502, 503, 504, 505, 506, 507, 508, 511, 512, 513, 515, 516, 517, 518, 520, 521, 528, 529, 530, 531, 532, 533, 534, 535, 536, 537, 539, 541, 542, 543, 544, 545, 546, 547, 548, 549, 550, 551, 552, 553, 555, 557, 559, 560, 563, 568, 571, 573, 574, 575], "excluded_lines": []}}}, "app\\api\\endpoints\\conversations_crud.py": {"executed_lines": [1, 6, 7, 8, 9, 10, 12, 13, 14, 15, 23, 24, 26, 28, 31, 32, 51, 52, 71, 72, 95, 96, 121, 122, 146, 147, 176, 179], "summary": {"covered_lines": 27, "num_statements": 142, "percent_covered": 19.014084507042252, "percent_covered_display": "19", "missing_lines": 115, "excluded_lines": 0}, "missing_lines": [41, 42, 45, 46, 47, 48, 61, 62, 65, 66, 67, 68, 81, 82, 83, 84, 85, 86, 87, 88, 89, 90, 91, 92, 106, 107, 108, 109, 110, 111, 112, 113, 114, 115, 116, 117, 118, 131, 132, 133, 134, 135, 136, 137, 138, 139, 140, 141, 142, 143, 158, 159, 160, 161, 162, 163, 165, 168, 169, 170, 171, 172, 173, 192, 194, 195, 196, 197, 198, 201, 206, 207, 208, 209, 210, 211, 213, 214, 215, 216, 221, 223, 225, 226, 227, 228, 230, 231, 232, 233, 236, 237, 238, 239, 240, 241, 242, 243, 244, 249, 256, 257, 258, 261, 262, 268, 269, 270, 272, 273, 274, 275, 276, 277, 278], "excluded_lines": [], "functions": {"list_conversations": {"executed_lines": [], "summary": {"covered_lines": 0, "num_statements": 6, "percent_covered": 0.0, "percent_covered_display": "0", "missing_lines": 6, "excluded_lines": 0}, "missing_lines": [41, 42, 45, 46, 47, 48], "excluded_lines": []}, "create_conversation": {"executed_lines": [], "summary": {"covered_lines": 0, "num_statements": 6, "percent_covered": 0.0, "percent_covered_display": "0", "missing_lines": 6, "excluded_lines": 0}, "missing_lines": [61, 62, 65, 66, 67, 68], "excluded_lines": []}, "get_conversation": {"executed_lines": [], "summary": {"covered_lines": 0, "num_statements": 12, "percent_covered": 0.0, "percent_covered_display": "0", "missing_lines": 12, "excluded_lines": 0}, "missing_lines": [81, 82, 83, 84, 85, 86, 87, 88, 89, 90, 91, 92], "excluded_lines": []}, "update_conversation": {"executed_lines": [], "summary": {"covered_lines": 0, "num_statements": 13, "percent_covered": 0.0, "percent_covered_display": "0", "missing_lines": 13, "excluded_lines": 0}, "missing_lines": [106, 107, 108, 109, 110, 111, 112, 113, 114, 115, 116, 117, 118], "excluded_lines": []}, "delete_conversation": {"executed_lines": [], "summary": {"covered_lines": 0, "num_statements": 13, "percent_covered": 0.0, "percent_covered_display": "0", "missing_lines": 13, "excluded_lines": 0}, "missing_lines": [131, 132, 133, 134, 135, 136, 137, 138, 139, 140, 141, 142, 143], "excluded_lines": []}, "get_conversation_messages": {"executed_lines": [], "summary": {"covered_lines": 0, "num_statements": 13, "percent_covered": 0.0, "percent_covered_display": "0", "missing_lines": 13, "excluded_lines": 0}, "missing_lines": [158, 159, 160, 161, 162, 163, 165, 168, 169, 170, 171, 172, 173], "excluded_lines": []}, "create_message": {"executed_lines": [], "summary": {"covered_lines": 0, "num_statements": 52, "percent_covered": 0.0, "percent_covered_display": "0", "missing_lines": 52, "excluded_lines": 0}, "missing_lines": [192, 194, 195, 196, 197, 198, 201, 206, 207, 208, 209, 210, 211, 213, 214, 215, 216, 221, 223, 225, 226, 227, 228, 230, 231, 232, 233, 236, 237, 238, 239, 240, 241, 242, 243, 244, 249, 256, 257, 258, 261, 262, 268, 269, 270, 272, 273, 274, 275, 276, 277, 278], "excluded_lines": []}, "": {"executed_lines": [1, 6, 7, 8, 9, 10, 12, 13, 14, 15, 23, 24, 26, 28, 31, 32, 51, 52, 71, 72, 95, 96, 121, 122, 146, 147, 176, 179], "summary": {"covered_lines": 27, "num_statements": 27, "percent_covered": 100.0, "percent_covered_display": "100", "missing_lines": 0, "excluded_lines": 0}, "missing_lines": [], "excluded_lines": []}}, "classes": {"": {"executed_lines": [1, 6, 7, 8, 9, 10, 12, 13, 14, 15, 23, 24, 26, 28, 31, 32, 51, 52, 71, 72, 95, 96, 121, 122, 146, 147, 176, 179], "summary": {"covered_lines": 27, "num_statements": 142, "percent_covered": 19.014084507042252, "percent_covered_display": "19", "missing_lines": 115, "excluded_lines": 0}, "missing_lines": [41, 42, 45, 46, 47, 48, 61, 62, 65, 66, 67, 68, 81, 82, 83, 84, 85, 86, 87, 88, 89, 90, 91, 92, 106, 107, 108, 109, 110, 111, 112, 113, 114, 115, 116, 117, 118, 131, 132, 133, 134, 135, 136, 137, 138, 139, 140, 141, 142, 143, 158, 159, 160, 161, 162, 163, 165, 168, 169, 170, 171, 172, 173, 192, 194, 195, 196, 197, 198, 201, 206, 207, 208, 209, 210, 211, 213, 214, 215, 216, 221, 223, 225, 226, 227, 228, 230, 231, 232, 233, 236, 237, 238, 239, 240, 241, 242, 243, 244, 249, 256, 257, 258, 261, 262, 268, 269, 270, 272, 273, 274, 275, 276, 277, 278], "excluded_lines": []}}}, "app\\api\\endpoints\\conversations_main.py": {"executed_lines": [1, 6, 7, 10, 11, 13, 16, 19, 20, 22], "summary": {"covered_lines": 9, "num_statements": 9, "percent_covered": 100.0, "percent_covered_display": "100", "missing_lines": 0, "excluded_lines": 0}, "missing_lines": [], "excluded_lines": [], "functions": {"": {"executed_lines": [1, 6, 7, 10, 11, 13, 16, 19, 20, 22], "summary": {"covered_lines": 9, "num_statements": 9, "percent_covered": 100.0, "percent_covered_display": "100", "missing_lines": 0, "excluded_lines": 0}, "missing_lines": [], "excluded_lines": []}}, "classes": {"": {"executed_lines": [1, 6, 7, 10, 11, 13, 16, 19, 20, 22], "summary": {"covered_lines": 9, "num_statements": 9, "percent_covered": 100.0, "percent_covered_display": "100", "missing_lines": 0, "excluded_lines": 0}, "missing_lines": [], "excluded_lines": []}}}, "app\\api\\endpoints\\conversations_messages.py": {"executed_lines": [1, 2, 3, 4, 5, 6, 7, 8, 9, 10, 11, 12, 13, 15, 16, 17, 18, 19, 20, 21, 22, 23, 24, 25, 26, 27, 28, 29, 30, 31, 32, 33, 34, 35, 36, 37, 38, 39, 40, 41, 42, 45, 52, 54, 61, 70, 92, 105, 110, 117, 174, 175, 178, 184, 225, 250, 280, 299, 300, 505, 506, 2385, 2386], "summary": {"covered_lines": 63, "num_statements": 1153, "percent_covered": 5.464006938421509, "percent_covered_display": "5", "missing_lines": 1090, "excluded_lines": 0}, "missing_lines": [75, 76, 77, 78, 80, 81, 83, 88, 89, 93, 94, 95, 97, 98, 99, 100, 102, 106, 107, 111, 112, 113, 114, 131, 132, 134, 135, 136, 138, 139, 145, 147, 149, 150, 151, 152, 153, 154, 156, 157, 158, 160, 161, 162, 163, 164, 165, 167, 181, 189, 190, 191, 192, 193, 194, 195, 197, 202, 203, 204, 205, 206, 207, 208, 209, 212, 213, 214, 215, 216, 217, 218, 219, 220, 221, 222, 229, 231, 232, 233, 234, 235, 236, 237, 238, 239, 240, 241, 242, 243, 246, 258, 259, 260, 262, 263, 265, 267, 270, 272, 273, 274, 275, 276, 281, 282, 283, 284, 285, 294, 295, 296, 310, 312, 313, 314, 315, 316, 318, 319, 326, 327, 330, 331, 332, 335, 336, 337, 338, 339, 340, 341, 345, 346, 347, 350, 353, 354, 355, 356, 357, 358, 360, 361, 362, 363, 368, 370, 373, 374, 375, 382, 383, 385, 386, 387, 388, 391, 392, 393, 394, 397, 398, 399, 400, 401, 402, 403, 404, 405, 413, 414, 421, 422, 423, 427, 428, 429, 431, 432, 433, 435, 436, 441, 442, 443, 445, 446, 449, 452, 453, 454, 455, 459, 460, 461, 467, 468, 471, 472, 474, 475, 476, 477, 481, 482, 483, 484, 485, 487, 488, 489, 490, 494, 495, 496, 498, 499, 500, 501, 502, 516, 518, 519, 520, 521, 522, 524, 525, 526, 527, 528, 529, 530, 531, 536, 537, 540, 544, 546, 548, 549, 550, 562, 563, 564, 567, 568, 571, 579, 582, 590, 591, 599, 600, 603, 604, 609, 610, 611, 612, 615, 616, 617, 620, 621, 637, 638, 641, 642, 650, 655, 660, 665, 670, 676, 681, 686, 687, 691, 692, 693, 694, 695, 698, 700, 701, 702, 711, 719, 727, 729, 730, 731, 732, 734, 735, 737, 738, 740, 742, 747, 748, 749, 750, 752, 755, 756, 759, 760, 761, 762, 763, 764, 766, 769, 770, 776, 777, 778, 779, 780, 782, 783, 784, 785, 786, 788, 789, 790, 791, 792, 794, 797, 800, 801, 802, 803, 804, 805, 807, 808, 814, 817, 819, 820, 821, 822, 825, 826, 828, 831, 832, 840, 841, 849, 850, 853, 854, 857, 865, 866, 871, 873, 874, 876, 877, 880, 881, 884, 885, 887, 889, 890, 891, 896, 897, 900, 901, 903, 904, 905, 906, 910, 911, 912, 913, 914, 916, 917, 918, 919, 925, 926, 929, 930, 931, 932, 933, 935, 942, 943, 944, 947, 948, 949, 950, 951, 952, 953, 954, 955, 956, 967, 984, 985, 986, 987, 988, 989, 990, 993, 994, 995, 996, 999, 1000, 1001, 1006, 1011, 1014, 1015, 1021, 1022, 1023, 1030, 1031, 1032, 1037, 1042, 1043, 1047, 1048, 1049, 1055, 1057, 1063, 1064, 1066, 1067, 1068, 1069, 1071, 1072, 1073, 1074, 1075, 1076, 1077, 1079, 1081, 1086, 1089, 1090, 1096, 1097, 1098, 1105, 1106, 1107, 1112, 1117, 1118, 1123, 1124, 1125, 1126, 1128, 1130, 1131, 1132, 1133, 1134, 1136, 1139, 1140, 1141, 1142, 1143, 1148, 1149, 1151, 1152, 1153, 1154, 1155, 1156, 1157, 1158, 1159, 1160, 1161, 1162, 1165, 1166, 1167, 1168, 1170, 1171, 1172, 1173, 1174, 1175, 1176, 1177, 1178, 1181, 1182, 1183, 1184, 1186, 1187, 1188, 1189, 1190, 1191, 1192, 1194, 1195, 1196, 1197, 1198, 1199, 1200, 1202, 1203, 1206, 1207, 1208, 1209, 1210, 1212, 1213, 1214, 1224, 1225, 1226, 1229, 1230, 1232, 1233, 1234, 1235, 1236, 1237, 1238, 1240, 1241, 1242, 1243, 1246, 1247, 1248, 1249, 1250, 1251, 1253, 1254, 1255, 1256, 1258, 1259, 1260, 1261, 1262, 1263, 1265, 1266, 1267, 1269, 1270, 1272, 1273, 1274, 1276, 1277, 1280, 1284, 1287, 1288, 1294, 1295, 1296, 1303, 1304, 1305, 1310, 1315, 1317, 1318, 1319, 1321, 1322, 1325, 1329, 1332, 1338, 1339, 1340, 1347, 1348, 1349, 1354, 1359, 1360, 1364, 1365, 1366, 1367, 1368, 1373, 1384, 1385, 1386, 1387, 1388, 1391, 1392, 1398, 1399, 1400, 1407, 1408, 1409, 1414, 1419, 1420, 1423, 1424, 1426, 1432, 1435, 1436, 1438, 1439, 1440, 1441, 1444, 1445, 1446, 1447, 1448, 1450, 1451, 1453, 1454, 1455, 1456, 1458, 1459, 1460, 1461, 1462, 1466, 1467, 1468, 1469, 1470, 1471, 1472, 1473, 1474, 1475, 1476, 1477, 1478, 1480, 1482, 1485, 1486, 1487, 1488, 1492, 1494, 1497, 1498, 1504, 1505, 1506, 1513, 1514, 1515, 1520, 1525, 1526, 1533, 1534, 1535, 1536, 1537, 1538, 1540, 1541, 1542, 1543, 1545, 1546, 1551, 1556, 1559, 1560, 1561, 1566, 1567, 1582, 1583, 1584, 1585, 1586, 1588, 1589, 1590, 1591, 1593, 1594, 1599, 1604, 1607, 1608, 1609, 1614, 1615, 1630, 1631, 1632, 1633, 1634, 1636, 1637, 1638, 1639, 1640, 1649, 1650, 1653, 1654, 1655, 1660, 1661, 1663, 1664, 1667, 1668, 1684, 1685, 1686, 1687, 1688, 1689, 1690, 1696, 1697, 1698, 1705, 1706, 1707, 1712, 1717, 1718, 1721, 1722, 1723, 1724, 1725, 1726, 1736, 1737, 1738, 1739, 1741, 1742, 1743, 1744, 1747, 1748, 1749, 1750, 1751, 1753, 1754, 1756, 1757, 1758, 1760, 1761, 1762, 1763, 1765, 1767, 1771, 1775, 1776, 1777, 1778, 1780, 1781, 1782, 1783, 1784, 1786, 1787, 1788, 1793, 1794, 1800, 1801, 1802, 1809, 1810, 1811, 1816, 1821, 1822, 1825, 1830, 1831, 1833, 1834, 1835, 1838, 1839, 1841, 1842, 1843, 1844, 1845, 1846, 1847, 1849, 1851, 1852, 1860, 1861, 1864, 1865, 1866, 1875, 1876, 1877, 1878, 1879, 1880, 1881, 1882, 1884, 1885, 1891, 1900, 1906, 1907, 1908, 1909, 1914, 1917, 1918, 1927, 1932, 1934, 1937, 1938, 1943, 1945, 1949, 1950, 1951, 1952, 1953, 1954, 1957, 1960, 1969, 1972, 1973, 1974, 1979, 1980, 1983, 1984, 1985, 1986, 1988, 1991, 1993, 2005, 2006, 2007, 2008, 2009, 2010, 2011, 2014, 2027, 2028, 2035, 2036, 2039, 2040, 2042, 2051, 2057, 2058, 2063, 2065, 2066, 2069, 2070, 2076, 2077, 2078, 2079, 2080, 2082, 2083, 2086, 2087, 2099, 2100, 2106, 2108, 2109, 2111, 2113, 2114, 2118, 2119, 2120, 2121, 2124, 2125, 2128, 2129, 2130, 2131, 2132, 2134, 2141, 2142, 2145, 2146, 2147, 2148, 2149, 2150, 2152, 2153, 2155, 2157, 2158, 2159, 2164, 2166, 2167, 2168, 2169, 2175, 2176, 2177, 2179, 2181, 2182, 2183, 2191, 2192, 2193, 2194, 2198, 2199, 2200, 2201, 2203, 2204, 2205, 2206, 2209, 2210, 2211, 2214, 2215, 2216, 2217, 2218, 2219, 2220, 2221, 2222, 2223, 2224, 2225, 2228, 2233, 2234, 2236, 2237, 2238, 2239, 2240, 2243, 2244, 2245, 2250, 2251, 2252, 2255, 2265, 2267, 2274, 2275, 2277, 2278, 2279, 2280, 2281, 2282, 2284, 2285, 2286, 2287, 2288, 2289, 2290, 2291, 2303, 2304, 2306, 2307, 2308, 2315, 2316, 2319, 2326, 2327, 2328, 2329, 2332, 2333, 2347, 2348, 2349, 2351, 2357, 2358, 2359, 2362, 2372, 2378, 2379, 2380, 2381, 2382, 2394, 2396, 2399, 2400, 2403, 2408, 2409, 2410, 2413, 2414, 2415, 2416, 2419, 2420, 2421, 2424, 2426, 2429, 2430, 2432, 2435, 2436, 2437, 2438, 2439, 2442, 2458, 2459, 2460, 2461, 2462], "excluded_lines": [], "functions": {"_maybe_shape": {"executed_lines": [], "summary": {"covered_lines": 0, "num_statements": 9, "percent_covered": 0.0, "percent_covered_display": "0", "missing_lines": 9, "excluded_lines": 0}, "missing_lines": [75, 76, 77, 78, 80, 81, 83, 88, 89], "excluded_lines": []}, "_cb_can_attempt": {"executed_lines": [], "summary": {"covered_lines": 0, "num_statements": 8, "percent_covered": 0.0, "percent_covered_display": "0", "missing_lines": 8, "excluded_lines": 0}, "missing_lines": [93, 94, 95, 97, 98, 99, 100, 102], "excluded_lines": []}, "_cb_on_success": {"executed_lines": [], "summary": {"covered_lines": 0, "num_statements": 2, "percent_covered": 0.0, "percent_covered_display": "0", "missing_lines": 2, "excluded_lines": 0}, "missing_lines": [106, 107], "excluded_lines": []}, "_cb_on_failure": {"executed_lines": [], "summary": {"covered_lines": 0, "num_statements": 4, "percent_covered": 0.0, "percent_covered_display": "0", "missing_lines": 4, "excluded_lines": 0}, "missing_lines": [111, 112, 113, 114], "excluded_lines": []}, "_call_llm_with_retries": {"executed_lines": [], "summary": {"covered_lines": 0, "num_statements": 25, "percent_covered": 0.0, "percent_covered_display": "0", "missing_lines": 25, "excluded_lines": 0}, "missing_lines": [131, 132, 134, 135, 136, 138, 139, 145, 147, 149, 150, 151, 152, 153, 154, 156, 157, 158, 160, 161, 162, 163, 164, 165, 167], "excluded_lines": []}, "_idem_key": {"executed_lines": [], "summary": {"covered_lines": 0, "num_statements": 1, "percent_covered": 0.0, "percent_covered_display": "0", "missing_lines": 1, "excluded_lines": 0}, "missing_lines": [181], "excluded_lines": []}, "_idem_get": {"executed_lines": [], "summary": {"covered_lines": 0, "num_statements": 27, "percent_covered": 0.0, "percent_covered_display": "0", "missing_lines": 27, "excluded_lines": 0}, "missing_lines": [189, 190, 191, 192, 193, 194, 195, 197, 202, 203, 204, 205, 206, 207, 208, 209, 212, 213, 214, 215, 216, 217, 218, 219, 220, 221, 222], "excluded_lines": []}, "_idem_set": {"executed_lines": [], "summary": {"covered_lines": 0, "num_statements": 15, "percent_covered": 0.0, "percent_covered_display": "0", "missing_lines": 15, "excluded_lines": 0}, "missing_lines": [229, 231, 232, 233, 234, 235, 236, 237, 238, 239, 240, 241, 242, 243, 246], "excluded_lines": []}, "_sanitize_text_allergies": {"executed_lines": [], "summary": {"covered_lines": 0, "num_statements": 13, "percent_covered": 0.0, "percent_covered_display": "0", "missing_lines": 13, "excluded_lines": 0}, "missing_lines": [258, 259, 260, 262, 263, 265, 267, 270, 272, 273, 274, 275, 276], "excluded_lines": []}, "_is_sensitive_query": {"executed_lines": [], "summary": {"covered_lines": 0, "num_statements": 8, "percent_covered": 0.0, "percent_covered_display": "0", "missing_lines": 8, "excluded_lines": 0}, "missing_lines": [281, 282, 283, 284, 285, 294, 295, 296], "excluded_lines": []}, "send_message": {"executed_lines": [], "summary": {"covered_lines": 0, "num_statements": 109, "percent_covered": 0.0, "percent_covered_display": "0", "missing_lines": 109, "excluded_lines": 0}, "missing_lines": [310, 312, 313, 314, 315, 316, 318, 319, 326, 327, 330, 331, 332, 335, 336, 337, 338, 339, 340, 341, 345, 346, 347, 350, 353, 354, 355, 356, 357, 358, 360, 361, 362, 363, 368, 370, 373, 374, 375, 382, 383, 385, 386, 387, 388, 391, 392, 393, 394, 397, 398, 399, 400, 401, 402, 403, 404, 405, 413, 414, 421, 422, 423, 427, 428, 429, 431, 432, 433, 435, 436, 441, 442, 443, 445, 446, 449, 452, 453, 454, 455, 459, 460, 461, 467, 468, 471, 472, 474, 475, 476, 477, 481, 482, 483, 484, 485, 487, 488, 489, 490, 494, 495, 496, 498, 499, 500, 501, 502], "excluded_lines": []}, "reply_to_conversation": {"executed_lines": [], "summary": {"covered_lines": 0, "num_statements": 794, "percent_covered": 0.0, "percent_covered_display": "0", "missing_lines": 794, "excluded_lines": 0}, "missing_lines": [516, 518, 519, 520, 521, 522, 524, 525, 526, 527, 528, 529, 530, 531, 536, 537, 540, 544, 546, 548, 549, 550, 562, 563, 564, 567, 568, 571, 579, 582, 590, 591, 599, 600, 603, 604, 609, 610, 611, 612, 615, 616, 617, 620, 621, 637, 638, 641, 642, 650, 655, 660, 665, 670, 676, 681, 686, 687, 691, 692, 693, 694, 695, 698, 700, 701, 702, 711, 719, 727, 729, 730, 731, 732, 734, 735, 737, 738, 740, 742, 747, 748, 749, 750, 752, 755, 756, 759, 760, 761, 762, 763, 764, 766, 769, 770, 776, 777, 778, 779, 780, 782, 783, 784, 785, 786, 788, 789, 790, 791, 792, 794, 797, 800, 801, 802, 803, 804, 805, 807, 808, 814, 817, 819, 820, 821, 822, 825, 826, 828, 831, 832, 840, 841, 849, 850, 853, 854, 857, 865, 866, 871, 873, 874, 876, 877, 880, 881, 884, 885, 887, 889, 890, 891, 896, 897, 900, 901, 903, 904, 905, 906, 910, 911, 912, 913, 914, 916, 917, 918, 919, 925, 926, 929, 930, 931, 932, 933, 935, 942, 943, 944, 947, 948, 949, 950, 951, 952, 953, 954, 955, 956, 967, 984, 985, 986, 987, 988, 989, 990, 993, 994, 995, 996, 999, 1000, 1001, 1006, 1011, 1014, 1015, 1021, 1022, 1023, 1030, 1031, 1032, 1037, 1042, 1043, 1047, 1048, 1049, 1055, 1057, 1063, 1064, 1066, 1067, 1068, 1069, 1071, 1072, 1073, 1074, 1075, 1076, 1077, 1079, 1081, 1086, 1089, 1090, 1096, 1097, 1098, 1105, 1106, 1107, 1112, 1117, 1118, 1123, 1124, 1125, 1126, 1128, 1130, 1131, 1132, 1133, 1134, 1136, 1139, 1140, 1141, 1142, 1143, 1148, 1149, 1151, 1152, 1153, 1154, 1155, 1156, 1157, 1158, 1159, 1160, 1161, 1162, 1165, 1166, 1167, 1168, 1170, 1171, 1172, 1173, 1174, 1175, 1176, 1177, 1178, 1181, 1182, 1183, 1184, 1186, 1187, 1188, 1189, 1190, 1191, 1192, 1194, 1195, 1196, 1197, 1198, 1199, 1200, 1202, 1203, 1206, 1212, 1213, 1214, 1224, 1225, 1226, 1229, 1230, 1232, 1240, 1269, 1270, 1272, 1276, 1277, 1280, 1284, 1287, 1288, 1294, 1295, 1296, 1303, 1304, 1305, 1310, 1315, 1317, 1318, 1319, 1321, 1322, 1325, 1329, 1332, 1338, 1339, 1340, 1347, 1348, 1349, 1354, 1359, 1360, 1364, 1365, 1366, 1367, 1368, 1373, 1384, 1385, 1386, 1387, 1388, 1391, 1392, 1398, 1399, 1400, 1407, 1408, 1409, 1414, 1419, 1420, 1423, 1424, 1426, 1432, 1435, 1436, 1438, 1439, 1440, 1441, 1444, 1445, 1446, 1447, 1448, 1450, 1451, 1453, 1454, 1455, 1456, 1458, 1459, 1460, 1461, 1462, 1466, 1467, 1468, 1469, 1470, 1471, 1472, 1473, 1474, 1475, 1476, 1477, 1478, 1480, 1482, 1485, 1486, 1487, 1488, 1492, 1494, 1497, 1498, 1504, 1505, 1506, 1513, 1514, 1515, 1520, 1525, 1526, 1533, 1534, 1535, 1536, 1537, 1538, 1540, 1541, 1542, 1543, 1545, 1546, 1551, 1556, 1559, 1560, 1561, 1566, 1567, 1582, 1583, 1584, 1585, 1586, 1588, 1589, 1590, 1591, 1593, 1594, 1599, 1604, 1607, 1608, 1609, 1614, 1615, 1630, 1631, 1632, 1633, 1634, 1636, 1637, 1638, 1639, 1640, 1649, 1650, 1653, 1654, 1655, 1660, 1661, 1663, 1664, 1667, 1668, 1684, 1685, 1686, 1687, 1688, 1689, 1690, 1696, 1697, 1698, 1705, 1706, 1707, 1712, 1717, 1718, 1721, 1722, 1723, 1724, 1725, 1726, 1736, 1737, 1738, 1739, 1741, 1742, 1743, 1744, 1747, 1748, 1749, 1750, 1751, 1753, 1754, 1756, 1757, 1758, 1760, 1761, 1762, 1763, 1765, 1767, 1771, 1775, 1776, 1777, 1778, 1780, 1781, 1782, 1783, 1784, 1786, 1787, 1788, 1793, 1794, 1800, 1801, 1802, 1809, 1810, 1811, 1816, 1821, 1822, 1825, 1830, 1831, 1833, 1834, 1835, 1838, 1839, 1841, 1842, 1843, 1844, 1845, 1846, 1847, 1849, 1851, 1852, 1860, 1861, 1864, 1865, 1866, 1875, 1876, 1877, 1878, 1879, 1880, 1881, 1882, 1884, 1885, 1891, 1900, 1906, 1907, 1908, 1909, 1914, 1917, 1918, 1927, 1932, 1934, 1937, 1938, 1943, 1945, 1949, 1950, 1951, 1952, 1953, 1954, 1957, 1960, 1969, 1972, 1973, 1974, 1979, 1980, 1983, 1984, 1985, 1986, 1988, 1991, 1993, 2005, 2006, 2007, 2008, 2009, 2010, 2011, 2014, 2027, 2028, 2035, 2036, 2039, 2040, 2042, 2051, 2057, 2058, 2063, 2065, 2066, 2069, 2070, 2076, 2077, 2078, 2079, 2080, 2082, 2083, 2086, 2087, 2099, 2100, 2106, 2108, 2109, 2111, 2113, 2114, 2118, 2119, 2120, 2121, 2124, 2125, 2128, 2129, 2130, 2131, 2132, 2134, 2141, 2142, 2145, 2146, 2147, 2148, 2149, 2150, 2152, 2153, 2155, 2157, 2158, 2159, 2164, 2166, 2167, 2168, 2169, 2175, 2176, 2177, 2179, 2181, 2203, 2204, 2205, 2206, 2209, 2210, 2211, 2214, 2215, 2216, 2217, 2218, 2219, 2220, 2221, 2222, 2223, 2224, 2225, 2228, 2233, 2234, 2236, 2237, 2238, 2239, 2240, 2243, 2244, 2245, 2250, 2251, 2252, 2255, 2265, 2267, 2274, 2275, 2277, 2278, 2279, 2280, 2281, 2282, 2284, 2285, 2286, 2287, 2288, 2289, 2290, 2291, 2303, 2304, 2306, 2307, 2308, 2315, 2316, 2319, 2326, 2327, 2328, 2329, 2332, 2333, 2347, 2348, 2349, 2351, 2357, 2358, 2359, 2362, 2372, 2378, 2379, 2380, 2381, 2382], "excluded_lines": []}, "reply_to_conversation._naive_utc": {"executed_lines": [], "summary": {"covered_lines": 0, "num_statements": 4, "percent_covered": 0.0, "percent_covered_display": "0", "missing_lines": 4, "excluded_lines": 0}, "missing_lines": [1207, 1208, 1209, 1210], "excluded_lines": []}, "reply_to_conversation._get_field": {"executed_lines": [], "summary": {"covered_lines": 0, "num_statements": 6, "percent_covered": 0.0, "percent_covered_display": "0", "missing_lines": 6, "excluded_lines": 0}, "missing_lines": [1233, 1234, 1235, 1236, 1237, 1238], "excluded_lines": []}, "reply_to_conversation._overlaps": {"executed_lines": [], "summary": {"covered_lines": 0, "num_statements": 13, "percent_covered": 0.0, "percent_covered_display": "0", "missing_lines": 13, "excluded_lines": 0}, "missing_lines": [1241, 1242, 1243, 1246, 1258, 1259, 1260, 1261, 1262, 1263, 1265, 1266, 1267], "excluded_lines": []}, "reply_to_conversation._overlaps._to_naive_utc": {"executed_lines": [], "summary": {"covered_lines": 0, "num_statements": 9, "percent_covered": 0.0, "percent_covered_display": "0", "missing_lines": 9, "excluded_lines": 0}, "missing_lines": [1247, 1248, 1249, 1250, 1251, 1253, 1254, 1255, 1256], "excluded_lines": []}, "reply_to_conversation._title": {"executed_lines": [], "summary": {"covered_lines": 0, "num_statements": 2, "percent_covered": 0.0, "percent_covered_display": "0", "missing_lines": 2, "excluded_lines": 0}, "missing_lines": [1273, 1274], "excluded_lines": []}, "reply_to_conversation._keep": {"executed_lines": [], "summary": {"covered_lines": 0, "num_statements": 10, "percent_covered": 0.0, "percent_covered_display": "0", "missing_lines": 10, "excluded_lines": 0}, "missing_lines": [2182, 2183, 2191, 2192, 2193, 2194, 2198, 2199, 2200, 2201], "excluded_lines": []}, "stream_reply_to_conversation": {"executed_lines": [], "summary": {"covered_lines": 0, "num_statements": 31, "percent_covered": 0.0, "percent_covered_display": "0", "missing_lines": 31, "excluded_lines": 0}, "missing_lines": [2394, 2396, 2399, 2400, 2403, 2408, 2409, 2410, 2413, 2414, 2415, 2416, 2419, 2420, 2421, 2424, 2426, 2429, 2430, 2432, 2435, 2436, 2437, 2438, 2439, 2442, 2458, 2459, 2460, 2461, 2462], "excluded_lines": []}, "": {"executed_lines": [1, 2, 3, 4, 5, 6, 7, 8, 9, 10, 11, 12, 13, 15, 16, 17, 18, 19, 20, 21, 22, 23, 24, 25, 26, 27, 28, 29, 30, 31, 32, 33, 34, 35, 36, 37, 38, 39, 40, 41, 42, 45, 52, 54, 61, 70, 92, 105, 110, 117, 174, 175, 178, 184, 225, 250, 280, 299, 300, 505, 506, 2385, 2386], "summary": {"covered_lines": 63, "num_statements": 63, "percent_covered": 100.0, "percent_covered_display": "100", "missing_lines": 0, "excluded_lines": 0}, "missing_lines": [], "excluded_lines": []}}, "classes": {"": {"executed_lines": [1, 2, 3, 4, 5, 6, 7, 8, 9, 10, 11, 12, 13, 15, 16, 17, 18, 19, 20, 21, 22, 23, 24, 25, 26, 27, 28, 29, 30, 31, 32, 33, 34, 35, 36, 37, 38, 39, 40, 41, 42, 45, 52, 54, 61, 70, 92, 105, 110, 117, 174, 175, 178, 184, 225, 250, 280, 299, 300, 505, 506, 2385, 2386], "summary": {"covered_lines": 63, "num_statements": 1153, "percent_covered": 5.464006938421509, "percent_covered_display": "5", "missing_lines": 1090, "excluded_lines": 0}, "missing_lines": [75, 76, 77, 78, 80, 81, 83, 88, 89, 93, 94, 95, 97, 98, 99, 100, 102, 106, 107, 111, 112, 113, 114, 131, 132, 134, 135, 136, 138, 139, 145, 147, 149, 150, 151, 152, 153, 154, 156, 157, 158, 160, 161, 162, 163, 164, 165, 167, 181, 189, 190, 191, 192, 193, 194, 195, 197, 202, 203, 204, 205, 206, 207, 208, 209, 212, 213, 214, 215, 216, 217, 218, 219, 220, 221, 222, 229, 231, 232, 233, 234, 235, 236, 237, 238, 239, 240, 241, 242, 243, 246, 258, 259, 260, 262, 263, 265, 267, 270, 272, 273, 274, 275, 276, 281, 282, 283, 284, 285, 294, 295, 296, 310, 312, 313, 314, 315, 316, 318, 319, 326, 327, 330, 331, 332, 335, 336, 337, 338, 339, 340, 341, 345, 346, 347, 350, 353, 354, 355, 356, 357, 358, 360, 361, 362, 363, 368, 370, 373, 374, 375, 382, 383, 385, 386, 387, 388, 391, 392, 393, 394, 397, 398, 399, 400, 401, 402, 403, 404, 405, 413, 414, 421, 422, 423, 427, 428, 429, 431, 432, 433, 435, 436, 441, 442, 443, 445, 446, 449, 452, 453, 454, 455, 459, 460, 461, 467, 468, 471, 472, 474, 475, 476, 477, 481, 482, 483, 484, 485, 487, 488, 489, 490, 494, 495, 496, 498, 499, 500, 501, 502, 516, 518, 519, 520, 521, 522, 524, 525, 526, 527, 528, 529, 530, 531, 536, 537, 540, 544, 546, 548, 549, 550, 562, 563, 564, 567, 568, 571, 579, 582, 590, 591, 599, 600, 603, 604, 609, 610, 611, 612, 615, 616, 617, 620, 621, 637, 638, 641, 642, 650, 655, 660, 665, 670, 676, 681, 686, 687, 691, 692, 693, 694, 695, 698, 700, 701, 702, 711, 719, 727, 729, 730, 731, 732, 734, 735, 737, 738, 740, 742, 747, 748, 749, 750, 752, 755, 756, 759, 760, 761, 762, 763, 764, 766, 769, 770, 776, 777, 778, 779, 780, 782, 783, 784, 785, 786, 788, 789, 790, 791, 792, 794, 797, 800, 801, 802, 803, 804, 805, 807, 808, 814, 817, 819, 820, 821, 822, 825, 826, 828, 831, 832, 840, 841, 849, 850, 853, 854, 857, 865, 866, 871, 873, 874, 876, 877, 880, 881, 884, 885, 887, 889, 890, 891, 896, 897, 900, 901, 903, 904, 905, 906, 910, 911, 912, 913, 914, 916, 917, 918, 919, 925, 926, 929, 930, 931, 932, 933, 935, 942, 943, 944, 947, 948, 949, 950, 951, 952, 953, 954, 955, 956, 967, 984, 985, 986, 987, 988, 989, 990, 993, 994, 995, 996, 999, 1000, 1001, 1006, 1011, 1014, 1015, 1021, 1022, 1023, 1030, 1031, 1032, 1037, 1042, 1043, 1047, 1048, 1049, 1055, 1057, 1063, 1064, 1066, 1067, 1068, 1069, 1071, 1072, 1073, 1074, 1075, 1076, 1077, 1079, 1081, 1086, 1089, 1090, 1096, 1097, 1098, 1105, 1106, 1107, 1112, 1117, 1118, 1123, 1124, 1125, 1126, 1128, 1130, 1131, 1132, 1133, 1134, 1136, 1139, 1140, 1141, 1142, 1143, 1148, 1149, 1151, 1152, 1153, 1154, 1155, 1156, 1157, 1158, 1159, 1160, 1161, 1162, 1165, 1166, 1167, 1168, 1170, 1171, 1172, 1173, 1174, 1175, 1176, 1177, 1178, 1181, 1182, 1183, 1184, 1186, 1187, 1188, 1189, 1190, 1191, 1192, 1194, 1195, 1196, 1197, 1198, 1199, 1200, 1202, 1203, 1206, 1207, 1208, 1209, 1210, 1212, 1213, 1214, 1224, 1225, 1226, 1229, 1230, 1232, 1233, 1234, 1235, 1236, 1237, 1238, 1240, 1241, 1242, 1243, 1246, 1247, 1248, 1249, 1250, 1251, 1253, 1254, 1255, 1256, 1258, 1259, 1260, 1261, 1262, 1263, 1265, 1266, 1267, 1269, 1270, 1272, 1273, 1274, 1276, 1277, 1280, 1284, 1287, 1288, 1294, 1295, 1296, 1303, 1304, 1305, 1310, 1315, 1317, 1318, 1319, 1321, 1322, 1325, 1329, 1332, 1338, 1339, 1340, 1347, 1348, 1349, 1354, 1359, 1360, 1364, 1365, 1366, 1367, 1368, 1373, 1384, 1385, 1386, 1387, 1388, 1391, 1392, 1398, 1399, 1400, 1407, 1408, 1409, 1414, 1419, 1420, 1423, 1424, 1426, 1432, 1435, 1436, 1438, 1439, 1440, 1441, 1444, 1445, 1446, 1447, 1448, 1450, 1451, 1453, 1454, 1455, 1456, 1458, 1459, 1460, 1461, 1462, 1466, 1467, 1468, 1469, 1470, 1471, 1472, 1473, 1474, 1475, 1476, 1477, 1478, 1480, 1482, 1485, 1486, 1487, 1488, 1492, 1494, 1497, 1498, 1504, 1505, 1506, 1513, 1514, 1515, 1520, 1525, 1526, 1533, 1534, 1535, 1536, 1537, 1538, 1540, 1541, 1542, 1543, 1545, 1546, 1551, 1556, 1559, 1560, 1561, 1566, 1567, 1582, 1583, 1584, 1585, 1586, 1588, 1589, 1590, 1591, 1593, 1594, 1599, 1604, 1607, 1608, 1609, 1614, 1615, 1630, 1631, 1632, 1633, 1634, 1636, 1637, 1638, 1639, 1640, 1649, 1650, 1653, 1654, 1655, 1660, 1661, 1663, 1664, 1667, 1668, 1684, 1685, 1686, 1687, 1688, 1689, 1690, 1696, 1697, 1698, 1705, 1706, 1707, 1712, 1717, 1718, 1721, 1722, 1723, 1724, 1725, 1726, 1736, 1737, 1738, 1739, 1741, 1742, 1743, 1744, 1747, 1748, 1749, 1750, 1751, 1753, 1754, 1756, 1757, 1758, 1760, 1761, 1762, 1763, 1765, 1767, 1771, 1775, 1776, 1777, 1778, 1780, 1781, 1782, 1783, 1784, 1786, 1787, 1788, 1793, 1794, 1800, 1801, 1802, 1809, 1810, 1811, 1816, 1821, 1822, 1825, 1830, 1831, 1833, 1834, 1835, 1838, 1839, 1841, 1842, 1843, 1844, 1845, 1846, 1847, 1849, 1851, 1852, 1860, 1861, 1864, 1865, 1866, 1875, 1876, 1877, 1878, 1879, 1880, 1881, 1882, 1884, 1885, 1891, 1900, 1906, 1907, 1908, 1909, 1914, 1917, 1918, 1927, 1932, 1934, 1937, 1938, 1943, 1945, 1949, 1950, 1951, 1952, 1953, 1954, 1957, 1960, 1969, 1972, 1973, 1974, 1979, 1980, 1983, 1984, 1985, 1986, 1988, 1991, 1993, 2005, 2006, 2007, 2008, 2009, 2010, 2011, 2014, 2027, 2028, 2035, 2036, 2039, 2040, 2042, 2051, 2057, 2058, 2063, 2065, 2066, 2069, 2070, 2076, 2077, 2078, 2079, 2080, 2082, 2083, 2086, 2087, 2099, 2100, 2106, 2108, 2109, 2111, 2113, 2114, 2118, 2119, 2120, 2121, 2124, 2125, 2128, 2129, 2130, 2131, 2132, 2134, 2141, 2142, 2145, 2146, 2147, 2148, 2149, 2150, 2152, 2153, 2155, 2157, 2158, 2159, 2164, 2166, 2167, 2168, 2169, 2175, 2176, 2177, 2179, 2181, 2182, 2183, 2191, 2192, 2193, 2194, 2198, 2199, 2200, 2201, 2203, 2204, 2205, 2206, 2209, 2210, 2211, 2214, 2215, 2216, 2217, 2218, 2219, 2220, 2221, 2222, 2223, 2224, 2225, 2228, 2233, 2234, 2236, 2237, 2238, 2239, 2240, 2243, 2244, 2245, 2250, 2251, 2252, 2255, 2265, 2267, 2274, 2275, 2277, 2278, 2279, 2280, 2281, 2282, 2284, 2285, 2286, 2287, 2288, 2289, 2290, 2291, 2303, 2304, 2306, 2307, 2308, 2315, 2316, 2319, 2326, 2327, 2328, 2329, 2332, 2333, 2347, 2348, 2349, 2351, 2357, 2358, 2359, 2362, 2372, 2378, 2379, 2380, 2381, 2382, 2394, 2396, 2399, 2400, 2403, 2408, 2409, 2410, 2413, 2414, 2415, 2416, 2419, 2420, 2421, 2424, 2426, 2429, 2430, 2432, 2435, 2436, 2437, 2438, 2439, 2442, 2458, 2459, 2460, 2461, 2462], "excluded_lines": []}}}, "app\\api\\endpoints\\conversations_messages_simple.py": {"executed_lines": [], "summary": {"covered_lines": 0, "num_statements": 76, "percent_covered": 0.0, "percent_covered_display": "0", "missing_lines": 76, "excluded_lines": 0}, "missing_lines": [6, 7, 8, 9, 11, 12, 13, 14, 19, 20, 22, 24, 27, 28, 38, 40, 41, 42, 43, 44, 47, 48, 54, 55, 56, 59, 60, 61, 62, 63, 64, 65, 66, 67, 68, 71, 72, 73, 74, 75, 81, 82, 83, 86, 88, 91, 92, 97, 98, 101, 104, 105, 106, 107, 109, 110, 111, 113, 114, 115, 118, 119, 125, 126, 127, 130, 131, 137, 138, 139, 142, 149, 150, 151, 152, 153], "excluded_lines": [], "functions": {"reply_to_conversation_simple": {"executed_lines": [], "summary": {"covered_lines": 0, "num_statements": 62, "percent_covered": 0.0, "percent_covered_display": "0", "missing_lines": 62, "excluded_lines": 0}, "missing_lines": [38, 40, 41, 42, 43, 44, 47, 48, 54, 55, 56, 59, 60, 61, 62, 63, 64, 65, 66, 67, 68, 71, 72, 73, 74, 75, 81, 82, 83, 86, 88, 91, 92, 97, 98, 101, 104, 105, 106, 107, 109, 110, 111, 113, 114, 115, 118, 119, 125, 126, 127, 130, 131, 137, 138, 139, 142, 149, 150, 151, 152, 153], "excluded_lines": []}, "": {"executed_lines": [], "summary": {"covered_lines": 0, "num_statements": 14, "percent_covered": 0.0, "percent_covered_display": "0", "missing_lines": 14, "excluded_lines": 0}, "missing_lines": [6, 7, 8, 9, 11, 12, 13, 14, 19, 20, 22, 24, 27, 28], "excluded_lines": []}}, "classes": {"": {"executed_lines": [], "summary": {"covered_lines": 0, "num_statements": 76, "percent_covered": 0.0, "percent_covered_display": "0", "missing_lines": 76, "excluded_lines": 0}, "missing_lines": [6, 7, 8, 9, 11, 12, 13, 14, 19, 20, 22, 24, 27, 28, 38, 40, 41, 42, 43, 44, 47, 48, 54, 55, 56, 59, 60, 61, 62, 63, 64, 65, 66, 67, 68, 71, 72, 73, 74, 75, 81, 82, 83, 86, 88, 91, 92, 97, 98, 101, 104, 105, 106, 107, 109, 110, 111, 113, 114, 115, 118, 119, 125, 126, 127, 130, 131, 137, 138, 139, 142, 149, 150, 151, 152, 153], "excluded_lines": []}}}, "app\\api\\endpoints\\conversations_ntr.py": {"executed_lines": [], "summary": {"covered_lines": 0, "num_statements": 134, "percent_covered": 0.0, "percent_covered_display": "0", "missing_lines": 134, "excluded_lines": 0}, "missing_lines": [6, 8, 9, 10, 11, 13, 14, 15, 16, 17, 18, 19, 20, 21, 22, 23, 24, 26, 29, 34, 35, 36, 39, 40, 41, 42, 43, 49, 50, 52, 54, 55, 58, 59, 68, 72, 73, 74, 75, 76, 77, 78, 81, 82, 83, 86, 87, 88, 89, 91, 92, 94, 95, 96, 98, 99, 100, 101, 107, 108, 109, 113, 114, 115, 116, 126, 127, 128, 129, 130, 132, 134, 139, 140, 141, 142, 143, 144, 145, 148, 149, 150, 151, 154, 155, 156, 157, 159, 160, 165, 166, 167, 168, 169, 170, 172, 173, 174, 176, 177, 178, 180, 181, 182, 183, 184, 185, 186, 192, 193, 194, 196, 197, 198, 199, 209, 210, 211, 212, 213, 214, 216, 221, 222, 223, 224, 225, 226, 227, 230, 231, 232, 233, 235], "excluded_lines": [], "functions": {"handle_notes_tasks_reminders": {"executed_lines": [], "summary": {"covered_lines": 0, "num_statements": 105, "percent_covered": 0.0, "percent_covered_display": "0", "missing_lines": 105, "excluded_lines": 0}, "missing_lines": [34, 35, 36, 39, 40, 41, 42, 43, 49, 50, 52, 54, 55, 58, 59, 68, 72, 73, 74, 75, 76, 77, 78, 81, 82, 83, 86, 87, 88, 89, 91, 92, 94, 95, 96, 98, 99, 100, 101, 107, 108, 109, 113, 114, 115, 116, 126, 134, 139, 140, 141, 142, 143, 144, 145, 148, 149, 150, 151, 154, 155, 156, 157, 159, 160, 165, 166, 167, 168, 169, 170, 172, 173, 174, 176, 177, 178, 180, 181, 182, 183, 184, 185, 186, 192, 193, 194, 196, 197, 198, 199, 209, 216, 221, 222, 223, 224, 225, 226, 227, 230, 231, 232, 233, 235], "excluded_lines": []}, "handle_notes_tasks_reminders._same_due": {"executed_lines": [], "summary": {"covered_lines": 0, "num_statements": 5, "percent_covered": 0.0, "percent_covered_display": "0", "missing_lines": 5, "excluded_lines": 0}, "missing_lines": [127, 128, 129, 130, 132], "excluded_lines": []}, "handle_notes_tasks_reminders._same_trigger": {"executed_lines": [], "summary": {"covered_lines": 0, "num_statements": 5, "percent_covered": 0.0, "percent_covered_display": "0", "missing_lines": 5, "excluded_lines": 0}, "missing_lines": [210, 211, 212, 213, 214], "excluded_lines": []}, "": {"executed_lines": [], "summary": {"covered_lines": 0, "num_statements": 19, "percent_covered": 0.0, "percent_covered_display": "0", "missing_lines": 19, "excluded_lines": 0}, "missing_lines": [6, 8, 9, 10, 11, 13, 14, 15, 16, 17, 18, 19, 20, 21, 22, 23, 24, 26, 29], "excluded_lines": []}}, "classes": {"": {"executed_lines": [], "summary": {"covered_lines": 0, "num_statements": 134, "percent_covered": 0.0, "percent_covered_display": "0", "missing_lines": 134, "excluded_lines": 0}, "missing_lines": [6, 8, 9, 10, 11, 13, 14, 15, 16, 17, 18, 19, 20, 21, 22, 23, 24, 26, 29, 34, 35, 36, 39, 40, 41, 42, 43, 49, 50, 52, 54, 55, 58, 59, 68, 72, 73, 74, 75, 76, 77, 78, 81, 82, 83, 86, 87, 88, 89, 91, 92, 94, 95, 96, 98, 99, 100, 101, 107, 108, 109, 113, 114, 115, 116, 126, 127, 128, 129, 130, 132, 134, 139, 140, 141, 142, 143, 144, 145, 148, 149, 1
[...]
issing_lines": [217, 218, 219, 221, 222, 223, 224, 226, 228], "excluded_lines": []}, "SentimentAnalyzer._detect_emotions": {"executed_lines": [], "summary": {"covered_lines": 0, "num_statements": 5, "percent_covered": 0.0, "percent_covered_display": "0", "missing_lines": 5, "excluded_lines": 0}, "missing_lines": [232, 234, 235, 236, 238], "excluded_lines": []}, "SentimentAnalyzer._extract_influential_keywords": {"executed_lines": [], "summary": {"covered_lines": 0, "num_statements": 14, "percent_covered": 0.0, "percent_covered_display": "0", "missing_lines": 14, "excluded_lines": 0}, "missing_lines": [242, 245, 246, 247, 248, 251, 252, 253, 254, 257, 258, 259, 260, 262], "excluded_lines": []}, "SentimentAnalyzer.get_sentiment_summary": {"executed_lines": [], "summary": {"covered_lines": 0, "num_statements": 2, "percent_covered": 0.0, "percent_covered_display": "0", "missing_lines": 2, "excluded_lines": 0}, "missing_lines": [266, 268], "excluded_lines": []}, "": {"executed_lines": [1, 7, 8, 9, 10, 12, 15, 16, 17, 18, 19, 20, 21, 22, 25, 26, 31, 96, 134, 150, 176, 215, 230, 240, 264, 283], "summary": {"covered_lines": 23, "num_statements": 23, "percent_covered": 100.0, "percent_covered_display": "100", "missing_lines": 0, "excluded_lines": 0}, "missing_lines": [], "excluded_lines": []}}, "classes": {"SentimentResult": {"executed_lines": [], "summary": {"covered_lines": 0, "num_statements": 0, "percent_covered": 100.0, "percent_covered_display": "100", "missing_lines": 0, "excluded_lines": 0}, "missing_lines": [], "excluded_lines": []}, "SentimentAnalyzer": {"executed_lines": [33, 50, 67, 78, 85, 91], "summary": {"covered_lines": 6, "num_statements": 99, "percent_covered": 6.0606060606060606, "percent_covered_display": "6", "missing_lines": 93, "excluded_lines": 0}, "missing_lines": [101, 102, 105, 106, 109, 112, 115, 118, 121, 124, 126, 136, 138, 139, 140, 141, 142, 143, 144, 145, 146, 148, 152, 154, 155, 157, 158, 161, 162, 163, 164, 165, 168, 169, 170, 171, 172, 174, 178, 180, 181, 183, 184, 187, 188, 189, 190, 192, 193, 194, 195, 197, 199, 200, 203, 204, 205, 206, 208, 209, 210, 211, 213, 217, 218, 219, 221, 222, 223, 224, 226, 228, 232, 234, 235, 236, 238, 242, 245, 246, 247, 248, 251, 252, 253, 254, 257, 258, 259, 260, 262, 266, 268], "excluded_lines": []}, "": {"executed_lines": [1, 7, 8, 9, 10, 12, 15, 16, 17, 18, 19, 20, 21, 22, 25, 26, 31, 96, 134, 150, 176, 215, 230, 240, 264, 283], "summary": {"covered_lines": 23, "num_statements": 23, "percent_covered": 100.0, "percent_covered_display": "100", "missing_lines": 0, "excluded_lines": 0}, "missing_lines": [], "excluded_lines": []}}}, "app\\services\\summarization.py": {"executed_lines": [1, 3, 4, 5, 6, 8, 10, 11, 12, 14, 18, 23, 24, 27, 39, 55], "summary": {"covered_lines": 16, "num_statements": 49, "percent_covered": 32.6530612244898, "percent_covered_display": "33", "missing_lines": 33, "excluded_lines": 0}, "missing_lines": [29, 42, 43, 52, 68, 69, 72, 73, 79, 83, 84, 85, 86, 87, 88, 90, 91, 92, 94, 95, 96, 104, 105, 110, 111, 112, 113, 120, 121, 130, 131, 132, 140], "excluded_lines": [], "functions": {"_build_system_prompt": {"executed_lines": [], "summary": {"covered_lines": 0, "num_statements": 1, "percent_covered": 0.0, "percent_covered_display": "0", "missing_lines": 1, "excluded_lines": 0}, "missing_lines": [29], "excluded_lines": []}, "_build_messages": {"executed_lines": [], "summary": {"covered_lines": 0, "num_statements": 3, "percent_covered": 0.0, "percent_covered_display": "0", "missing_lines": 3, "excluded_lines": 0}, "missing_lines": [42, 43, 52], "excluded_lines": []}, "generate_conversation_summary": {"executed_lines": [], "summary": {"covered_lines": 0, "num_statements": 29, "percent_covered": 0.0, "percent_covered_display": "0", "missing_lines": 29, "excluded_lines": 0}, "missing_lines": [68, 69, 72, 73, 79, 83, 84, 85, 86, 87, 88, 90, 91, 92, 94, 95, 96, 104, 105, 110, 111, 112, 113, 120, 121, 130, 131, 132, 140], "excluded_lines": []}, "": {"executed_lines": [1, 3, 4, 5, 6, 8, 10, 11, 12, 14, 18, 23, 24, 27, 39, 55], "summary": {"covered_lines": 16, "num_statements": 16, "percent_covered": 100.0, "percent_covered_display": "100", "missing_lines": 0, "excluded_lines": 0}, "missing_lines": [], "excluded_lines": []}}, "classes": {"": {"executed_lines": [1, 3, 4, 5, 6, 8, 10, 11, 12, 14, 18, 23, 24, 27, 39, 55], "summary": {"covered_lines": 16, "num_statements": 49, "percent_covered": 32.6530612244898, "percent_covered_display": "33", "missing_lines": 33, "excluded_lines": 0}, "missing_lines": [29, 42, 43, 52, 68, 69, 72, 73, 79, 83, 84, 85, 86, 87, 88, 90, 91, 92, 94, 95, 96, 104, 105, 110, 111, 112, 113, 120, 121, 130, 131, 132, 140], "excluded_lines": []}}}, "app\\services\\trust_building.py": {"executed_lines": [1, 12, 13, 14, 15, 16, 17, 18, 19, 21, 24, 25, 26, 27, 28, 29, 30, 31, 32, 33, 34, 35, 38, 39, 40, 41, 42, 43, 44, 47, 48, 49, 50, 51, 52, 53, 56, 57, 58, 59, 60, 61, 62, 63, 64, 65, 66, 67, 70, 71, 72, 73, 74, 75, 76, 77, 78, 79, 82, 83, 84, 85, 86, 87, 88, 89, 90, 91, 92, 95, 96, 97, 98, 99, 100, 101, 102, 103, 106, 107, 108, 109, 110, 111, 112, 113, 114, 115, 116, 117, 118, 121, 122, 124, 125, 148, 171, 194, 203, 256, 274, 289, 297, 347, 367, 395, 406, 422, 457, 468, 486, 507, 537, 554, 571, 589], "summary": {"covered_lines": 106, "num_statements": 211, "percent_covered": 50.23696682464455, "percent_covered_display": "50", "missing_lines": 105, "excluded_lines": 0}, "missing_lines": [213, 214, 227, 228, 241, 242, 254, 258, 264, 265, 268, 270, 276, 282, 283, 285, 287, 292, 293, 295, 307, 308, 309, 310, 311, 312, 313, 314, 316, 319, 322, 326, 327, 329, 332, 335, 337, 349, 352, 354, 355, 357, 359, 362, 363, 365, 369, 372, 379, 380, 386, 387, 393, 397, 398, 399, 400, 401, 402, 404, 408, 411, 414, 415, 416, 417, 418, 420, 431, 432, 433, 434, 435, 436, 438, 441, 444, 446, 459, 466, 470, 472, 473, 475, 476, 478, 479, 481, 482, 484, 493, 494, 496, 497, 499, 500, 502, 503, 505, 509, 517, 524, 539, 556, 573], "excluded_lines": [], "functions": {"TrustBuildingEngine.__init__": {"executed_lines": [125, 148, 171, 194], "summary": {"covered_lines": 4, "num_statements": 4, "percent_covered": 100.0, "percent_covered_display": "100", "missing_lines": 0, "excluded_lines": 0}, "missing_lines": [], "excluded_lines": []}, "TrustBuildingEngine.analyze_trust_building_opportunity": {"executed_lines": [], "summary": {"covered_lines": 0, "num_statements": 7, "percent_covered": 0.0, "percent_covered_display": "0", "missing_lines": 7, "excluded_lines": 0}, "missing_lines": [213, 214, 227, 228, 241, 242, 254], "excluded_lines": []}, "TrustBuildingEngine._detect_vulnerability_opportunity": {"executed_lines": [], "summary": {"covered_lines": 0, "num_statements": 5, "percent_covered": 0.0, "percent_covered_display": "0", "missing_lines": 5, "excluded_lines": 0}, "missing_lines": [258, 264, 265, 268, 270], "excluded_lines": []}, "TrustBuildingEngine._detect_validation_opportunity": {"executed_lines": [], "summary": {"covered_lines": 0, "num_statements": 5, "percent_covered": 0.0, "percent_covered_display": "0", "missing_lines": 5, "excluded_lines": 0}, "missing_lines": [276, 282, 283, 285, 287], "excluded_lines": []}, "TrustBuildingEngine._detect_consistency_opportunity": {"executed_lines": [], "summary": {"covered_lines": 0, "num_statements": 3, "percent_covered": 0.0, "percent_covered_display": "0", "missing_lines": 3, "excluded_lines": 0}, "missing_lines": [292, 293, 295], "excluded_lines": []}, "TrustBuildingEngine.generate_vulnerability_share": {"executed_lines": [], "summary": {"covered_lines": 0, "num_statements": 17, "percent_covered": 0.0, "percent_covered_display": "0", "missing_lines": 17, "excluded_lines": 0}, "missing_lines": [307, 308, 309, 310, 311, 312, 313, 314, 316, 319, 322, 326, 327, 329, 332, 335, 337], "excluded_lines": []}, "TrustBuildingEngine._filter_appropriate_topics": {"executed_lines": [], "summary": {"covered_lines": 0, "num_statements": 9, "percent_covered": 0.0, "percent_covered_display": "0", "missing_lines": 9, "excluded_lines": 0}, "missing_lines": [349, 352, 354, 355, 357, 359, 362, 363, 365], "excluded_lines": []}, "TrustBuildingEngine._generate_safety_checks": {"executed_lines": [], "summary": {"covered_lines": 0, "num_statements": 7, "percent_covered": 0.0, "percent_covered_display": "0", "missing_lines": 7, "excluded_lines": 0}, "missing_lines": [369, 372, 379, 380, 386, 387, 393], "excluded_lines": []}, "TrustBuildingEngine._determine_sharing_approach": {"executed_lines": [], "summary": {"covered_lines": 0, "num_statements": 7, "percent_covered": 0.0, "percent_covered_display": "0", "missing_lines": 7, "excluded_lines": 0}, "missing_lines": [397, 398, 399, 400, 401, 402, 404], "excluded_lines": []}, "TrustBuildingEngine._calculate_appropriateness": {"executed_lines": [], "summary": {"covered_lines": 0, "num_statements": 8, "percent_covered": 0.0, "percent_covered_display": "0", "missing_lines": 8, "excluded_lines": 0}, "missing_lines": [408, 411, 414, 415, 416, 417, 418, 420], "excluded_lines": []}, "TrustBuildingEngine.generate_trust_repair_action": {"executed_lines": [], "summary": {"covered_lines": 0, "num_statements": 10, "percent_covered": 0.0, "percent_covered_display": "0", "missing_lines": 10, "excluded_lines": 0}, "missing_lines": [431, 432, 433, 434, 435, 436, 438, 441, 444, 446], "excluded_lines": []}, "TrustBuildingEngine._generate_repair_description": {"executed_lines": [], "summary": {"covered_lines": 0, "num_statements": 2, "percent_covered": 0.0, "percent_covered_display": "0", "missing_lines": 2, "excluded_lines": 0}, "missing_lines": [459, 466], "excluded_lines": []}, "TrustBuildingEngine._generate_repair_response": {"executed_lines": [], "summary": {"covered_lines": 0, "num_statements": 10, "percent_covered": 0.0, "percent_covered_display": "0", "missing_lines": 10, "excluded_lines": 0}, "missing_lines": [470, 472, 473, 475, 476, 478, 479, 481, 482, 484], "excluded_lines": []}, "TrustBuildingEngine.generate_trust_building_prompt": {"executed_lines": [], "summary": {"covered_lines": 0, "num_statements": 9, "percent_covered": 0.0, "percent_covered_display": "0", "missing_lines": 9, "excluded_lines": 0}, "missing_lines": [493, 494, 496, 497, 499, 500, 502, 503, 505], "excluded_lines": []}, "TrustBuildingEngine._generate_vulnerability_prompt": {"executed_lines": [], "summary": {"covered_lines": 0, "num_statements": 3, "percent_covered": 0.0, "percent_covered_display": "0", "missing_lines": 3, "excluded_lines": 0}, "missing_lines": [509, 517, 524], "excluded_lines": []}, "TrustBuildingEngine._generate_validation_prompt": {"executed_lines": [], "summary": {"covered_lines": 0, "num_statements": 1, "percent_covered": 0.0, "percent_covered_display": "0", "missing_lines": 1, "excluded_lines": 0}, "missing_lines": [539], "excluded_lines": []}, "TrustBuildingEngine._generate_consistency_prompt": {"executed_lines": [], "summary": {"covered_lines": 0, "num_statements": 1, "percent_covered": 0.0, "percent_covered_display": "0", "missing_lines": 1, "excluded_lines": 0}, "missing_lines": [556], "excluded_lines": []}, "TrustBuildingEngine._generate_reliability_prompt": {"executed_lines": [], "summary": {"covered_lines": 0, "num_statements": 1, "percent_covered": 0.0, "percent_covered_display": "0", "missing_lines": 1, "excluded_lines": 0}, "missing_lines": [573], "excluded_lines": []}, "": {"executed_lines": [1, 12, 13, 14, 15, 16, 17, 18, 19, 21, 24, 25, 26, 27, 28, 29, 30, 31, 32, 33, 34, 35, 38, 39, 40, 41, 42, 43, 44, 47, 48, 49, 50, 51, 52, 53, 56, 57, 58, 59, 60, 61, 62, 63, 64, 65, 66, 67, 70, 71, 72, 73, 74, 75, 76, 77, 78, 79, 82, 83, 84, 85, 86, 87, 88, 89, 90, 91, 92, 95, 96, 97, 98, 99, 100, 101, 102, 103, 106, 107, 108, 109, 110, 111, 112, 113, 114, 115, 116, 117, 118, 121, 122, 124, 203, 256, 274, 289, 297, 347, 367, 395, 406, 422, 457, 468, 486, 507, 537, 554, 571, 589], "summary": {"covered_lines": 102, "num_statements": 102, "percent_covered": 100.0, "percent_covered_display": "100", "missing_lines": 0, "excluded_lines": 0}, "missing_lines": [], "excluded_lines": []}}, "classes": {"TrustBuildingStrategy": {"executed_lines": [], "summary": {"covered_lines": 0, "num_statements": 0, "percent_covered": 100.0, "percent_covered_display": "100", "missing_lines": 0, "excluded_lines": 0}, "missing_lines": [], "excluded_lines": []}, "VulnerabilityLevel": {"executed_lines": [], "summary": {"covered_lines": 0, "num_statements": 0, "percent_covered": 100.0, "percent_covered_display": "100", "missing_lines": 0, "excluded_lines": 0}, "missing_lines": [], "excluded_lines": []}, "TrustRepairType": {"executed_lines": [], "summary": {"covered_lines": 0, "num_statements": 0, "percent_covered": 100.0, "percent_covered_display": "100", "missing_lines": 0, "excluded_lines": 0}, "missing_lines": [], "excluded_lines": []}, "TrustBuildingOpportunity": {"executed_lines": [], "summary": {"covered_lines": 0, "num_statements": 0, "percent_covered": 100.0, "percent_covered_display": "100", "missing_lines": 0, "excluded_lines": 0}, "missing_lines": [], "excluded_lines": []}, "VulnerabilityShare": {"executed_lines": [], "summary": {"covered_lines": 0, "num_statements": 0, "percent_covered": 100.0, "percent_covered_display": "100", "missing_lines": 0, "excluded_lines": 0}, "missing_lines": [], "excluded_lines": []}, "TrustRepairAction": {"executed_lines": [], "summary": {"covered_lines": 0, "num_statements": 0, "percent_covered": 100.0, "percent_covered_display": "100", "missing_lines": 0, "excluded_lines": 0}, "missing_lines": [], "excluded_lines": []}, "ConsistencyTracker": {"executed_lines": [], "summary": {"covered_lines": 0, "num_statements": 0, "percent_covered": 100.0, "percent_covered_display": "100", "missing_lines": 0, "excluded_lines": 0}, "missing_lines": [], "excluded_lines": []}, "TrustBuildingContext": {"executed_lines": [], "summary": {"covered_lines": 0, "num_statements": 0, "percent_covered": 100.0, "percent_covered_display": "100", "missing_lines": 0, "excluded_lines": 0}, "missing_lines": [], "excluded_lines": []}, "TrustBuildingEngine": {"executed_lines": [125, 148, 171, 194], "summary": {"covered_lines": 4, "num_statements": 109, "percent_covered": 3.669724770642202, "percent_covered_display": "4", "missing_lines": 105, "excluded_lines": 0}, "missing_lines": [213, 214, 227, 228, 241, 242, 254, 258, 264, 265, 268, 270, 276, 282, 283, 285, 287, 292, 293, 295, 307, 308, 309, 310, 311, 312, 313, 314, 316, 319, 322, 326, 327, 329, 332, 335, 337, 349, 352, 354, 355, 357, 359, 362, 363, 365, 369, 372, 379, 380, 386, 387, 393, 397, 398, 399, 400, 401, 402, 404, 408, 411, 414, 415, 416, 417, 418, 420, 431, 432, 433, 434, 435, 436, 438, 441, 444, 446, 459, 466, 470, 472, 473, 475, 476, 478, 479, 481, 482, 484, 493, 494, 496, 497, 499, 500, 502, 503, 505, 509, 517, 524, 539, 556, 573], "excluded_lines": []}, "": {"executed_lines": [1, 12, 13, 14, 15, 16, 17, 18, 19, 21, 24, 25, 26, 27, 28, 29, 30, 31, 32, 33, 34, 35, 38, 39, 40, 41, 42, 43, 44, 47, 48, 49, 50, 51, 52, 53, 56, 57, 58, 59, 60, 61, 62, 63, 64, 65, 66, 67, 70, 71, 72, 73, 74, 75, 76, 77, 78, 79, 82, 83, 84, 85, 86, 87, 88, 89, 90, 91, 92, 95, 96, 97, 98, 99, 100, 101, 102, 103, 106, 107, 108, 109, 110, 111, 112, 113, 114, 115, 116, 117, 118, 121, 122, 124, 203, 256, 274, 289, 297, 347, 367, 395, 406, 422, 457, 468, 486, 507, 537, 554, 571, 589], "summary": {"covered_lines": 102, "num_statements": 102, "percent_covered": 100.0, "percent_covered_display": "100", "missing_lines": 0, "excluded_lines": 0}, "missing_lines": [], "excluded_lines": []}}}, "app\\services\\web_search.py": {"executed_lines": [1, 6, 7, 8, 9, 10, 12, 15, 16, 18, 19, 20, 22, 82, 131, 170, 224, 264, 270], "summary": {"covered_lines": 17, "num_statements": 103, "percent_covered": 16.50485436893204, "percent_covered_display": "17", "missing_lines": 86, "excluded_lines": 0}, "missing_lines": [33, 35, 36, 38, 40, 41, 43, 44, 47, 48, 58, 59, 60, 70, 71, 74, 76, 78, 79, 80, 86, 88, 89, 91, 101, 102, 105, 106, 109, 110, 112, 113, 114, 115, 116, 125, 127, 128, 129, 141, 143, 144, 146, 148, 149, 151, 153, 154, 155, 164, 166, 167, 168, 183, 185, 186, 188, 193, 194, 197, 198, 201, 202, 204, 206, 207, 209, 218, 220, 221, 222, 234, 236, 238, 240, 241, 243, 245, 246, 247, 249, 258, 260, 261, 262, 266], "excluded_lines": [], "functions": {"WebSearchService.__init__": {"executed_lines": [19, 20], "summary": {"covered_lines": 2, "num_statements": 2, "percent_covered": 100.0, "percent_covered_display": "100", "missing_lines": 0, "excluded_lines": 0}, "missing_lines": [], "excluded_lines": []}, "WebSearchService.search_web": {"executed_lines": [], "summary": {"covered_lines": 0, "num_statements": 20, "percent_covered": 0.0, "percent_covered_display": "0", "missing_lines": 20, "excluded_lines": 0}, "missing_lines": [33, 35, 36, 38, 40, 41, 43, 44, 47, 48, 58, 59, 60, 70, 71, 74, 76, 78, 79, 80], "excluded_lines": []}, "WebSearchService._search_with_alternative_method": {"executed_lines": [], "summary": {"covered_lines": 0, "num_statements": 19, "percent_covered": 0.0, "percent_covered_display": "0", "missing_lines": 19, "excluded_lines": 0}, "missing_lines": [86, 88, 89, 91, 101, 102, 105, 106, 109, 110, 112, 113, 114, 115, 116, 125, 127, 128, 129], "excluded_lines": []}, "WebSearchService.get_current_weather": {"executed_lines": [], "summary": {"covered_lines": 0, "num_statements": 14, "percent_covered": 0.0, "percent_covered_display": "0", "missing_lines": 14, "excluded_lines": 0}, "missing_lines": [141, 143, 144, 146, 148, 149, 151, 153, 154, 155, 164, 166, 167, 168], "excluded_lines": []}, "WebSearchService.get_news_headlines": {"executed_lines": [], "summary": {"covered_lines": 0, "num_statements": 18, "percent_covered": 0.0, "percent_covered_display": "0", "missing_lines": 18, "excluded_lines": 0}, "missing_lines": [183, 185, 186, 188, 193, 194, 197, 198, 201, 202, 204, 206, 207, 209, 218, 220, 221, 222], "excluded_lines": []}, "WebSearchService.get_stock_price": {"executed_lines": [], "summary": {"covered_lines": 0, "num_statements": 14, "percent_covered": 0.0, "percent_covered_display": "0", "missing_lines": 14, "excluded_lines": 0}, "missing_lines": [234, 236, 238, 240, 241, 243, 245, 246, 247, 249, 258, 260, 261, 262], "excluded_lines": []}, "WebSearchService.close": {"executed_lines": [], "summary": {"covered_lines": 0, "num_statements": 1, "percent_covered": 0.0, "percent_covered_display": "0", "missing_lines": 1, "excluded_lines": 0}, "missing_lines": [266], "excluded_lines": []}, "": {"executed_lines": [1, 6, 7, 8, 9, 10, 12, 15, 16, 18, 22, 82, 131, 170, 224, 264, 270], "summary": {"covered_lines": 15, "num_statements": 15, "percent_covered": 100.0, "percent_covered_display": "100", "missing_lines": 0, "excluded_lines": 0}, "missing_lines": [], "excluded_lines": []}}, "classes": {"WebSearchService": {"executed_lines": [19, 20], "summary": {"covered_lines": 2, "num_statements": 88, "percent_covered": 2.272727272727273, "percent_covered_display": "2", "missing_lines": 86, "excluded_lines": 0}, "missing_lines": [33, 35, 36, 38, 40, 41, 43, 44, 47, 48, 58, 59, 60, 70, 71, 74, 76, 78, 79, 80, 86, 88, 89, 91, 101, 102, 105, 106, 109, 110, 112, 113, 114, 115, 116, 125, 127, 128, 129, 141, 143, 144, 146, 148, 149, 151, 153, 154, 155, 164, 166, 167, 168, 183, 185, 186, 188, 193, 194, 197, 198, 201, 202, 204, 206, 207, 209, 218, 220, 221, 222, 234, 236, 238, 240, 241, 243, 245, 246, 247, 249, 258, 260, 261, 262, 266], "excluded_lines": []}, "": {"executed_lines": [1, 6, 7, 8, 9, 10, 12, 15, 16, 18, 22, 82, 131, 170, 224, 264, 270], "summary": {"covered_lines": 15, "num_statements": 15, "percent_covered": 100.0, "percent_covered_display": "100", "missing_lines": 0, "excluded_lines": 0}, "missing_lines": [], "excluded_lines": []}}}}, "totals": {"covered_lines": 5156, "num_statements": 17380, "percent_covered": 29.666283084004604, "percent_covered_display": "30", "missing_lines": 12224, "excluded_lines": 3}}