TN:
SF:src\components\ErrorBoundary.tsx
FN:22,(anonymous_0)
FN:27,(anonymous_1)
FN:31,(anonymous_2)
FN:41,(anonymous_3)
FN:45,(anonymous_4)
FNF:5
FNH:0
FNDA:0,(anonymous_0)
FNDA:0,(anonymous_1)
FNDA:0,(anonymous_2)
FNDA:0,(anonymous_3)
FNDA:0,(anonymous_4)
DA:23,0
DA:24,0
DA:28,0
DA:32,0
DA:35,0
DA:41,0
DA:42,0
DA:46,0
DA:47,0
DA:48,0
DA:51,0
DA:68,0
DA:72,0
LF:13
LH:0
BRDA:46,0,0,0
BRDA:46,0,1,0
BRDA:47,1,0,0
BRDA:47,1,1,0
BRDA:57,2,0,0
BRDA:57,2,1,0
BRF:6
BRH:0
end_of_record
TN:
SF:src\components\ErrorDisplay.tsx
FN:14,ErrorDisplay
FN:23,(anonymous_1)
FN:36,(anonymous_2)
FN:52,(anonymous_3)
FN:63,(anonymous_4)
FN:78,(anonymous_5)
FNF:6
FNH:0
FNDA:0,ErrorDisplay
FNDA:0,(anonymous_1)
FNDA:0,(anonymous_2)
FNDA:0,(anonymous_3)
FNDA:0,(anonymous_4)
FNDA:0,(anonymous_5)
DA:15,0
DA:17,0
DA:18,0
DA:21,0
DA:23,0
DA:24,0
DA:26,0
DA:28,0
DA:30,0
DA:32,0
DA:36,0
DA:37,0
DA:39,0
DA:41,0
DA:43,0
DA:45,0
DA:49,0
DA:53,0
DA:63,0
DA:78,0
DA:90,0
LF:21
LH:0
BRDA:14,0,0,0
BRDA:14,1,0,0
BRDA:17,2,0,0
BRDA:17,2,1,0
BRDA:24,3,0,0
BRDA:24,3,1,0
BRDA:24,3,2,0
BRDA:24,3,3,0
BRDA:37,4,0,0
BRDA:37,4,1,0
BRDA:37,4,2,0
BRDA:37,4,3,0
BRDA:71,5,0,0
BRDA:71,5,1,0
BRDA:75,6,0,0
BRDA:75,6,1,0
BRDA:75,6,2,0
BRF:17
BRH:0
end_of_record
TN:
SF:src\components\ai\AIInsightsCard.tsx
FN:22,AIInsightsCard
FN:33,(anonymous_1)
FN:56,(anonymous_2)
FN:60,(anonymous_3)
FN:69,(anonymous_4)
FN:78,(anonymous_5)
FN:87,(anonymous_6)
FN:94,(anonymous_7)
FN:101,(anonymous_8)
FN:105,(anonymous_9)
FN:137,(anonymous_10)
FN:164,(anonymous_11)
FN:174,(anonymous_12)
FN:178,(anonymous_13)
FN:230,(anonymous_14)
FN:241,(anonymous_15)
FN:252,(anonymous_16)
FN:268,(anonymous_17)
FN:282,(anonymous_18)
FN:296,(anonymous_19)
FNF:20
FNH:0
FNDA:0,AIInsightsCard
FNDA:0,(anonymous_1)
FNDA:0,(anonymous_2)
FNDA:0,(anonymous_3)
FNDA:0,(anonymous_4)
FNDA:0,(anonymous_5)
FNDA:0,(anonymous_6)
FNDA:0,(anonymous_7)
FNDA:0,(anonymous_8)
FNDA:0,(anonymous_9)
FNDA:0,(anonymous_10)
FNDA:0,(anonymous_11)
FNDA:0,(anonymous_12)
FNDA:0,(anonymous_13)
FNDA:0,(anonymous_14)
FNDA:0,(anonymous_15)
FNDA:0,(anonymous_16)
FNDA:0,(anonymous_17)
FNDA:0,(anonymous_18)
FNDA:0,(anonymous_19)
DA:27,0
DA:28,0
DA:29,0
DA:30,0
DA:31,0
DA:33,0
DA:34,0
DA:35,0
DA:36,0
DA:42,0
DA:43,0
DA:44,0
DA:48,0
DA:49,0
DA:50,0
DA:52,0
DA:56,0
DA:57,0
DA:60,0
DA:61,0
DA:62,0
DA:63,0
DA:64,0
DA:65,0
DA:69,0
DA:70,0
DA:71,0
DA:72,0
DA:73,0
DA:74,0
DA:78,0
DA:79,0
DA:80,0
DA:81,0
DA:82,0
DA:83,0
DA:87,0
DA:88,0
DA:89,0
DA:90,0
DA:94,0
DA:95,0
DA:96,0
DA:97,0
DA:101,0
DA:102,0
DA:105,0
DA:137,0
DA:138,0
DA:165,0
DA:174,0
DA:175,0
DA:178,0
DA:205,0
DA:206,0
DA:214,0
DA:231,0
DA:232,0
DA:242,0
DA:243,0
DA:253,0
DA:254,0
DA:268,0
DA:282,0
DA:296,0
DA:311,0
LF:66
LH:0
BRDA:25,0,0,0
BRDA:42,1,0,0
BRDA:42,1,1,0
BRDA:43,2,0,0
BRDA:43,2,1,0
BRDA:44,3,0,0
BRDA:44,3,1,0
BRDA:61,4,0,0
BRDA:61,4,1,0
BRDA:61,4,2,0
BRDA:61,4,3,0
BRDA:70,5,0,0
BRDA:70,5,1,0
BRDA:70,5,2,0
BRDA:70,5,3,0
BRDA:79,6,0,0
BRDA:79,6,1,0
BRDA:79,6,2,0
BRDA:79,6,3,0
BRDA:89,7,0,0
BRDA:89,7,1,0
BRDA:96,8,0,0
BRDA:96,8,1,0
BRDA:103,9,0,0
BRDA:103,9,1,0
BRDA:130,10,0,0
BRDA:130,10,1,0
BRDA:138,11,0,0
BRDA:138,11,1,0
BRDA:161,12,0,0
BRDA:161,12,1,0
BRDA:161,12,2,0
BRDA:176,13,0,0
BRDA:176,13,1,0
BRDA:184,14,0,0
BRDA:184,14,1,0
BRDA:205,15,0,0
BRDA:205,15,1,0
BRDA:229,16,0,0
BRDA:229,16,1,0
BRDA:235,17,0,0
BRDA:235,17,1,0
BRDA:240,18,0,0
BRDA:240,18,1,0
BRDA:246,19,0,0
BRDA:246,19,1,0
BRDA:251,20,0,0
BRDA:251,20,1,0
BRDA:257,21,0,0
BRDA:257,21,1,0
BRDA:265,22,0,0
BRDA:265,22,1,0
BRDA:267,23,0,0
BRDA:267,23,1,0
BRDA:279,24,0,0
BRDA:279,24,1,0
BRDA:281,25,0,0
BRDA:281,25,1,0
BRDA:293,26,0,0
BRDA:293,26,1,0
BRDA:295,27,0,0
BRDA:295,27,1,0
BRF:62
BRH:0
end_of_record
TN:
SF:src\components\bodyType\BodyTypeProgressCard.tsx
FN:17,BodyTypeProgressCard
FN:23,(anonymous_1)
FN:27,(anonymous_2)
FN:69,(anonymous_3)
FN:82,(anonymous_4)
FN:120,(anonymous_5)
FNF:6
FNH:0
FNDA:0,BodyTypeProgressCard
FNDA:0,(anonymous_1)
FNDA:0,(anonymous_2)
FNDA:0,(anonymous_3)
FNDA:0,(anonymous_4)
FNDA:0,(anonymous_5)
DA:18,0
DA:19,0
DA:20,0
DA:21,0
DA:23,0
DA:24,0
DA:27,0
DA:28,0
DA:29,0
DA:32,0
DA:33,0
DA:35,0
DA:36,0
DA:37,0
DA:38,0
DA:42,0
DA:43,0
DA:55,0
DA:62,0
DA:69,0
DA:70,0
DA:72,0
DA:74,0
DA:76,0
DA:78,0
DA:82,0
DA:83,0
DA:85,0
DA:87,0
DA:89,0
DA:91,0
DA:95,0
DA:96,0
DA:110,0
DA:111,0
DA:113,0
DA:120,0
DA:178,0
LF:38
LH:0
BRDA:36,0,0,0
BRDA:36,0,1,0
BRDA:42,1,0,0
BRDA:42,1,1,0
BRDA:44,2,0,0
BRDA:44,2,1,0
BRDA:45,3,0,0
BRDA:45,3,1,0
BRDA:46,4,0,0
BRDA:46,4,1,0
BRDA:47,5,0,0
BRDA:47,5,1,0
BRDA:48,6,0,0
BRDA:48,6,1,0
BRDA:70,7,0,0
BRDA:70,7,1,0
BRDA:70,7,2,0
BRDA:70,7,3,0
BRDA:83,8,0,0
BRDA:83,8,1,0
BRDA:83,8,2,0
BRDA:83,8,3,0
BRDA:95,9,0,0
BRDA:95,9,1,0
BRDA:95,10,0,0
BRDA:95,10,1,0
BRDA:95,10,2,0
BRDA:110,11,0,0
BRDA:110,11,1,0
BRDA:111,12,0,0
BRDA:111,12,1,0
BRDA:133,13,0,0
BRDA:133,13,1,0
BRDA:142,14,0,0
BRDA:142,14,1,0
BRDA:151,15,0,0
BRDA:151,15,1,0
BRDA:161,16,0,0
BRDA:161,16,1,0
BRDA:166,17,0,0
BRDA:166,17,1,0
BRDA:166,17,2,0
BRF:42
BRH:0
end_of_record
TN:
SF:src\components\bodyType\BodyTypeProgressDashboard.tsx
FN:26,BodyTypeProgressDashboard
FN:48,(anonymous_1)
FN:59,(anonymous_2)
FN:72,(anonymous_3)
FN:85,(anonymous_4)
FN:117,(anonymous_5)
FN:151,(anonymous_6)
FN:155,(anonymous_7)
FN:160,(anonymous_8)
FN:196,(anonymous_9)
FN:218,(anonymous_10)
FN:228,(anonymous_11)
FN:254,(anonymous_12)
FN:257,(anonymous_13)
FN:277,(anonymous_14)
FN:289,(anonymous_15)
FN:303,(anonymous_16)
FNF:17
FNH:0
FNDA:0,BodyTypeProgressDashboard
FNDA:0,(anonymous_1)
FNDA:0,(anonymous_2)
FNDA:0,(anonymous_3)
FNDA:0,(anonymous_4)
FNDA:0,(anonymous_5)
FNDA:0,(anonymous_6)
FNDA:0,(anonymous_7)
FNDA:0,(anonymous_8)
FNDA:0,(anonymous_9)
FNDA:0,(anonymous_10)
FNDA:0,(anonymous_11)
FNDA:0,(anonymous_12)
FNDA:0,(anonymous_13)
FNDA:0,(anonymous_14)
FNDA:0,(anonymous_15)
FNDA:0,(anonymous_16)
DA:38,0
DA:45,0
DA:46,0
DA:48,0
DA:49,0
DA:50,0
DA:51,0
DA:52,0
DA:53,0
DA:54,0
DA:56,0
DA:59,0
DA:60,0
DA:62,0
DA:64,0
DA:66,0
DA:68,0
DA:72,0
DA:73,0
DA:75,0
DA:77,0
DA:79,0
DA:81,0
DA:85,0
DA:86,0
DA:87,0
DA:89,0
DA:117,0
DA:118,0
DA:120,0
DA:121,0
DA:123,0
DA:151,0
DA:152,0
DA:155,0
DA:157,0
DA:160,0
DA:161,0
DA:162,0
DA:163,0
DA:164,0
DA:165,0
DA:168,0
DA:170,0
DA:196,0
DA:218,0
DA:220,0
DA:221,0
DA:222,0
DA:224,0
DA:229,0
DA:230,0
DA:232,0
DA:254,0
DA:255,0
DA:257,0
DA:258,0
DA:259,0
DA:260,0
DA:261,0
DA:263,0
DA:267,0
DA:278,0
DA:289,0
DA:290,0
DA:304,0
DA:315,0
DA:316,0
DA:323,0
DA:349,0
LF:70
LH:0
BRDA:49,0,0,0
BRDA:49,0,1,0
BRDA:49,1,0,0
BRDA:49,1,1,0
BRDA:51,2,0,0
BRDA:51,2,1,0
BRDA:51,3,0,0
BRDA:51,3,1,0
BRDA:53,4,0,0
BRDA:53,4,1,0
BRDA:53,5,0,0
BRDA:53,5,1,0
BRDA:60,6,0,0
BRDA:60,6,1,0
BRDA:60,6,2,0
BRDA:60,6,3,0
BRDA:73,7,0,0
BRDA:73,7,1,0
BRDA:73,7,2,0
BRDA:73,7,3,0
BRDA:86,8,0,0
BRDA:86,8,1,0
BRDA:87,9,0,0
BRDA:87,9,1,0
BRDA:103,10,0,0
BRDA:103,10,1,0
BRDA:118,11,0,0
BRDA:118,11,1,0
BRDA:152,12,0,0
BRDA:152,12,1,0
BRDA:157,13,0,0
BRDA:157,13,1,0
BRDA:157,14,0,0
BRDA:157,14,1,0
BRDA:157,15,0,0
BRDA:157,15,1,0
BRDA:162,16,0,0
BRDA:162,16,1,0
BRDA:162,17,0,0
BRDA:162,17,1,0
BRDA:163,18,0,0
BRDA:163,18,1,0
BRDA:163,19,0,0
BRDA:163,19,1,0
BRDA:164,20,0,0
BRDA:164,20,1,0
BRDA:168,21,0,0
BRDA:168,21,1,0
BRDA:180,22,0,0
BRDA:180,22,1,0
BRDA:193,23,0,0
BRDA:193,23,1,0
BRDA:202,24,0,0
BRDA:202,24,1,0
BRDA:205,25,0,0
BRDA:205,25,1,0
BRDA:206,26,0,0
BRDA:206,26,1,0
BRDA:209,27,0,0
BRDA:209,27,1,0
BRDA:220,28,0,0
BRDA:220,28,1,0
BRDA:239,29,0,0
BRDA:239,29,1,0
BRDA:255,30,0,0
BRDA:255,30,1,0
BRDA:258,31,0,0
BRDA:258,31,1,0
BRDA:260,32,0,0
BRDA:260,32,1,0
BRDA:275,33,0,0
BRDA:275,33,1,0
BRDA:315,34,0,0
BRDA:315,34,1,0
BRDA:338,35,0,0
BRDA:338,35,1,0
BRF:76
BRH:0
end_of_record
TN:
SF:src\components\bodyType\BodyTypeScoringDashboard.tsx
FN:25,BodyTypeScoringDashboard
FN:32,(anonymous_1)
FN:37,(anonymous_2)
FN:41,(anonymous_3)
FN:60,(anonymous_4)
FN:73,(anonymous_5)
FN:86,(anonymous_6)
FN:139,(anonymous_7)
FN:151,(anonymous_8)
FN:164,(anonymous_9)
FN:178,(anonymous_10)
FNF:11
FNH:0
FNDA:0,BodyTypeScoringDashboard
FNDA:0,(anonymous_1)
FNDA:0,(anonymous_2)
FNDA:0,(anonymous_3)
FNDA:0,(anonymous_4)
FNDA:0,(anonymous_5)
FNDA:0,(anonymous_6)
FNDA:0,(anonymous_7)
FNDA:0,(anonymous_8)
FNDA:0,(anonymous_9)
FNDA:0,(anonymous_10)
DA:32,0
DA:33,0
DA:34,0
DA:35,0
DA:37,0
DA:38,0
DA:41,0
DA:42,0
DA:43,0
DA:44,0
DA:45,0
DA:46,0
DA:49,0
DA:50,0
DA:51,0
DA:56,0
DA:60,0
DA:61,0
DA:63,0
DA:65,0
DA:67,0
DA:69,0
DA:73,0
DA:74,0
DA:76,0
DA:78,0
DA:80,0
DA:82,0
DA:86,0
DA:87,0
DA:89,0
DA:90,0
DA:92,0
DA:140,0
DA:151,0
DA:152,0
DA:154,0
DA:165,0
DA:178,0
DA:179,0
DA:180,0
DA:192,0
DA:193,0
DA:205,0
DA:206,0
DA:219,0
DA:222,0
DA:223,0
DA:231,0
DA:250,0
LF:50
LH:0
BRDA:44,0,0,0
BRDA:44,0,1,0
BRDA:49,1,0,0
BRDA:49,1,1,0
BRDA:61,2,0,0
BRDA:61,2,1,0
BRDA:61,2,2,0
BRDA:61,2,3,0
BRDA:74,3,0,0
BRDA:74,3,1,0
BRDA:74,3,2,0
BRDA:74,3,3,0
BRDA:86,4,0,0
BRDA:87,5,0,0
BRDA:87,5,1,0
BRDA:136,6,0,0
BRDA:136,6,1,0
BRDA:167,7,0,0
BRDA:167,7,1,0
BRDA:168,8,0,0
BRDA:168,8,1,0
BRDA:179,9,0,0
BRDA:179,9,1,0
BRDA:179,10,0,0
BRDA:179,10,1,0
BRDA:192,11,0,0
BRDA:192,11,1,0
BRDA:192,12,0,0
BRDA:192,12,1,0
BRDA:205,13,0,0
BRDA:205,13,1,0
BRDA:205,14,0,0
BRDA:205,14,1,0
BRDA:222,15,0,0
BRDA:222,15,1,0
BRDA:236,16,0,0
BRDA:236,16,1,0
BRF:37
BRH:0
end_of_record
TN:
SF:src\components\bodyType\ScoringCard.tsx
FN:16,ScoringCard
FN:17,(anonymous_1)
FN:30,(anonymous_2)
FN:46,(anonymous_3)
FN:97,(anonymous_4)
FNF:5
FNH:0
FNDA:0,ScoringCard
FNDA:0,(anonymous_1)
FNDA:0,(anonymous_2)
FNDA:0,(anonymous_3)
FNDA:0,(anonymous_4)
DA:17,0
DA:18,0
DA:20,0
DA:22,0
DA:24,0
DA:26,0
DA:30,0
DA:31,0
DA:33,0
DA:35,0
DA:37,0
DA:39,0
DA:43,0
DA:44,0
DA:46,0
DA:47,0
DA:98,0
DA:110,0
DA:111,0
DA:118,0
DA:121,0
LF:21
LH:0
BRDA:16,0,0,0
BRDA:18,1,0,0
BRDA:18,1,1,0
BRDA:18,1,2,0
BRDA:18,1,3,0
BRDA:31,2,0,0
BRDA:31,2,1,0
BRDA:31,2,2,0
BRDA:31,2,3,0
BRDA:47,3,0,0
BRDA:47,3,1,0
BRDA:49,4,0,0
BRDA:49,4,1,0
BRDA:51,5,0,0
BRDA:51,5,1,0
BRDA:52,6,0,0
BRDA:52,6,1,0
BRDA:60,7,0,0
BRDA:60,7,1,0
BRDA:61,8,0,0
BRDA:61,8,1,0
BRDA:64,9,0,0
BRDA:64,9,1,0
BRDA:90,10,0,0
BRDA:90,10,1,0
BRDA:94,11,0,0
BRDA:94,11,1,0
BRDA:110,12,0,0
BRDA:110,12,1,0
BRF:29
BRH:0
end_of_record
TN:
SF:src\components\common\CalendarComponent.tsx
FN:21,(anonymous_0)
FN:37,(anonymous_1)
FN:60,(anonymous_2)
FN:66,(anonymous_3)
FN:72,(anonymous_4)
FN:77,(anonymous_5)
FN:81,(anonymous_6)
FN:101,(anonymous_7)
FN:110,(anonymous_8)
FN:121,(anonymous_9)
FN:128,(anonymous_10)
FN:146,(anonymous_11)
FN:157,(anonymous_12)
FN:164,(anonymous_13)
FN:182,(anonymous_14)
FN:189,(anonymous_15)
FN:197,(anonymous_16)
FNF:17
FNH:0
FNDA:0,(anonymous_0)
FNDA:0,(anonymous_1)
FNDA:0,(anonymous_2)
FNDA:0,(anonymous_3)
FNDA:0,(anonymous_4)
FNDA:0,(anonymous_5)
FNDA:0,(anonymous_6)
FNDA:0,(anonymous_7)
FNDA:0,(anonymous_8)
FNDA:0,(anonymous_9)
FNDA:0,(anonymous_10)
FNDA:0,(anonymous_11)
FNDA:0,(anonymous_12)
FNDA:0,(anonymous_13)
FNDA:0,(anonymous_14)
FNDA:0,(anonymous_15)
FNDA:0,(anonymous_16)
DA:21,0
DA:27,0
DA:28,0
DA:29,0
DA:37,0
DA:38,0
DA:39,0
DA:40,0
DA:41,0
DA:42,0
DA:43,0
DA:45,0
DA:48,0
DA:49,0
DA:53,0
DA:54,0
DA:57,0
DA:60,0
DA:61,0
DA:62,0
DA:63,0
DA:66,0
DA:67,0
DA:68,0
DA:69,0
DA:72,0
DA:73,0
DA:74,0
DA:77,0
DA:78,0
DA:81,0
DA:82,0
DA:84,0
DA:85,0
DA:86,0
DA:87,0
DA:89,0
DA:92,0
DA:93,0
DA:97,0
DA:100,0
DA:101,0
DA:103,0
DA:110,0
DA:122,0
DA:128,0
DA:146,0
DA:158,0
DA:164,0
DA:183,0
DA:190,0
DA:197,0
DA:219,0
LF:53
LH:0
BRDA:24,0,0,0
BRDA:25,1,0,0
BRDA:82,2,0,0
BRDA:82,2,1,0
BRDA:118,3,0,0
BRDA:118,3,1,0
BRDA:126,4,0,0
BRDA:126,4,1,0
BRDA:132,5,0,0
BRDA:132,5,1,0
BRDA:154,6,0,0
BRDA:154,6,1,0
BRDA:162,7,0,0
BRDA:162,7,1,0
BRDA:168,8,0,0
BRDA:168,8,1,0
BRDA:194,9,0,0
BRDA:194,9,1,0
BRDA:194,9,2,0
BRDA:195,10,0,0
BRDA:195,10,1,0
BRDA:195,10,2,0
BRDA:197,11,0,0
BRDA:197,11,1,0
BRDA:200,12,0,0
BRDA:200,12,1,0
BRDA:203,13,0,0
BRDA:203,13,1,0
BRDA:204,14,0,0
BRDA:204,14,1,0
BRDA:205,15,0,0
BRDA:205,15,1,0
BRDA:206,16,0,0
BRDA:206,16,1,0
BRDA:206,16,2,0
BRDA:207,17,0,0
BRDA:207,17,1,0
BRDA:207,17,2,0
BRDA:207,17,3,0
BRF:39
BRH:0
end_of_record
TN:
SF:src\components\common\QuickAddModal.tsx
FN:27,QuickAddModal
FN:36,(anonymous_1)
FN:77,(anonymous_2)
FN:109,(anonymous_3)
FN:119,(anonymous_4)
FNF:5
FNH:0
FNDA:0,QuickAddModal
FNDA:0,(anonymous_1)
FNDA:0,(anonymous_2)
FNDA:0,(anonymous_3)
FNDA:0,(anonymous_4)
DA:25,0
DA:33,0
DA:34,0
DA:36,0
DA:37,0
DA:39,0
DA:54,0
DA:55,0
DA:58,0
DA:77,0
DA:78,0
DA:79,0
DA:82,0
DA:109,0
DA:119,0
DA:136,0
LF:16
LH:0
BRDA:37,0,0,0
BRDA:37,0,1,0
BRF:2
BRH:0
end_of_record
TN:
SF:src\components\dashboard\AchievementBadges.tsx
FN:82,AchievementBadges
FN:88,(anonymous_1)
FN:98,(anonymous_2)
FN:135,(anonymous_3)
FN:152,(anonymous_4)
FNF:5
FNH:0
FNDA:0,AchievementBadges
FNDA:0,(anonymous_1)
FNDA:0,(anonymous_2)
FNDA:0,(anonymous_3)
FNDA:0,(anonymous_4)
DA:35,0
DA:88,0
DA:89,0
DA:90,0
DA:91,0
DA:92,0
DA:93,0
DA:94,0
DA:98,0
DA:99,0
DA:100,0
DA:101,0
DA:102,0
DA:103,0
DA:107,0
DA:136,0
DA:137,0
DA:138,0
DA:142,0
DA:152,0
DA:229,0
LF:21
LH:0
BRDA:83,0,0,0
BRDA:89,1,0,0
BRDA:89,1,1,0
BRDA:89,1,2,0
BRDA:89,1,3,0
BRDA:89,1,4,0
BRDA:99,2,0,0
BRDA:99,2,1,0
BRDA:99,2,2,0
BRDA:99,2,3,0
BRDA:119,3,0,0
BRDA:119,3,1,0
BRDA:138,4,0,0
BRDA:138,4,1,0
BRDA:138,5,0,0
BRDA:138,5,1,0
BRDA:148,6,0,0
BRDA:148,6,1,0
BRDA:149,7,0,0
BRDA:149,7,1,0
BRDA:160,8,0,0
BRDA:160,8,1,0
BRDA:169,9,0,0
BRDA:169,9,1,0
BRDA:173,10,0,0
BRDA:173,10,1,0
BRDA:185,11,0,0
BRDA:185,11,1,0
BRDA:195,12,0,0
BRDA:195,12,1,0
BRDA:202,13,0,0
BRDA:202,13,1,0
BRDA:202,13,2,0
BRDA:202,13,3,0
BRF:34
BRH:0
end_of_record
TN:
SF:src\components\dashboard\BodyTypeHeroCard.tsx
FN:20,BodyTypeHeroCard
FN:31,(anonymous_1)
FN:40,(anonymous_2)
FN:48,(anonymous_3)
FN:144,(anonymous_4)
FN:148,(anonymous_5)
FNF:6
FNH:0
FNDA:0,BodyTypeHeroCard
FNDA:0,(anonymous_1)
FNDA:0,(anonymous_2)
FNDA:0,(anonymous_3)
FNDA:0,(anonymous_4)
FNDA:0,(anonymous_5)
DA:31,0
DA:32,0
DA:33,0
DA:34,0
DA:35,0
DA:36,0
DA:40,0
DA:41,0
DA:42,0
DA:43,0
DA:44,0
DA:48,0
DA:49,0
DA:50,0
DA:51,0
DA:52,0
DA:56,0
DA:57,0
DA:59,0
DA:145,0
DA:148,0
DA:161,0
LF:22
LH:0
BRDA:32,0,0,0
BRDA:32,0,1,0
BRDA:32,0,2,0
BRDA:32,0,3,0
BRDA:41,1,0,0
BRDA:41,1,1,0
BRDA:41,1,2,0
BRDA:49,2,0,0
BRDA:49,2,1,0
BRDA:49,2,2,0
BRDA:91,3,0,0
BRDA:91,3,1,0
BRDA:91,4,0,0
BRDA:91,4,1,0
BRDA:140,5,0,0
BRDA:140,5,1,0
BRF:16
BRH:0
end_of_record
TN:
SF:src\components\dashboard\DailyStreaks.tsx
FN:74,DailyStreaks
FN:80,(anonymous_1)
FN:112,(anonymous_2)
FN:116,(anonymous_3)
FNF:4
FNH:0
FNDA:0,DailyStreaks
FNDA:0,(anonymous_1)
FNDA:0,(anonymous_2)
FNDA:0,(anonymous_3)
DA:31,0
DA:80,0
DA:81,0
DA:84,0
DA:113,0
DA:116,0
DA:156,0
LF:7
LH:0
BRDA:75,0,0,0
BRDA:96,1,0,0
BRDA:96,1,1,0
BRDA:114,2,0,0
BRDA:114,2,1,0
BRF:5
BRH:0
end_of_record
TN:
SF:src\components\dashboard\DashboardHeaderCard.tsx
FN:29,DashboardHeaderCard
FN:130,(anonymous_1)
FN:157,(anonymous_2)
FNF:3
FNH:0
FNDA:0,DashboardHeaderCard
FNDA:0,(anonymous_1)
FNDA:0,(anonymous_2)
DA:35,0
DA:37,0
DA:116,0
DA:131,0
DA:158,0
LF:5
LH:0
BRDA:32,0,0,0
BRDA:33,1,0,0
BRDA:93,2,0,0
BRDA:93,2,1,0
BRDA:96,3,0,0
BRDA:96,3,1,0
BRDA:97,4,0,0
BRDA:97,4,1,0
BRDA:98,5,0,0
BRDA:98,5,1,0
BRDA:119,6,0,0
BRDA:119,6,1,0
BRDA:119,6,2,0
BRDA:122,7,0,0
BRDA:122,7,1,0
BRDA:123,8,0,0
BRDA:123,8,1,0
BRDA:128,9,0,0
BRDA:128,9,1,0
BRDA:139,10,0,0
BRDA:139,10,1,0
BRDA:140,11,0,0
BRDA:140,11,1,0
BRDA:150,12,0,0
BRDA:150,12,1,0
BRDA:162,13,0,0
BRDA:162,13,1,0
BRF:27
BRH:0
end_of_record
TN:
SF:src\components\dashboard\HealthLoggingCards.tsx
FN:33,HealthLoggingCards
FN:43,(anonymous_1)
FN:47,(anonymous_2)
FN:51,(anonymous_3)
FN:62,(anonymous_4)
FN:87,(anonymous_5)
FNF:6
FNH:0
FNDA:0,HealthLoggingCards
FNDA:0,(anonymous_1)
FNDA:0,(anonymous_2)
FNDA:0,(anonymous_3)
FNDA:0,(anonymous_4)
FNDA:0,(anonymous_5)
DA:43,0
DA:44,0
DA:47,0
DA:48,0
DA:51,0
DA:52,0
DA:53,0
DA:54,0
DA:55,0
DA:56,0
DA:57,0
DA:58,0
DA:62,0
DA:63,0
DA:64,0
DA:65,0
DA:66,0
DA:67,0
DA:68,0
DA:69,0
DA:73,0
DA:88,0
DA:213,0
LF:23
LH:0
BRDA:44,0,0,0
BRDA:44,0,1,0
BRDA:48,1,0,0
BRDA:48,1,1,0
BRDA:52,2,0,0
BRDA:52,2,1,0
BRDA:52,2,2,0
BRDA:52,2,3,0
BRDA:52,2,4,0
BRDA:52,2,5,0
BRDA:63,3,0,0
BRDA:63,3,1,0
BRDA:63,3,2,0
BRDA:63,3,3,0
BRDA:63,3,4,0
BRDA:63,3,5,0
BRDA:86,4,0,0
BRDA:86,4,1,0
BRDA:98,5,0,0
BRDA:98,5,1,0
BRF:20
BRH:0
end_of_record
TN:
SF:src\components\dashboard\IntegratedStatsCard.tsx
FN:29,IntegratedStatsCard
FN:36,(anonymous_1)
FN:43,(anonymous_2)
FN:54,(anonymous_3)
FN:165,(anonymous_4)
FN:206,(anonymous_5)
FNF:6
FNH:0
FNDA:0,IntegratedStatsCard
FNDA:0,(anonymous_1)
FNDA:0,(anonymous_2)
FNDA:0,(anonymous_3)
FNDA:0,(anonymous_4)
FNDA:0,(anonymous_5)
DA:36,0
DA:37,0
DA:38,0
DA:39,0
DA:40,0
DA:43,0
DA:44,0
DA:45,0
DA:46,0
DA:47,0
DA:48,0
DA:49,0
DA:50,0
DA:54,0
DA:55,0
DA:56,0
DA:57,0
DA:58,0
DA:59,0
DA:60,0
DA:61,0
DA:65,0
DA:166,0
DA:207,0
DA:253,0
LF:25
LH:0
BRDA:38,0,0,0
BRDA:38,0,1,0
BRDA:39,1,0,0
BRDA:39,1,1,0
BRDA:44,2,0,0
BRDA:44,2,1,0
BRDA:44,2,2,0
BRDA:44,2,3,0
BRDA:44,2,4,0
BRDA:44,2,5,0
BRDA:55,3,0,0
BRDA:55,3,1,0
BRDA:55,3,2,0
BRDA:55,3,3,0
BRDA:55,3,4,0
BRDA:55,3,5,0
BRDA:171,4,0,0
BRDA:171,4,1,0
BRDA:212,5,0,0
BRDA:212,5,1,0
BRF:20
BRH:0
end_of_record
TN:
SF:src\components\dashboard\ManualExerciseLoggingCard.tsx
FN:38,ManualExerciseLoggingCard
FN:46,(anonymous_1)
FN:51,(anonymous_2)
FN:56,(anonymous_3)
FN:73,(anonymous_4)
FN:154,(anonymous_5)
FN:158,(anonymous_6)
FNF:7
FNH:0
FNDA:0,ManualExerciseLoggingCard
FNDA:0,(anonymous_1)
FNDA:0,(anonymous_2)
FNDA:0,(anonymous_3)
FNDA:0,(anonymous_4)
FNDA:0,(anonymous_5)
FNDA:0,(anonymous_6)
DA:43,0
DA:44,0
DA:46,0
DA:47,0
DA:48,0
DA:51,0
DA:52,0
DA:53,0
DA:56,0
DA:57,0
DA:59,0
DA:61,0
DA:63,0
DA:65,0
DA:67,0
DA:69,0
DA:73,0
DA:74,0
DA:76,0
DA:78,0
DA:80,0
DA:82,0
DA:84,0
DA:86,0
DA:90,0
DA:91,0
DA:105,0
DA:106,0
DA:125,0
DA:155,0
DA:158,0
DA:215,0
LF:32
LH:0
BRDA:57,0,0,0
BRDA:57,0,1,0
BRDA:57,0,2,0
BRDA:57,0,3,0
BRDA:57,0,4,0
BRDA:57,0,5,0
BRDA:74,1,0,0
BRDA:74,1,1,0
BRDA:74,1,2,0
BRDA:74,1,3,0
BRDA:74,1,4,0
BRDA:74,1,5,0
BRDA:90,2,0,0
BRDA:90,2,1,0
BRDA:105,3,0,0
BRDA:105,3,1,0
BRDA:105,4,0,0
BRDA:105,4,1,0
BRDA:141,5,0,0
BRDA:141,5,1,0
BRDA:144,6,0,0
BRDA:144,6,1,0
BRDA:172,7,0,0
BRDA:172,7,1,0
BRDA:172,7,2,0
BRDA:177,8,0,0
BRDA:177,8,1,0
BRDA:182,9,0,0
BRDA:182,9,1,0
BRDA:187,10,0,0
BRDA:187,10,1,0
BRDA:194,11,0,0
BRDA:194,11,1,0
BRF:33
BRH:0
end_of_record
TN:
SF:src\components\dashboard\PersonalizedWelcome.tsx
FN:15,PersonalizedWelcome
FN:21,(anonymous_1)
FN:28,(anonymous_2)
FN:35,(anonymous_3)
FNF:4
FNH:0
FNDA:0,PersonalizedWelcome
FNDA:0,(anonymous_1)
FNDA:0,(anonymous_2)
FNDA:0,(anonymous_3)
DA:21,0
DA:22,0
DA:23,0
DA:24,0
DA:25,0
DA:28,0
DA:29,0
DA:30,0
DA:31,0
DA:32,0
DA:35,0
DA:36,0
DA:37,0
DA:38,0
DA:41,0
DA:75,0
LF:16
LH:0
BRDA:23,0,0,0
BRDA:23,0,1,0
BRDA:24,1,0,0
BRDA:24,1,1,0
BRDA:29,2,0,0
BRDA:29,2,1,0
BRDA:30,3,0,0
BRDA:30,3,1,0
BRDA:31,4,0,0
BRDA:31,4,1,0
BRDA:36,5,0,0
BRDA:36,5,1,0
BRDA:37,6,0,0
BRDA:37,6,1,0
BRF:14
BRH:0
end_of_record
TN:
SF:src\components\dashboard\PredictiveInsights.tsx
FN:80,PredictiveInsights
FN:86,(anonymous_1)
FN:95,(anonymous_2)
FN:132,(anonymous_3)
FN:140,(anonymous_4)
FN:165,(anonymous_5)
FNF:6
FNH:0
FNDA:0,PredictiveInsights
FNDA:0,(anonymous_1)
FNDA:0,(anonymous_2)
FNDA:0,(anonymous_3)
FNDA:0,(anonymous_4)
FNDA:0,(anonymous_5)
DA:33,0
DA:86,0
DA:87,0
DA:88,0
DA:89,0
DA:90,0
DA:91,0
DA:95,0
DA:96,0
DA:97,0
DA:98,0
DA:99,0
DA:100,0
DA:104,0
DA:133,0
DA:134,0
DA:136,0
DA:140,0
DA:165,0
DA:180,0
LF:20
LH:0
BRDA:81,0,0,0
BRDA:87,1,0,0
BRDA:87,1,1,0
BRDA:87,1,2,0
BRDA:87,1,3,0
BRDA:96,2,0,0
BRDA:96,2,1,0
BRDA:96,2,2,0
BRDA:96,2,3,0
BRDA:116,3,0,0
BRDA:116,3,1,0
BRDA:161,4,0,0
BRDA:161,4,1,0
BRF:13
BRH:0
end_of_record
TN:
SF:src\components\dashboard\PriorityAIInsights.tsx
FN:24,PriorityAIInsights
FN:25,(anonymous_1)
FN:34,(anonymous_2)
FN:43,(anonymous_3)
FN:53,(anonymous_4)
FN:63,(anonymous_5)
FN:81,(anonymous_6)
FN:88,(anonymous_7)
FNF:8
FNH:0
FNDA:0,PriorityAIInsights
FNDA:0,(anonymous_1)
FNDA:0,(anonymous_2)
FNDA:0,(anonymous_3)
FNDA:0,(anonymous_4)
FNDA:0,(anonymous_5)
FNDA:0,(anonymous_6)
FNDA:0,(anonymous_7)
DA:25,0
DA:26,0
DA:27,0
DA:28,0
DA:29,0
DA:30,0
DA:34,0
DA:35,0
DA:36,0
DA:37,0
DA:38,0
DA:39,0
DA:43,0
DA:44,0
DA:45,0
DA:46,0
DA:47,0
DA:48,0
DA:49,0
DA:53,0
DA:54,0
DA:55,0
DA:56,0
DA:57,0
DA:58,0
DA:59,0
DA:63,0
DA:64,0
DA:65,0
DA:68,0
DA:82,0
DA:88,0
DA:154,0
LF:33
LH:0
BRDA:26,0,0,0
BRDA:26,0,1,0
BRDA:26,0,2,0
BRDA:26,0,3,0
BRDA:35,1,0,0
BRDA:35,1,1,0
BRDA:35,1,2,0
BRDA:35,1,3,0
BRDA:44,2,0,0
BRDA:44,2,1,0
BRDA:44,2,2,0
BRDA:44,2,3,0
BRDA:44,2,4,0
BRDA:54,3,0,0
BRDA:54,3,1,0
BRDA:54,3,2,0
BRDA:54,3,3,0
BRDA:54,3,4,0
BRDA:111,4,0,0
BRDA:111,4,1,0
BRF:20
BRH:0
end_of_record
TN:
SF:src\components\dashboard\QuickLoggingButtons.tsx
FN:29,QuickLoggingButtons
FN:74,(anonymous_1)
FNF:2
FNH:0
FNDA:0,QuickLoggingButtons
FNDA:0,(anonymous_1)
DA:35,0
DA:70,0
DA:75,0
DA:92,0
LF:4
LH:0
BRF:0
BRH:0
end_of_record
TN:
SF:src\components\dashboard\QuickStatsRow.tsx
FN:19,QuickStatsRow
FN:22,(anonymous_1)
FNF:2
FNH:0
FNDA:0,QuickStatsRow
FNDA:0,(anonymous_1)
DA:20,0
DA:23,0
DA:51,0
LF:3
LH:0
BRF:0
BRH:0
end_of_record
TN:
SF:src\components\dashboard\TrendAnalysis.tsx
FN:96,TrendAnalysis
FN:103,(anonymous_1)
FN:112,(anonymous_2)
FN:170,(anonymous_3)
FN:178,(anonymous_4)
FNF:5
FNH:0
FNDA:0,TrendAnalysis
FNDA:0,(anonymous_1)
FNDA:0,(anonymous_2)
FNDA:0,(anonymous_3)
FNDA:0,(anonymous_4)
DA:37,0
DA:103,0
DA:104,0
DA:105,0
DA:106,0
DA:107,0
DA:108,0
DA:112,0
DA:113,0
DA:116,0
DA:117,0
DA:121,0
DA:142,0
DA:171,0
DA:172,0
DA:174,0
DA:178,0
DA:227,0
LF:18
LH:0
BRDA:97,0,0,0
BRDA:104,1,0,0
BRDA:104,1,1,0
BRDA:104,1,2,0
BRDA:104,1,3,0
BRDA:113,2,0,0
BRDA:113,2,1,0
BRDA:116,3,0,0
BRDA:116,3,1,0
BRDA:117,4,0,0
BRDA:117,4,1,0
BRDA:121,5,0,0
BRDA:121,5,1,0
BRDA:154,6,0,0
BRDA:154,6,1,0
BRDA:189,7,0,0
BRDA:189,7,1,0
BRDA:190,8,0,0
BRDA:190,8,1,0
BRDA:215,9,0,0
BRDA:215,9,1,0
BRF:21
BRH:0
end_of_record
TN:
SF:src\components\dashboard\WeeklySummaryCard.tsx
FN:25,WeeklySummaryCard
FN:32,(anonymous_1)
FN:40,(anonymous_2)
FN:48,(anonymous_3)
FN:54,(anonymous_4)
FN:66,(anonymous_5)
FN:102,(anonymous_6)
FN:110,(anonymous_7)
FN:161,(anonymous_8)
FN:168,(anonymous_9)
FN:175,(anonymous_10)
FN:182,(anonymous_11)
FNF:12
FNH:0
FNDA:0,WeeklySummaryCard
FNDA:0,(anonymous_1)
FNDA:0,(anonymous_2)
FNDA:0,(anonymous_3)
FNDA:0,(anonymous_4)
FNDA:0,(anonymous_5)
FNDA:0,(anonymous_6)
FNDA:0,(anonymous_7)
FNDA:0,(anonymous_8)
FNDA:0,(anonymous_9)
FNDA:0,(anonymous_10)
FNDA:0,(anonymous_11)
DA:32,0
DA:33,0
DA:34,0
DA:35,0
DA:36,0
DA:40,0
DA:41,0
DA:42,0
DA:43,0
DA:44,0
DA:48,0
DA:49,0
DA:50,0
DA:51,0
DA:54,0
DA:55,0
DA:60,0
DA:61,0
DA:62,0
DA:63,0
DA:66,0
DA:67,0
DA:68,0
DA:69,0
DA:70,0
DA:71,0
DA:72,0
DA:76,0
DA:103,0
DA:104,0
DA:106,0
DA:110,0
DA:161,0
DA:168,0
DA:175,0
DA:182,0
DA:191,0
LF:37
LH:0
BRDA:33,0,0,0
BRDA:33,0,1,0
BRDA:33,0,2,0
BRDA:41,1,0,0
BRDA:41,1,1,0
BRDA:41,1,2,0
BRDA:49,2,0,0
BRDA:49,2,1,0
BRDA:50,3,0,0
BRDA:50,3,1,0
BRDA:55,4,0,0
BRDA:55,4,1,0
BRDA:56,5,0,0
BRDA:56,5,1,0
BRDA:58,6,0,0
BRDA:58,6,1,0
BRDA:60,7,0,0
BRDA:60,7,1,0
BRDA:61,8,0,0
BRDA:61,8,1,0
BRDA:62,9,0,0
BRDA:62,9,1,0
BRDA:67,10,0,0
BRDA:67,10,1,0
BRDA:67,10,2,0
BRDA:67,10,3,0
BRDA:67,10,4,0
BRDA:90,11,0,0
BRDA:90,11,1,0
BRDA:133,12,0,0
BRDA:133,12,1,0
BRF:31
BRH:0
end_of_record
TN:
SF:src\components\dashboard\WelcomeCard.tsx
FN:21,WelcomeCard
FN:27,(anonymous_1)
FN:28,(anonymous_2)
FN:32,(anonymous_3)
FN:35,(anonymous_4)
FN:73,(anonymous_5)
FN:97,(anonymous_6)
FN:211,(anonymous_7)
FNF:8
FNH:0
FNDA:0,WelcomeCard
FNDA:0,(anonymous_1)
FNDA:0,(anonymous_2)
FNDA:0,(anonymous_3)
FNDA:0,(anonymous_4)
FNDA:0,(anonymous_5)
FNDA:0,(anonymous_6)
FNDA:0,(anonymous_7)
DA:22,0
DA:23,0
DA:24,0
DA:27,0
DA:28,0
DA:29,0
DA:32,0
DA:35,0
DA:36,0
DA:38,0
DA:39,0
DA:46,0
DA:47,0
DA:54,0
DA:55,0
DA:63,0
DA:73,0
DA:74,0
DA:86,0
DA:87,0
DA:90,0
DA:91,0
DA:94,0
DA:95,0
DA:97,0
DA:98,0
DA:99,0
DA:100,0
DA:101,0
DA:105,0
DA:211,0
DA:218,0
LF:32
LH:0
BRDA:21,0,0,0
BRDA:38,1,0,0
BRDA:38,1,1,0
BRDA:38,2,0,0
BRDA:38,2,1,0
BRDA:46,3,0,0
BRDA:46,3,1,0
BRDA:46,4,0,0
BRDA:46,4,1,0
BRDA:54,5,0,0
BRDA:54,5,1,0
BRDA:54,6,0,0
BRDA:54,6,1,0
BRDA:94,7,0,0
BRDA:94,7,1,0
BRDA:95,8,0,0
BRDA:95,8,1,0
BRDA:98,9,0,0
BRDA:98,9,1,0
BRDA:98,10,0,0
BRDA:98,10,1,0
BRDA:100,11,0,0
BRDA:100,11,1,0
BRDA:141,12,0,0
BRDA:141,12,1,0
BRDA:141,12,2,0
BRDA:162,13,0,0
BRDA:162,13,1,0
BRDA:169,14,0,0
BRDA:169,14,1,0
BRF:30
BRH:0
end_of_record
TN:
SF:src\components\debug\NetworkTest.tsx
FN:15,NetworkTest
FN:19,(anonymous_1)
FN:42,(anonymous_2)
FN:69,(anonymous_3)
FNF:4
FNH:0
FNDA:0,NetworkTest
FNDA:0,(anonymous_1)
FNDA:0,(anonymous_2)
FNDA:0,(anonymous_3)
DA:9,0
DA:16,0
DA:17,0
DA:19,0
DA:20,0
DA:21,0
DA:22,0
DA:23,0
DA:25,0
DA:26,0
DA:27,0
DA:33,0
DA:34,0
DA:42,0
DA:43,0
DA:44,0
DA:46,0
DA:47,0
DA:48,0
DA:49,0
DA:50,0
DA:53,0
DA:56,0
DA:70,0
DA:80,0
LF:25
LH:0
BRDA:9,0,0,0
BRDA:9,0,1,0
BRDA:36,1,0,0
BRDA:36,1,1,0
BRDA:60,2,0,0
BRDA:60,2,1,0
BRDA:65,3,0,0
BRDA:65,3,1,0
BRDA:73,4,0,0
BRDA:73,4,1,0
BRF:10
BRH:0
end_of_record
TN:
SF:src\components\fitness\DynamicExerciseForm.tsx
FN:37,DynamicExerciseForm
FN:49,(anonymous_1)
FN:56,(anonymous_2)
FN:76,(anonymous_3)
FN:92,(anonymous_4)
FN:110,(anonymous_5)
FN:127,(anonymous_6)
FN:133,(anonymous_7)
FN:152,(anonymous_8)
FN:174,(anonymous_9)
FN:202,(anonymous_10)
FNF:11
FNH:0
FNDA:0,DynamicExerciseForm
FNDA:0,(anonymous_1)
FNDA:0,(anonymous_2)
FNDA:0,(anonymous_3)
FNDA:0,(anonymous_4)
FNDA:0,(anonymous_5)
FNDA:0,(anonymous_6)
FNDA:0,(anonymous_7)
FNDA:0,(anonymous_8)
FNDA:0,(anonymous_9)
FNDA:0,(anonymous_10)
DA:46,0
DA:49,0
DA:50,0
DA:51,0
DA:56,0
DA:58,0
DA:59,0
DA:62,0
DA:63,0
DA:65,0
DA:66,0
DA:70,0
DA:73,0
DA:76,0
DA:77,0
DA:79,0
DA:80,0
DA:81,0
DA:82,0
DA:84,0
DA:86,0
DA:94,0
DA:95,0
DA:104,0
DA:112,0
DA:113,0
DA:122,0
DA:128,0
DA:129,0
DA:130,0
DA:131,0
DA:135,0
DA:136,0
DA:137,0
DA:146,0
DA:154,0
DA:155,0
DA:164,0
DA:165,0
DA:166,0
DA:167,0
DA:168,0
DA:176,0
DA:177,0
DA:178,0
DA:187,0
DA:191,0
DA:192,0
DA:193,0
DA:195,0
DA:202,0
DA:268,0
LF:52
LH:0
BRDA:43,0,0,0
BRDA:50,1,0,0
BRDA:50,1,1,0
BRDA:50,2,0,0
BRDA:50,2,1,0
BRDA:58,3,0,0
BRDA:58,3,1,0
BRDA:59,4,0,0
BRDA:59,4,1,0
BRDA:62,5,0,0
BRDA:62,5,1,0
BRDA:62,6,0,0
BRDA:62,6,1,0
BRDA:62,6,2,0
BRDA:62,6,3,0
BRDA:65,7,0,0
BRDA:65,7,1,0
BRDA:76,8,0,0
BRDA:77,9,0,0
BRDA:77,9,1,0
BRDA:84,10,0,0
BRDA:84,10,1,0
BRDA:84,10,2,0
BRDA:84,10,3,0
BRDA:84,10,4,0
BRDA:84,10,5,0
BRDA:87,11,0,0
BRDA:87,11,1,0
BRDA:88,12,0,0
BRDA:88,12,1,0
BRDA:90,13,0,0
BRDA:90,13,1,0
BRDA:91,14,0,0
BRDA:91,14,1,0
BRDA:105,15,0,0
BRDA:105,15,1,0
BRDA:106,16,0,0
BRDA:106,16,1,0
BRDA:108,17,0,0
BRDA:108,17,1,0
BRDA:109,18,0,0
BRDA:109,18,1,0
BRDA:123,19,0,0
BRDA:123,19,1,0
BRDA:124,20,0,0
BRDA:124,20,1,0
BRDA:126,21,0,0
BRDA:126,21,1,0
BRDA:128,22,0,0
BRDA:128,22,1,0
BRDA:130,23,0,0
BRDA:130,23,1,0
BRDA:131,24,0,0
BRDA:131,24,1,0
BRDA:147,25,0,0
BRDA:147,25,1,0
BRDA:148,26,0,0
BRDA:148,26,1,0
BRDA:150,27,0,0
BRDA:150,27,1,0
BRDA:151,28,0,0
BRDA:151,28,1,0
BRDA:169,29,0,0
BRDA:169,29,1,0
BRDA:170,30,0,0
BRDA:170,30,1,0
BRDA:172,31,0,0
BRDA:172,31,1,0
BRDA:173,32,0,0
BRDA:173,32,1,0
BRDA:197,33,0,0
BRDA:197,33,1,0
BRDA:214,34,0,0
BRDA:214,34,1,0
BRDA:214,35,0,0
BRDA:214,35,1,0
BRDA:216,36,0,0
BRDA:216,36,1,0
BRDA:218,37,0,0
BRDA:218,37,1,0
BRDA:227,38,0,0
BRDA:227,38,1,0
BRDA:227,39,0,0
BRDA:227,39,1,0
BRDA:229,40,0,0
BRDA:229,40,1,0
BRDA:231,41,0,0
BRDA:231,41,1,0
BRDA:248,42,0,0
BRDA:248,42,1,0
BRF:90
BRH:0
end_of_record
TN:
SF:src\components\fitness\ExerciseDropdown.tsx
FN:29,ExerciseDropdown
FN:39,(anonymous_1)
FN:45,(anonymous_2)
FN:49,(anonymous_3)
FN:61,(anonymous_4)
FN:67,(anonymous_5)
FN:75,(anonymous_6)
FN:80,(anonymous_7)
FN:112,(anonymous_8)
FN:118,(anonymous_9)
FN:123,(anonymous_10)
FN:153,(anonymous_11)
FN:158,(anonymous_12)
FNF:13
FNH:0
FNDA:0,ExerciseDropdown
FNDA:0,(anonymous_1)
FNDA:0,(anonymous_2)
FNDA:0,(anonymous_3)
FNDA:0,(anonymous_4)
FNDA:0,(anonymous_5)
FNDA:0,(anonymous_6)
FNDA:0,(anonymous_7)
FNDA:0,(anonymous_8)
FNDA:0,(anonymous_9)
FNDA:0,(anonymous_10)
FNDA:0,(anonymous_11)
FNDA:0,(anonymous_12)
DA:35,0
DA:36,0
DA:37,0
DA:39,0
DA:40,0
DA:41,0
DA:45,0
DA:46,0
DA:49,0
DA:50,0
DA:51,0
DA:52,0
DA:53,0
DA:57,0
DA:61,0
DA:62,0
DA:65,0
DA:66,0
DA:67,0
DA:68,0
DA:73,0
DA:74,0
DA:75,0
DA:76,0
DA:77,0
DA:80,0
DA:81,0
DA:84,0
DA:87,0
DA:90,0
DA:93,0
DA:96,0
DA:98,0
DA:101,0
DA:102,0
DA:105,0
DA:106,0
DA:108,0
DA:112,0
DA:115,0
DA:118,0
DA:119,0
DA:120,0
DA:123,0
DA:127,0
DA:129,0
DA:154,0
DA:158,0
DA:181,0
LF:49
LH:0
BRDA:40,0,0,0
BRDA:40,0,1,0
BRDA:65,1,0,0
BRDA:65,1,1,0
BRDA:73,2,0,0
BRDA:73,2,1,0
BRDA:84,3,0,0
BRDA:84,3,1,0
BRDA:87,4,0,0
BRDA:87,4,1,0
BRDA:90,5,0,0
BRDA:90,5,1,0
BRDA:90,6,0,0
BRDA:90,6,1,0
BRDA:93,7,0,0
BRDA:93,7,1,0
BRDA:105,8,0,0
BRDA:105,8,1,0
BRDA:127,9,0,0
BRDA:127,9,1,0
BRDA:140,10,0,0
BRDA:140,10,1,0
BRDA:152,11,0,0
BRDA:152,11,1,0
BRF:24
BRH:0
end_of_record
TN:
SF:src\components\fitness\ProgressTracking.tsx
FN:45,ProgressTracking
FN:53,(anonymous_1)
FN:59,(anonymous_2)
FN:81,(anonymous_3)
FN:90,(anonymous_4)
FN:141,(anonymous_5)
FN:144,(anonymous_6)
FN:170,(anonymous_7)
FN:180,(anonymous_8)
FN:191,(anonymous_9)
FNF:10
FNH:0
FNDA:0,ProgressTracking
FNDA:0,(anonymous_1)
FNDA:0,(anonymous_2)
FNDA:0,(anonymous_3)
FNDA:0,(anonymous_4)
FNDA:0,(anonymous_5)
FNDA:0,(anonymous_6)
FNDA:0,(anonymous_7)
FNDA:0,(anonymous_8)
FNDA:0,(anonymous_9)
DA:53,0
DA:54,0
DA:56,0
DA:59,0
DA:81,0
DA:82,0
DA:90,0
DA:141,0
DA:142,0
DA:144,0
DA:157,0
DA:171,0
DA:181,0
DA:192,0
DA:201,0
LF:15
LH:0
BRDA:86,0,0,0
BRDA:86,0,1,0
BRDA:87,1,0,0
BRDA:87,1,1,0
BRDA:95,2,0,0
BRDA:95,2,1,0
BRDA:100,3,0,0
BRDA:100,3,1,0
BRDA:106,4,0,0
BRDA:106,4,1,0
BRDA:112,5,0,0
BRDA:112,5,1,0
BRDA:116,6,0,0
BRDA:116,6,1,0
BRDA:116,6,2,0
BRDA:132,7,0,0
BRDA:132,7,1,0
BRDA:132,7,2,0
BRDA:177,8,0,0
BRDA:177,8,1,0
BRDA:181,9,0,0
BRDA:181,9,1,0
BRDA:188,10,0,0
BRDA:188,10,1,0
BRF:24
BRH:0
end_of_record
TN:
SF:src\components\fitness\RoutineDetailsModal.tsx
FN:21,RoutineDetailsModal
FN:28,(anonymous_1)
FN:87,(anonymous_2)
FN:98,(anonymous_3)
FNF:4
FNH:0
FNDA:0,RoutineDetailsModal
FNDA:0,(anonymous_1)
FNDA:0,(anonymous_2)
FNDA:0,(anonymous_3)
DA:26,0
DA:28,0
DA:30,0
DA:88,0
DA:101,0
DA:140,0
LF:6
LH:0
BRDA:26,0,0,0
BRDA:26,0,1,0
BRDA:28,1,0,0
BRDA:28,1,1,0
BRDA:50,2,0,0
BRDA:50,2,1,0
BRDA:77,3,0,0
BRDA:77,3,1,0
BRDA:90,4,0,0
BRDA:90,4,1,0
BRDA:92,5,0,0
BRDA:92,5,1,0
BRDA:92,6,0,0
BRDA:92,6,1,0
BRDA:92,7,0,0
BRDA:92,7,1,0
BRDA:96,8,0,0
BRDA:96,8,1,0
BRDA:96,9,0,0
BRDA:96,9,1,0
BRDA:104,10,0,0
BRDA:104,10,1,0
BRDA:106,11,0,0
BRDA:106,11,1,0
BRDA:107,12,0,0
BRDA:107,12,1,0
BRDA:107,13,0,0
BRDA:107,13,1,0
BRDA:107,13,2,0
BRDA:112,14,0,0
BRDA:112,14,1,0
BRDA:112,15,0,0
BRDA:112,15,1,0
BRDA:117,16,0,0
BRDA:117,16,1,0
BRDA:117,17,0,0
BRDA:117,17,1,0
BRDA:119,18,0,0
BRDA:119,18,1,0
BRF:39
BRH:0
end_of_record
TN:
SF:src\components\fitness\SimpleFitnessLogs.tsx
FN:56,SimpleFitnessLogs
FN:72,(anonymous_1)
FN:83,(anonymous_2)
FN:89,(anonymous_3)
FN:121,(anonymous_4)
FN:134,(anonymous_5)
FN:147,(anonymous_6)
FN:151,(anonymous_7)
FN:157,(anonymous_8)
FN:166,(anonymous_9)
FN:192,(anonymous_10)
FN:197,(anonymous_11)
FN:204,(anonymous_12)
FN:211,(anonymous_13)
FN:215,(anonymous_14)
FN:224,(anonymous_15)
FN:233,(anonymous_16)
FN:246,(anonymous_17)
FN:274,(anonymous_18)
FN:286,(anonymous_19)
FN:301,(anonymous_20)
FN:308,(anonymous_21)
FN:318,(anonymous_22)
FN:323,(anonymous_23)
FN:331,(anonymous_24)
FN:332,(anonymous_25)
FN:345,(anonymous_26)
FN:349,(anonymous_27)
FN:355,(anonymous_28)
FN:360,(anonymous_29)
FN:373,(anonymous_30)
FN:381,(anonymous_31)
FN:382,(anonymous_32)
FN:416,(anonymous_33)
FN:427,(anonymous_34)
FN:441,(anonymous_35)
FN:465,(anonymous_36)
FN:501,(anonymous_37)
FN:506,(anonymous_38)
FN:511,(anonymous_39)
FN:515,(anonymous_40)
FN:531,(anonymous_41)
FN:539,(anonymous_42)
FN:560,(anonymous_43)
FNF:44
FNH:0
FNDA:0,SimpleFitnessLogs
FNDA:0,(anonymous_1)
FNDA:0,(anonymous_2)
FNDA:0,(anonymous_3)
FNDA:0,(anonymous_4)
FNDA:0,(anonymous_5)
FNDA:0,(anonymous_6)
FNDA:0,(anonymous_7)
FNDA:0,(anonymous_8)
FNDA:0,(anonymous_9)
FNDA:0,(anonymous_10)
FNDA:0,(anonymous_11)
FNDA:0,(anonymous_12)
FNDA:0,(anonymous_13)
FNDA:0,(anonymous_14)
FNDA:0,(anonymous_15)
FNDA:0,(anonymous_16)
FNDA:0,(anonymous_17)
FNDA:0,(anonymous_18)
FNDA:0,(anonymous_19)
FNDA:0,(anonymous_20)
FNDA:0,(anonymous_21)
FNDA:0,(anonymous_22)
FNDA:0,(anonymous_23)
FNDA:0,(anonymous_24)
FNDA:0,(anonymous_25)
FNDA:0,(anonymous_26)
FNDA:0,(anonymous_27)
FNDA:0,(anonymous_28)
FNDA:0,(anonymous_29)
FNDA:0,(anonymous_30)
FNDA:0,(anonymous_31)
FNDA:0,(anonymous_32)
FNDA:0,(anonymous_33)
FNDA:0,(anonymous_34)
FNDA:0,(anonymous_35)
FNDA:0,(anonymous_36)
FNDA:0,(anonymous_37)
FNDA:0,(anonymous_38)
FNDA:0,(anonymous_39)
FNDA:0,(anonymous_40)
FNDA:0,(anonymous_41)
FNDA:0,(anonymous_42)
FNDA:0,(anonymous_43)
DA:57,0
DA:58,0
DA:59,0
DA:60,0
DA:61,0
DA:62,0
DA:65,0
DA:73,0
DA:84,0
DA:85,0
DA:87,0
DA:90,0
DA:91,0
DA:92,0
DA:122,0
DA:135,0
DA:148,0
DA:151,0
DA:157,0
DA:166,0
DA:167,0
DA:168,0
DA:169,0
DA:170,0
DA:171,0
DA:173,0
DA:174,0
DA:175,0
DA:176,0
DA:177,0
DA:178,0
DA:181,0
DA:184,0
DA:185,0
DA:186,0
DA:189,0
DA:192,0
DA:193,0
DA:197,0
DA:198,0
DA:199,0
DA:204,0
DA:205,0
DA:206,0
DA:207,0
DA:211,0
DA:212,0
DA:215,0
DA:216,0
DA:217,0
DA:218,0
DA:220,0
DA:224,0
DA:225,0
DA:226,0
DA:227,0
DA:229,0
DA:233,0
DA:234,0
DA:235,0
DA:236,0
DA:239,0
DA:246,0
DA:247,0
DA:248,0
DA:249,0
DA:251,0
DA:254,0
DA:256,0
DA:260,0
DA:261,0
DA:263,0
DA:266,0
DA:274,0
DA:275,0
DA:276,0
DA:277,0
DA:279,0
DA:282,0
DA:286,0
DA:287,0
DA:288,0
DA:289,0
DA:292,0
DA:294,0
DA:295,0
DA:297,0
DA:301,0
DA:302,0
DA:303,0
DA:304,0
DA:305,0
DA:308,0
DA:309,0
DA:310,0
DA:311,0
DA:313,0
DA:315,0
DA:318,0
DA:319,0
DA:320,0
DA:323,0
DA:324,0
DA:331,0
DA:332,0
DA:333,0
DA:334,0
DA:336,0
DA:340,0
DA:341,0
DA:342,0
DA:343,0
DA:345,0
DA:346,0
DA:349,0
DA:350,0
DA:351,0
DA:352,0
DA:355,0
DA:357,0
DA:360,0
DA:362,0
DA:370,0
DA:373,0
DA:374,0
DA:376,0
DA:381,0
DA:382,0
DA:383,0
DA:389,0
DA:390,0
DA:391,0
DA:392,0
DA:394,0
DA:395,0
DA:399,0
DA:400,0
DA:409,0
DA:416,0
DA:427,0
DA:441,0
DA:467,0
DA:501,0
DA:506,0
DA:511,0
DA:516,0
DA:517,0
DA:531,0
DA:539,0
DA:560,0
DA:579,0
LF:151
LH:0
BRDA:74,0,0,0
BRDA:74,0,1,0
BRDA:74,0,2,0
BRDA:84,1,0,0
BRDA:84,1,1,0
BRDA:84,2,0,0
BRDA:84,2,1,0
BRDA:84,2,2,0
BRDA:95,3,0,0
BRDA:95,3,1,0
BRDA:102,4,0,0
BRDA:102,4,1,0
BRDA:102,4,2,0
BRDA:107,5,0,0
BRDA:107,5,1,0
BRDA:123,6,0,0
BRDA:123,6,1,0
BRDA:136,7,0,0
BRDA:136,7,1,0
BRDA:198,8,0,0
BRDA:198,8,1,0
BRDA:198,9,0,0
BRDA:198,9,1,0
BRDA:236,10,0,0
BRDA:236,10,1,0
BRDA:246,11,0,0
BRDA:246,11,1,0
BRDA:247,12,0,0
BRDA:247,12,1,0
BRDA:247,13,0,0
BRDA:247,13,1,0
BRDA:274,14,0,0
BRDA:274,14,1,0
BRDA:275,15,0,0
BRDA:275,15,1,0
BRDA:275,16,0,0
BRDA:275,16,1,0
BRDA:287,17,0,0
BRDA:287,17,1,0
BRDA:287,17,2,0
BRDA:288,18,0,0
BRDA:288,18,1,0
BRDA:288,18,2,0
BRDA:310,19,0,0
BRDA:310,19,1,0
BRDA:333,20,0,0
BRDA:333,20,1,0
BRDA:333,20,2,0
BRDA:351,21,0,0
BRDA:351,21,1,0
BRDA:370,22,0,0
BRDA:370,22,1,0
BRDA:374,23,0,0
BRDA:374,23,1,0
BRDA:383,24,0,0
BRDA:383,24,1,0
BRDA:399,25,0,0
BRDA:399,25,1,0
BRDA:459,26,0,0
BRDA:459,26,1,0
BRDA:483,27,0,0
BRDA:483,27,1,0
BRF:62
BRH:0
end_of_record
TN:
SF:src\components\fitness\SimpleRoutineDisplay.tsx
FN:22,SimpleRoutineDisplay
FN:43,(anonymous_1)
FN:49,(anonymous_2)
FN:77,(anonymous_3)
FN:81,(anonymous_4)
FN:121,(anonymous_5)
FNF:6
FNH:0
FNDA:0,SimpleRoutineDisplay
FNDA:0,(anonymous_1)
FNDA:0,(anonymous_2)
FNDA:0,(anonymous_3)
FNDA:0,(anonymous_4)
FNDA:0,(anonymous_5)
DA:30,0
DA:31,0
DA:34,0
DA:37,0
DA:43,0
DA:44,0
DA:45,0
DA:46,0
DA:49,0
DA:50,0
DA:51,0
DA:54,0
DA:78,0
DA:81,0
DA:122,0
DA:146,0
LF:16
LH:0
BRDA:37,0,0,0
BRDA:37,0,1,0
BRDA:39,1,0,0
BRDA:39,1,1,0
BRDA:39,2,0,0
BRDA:39,2,1,0
BRDA:67,3,0,0
BRDA:67,3,1,0
BRDA:108,4,0,0
BRDA:108,4,1,0
BRDA:113,5,0,0
BRDA:113,5,1,0
BRF:12
BRH:0
end_of_record
TN:
SF:src\components\fitness\TodaysSnapshot.tsx
FN:29,TodaysSnapshot
FN:39,(anonymous_1)
FN:45,(anonymous_2)
FN:51,(anonymous_3)
FN:106,(anonymous_4)
FN:153,(anonymous_5)
FNF:6
FNH:0
FNDA:0,TodaysSnapshot
FNDA:0,(anonymous_1)
FNDA:0,(anonymous_2)
FNDA:0,(anonymous_3)
FNDA:0,(anonymous_4)
FNDA:0,(anonymous_5)
DA:39,0
DA:40,0
DA:41,0
DA:42,0
DA:45,0
DA:46,0
DA:47,0
DA:48,0
DA:51,0
DA:52,0
DA:59,0
DA:62,0
DA:106,0
DA:153,0
DA:178,0
LF:15
LH:0
BRDA:40,0,0,0
BRDA:40,0,1,0
BRDA:41,1,0,0
BRDA:41,1,1,0
BRDA:46,2,0,0
BRDA:46,2,1,0
BRDA:47,3,0,0
BRDA:47,3,1,0
BRDA:103,4,0,0
BRDA:103,4,1,0
BRDA:111,5,0,0
BRDA:111,5,1,0
BRDA:115,6,0,0
BRDA:115,6,1,0
BRDA:119,7,0,0
BRDA:119,7,1,0
BRDA:130,8,0,0
BRDA:130,8,1,0
BRDA:134,9,0,0
BRDA:134,9,1,0
BRDA:138,10,0,0
BRDA:138,10,1,0
BRF:22
BRH:0
end_of_record
TN:
SF:src\components\fitness\UnifiedWorkoutLogger.tsx
FN:71,UnifiedWorkoutLogger
FN:100,(anonymous_1)
FN:109,(anonymous_2)
FN:121,(anonymous_3)
FN:122,(anonymous_4)
FN:129,(anonymous_5)
FN:150,(anonymous_6)
FN:156,(anonymous_7)
FN:162,(anonymous_8)
FN:175,(anonymous_9)
FN:190,(anonymous_10)
FN:201,(anonymous_11)
FN:209,(anonymous_12)
FN:210,(anonymous_13)
FN:212,(anonymous_14)
FN:218,(anonymous_15)
FN:219,(anonymous_16)
FN:221,(anonymous_17)
FN:225,(anonymous_18)
FN:228,(anonymous_19)
FN:233,(anonymous_20)
FN:245,(anonymous_21)
FN:245,(anonymous_22)
FN:256,(anonymous_23)
FN:256,(anonymous_24)
FN:268,(anonymous_25)
FN:268,(anonymous_26)
FN:282,(anonymous_27)
FN:282,(anonymous_28)
FN:298,(anonymous_29)
FN:298,(anonymous_30)
FN:325,(anonymous_31)
FN:329,(anonymous_32)
FN:351,(anonymous_33)
FN:352,(anonymous_34)
FN:360,(anonymous_35)
FN:373,(anonymous_36)
FN:387,(anonymous_37)
FN:401,(anonymous_38)
FN:415,(anonymous_39)
FN:428,(anonymous_40)
FN:497,(anonymous_41)
FNF:42
FNH:0
FNDA:0,UnifiedWorkoutLogger
FNDA:0,(anonymous_1)
FNDA:0,(anonymous_2)
FNDA:0,(anonymous_3)
FNDA:0,(anonymous_4)
FNDA:0,(anonymous_5)
FNDA:0,(anonymous_6)
FNDA:0,(anonymous_7)
FNDA:0,(anonymous_8)
FNDA:0,(anonymous_9)
FNDA:0,(anonymous_10)
FNDA:0,(anonymous_11)
FNDA:0,(anonymous_12)
FNDA:0,(anonymous_13)
FNDA:0,(anonymous_14)
FNDA:0,(anonymous_15)
FNDA:0,(anonymous_16)
FNDA:0,(anonymous_17)
FNDA:0,(anonymous_18)
FNDA:0,(anonymous_19)
FNDA:0,(anonymous_20)
FNDA:0,(anonymous_21)
FNDA:0,(anonymous_22)
FNDA:0,(anonymous_23)
FNDA:0,(anonymous_24)
FNDA:0,(anonymous_25)
FNDA:0,(anonymous_26)
FNDA:0,(anonymous_27)
FNDA:0,(anonymous_28)
FNDA:0,(anonymous_29)
FNDA:0,(anonymous_30)
FNDA:0,(anonymous_31)
FNDA:0,(anonymous_32)
FNDA:0,(anonymous_33)
FNDA:0,(anonymous_34)
FNDA:0,(anonymous_35)
FNDA:0,(anonymous_36)
FNDA:0,(anonymous_37)
FNDA:0,(anonymous_38)
FNDA:0,(anonymous_39)
FNDA:0,(anonymous_40)
FNDA:0,(anonymous_41)
DA:78,0
DA:79,0
DA:88,0
DA:89,0
DA:90,0
DA:91,0
DA:93,0
DA:100,0
DA:101,0
DA:102,0
DA:103,0
DA:104,0
DA:109,0
DA:111,0
DA:112,0
DA:113,0
DA:116,0
DA:117,0
DA:118,0
DA:121,0
DA:122,0
DA:125,0
DA:126,0
DA:129,0
DA:139,0
DA:141,0
DA:143,0
DA:145,0
DA:146,0
DA:150,0
DA:151,0
DA:152,0
DA:156,0
DA:157,0
DA:158,0
DA:162,0
DA:163,0
DA:164,0
DA:165,0
DA:166,0
DA:167,0
DA:169,0
DA:171,0
DA:175,0
DA:176,0
DA:177,0
DA:186,0
DA:187,0
DA:190,0
DA:191,0
DA:201,0
DA:205,0
DA:206,0
DA:209,0
DA:210,0
DA:213,0
DA:218,0
DA:219,0
DA:221,0
DA:225,0
DA:226,0
DA:229,0
DA:233,0
DA:234,0
DA:236,0
DA:245,0
DA:256,0
DA:268,0
DA:282,0
DA:298,0
DA:309,0
DA:326,0
DA:329,0
DA:346,0
DA:352,0
DA:353,0
DA:360,0
DA:373,0
DA:387,0
DA:401,0
DA:415,0
DA:428,0
DA:440,0
DA:474,0
DA:478,0
DA:498,0
DA:554,0
LF:87
LH:0
BRDA:101,0,0,0
BRDA:101,0,1,0
BRDA:103,1,0,0
BRDA:103,1,1,0
BRDA:111,2,0,0
BRDA:111,2,1,0
BRDA:151,3,0,0
BRDA:151,3,1,0
BRDA:157,4,0,0
BRDA:157,4,1,0
BRDA:213,5,0,0
BRDA:213,5,1,0
BRDA:226,6,0,0
BRDA:226,6,1,0
BRDA:226,6,2,0
BRDA:234,7,0,0
BRDA:234,7,1,0
BRDA:234,7,2,0
BRDA:234,7,3,0
BRDA:234,7,4,0
BRDA:270,8,0,0
BRDA:270,8,1,0
BRDA:284,9,0,0
BRDA:284,9,1,0
BRDA:374,10,0,0
BRDA:374,10,1,0
BRDA:388,11,0,0
BRDA:388,11,1,0
BRDA:402,12,0,0
BRDA:402,12,1,0
BRDA:416,13,0,0
BRDA:416,13,1,0
BRDA:463,14,0,0
BRDA:463,14,1,0
BRDA:501,15,0,0
BRDA:501,15,1,0
BRDA:506,16,0,0
BRDA:506,16,1,0
BRDA:511,17,0,0
BRDA:511,17,1,0
BRDA:526,18,0,0
BRDA:526,18,1,0
BRDA:539,19,0,0
BRDA:539,19,1,0
BRDA:541,20,0,0
BRDA:541,20,1,0
BRDA:545,21,0,0
BRDA:545,21,1,0
BRF:48
BRH:0
end_of_record
TN:
SF:src\components\fitness\WeeklyActivityChart.tsx
FN:21,(anonymous_0)
FN:36,(anonymous_1)
FN:38,(anonymous_2)
FN:42,(anonymous_3)
FN:51,(anonymous_4)
FNF:5
FNH:0
FNDA:0,(anonymous_0)
FNDA:0,(anonymous_1)
FNDA:0,(anonymous_2)
FNDA:0,(anonymous_3)
FNDA:0,(anonymous_4)
DA:21,0
DA:26,0
DA:36,0
DA:38,0
DA:39,0
DA:42,0
DA:43,0
DA:44,0
DA:45,0
DA:48,0
DA:52,0
DA:89,0
LF:12
LH:0
BRDA:24,0,0,0
BRDA:36,1,0,0
BRDA:36,1,1,0
BRDA:39,2,0,0
BRDA:39,2,1,0
BRDA:43,3,0,0
BRDA:43,3,1,0
BRDA:44,4,0,0
BRDA:44,4,1,0
BRDA:63,5,0,0
BRDA:63,5,1,0
BRDA:69,6,0,0
BRDA:69,6,1,0
BRF:13
BRH:0
end_of_record
TN:
SF:src\components\fitness\WorkoutLoggingModal.tsx
FN:38,WorkoutLoggingModal
FN:53,(anonymous_1)
FN:60,(anonymous_2)
FN:79,(anonymous_3)
FN:84,(anonymous_4)
FN:98,(anonymous_5)
FN:100,(anonymous_6)
FN:104,(anonymous_7)
FN:126,(anonymous_8)
FN:133,(anonymous_9)
FN:134,(anonymous_10)
FN:134,(anonymous_11)
FN:138,(anonymous_12)
FN:139,(anonymous_13)
FN:139,(anonymous_14)
FN:144,(anonymous_15)
FN:146,(anonymous_16)
FN:153,(anonymous_17)
FN:157,(anonymous_18)
FN:180,(anonymous_19)
FN:188,(anonymous_20)
FN:189,(anonymous_21)
FN:190,(anonymous_22)
FN:196,(anonymous_23)
FN:212,(anonymous_24)
FN:236,(anonymous_25)
FN:264,(anonymous_26)
FN:265,(anonymous_27)
FN:265,(anonymous_28)
FN:267,(anonymous_29)
FN:301,(anonymous_30)
FN:301,(anonymous_31)
FN:317,(anonymous_32)
FN:331,(anonymous_33)
FN:397,(anonymous_34)
FN:403,(anonymous_35)
FNF:36
FNH:0
FNDA:0,WorkoutLoggingModal
FNDA:0,(anonymous_1)
FNDA:0,(anonymous_2)
FNDA:0,(anonymous_3)
FNDA:0,(anonymous_4)
FNDA:0,(anonymous_5)
FNDA:0,(anonymous_6)
FNDA:0,(anonymous_7)
FNDA:0,(anonymous_8)
FNDA:0,(anonymous_9)
FNDA:0,(anonymous_10)
FNDA:0,(anonymous_11)
FNDA:0,(anonymous_12)
FNDA:0,(anonymous_13)
FNDA:0,(anonymous_14)
FNDA:0,(anonymous_15)
FNDA:0,(anonymous_16)
FNDA:0,(anonymous_17)
FNDA:0,(anonymous_18)
FNDA:0,(anonymous_19)
FNDA:0,(anonymous_20)
FNDA:0,(anonymous_21)
FNDA:0,(anonymous_22)
FNDA:0,(anonymous_23)
FNDA:0,(anonymous_24)
FNDA:0,(anonymous_25)
FNDA:0,(anonymous_26)
FNDA:0,(anonymous_27)
FNDA:0,(anonymous_28)
FNDA:0,(anonymous_29)
FNDA:0,(anonymous_30)
FNDA:0,(anonymous_31)
FNDA:0,(anonymous_32)
FNDA:0,(anonymous_33)
FNDA:0,(anonymous_34)
FNDA:0,(anonymous_35)
DA:44,0
DA:45,0
DA:46,0
DA:47,0
DA:48,0
DA:49,0
DA:50,0
DA:53,0
DA:54,0
DA:55,0
DA:56,0
DA:57,0
DA:59,0
DA:60,0
DA:61,0
DA:72,0
DA:79,0
DA:80,0
DA:84,0
DA:85,0
DA:86,0
DA:87,0
DA:88,0
DA:90,0
DA:91,0
DA:93,0
DA:98,0
DA:100,0
DA:102,0
DA:104,0
DA:105,0
DA:109,0
DA:112,0
DA:124,0
DA:125,0
DA:126,0
DA:129,0
DA:130,0
DA:133,0
DA:134,0
DA:135,0
DA:138,0
DA:139,0
DA:140,0
DA:144,0
DA:145,0
DA:146,0
DA:147,0
DA:148,0
DA:149,0
DA:153,0
DA:154,0
DA:157,0
DA:158,0
DA:160,0
DA:164,0
DA:165,0
DA:166,0
DA:170,0
DA:171,0
DA:175,0
DA:176,0
DA:180,0
DA:181,0
DA:183,0
DA:188,0
DA:189,0
DA:190,0
DA:192,0
DA:196,0
DA:212,0
DA:213,0
DA:214,0
DA:217,0
DA:218,0
DA:220,0
DA:221,0
DA:222,0
DA:223,0
DA:226,0
DA:230,0
DA:231,0
DA:236,0
DA:237,0
DA:246,0
DA:250,0
DA:252,0
DA:253,0
DA:256,0
DA:258,0
DA:262,0
DA:264,0
DA:265,0
DA:267,0
DA:268,0
DA:269,0
DA:272,0
DA:273,0
DA:274,0
DA:275,0
DA:276,0
DA:278,0
DA:280,0
DA:284,0
DA:286,0
DA:301,0
DA:302,0
DA:318,0
DA:319,0
DA:332,0
DA:397,0
DA:403,0
DA:416,0
LF:113
LH:0
BRDA:54,0,0,0
BRDA:54,0,1,0
BRDA:57,1,0,0
BRDA:57,1,1,0
BRDA:59,2,0,0
BRDA:59,2,1,0
BRDA:63,3,0,0
BRDA:63,3,1,0
BRDA:63,3,2,0
BRDA:102,4,0,0
BRDA:102,4,1,0
BRDA:105,5,0,0
BRDA:105,5,1,0
BRDA:106,6,0,0
BRDA:106,6,1,0
BRDA:120,7,0,0
BRDA:120,7,1,0
BRDA:120,7,2,0
BRDA:140,8,0,0
BRDA:140,8,1,0
BRDA:154,9,0,0
BRDA:154,9,1,0
BRDA:160,10,0,0
BRDA:160,10,1,0
BRDA:160,10,2,0
BRDA:160,10,3,0
BRDA:160,10,4,0
BRDA:164,11,0,0
BRDA:164,11,1,0
BRDA:164,12,0,0
BRDA:164,12,1,0
BRDA:165,13,0,0
BRDA:165,13,1,0
BRDA:166,14,0,0
BRDA:166,14,1,0
BRDA:166,14,2,0
BRDA:166,14,3,0
BRDA:170,15,0,0
BRDA:170,15,1,0
BRDA:170,16,0,0
BRDA:170,16,1,0
BRDA:175,17,0,0
BRDA:175,17,1,0
BRDA:175,18,0,0
BRDA:175,18,1,0
BRDA:181,19,0,0
BRDA:181,19,1,0
BRDA:181,19,2,0
BRDA:189,20,0,0
BRDA:189,20,1,0
BRDA:190,21,0,0
BRDA:190,21,1,0
BRDA:194,22,0,0
BRDA:194,22,1,0
BRDA:195,23,0,0
BRDA:195,23,1,0
BRDA:213,24,0,0
BRDA:213,24,1,0
BRDA:221,25,0,0
BRDA:221,25,1,0
BRDA:223,26,0,0
BRDA:223,26,1,0
BRDA:230,27,0,0
BRDA:230,27,1,0
BRDA:239,28,0,0
BRDA:239,28,1,0
BRDA:240,29,0,0
BRDA:240,29,1,0
BRDA:242,30,0,0
BRDA:242,30,1,0
BRDA:243,31,0,0
BRDA:243,31,1,0
BRDA:268,32,0,0
BRDA:268,32,1,0
BRDA:284,33,0,0
BRDA:284,33,1,0
BRDA:290,34,0,0
BRDA:290,34,1,0
BRDA:297,35,0,0
BRDA:297,35,1,0
BRDA:297,36,0,0
BRDA:297,36,1,0
BRDA:297,37,0,0
BRDA:297,37,1,0
BRDA:299,38,0,0
BRDA:299,38,1,0
BRDA:304,39,0,0
BRDA:304,39,1,0
BRDA:336,40,0,0
BRDA:336,40,1,0
BRDA:337,41,0,0
BRDA:337,41,1,0
BRDA:355,42,0,0
BRDA:355,42,1,0
BRDA:378,43,0,0
BRDA:378,43,1,0
BRDA:378,43,2,0
BRDA:381,44,0,0
BRDA:381,44,1,0
BRDA:385,45,0,0
BRDA:385,45,1,0
BRDA:385,45,2,0
BRDA:387,46,0,0
BRDA:387,46,1,0
BRF:104
BRH:0
end_of_record
TN:
SF:src\components\forms\AuthForm.tsx
FN:32,AuthForm
FN:62,(anonymous_1)
FN:64,(anonymous_2)
FN:66,(anonymous_3)
FN:71,(anonymous_4)
FN:79,(anonymous_5)
FN:81,(anonymous_6)
FN:93,(anonymous_7)
FN:99,(anonymous_8)
FN:109,(anonymous_9)
FN:114,(anonymous_10)
FN:120,(anonymous_11)
FN:125,(anonymous_12)
FN:160,(anonymous_13)
FN:161,(anonymous_14)
FN:173,(anonymous_15)
FN:174,(anonymous_16)
FN:186,(anonymous_17)
FN:187,(anonymous_18)
FN:202,(anonymous_19)
FN:203,(anonymous_20)
FNF:21
FNH:0
FNDA:0,AuthForm
FNDA:0,(anonymous_1)
FNDA:0,(anonymous_2)
FNDA:0,(anonymous_3)
FNDA:0,(anonymous_4)
FNDA:0,(anonymous_5)
FNDA:0,(anonymous_6)
FNDA:0,(anonymous_7)
FNDA:0,(anonymous_8)
FNDA:0,(anonymous_9)
FNDA:0,(anonymous_10)
FNDA:0,(anonymous_11)
FNDA:0,(anonymous_12)
FNDA:0,(anonymous_13)
FNDA:0,(anonymous_14)
FNDA:0,(anonymous_15)
FNDA:0,(anonymous_16)
FNDA:0,(anonymous_17)
FNDA:0,(anonymous_18)
FNDA:0,(anonymous_19)
FNDA:0,(anonymous_20)
DA:41,0
DA:46,0
DA:53,0
DA:54,0
DA:55,0
DA:57,0
DA:58,0
DA:59,0
DA:60,0
DA:62,0
DA:63,0
DA:64,0
DA:66,0
DA:70,0
DA:71,0
DA:72,0
DA:73,0
DA:74,0
DA:79,0
DA:80,0
DA:81,0
DA:82,0
DA:83,0
DA:85,0
DA:86,0
DA:87,0
DA:90,0
DA:93,0
DA:94,0
DA:95,0
DA:96,0
DA:99,0
DA:100,0
DA:101,0
DA:102,0
DA:105,0
DA:106,0
DA:109,0
DA:110,0
DA:111,0
DA:114,0
DA:115,0
DA:116,0
DA:117,0
DA:120,0
DA:121,0
DA:122,0
DA:125,0
DA:126,0
DA:127,0
DA:130,0
DA:160,0
DA:161,0
DA:173,0
DA:174,0
DA:186,0
DA:187,0
DA:202,0
DA:203,0
DA:235,0
LF:60
LH:0
BRDA:36,0,0,0
BRDA:58,1,0,0
BRDA:58,1,1,0
BRDA:59,2,0,0
BRDA:59,2,1,0
BRDA:63,3,0,0
BRDA:63,3,1,0
BRDA:70,4,0,0
BRDA:70,4,1,0
BRDA:80,5,0,0
BRDA:80,5,1,0
BRDA:82,6,0,0
BRDA:82,6,1,0
BRDA:100,7,0,0
BRDA:100,7,1,0
BRDA:116,8,0,0
BRDA:116,8,1,0
BRDA:132,9,0,0
BRDA:132,9,1,0
BRDA:133,10,0,0
BRDA:133,10,1,0
BRDA:135,11,0,0
BRDA:135,11,1,0
BRDA:135,12,0,0
BRDA:135,12,1,0
BRDA:135,13,0,0
BRDA:135,13,1,0
BRDA:141,14,0,0
BRDA:141,14,1,0
BRDA:151,15,0,0
BRDA:151,15,1,0
BRDA:152,16,0,0
BRDA:152,16,1,0
BRDA:155,17,0,0
BRDA:155,17,1,0
BRDA:192,18,0,0
BRDA:192,18,1,0
BRDA:197,19,0,0
BRDA:197,19,1,0
BRDA:208,20,0,0
BRDA:208,20,1,0
BRDA:215,21,0,0
BRDA:215,21,1,0
BRDA:218,22,0,0
BRDA:218,22,1,0
BRDA:226,23,0,0
BRDA:226,23,1,0
BRF:47
BRH:0
end_of_record
TN:
SF:src\components\forms\HealthDataForm.tsx
FN:54,(anonymous_0)
FN:65,(anonymous_1)
FN:76,(anonymous_2)
FN:87,HealthDataForm
FN:112,(anonymous_4)
FN:113,(anonymous_5)
FN:117,(anonymous_6)
FN:125,(anonymous_7)
FN:127,(anonymous_8)
FN:139,(anonymous_9)
FN:145,(anonymous_10)
FN:155,(anonymous_11)
FN:160,(anonymous_12)
FN:164,(anonymous_13)
FN:168,(anonymous_14)
FN:183,(anonymous_15)
FN:187,(anonymous_16)
FN:191,(anonymous_17)
FN:205,(anonymous_18)
FN:217,(anonymous_19)
FN:218,(anonymous_20)
FN:229,(anonymous_21)
FN:230,(anonymous_22)
FN:241,(anonymous_23)
FN:242,(anonymous_24)
FN:280,(anonymous_25)
FN:281,(anonymous_26)
FN:293,(anonymous_27)
FN:294,(anonymous_28)
FN:306,(anonymous_29)
FN:307,(anonymous_30)
FNF:31
FNH:0
FNDA:0,(anonymous_0)
FNDA:0,(anonymous_1)
FNDA:0,(anonymous_2)
FNDA:0,HealthDataForm
FNDA:0,(anonymous_4)
FNDA:0,(anonymous_5)
FNDA:0,(anonymous_6)
FNDA:0,(anonymous_7)
FNDA:0,(anonymous_8)
FNDA:0,(anonymous_9)
FNDA:0,(anonymous_10)
FNDA:0,(anonymous_11)
FNDA:0,(anonymous_12)
FNDA:0,(anonymous_13)
FNDA:0,(anonymous_14)
FNDA:0,(anonymous_15)
FNDA:0,(anonymous_16)
FNDA:0,(anonymous_17)
FNDA:0,(anonymous_18)
FNDA:0,(anonymous_19)
FNDA:0,(anonymous_20)
FNDA:0,(anonymous_21)
FNDA:0,(anonymous_22)
FNDA:0,(anonymous_23)
FNDA:0,(anonymous_24)
FNDA:0,(anonymous_25)
FNDA:0,(anonymous_26)
FNDA:0,(anonymous_27)
FNDA:0,(anonymous_28)
FNDA:0,(anonymous_29)
FNDA:0,(anonymous_30)
DA:32,0
DA:38,0
DA:46,0
DA:55,0
DA:56,0
DA:57,0
DA:58,0
DA:60,0
DA:66,0
DA:67,0
DA:68,0
DA:69,0
DA:71,0
DA:77,0
DA:78,0
DA:79,0
DA:80,0
DA:82,0
DA:96,0
DA:108,0
DA:109,0
DA:110,0
DA:112,0
DA:113,0
DA:116,0
DA:117,0
DA:118,0
DA:119,0
DA:120,0
DA:125,0
DA:126,0
DA:127,0
DA:128,0
DA:129,0
DA:131,0
DA:132,0
DA:133,0
DA:136,0
DA:139,0
DA:140,0
DA:141,0
DA:142,0
DA:145,0
DA:146,0
DA:147,0
DA:148,0
DA:151,0
DA:152,0
DA:155,0
DA:156,0
DA:157,0
DA:160,0
DA:161,0
DA:165,0
DA:168,0
DA:183,0
DA:184,0
DA:188,0
DA:191,0
DA:205,0
DA:206,0
DA:217,0
DA:218,0
DA:229,0
DA:230,0
DA:241,0
DA:242,0
DA:251,0
DA:280,0
DA:281,0
DA:293,0
DA:294,0
DA:306,0
DA:307,0
DA:337,0
LF:75
LH:0
BRDA:55,0,0,0
BRDA:55,0,1,0
BRDA:57,1,0,0
BRDA:57,1,1,0
BRDA:57,2,0,0
BRDA:57,2,1,0
BRDA:66,3,0,0
BRDA:66,3,1,0
BRDA:68,4,0,0
BRDA:68,4,1,0
BRDA:68,5,0,0
BRDA:68,5,1,0
BRDA:77,6,0,0
BRDA:77,6,1,0
BRDA:79,7,0,0
BRDA:79,7,1,0
BRDA:79,8,0,0
BRDA:79,8,1,0
BRDA:88,9,0,0
BRDA:91,10,0,0
BRDA:92,11,0,0
BRDA:93,12,0,0
BRDA:116,13,0,0
BRDA:116,13,1,0
BRDA:126,14,0,0
BRDA:126,14,1,0
BRDA:128,15,0,0
BRDA:128,15,1,0
BRDA:146,16,0,0
BRDA:146,16,1,0
BRDA:169,17,0,0
BRDA:169,17,1,0
BRDA:177,18,0,0
BRDA:177,18,1,0
BRDA:192,19,0,0
BRDA:192,19,1,0
BRDA:199,20,0,0
BRDA:199,20,1,0
BRDA:216,21,0,0
BRDA:216,21,1,0
BRDA:228,22,0,0
BRDA:228,22,1,0
BRDA:240,23,0,0
BRDA:240,23,1,0
BRDA:256,24,0,0
BRDA:256,24,1,0
BRDA:262,25,0,0
BRDA:262,25,1,0
BRF:48
BRH:0
end_of_record
TN:
SF:src\components\forms\UserProfileForm.tsx
FN:42,UserProfileForm
FN:63,(anonymous_1)
FN:64,(anonymous_2)
FN:68,(anonymous_3)
FN:76,(anonymous_4)
FN:78,(anonymous_5)
FN:90,(anonymous_6)
FN:96,(anonymous_7)
FN:106,(anonymous_8)
FN:140,(anonymous_9)
FN:141,(anonymous_10)
FN:152,(anonymous_11)
FN:153,(anonymous_12)
FN:165,(anonymous_13)
FN:166,(anonymous_14)
FN:183,(anonymous_15)
FN:184,(anonymous_16)
FN:196,(anonymous_17)
FN:197,(anonymous_18)
FN:207,(anonymous_19)
FN:208,(anonymous_20)
FNF:21
FNH:0
FNDA:0,UserProfileForm
FNDA:0,(anonymous_1)
FNDA:0,(anonymous_2)
FNDA:0,(anonymous_3)
FNDA:0,(anonymous_4)
FNDA:0,(anonymous_5)
FNDA:0,(anonymous_6)
FNDA:0,(anonymous_7)
FNDA:0,(anonymous_8)
FNDA:0,(anonymous_9)
FNDA:0,(anonymous_10)
FNDA:0,(anonymous_11)
FNDA:0,(anonymous_12)
FNDA:0,(anonymous_13)
FNDA:0,(anonymous_14)
FNDA:0,(anonymous_15)
FNDA:0,(anonymous_16)
FNDA:0,(anonymous_17)
FNDA:0,(anonymous_18)
FNDA:0,(anonymous_19)
FNDA:0,(anonymous_20)
DA:26,0
DA:50,0
DA:60,0
DA:61,0
DA:63,0
DA:64,0
DA:67,0
DA:68,0
DA:69,0
DA:70,0
DA:71,0
DA:76,0
DA:77,0
DA:78,0
DA:79,0
DA:80,0
DA:81,0
DA:83,0
DA:85,0
DA:87,0
DA:90,0
DA:91,0
DA:92,0
DA:93,0
DA:96,0
DA:97,0
DA:98,0
DA:99,0
DA:102,0
DA:103,0
DA:106,0
DA:107,0
DA:108,0
DA:111,0
DA:140,0
DA:141,0
DA:152,0
DA:153,0
DA:165,0
DA:166,0
DA:183,0
DA:184,0
DA:196,0
DA:197,0
DA:207,0
DA:208,0
LF:46
LH:0
BRDA:43,0,0,0
BRDA:46,1,0,0
BRDA:47,2,0,0
BRDA:67,3,0,0
BRDA:67,3,1,0
BRDA:77,4,0,0
BRDA:77,4,1,0
BRDA:80,5,0,0
BRDA:80,5,1,0
BRDA:97,6,0,0
BRDA:97,6,1,0
BRDA:116,7,0,0
BRDA:116,7,1,0
BRDA:122,8,0,0
BRDA:122,8,1,0
BRDA:164,9,0,0
BRDA:164,9,1,0
BRDA:182,10,0,0
BRDA:182,10,1,0
BRDA:195,11,0,0
BRDA:195,11,1,0
BRDA:206,12,0,0
BRDA:206,12,1,0
BRF:23
BRH:0
end_of_record
TN:
SF:src\components\health\HealthQuickActions.tsx
FN:72,HealthQuickActions
FN:84,(anonymous_1)
FN:94,(anonymous_2)
FN:106,(anonymous_3)
FN:120,(anonymous_4)
FN:134,(anonymous_5)
FNF:6
FNH:0
FNDA:0,HealthQuickActions
FNDA:0,(anonymous_1)
FNDA:0,(anonymous_2)
FNDA:0,(anonymous_3)
FNDA:0,(anonymous_4)
FNDA:0,(anonymous_5)
DA:33,0
DA:79,0
DA:80,0
DA:81,0
DA:82,0
DA:84,0
DA:85,0
DA:86,0
DA:87,0
DA:88,0
DA:89,0
DA:90,0
DA:94,0
DA:95,0
DA:96,0
DA:97,0
DA:100,0
DA:101,0
DA:102,0
DA:106,0
DA:107,0
DA:109,0
DA:111,0
DA:113,0
DA:117,0
DA:124,0
DA:134,0
DA:164,0
LF:28
LH:0
BRDA:73,0,0,0
BRDA:74,1,0,0
BRDA:75,2,0,0
BRDA:85,3,0,0
BRDA:85,3,1,0
BRDA:85,3,2,0
BRDA:85,3,3,0
BRDA:85,3,4,0
BRDA:95,4,0,0
BRDA:95,4,1,0
BRDA:101,5,0,0
BRDA:101,5,1,0
BRDA:107,6,0,0
BRDA:107,6,1,0
BRDA:107,6,2,0
BRDA:130,7,0,0
BRDA:130,7,1,0
BRDA:131,8,0,0
BRDA:131,8,1,0
BRDA:132,9,0,0
BRDA:132,9,1,0
BRDA:140,10,0,0
BRDA:140,10,1,0
BRDA:140,10,2,0
BRDA:143,11,0,0
BRDA:143,11,1,0
BRF:26
BRH:0
end_of_record
TN:
SF:src\components\health\MoodLoggingCard.tsx
FN:21,MoodLoggingCard
FN:26,(anonymous_1)
FN:39,(anonymous_2)
FN:41,(anonymous_3)
FN:45,(anonymous_4)
FN:49,(anonymous_5)
FN:51,(anonymous_6)
FN:65,(anonymous_7)
FN:84,(anonymous_8)
FN:85,(anonymous_9)
FN:102,(anonymous_10)
FN:115,(anonymous_11)
FN:122,(anonymous_12)
FN:141,(anonymous_13)
FN:146,(anonymous_14)
FN:164,(anonymous_15)
FN:175,(anonymous_16)
FNF:17
FNH:0
FNDA:0,MoodLoggingCard
FNDA:0,(anonymous_1)
FNDA:0,(anonymous_2)
FNDA:0,(anonymous_3)
FNDA:0,(anonymous_4)
FNDA:0,(anonymous_5)
FNDA:0,(anonymous_6)
FNDA:0,(anonymous_7)
FNDA:0,(anonymous_8)
FNDA:0,(anonymous_9)
FNDA:0,(anonymous_10)
FNDA:0,(anonymous_11)
FNDA:0,(anonymous_12)
FNDA:0,(anonymous_13)
FNDA:0,(anonymous_14)
FNDA:0,(anonymous_15)
FNDA:0,(anonymous_16)
DA:22,0
DA:23,0
DA:24,0
DA:26,0
DA:27,0
DA:28,0
DA:32,0
DA:33,0
DA:39,0
DA:41,0
DA:42,0
DA:45,0
DA:49,0
DA:50,0
DA:51,0
DA:52,0
DA:53,0
DA:54,0
DA:58,0
DA:59,0
DA:61,0
DA:65,0
DA:66,0
DA:67,0
DA:70,0
DA:81,0
DA:84,0
DA:85,0
DA:88,0
DA:94,0
DA:96,0
DA:99,0
DA:102,0
DA:108,0
DA:112,0
DA:115,0
DA:122,0
DA:124,0
DA:128,0
DA:129,0
DA:130,0
DA:132,0
DA:141,0
DA:142,0
DA:143,0
DA:146,0
DA:147,0
DA:148,0
DA:149,0
DA:150,0
DA:151,0
DA:154,0
DA:165,0
DA:175,0
DA:226,0
LF:55
LH:0
BRDA:21,0,0,0
BRDA:33,1,0,0
BRDA:33,1,1,0
BRDA:50,2,0,0
BRDA:50,2,1,0
BRDA:108,3,0,0
BRDA:108,3,1,0
BRDA:143,4,0,0
BRDA:143,4,1,0
BRDA:147,5,0,0
BRDA:147,5,1,0
BRDA:148,6,0,0
BRDA:148,6,1,0
BRDA:149,7,0,0
BRDA:149,7,1,0
BRDA:150,8,0,0
BRDA:150,8,1,0
BRDA:155,9,0,0
BRDA:155,9,1,0
BRDA:178,10,0,0
BRDA:178,10,1,0
BRDA:181,11,0,0
BRDA:181,11,1,0
BRDA:188,12,0,0
BRDA:188,12,1,0
BRDA:202,13,0,0
BRDA:202,13,1,0
BRDA:202,13,2,0
BRDA:214,14,0,0
BRDA:214,14,1,0
BRDA:214,15,0,0
BRDA:214,15,1,0
BRDA:216,16,0,0
BRDA:216,16,1,0
BRDA:216,17,0,0
BRDA:216,17,1,0
BRF:36
BRH:0
end_of_record
TN:
SF:src\components\health\WaterLogger.tsx
FN:23,WaterLogger
FN:37,(anonymous_1)
FN:41,(anonymous_2)
FN:50,(anonymous_3)
FN:67,(anonymous_4)
FN:78,(anonymous_5)
FN:95,(anonymous_6)
FN:154,(anonymous_7)
FN:180,(anonymous_8)
FN:181,(anonymous_9)
FNF:10
FNH:0
FNDA:0,WaterLogger
FNDA:0,(anonymous_1)
FNDA:0,(anonymous_2)
FNDA:0,(anonymous_3)
FNDA:0,(anonymous_4)
FNDA:0,(anonymous_5)
FNDA:0,(anonymous_6)
FNDA:0,(anonymous_7)
FNDA:0,(anonymous_8)
FNDA:0,(anonymous_9)
DA:24,0
DA:32,0
DA:33,0
DA:34,0
DA:37,0
DA:38,0
DA:41,0
DA:42,0
DA:43,0
DA:44,0
DA:46,0
DA:50,0
DA:51,0
DA:53,0
DA:54,0
DA:55,0
DA:57,0
DA:58,0
DA:60,0
DA:61,0
DA:62,0
DA:64,0
DA:67,0
DA:69,0
DA:70,0
DA:71,0
DA:72,0
DA:74,0
DA:78,0
DA:79,0
DA:81,0
DA:82,0
DA:83,0
DA:85,0
DA:86,0
DA:88,0
DA:89,0
DA:90,0
DA:92,0
DA:95,0
DA:97,0
DA:98,0
DA:99,0
DA:100,0
DA:102,0
DA:106,0
DA:108,0
DA:154,0
DA:180,0
DA:181,0
DA:193,0
LF:51
LH:0
BRDA:51,0,0,0
BRDA:51,0,1,0
BRDA:79,1,0,0
BRDA:79,1,1,0
BRDA:79,2,0,0
BRDA:79,2,1,0
BRDA:140,3,0,0
BRDA:140,3,1,0
BRDA:140,3,2,0
BRDA:143,4,0,0
BRDA:143,4,1,0
BRDA:152,5,0,0
BRDA:152,5,1,0
BRDA:163,6,0,0
BRDA:163,6,1,0
BRF:15
BRH:0
end_of_record
TN:
SF:src\components\layout\CardGrid.tsx
FN:25,CardGrid
FN:34,(anonymous_1)
FN:44,(anonymous_2)
FN:63,(anonymous_3)
FNF:4
FNH:0
FNDA:0,CardGrid
FNDA:0,(anonymous_1)
FNDA:0,(anonymous_2)
FNDA:0,(anonymous_3)
DA:13,0
DA:34,0
DA:35,0
DA:37,0
DA:38,0
DA:39,0
DA:42,0
DA:44,0
DA:45,0
DA:46,0
DA:61,0
DA:64,0
DA:78,0
DA:85,0
LF:14
LH:0
BRDA:27,0,0,0
BRDA:28,1,0,0
BRDA:29,2,0,0
BRDA:30,3,0,0
BRDA:35,4,0,0
BRDA:35,4,1,0
BRDA:45,5,0,0
BRDA:45,5,1,0
BRF:8
BRH:0
end_of_record
TN:
SF:src\components\layout\PageLayout.tsx
FN:38,PageLayout
FN:63,(anonymous_1)
FN:88,(anonymous_2)
FNF:3
FNH:0
FNDA:0,PageLayout
FNDA:0,(anonymous_1)
FNDA:0,(anonymous_2)
DA:50,0
DA:64,0
DA:89,0
DA:124,0
LF:4
LH:0
BRDA:43,0,0,0
BRDA:44,1,0,0
BRDA:45,2,0,0
BRDA:46,3,0,0
BRDA:56,4,0,0
BRDA:56,4,1,0
BRDA:61,5,0,0
BRDA:61,5,1,0
BRDA:72,6,0,0
BRDA:72,6,1,0
BRDA:81,7,0,0
BRDA:81,7,1,0
BRDA:81,7,2,0
BRDA:105,8,0,0
BRDA:105,8,1,0
BRDA:115,9,0,0
BRDA:115,9,1,0
BRF:17
BRH:0
end_of_record
TN:
SF:src\components\layout\SectionHeader.tsx
FN:31,SectionHeader
FNF:1
FNH:0
FNDA:0,SectionHeader
DA:39,0
DA:106,0
LF:2
LH:0
BRDA:43,0,0,0
BRDA:43,0,1,0
BRDA:48,1,0,0
BRDA:48,1,1,0
BRDA:57,2,0,0
BRDA:57,2,1,0
BRDA:63,3,0,0
BRDA:63,3,1,0
BRDA:67,4,0,0
BRDA:67,4,1,0
BRDA:67,5,0,0
BRDA:67,5,1,0
BRDA:75,6,0,0
BRDA:75,6,1,0
BRDA:83,7,0,0
BRDA:83,7,1,0
BRDA:90,8,0,0
BRDA:90,8,1,0
BRDA:94,9,0,0
BRDA:94,9,1,0
BRF:20
BRH:0
end_of_record
TN:
SF:src\components\nutrition\MacroProgressTracker.tsx
FN:29,MacroProgressTracker
FN:36,(anonymous_1)
FN:46,(anonymous_2)
FN:56,(anonymous_3)
FN:66,(anonymous_4)
FN:76,(anonymous_5)
FN:105,(anonymous_6)
FN:109,(anonymous_7)
FN:125,(anonymous_8)
FN:135,(anonymous_9)
FN:166,(anonymous_10)
FN:245,(anonymous_11)
FNF:12
FNH:0
FNDA:0,MacroProgressTracker
FNDA:0,(anonymous_1)
FNDA:0,(anonymous_2)
FNDA:0,(anonymous_3)
FNDA:0,(anonymous_4)
FNDA:0,(anonymous_5)
FNDA:0,(anonymous_6)
FNDA:0,(anonymous_7)
FNDA:0,(anonymous_8)
FNDA:0,(anonymous_9)
FNDA:0,(anonymous_10)
FNDA:0,(anonymous_11)
DA:36,0
DA:37,0
DA:38,0
DA:39,0
DA:40,0
DA:41,0
DA:42,0
DA:46,0
DA:47,0
DA:48,0
DA:49,0
DA:50,0
DA:51,0
DA:52,0
DA:56,0
DA:57,0
DA:58,0
DA:59,0
DA:60,0
DA:61,0
DA:62,0
DA:66,0
DA:67,0
DA:68,0
DA:69,0
DA:70,0
DA:71,0
DA:72,0
DA:76,0
DA:77,0
DA:79,0
DA:85,0
DA:91,0
DA:97,0
DA:105,0
DA:106,0
DA:109,0
DA:110,0
DA:112,0
DA:113,0
DA:114,0
DA:115,0
DA:116,0
DA:118,0
DA:119,0
DA:120,0
DA:121,0
DA:125,0
DA:126,0
DA:127,0
DA:128,0
DA:129,0
DA:130,0
DA:131,0
DA:135,0
DA:136,0
DA:137,0
DA:138,0
DA:139,0
DA:140,0
DA:141,0
DA:145,0
DA:152,0
DA:154,0
DA:167,0
DA:168,0
DA:169,0
DA:170,0
DA:172,0
DA:246,0
DA:247,0
DA:248,0
DA:261,0
DA:269,0
LF:74
LH:0
BRDA:32,0,0,0
BRDA:37,1,0,0
BRDA:37,1,1,0
BRDA:37,1,2,0
BRDA:37,1,3,0
BRDA:37,1,4,0
BRDA:47,2,0,0
BRDA:47,2,1,0
BRDA:47,2,2,0
BRDA:47,2,3,0
BRDA:47,2,4,0
BRDA:57,3,0,0
BRDA:57,3,1,0
BRDA:57,3,2,0
BRDA:57,3,3,0
BRDA:57,3,4,0
BRDA:67,4,0,0
BRDA:67,4,1,0
BRDA:67,4,2,0
BRDA:67,4,3,0
BRDA:67,4,4,0
BRDA:77,5,0,0
BRDA:77,5,1,0
BRDA:77,5,2,0
BRDA:77,5,3,0
BRDA:112,6,0,0
BRDA:112,6,1,0
BRDA:113,7,0,0
BRDA:113,7,1,0
BRDA:113,8,0,0
BRDA:113,8,1,0
BRDA:114,9,0,0
BRDA:114,9,1,0
BRDA:114,10,0,0
BRDA:114,10,1,0
BRDA:115,11,0,0
BRDA:115,11,1,0
BRDA:118,12,0,0
BRDA:118,12,1,0
BRDA:118,13,0,0
BRDA:118,13,1,0
BRDA:119,14,0,0
BRDA:119,14,1,0
BRDA:119,15,0,0
BRDA:119,15,1,0
BRDA:120,16,0,0
BRDA:120,16,1,0
BRDA:126,17,0,0
BRDA:126,17,1,0
BRDA:126,17,2,0
BRDA:126,17,3,0
BRDA:126,17,4,0
BRDA:136,18,0,0
BRDA:136,18,1,0
BRDA:136,18,2,0
BRDA:136,18,3,0
BRDA:136,18,4,0
BRDA:160,19,0,0
BRDA:160,19,1,0
BRDA:160,20,0,0
BRDA:160,20,1,0
BRDA:217,21,0,0
BRDA:217,21,1,0
BRDA:217,22,0,0
BRDA:217,22,1,0
BRDA:229,23,0,0
BRDA:229,23,1,0
BRDA:229,24,0,0
BRDA:229,24,1,0
BRDA:247,25,0,0
BRDA:247,25,1,0
BRF:71
BRH:0
end_of_record
TN:
SF:src\components\nutrition\MacroRings.tsx
FN:27,MacroRings
FN:28,(anonymous_1)
FN:32,(anonymous_2)
FN:44,(anonymous_3)
FN:58,(anonymous_4)
FN:69,(anonymous_5)
FN:110,(anonymous_6)
FNF:7
FNH:0
FNDA:0,MacroRings
FNDA:0,(anonymous_1)
FNDA:0,(anonymous_2)
FNDA:0,(anonymous_3)
FNDA:0,(anonymous_4)
FNDA:0,(anonymous_5)
FNDA:0,(anonymous_6)
DA:28,0
DA:29,0
DA:32,0
DA:33,0
DA:34,0
DA:35,0
DA:36,0
DA:38,0
DA:39,0
DA:40,0
DA:44,0
DA:45,0
DA:46,0
DA:47,0
DA:48,0
DA:49,0
DA:51,0
DA:52,0
DA:53,0
DA:54,0
DA:58,0
DA:59,0
DA:60,0
DA:61,0
DA:64,0
DA:66,0
DA:69,0
DA:100,0
DA:111,0
DA:134,0
LF:30
LH:0
BRDA:33,0,0,0
BRDA:33,0,1,0
BRDA:34,1,0,0
BRDA:34,1,1,0
BRDA:34,2,0,0
BRDA:34,2,1,0
BRDA:35,3,0,0
BRDA:35,3,1,0
BRDA:35,4,0,0
BRDA:35,4,1,0
BRDA:38,5,0,0
BRDA:38,5,1,0
BRDA:38,6,0,0
BRDA:38,6,1,0
BRDA:39,7,0,0
BRDA:39,7,1,0
BRDA:39,8,0,0
BRDA:39,8,1,0
BRDA:45,9,0,0
BRDA:45,9,1,0
BRDA:46,10,0,0
BRDA:46,10,1,0
BRDA:46,11,0,0
BRDA:46,11,1,0
BRDA:47,12,0,0
BRDA:47,12,1,0
BRDA:47,13,0,0
BRDA:47,13,1,0
BRDA:48,14,0,0
BRDA:48,14,1,0
BRDA:51,15,0,0
BRDA:51,15,1,0
BRDA:51,16,0,0
BRDA:51,16,1,0
BRDA:52,17,0,0
BRDA:52,17,1,0
BRDA:52,18,0,0
BRDA:52,18,1,0
BRDA:53,19,0,0
BRDA:53,19,1,0
BRF:40
BRH:0
end_of_record
TN:
SF:src\components\nutrition\NutritionLogsView.tsx
FN:46,(anonymous_0)
FN:62,(anonymous_1)
FN:75,(anonymous_2)
FN:96,(anonymous_3)
FN:109,(anonymous_4)
FN:122,(anonymous_5)
FN:135,(anonymous_6)
FN:148,(anonymous_7)
FN:152,(anonymous_8)
FN:158,(anonymous_9)
FN:176,(anonymous_10)
FN:206,(anonymous_11)
FN:220,(anonymous_12)
FN:235,(anonymous_13)
FN:259,(anonymous_14)
FN:270,(anonymous_15)
FN:276,(anonymous_16)
FN:284,(anonymous_17)
FN:289,(anonymous_18)
FN:298,(anonymous_19)
FN:309,(anonymous_20)
FN:316,(anonymous_21)
FN:344,(anonymous_22)
FN:358,(anonymous_23)
FN:359,(anonymous_24)
FN:360,(anonymous_25)
FN:361,(anonymous_26)
FN:387,(anonymous_27)
FN:388,(anonymous_28)
FN:411,(anonymous_29)
FN:412,(anonymous_30)
FN:413,(anonymous_31)
FN:414,(anonymous_32)
FN:439,(anonymous_33)
FN:443,(anonymous_34)
FN:445,(anonymous_35)
FN:472,(anonymous_36)
FN:477,(anonymous_37)
FN:495,(anonymous_38)
FN:502,(anonymous_39)
FN:502,(anonymous_40)
FN:509,(anonymous_41)
FN:510,(anonymous_42)
FN:511,(anonymous_43)
FN:512,(anonymous_44)
FN:517,(anonymous_45)
FN:535,(anonymous_46)
FN:535,(anonymous_47)
FN:546,(anonymous_48)
FN:552,(anonymous_49)
FN:552,(anonymous_50)
FN:563,(anonymous_51)
FN:568,(anonymous_52)
FN:574,(anonymous_53)
FN:590,(anonymous_54)
FN:600,(anonymous_55)
FN:611,(anonymous_56)
FN:628,(anonymous_57)
FN:645,(anonymous_58)
FN:675,(anonymous_59)
FN:708,(anonymous_60)
FN:720,(anonymous_61)
FN:729,(anonymous_62)
FN:793,(anonymous_63)
FN:801,(anonymous_64)
FN:822,(anonymous_65)
FN:839,(anonymous_66)
FN:855,(anonymous_67)
FN:856,(anonymous_68)
FN:866,(anonymous_69)
FN:868,(anonymous_70)
FN:869,(anonymous_71)
FN:895,(anonymous_72)
FNF:73
FNH:0
FNDA:0,(anonymous_0)
FNDA:0,(anonymous_1)
FNDA:0,(anonymous_2)
FNDA:0,(anonymous_3)
FNDA:0,(anonymous_4)
FNDA:0,(anonymous_5)
FNDA:0,(anonymous_6)
FNDA:0,(anonymous_7)
FNDA:0,(anonymous_8)
FNDA:0,(anonymous_9)
FNDA:0,(anonymous_10)
FNDA:0,(anonymous_11)
FNDA:0,(anonymous_12)
FNDA:0,(anonymous_13)
FNDA:0,(anonymous_14)
FNDA:0,(anonymous_15)
FNDA:0,(anonymous_16)
FNDA:0,(anonymous_17)
FNDA:0,(anonymous_18)
FNDA:0,(anonymous_19)
FNDA:0,(anonymous_20)
FNDA:0,(anonymous_21)
FNDA:0,(anonymous_22)
FNDA:0,(anonymous_23)
FNDA:0,(anonymous_24)
FNDA:0,(anonymous_25)
FNDA:0,(anonymous_26)
FNDA:0,(anonymous_27)
FNDA:0,(anonymous_28)
FNDA:0,(anonymous_29)
FNDA:0,(anonymous_30)
FNDA:0,(anonymous_31)
FNDA:0,(anonymous_32)
FNDA:0,(anonymous_33)
FNDA:0,(anonymous_34)
FNDA:0,(anonymous_35)
FNDA:0,(anonymous_36)
FNDA:0,(anonymous_37)
FNDA:0,(anonymous_38)
FNDA:0,(anonymous_39)
FNDA:0,(anonymous_40)
FNDA:0,(anonymous_41)
FNDA:0,(anonymous_42)
FNDA:0,(anonymous_43)
FNDA:0,(anonymous_44)
FNDA:0,(anonymous_45)
FNDA:0,(anonymous_46)
FNDA:0,(anonymous_47)
FNDA:0,(anonymous_48)
FNDA:0,(anonymous_49)
FNDA:0,(anonymous_50)
FNDA:0,(anonymous_51)
FNDA:0,(anonymous_52)
FNDA:0,(anonymous_53)
FNDA:0,(anonymous_54)
FNDA:0,(anonymous_55)
FNDA:0,(anonymous_56)
FNDA:0,(anonymous_57)
FNDA:0,(anonymous_58)
FNDA:0,(anonymous_59)
FNDA:0,(anonymous_60)
FNDA:0,(anonymous_61)
FNDA:0,(anonymous_62)
FNDA:0,(anonymous_63)
FNDA:0,(anonymous_64)
FNDA:0,(anonymous_65)
FNDA:0,(anonymous_66)
FNDA:0,(anonymous_67)
FNDA:0,(anonymous_68)
FNDA:0,(anonymous_69)
FNDA:0,(anonymous_70)
FNDA:0,(anonymous_71)
FNDA:0,(anonymous_72)
DA:46,0
DA:47,0
DA:48,0
DA:49,0
DA:50,0
DA:51,0
DA:52,0
DA:53,0
DA:56,0
DA:63,0
DA:76,0
DA:97,0
DA:110,0
DA:123,0
DA:136,0
DA:149,0
DA:152,0
DA:158,0
DA:167,0
DA:168,0
DA:169,0
DA:170,0
DA:171,0
DA:172,0
DA:174,0
DA:176,0
DA:177,0
DA:178,0
DA:179,0
DA:180,0
DA:182,0
DA:183,0
DA:184,0
DA:185,0
DA:186,0
DA:187,0
DA:188,0
DA:190,0
DA:196,0
DA:198,0
DA:199,0
DA:201,0
DA:202,0
DA:203,0
DA:206,0
DA:207,0
DA:220,0
DA:221,0
DA:222,0
DA:223,0
DA:226,0
DA:229,0
DA:231,0
DA:235,0
DA:236,0
DA:237,0
DA:239,0
DA:240,0
DA:241,0
DA:242,0
DA:244,0
DA:250,0
DA:253,0
DA:255,0
DA:259,0
DA:260,0
DA:261,0
DA:262,0
DA:264,0
DA:266,0
DA:267,0
DA:270,0
DA:271,0
DA:272,0
DA:273,0
DA:276,0
DA:277,0
DA:284,0
DA:285,0
DA:286,0
DA:289,0
DA:290,0
DA:291,0
DA:292,0
DA:293,0
DA:298,0
DA:299,0
DA:300,0
DA:305,0
DA:306,0
DA:309,0
DA:310,0
DA:312,0
DA:313,0
DA:315,0
DA:316,0
DA:317,0
DA:319,0
DA:320,0
DA:323,0
DA:324,0
DA:325,0
DA:326,0
DA:329,0
DA:330,0
DA:331,0
DA:332,0
DA:333,0
DA:334,0
DA:335,0
DA:339,0
DA:340,0
DA:344,0
DA:345,0
DA:346,0
DA:355,0
DA:358,0
DA:359,0
DA:360,0
DA:361,0
DA:363,0
DA:370,0
DA:372,0
DA:373,0
DA:374,0
DA:375,0
DA:376,0
DA:377,0
DA:378,0
DA:382,0
DA:383,0
DA:387,0
DA:388,0
DA:389,0
DA:392,0
DA:393,0
DA:394,0
DA:395,0
DA:396,0
DA:397,0
DA:399,0
DA:408,0
DA:411,0
DA:412,0
DA:413,0
DA:414,0
DA:416,0
DA:426,0
DA:428,0
DA:429,0
DA:430,0
DA:431,0
DA:432,0
DA:435,0
DA:439,0
DA:440,0
DA:443,0
DA:445,0
DA:446,0
DA:449,0
DA:450,0
DA:451,0
DA:452,0
DA:453,0
DA:454,0
DA:455,0
DA:459,0
DA:460,0
DA:463,0
DA:465,0
DA:468,0
DA:472,0
DA:473,0
DA:474,0
DA:477,0
DA:478,0
DA:481,0
DA:482,0
DA:483,0
DA:484,0
DA:485,0
DA:486,0
DA:487,0
DA:491,0
DA:492,0
DA:495,0
DA:496,0
DA:499,0
DA:501,0
DA:502,0
DA:503,0
DA:506,0
DA:509,0
DA:510,0
DA:511,0
DA:512,0
DA:516,0
DA:517,0
DA:535,0
DA:536,0
DA:540,0
DA:542,0
DA:546,0
DA:547,0
DA:548,0
DA:550,0
DA:552,0
DA:554,0
DA:557,0
DA:559,0
DA:563,0
DA:564,0
DA:568,0
DA:574,0
DA:575,0
DA:576,0
DA:577,0
DA:578,0
DA:579,0
DA:581,0
DA:586,0
DA:590,0
DA:591,0
DA:592,0
DA:593,0
DA:594,0
DA:595,0
DA:596,0
DA:600,0
DA:601,0
DA:602,0
DA:603,0
DA:604,0
DA:605,0
DA:606,0
DA:611,0
DA:626,0
DA:628,0
DA:630,0
DA:631,0
DA:632,0
DA:633,0
DA:634,0
DA:635,0
DA:636,0
DA:640,0
DA:641,0
DA:644,0
DA:645,0
DA:646,0
DA:665,0
DA:669,0
DA:670,0
DA:671,0
DA:672,0
DA:673,0
DA:675,0
DA:676,0
DA:679,0
DA:680,0
DA:687,0
DA:708,0
DA:720,0
DA:729,0
DA:793,0
DA:801,0
DA:823,0
DA:824,0
DA:841,0
DA:842,0
DA:843,0
DA:844,0
DA:845,0
DA:846,0
DA:847,0
DA:851,0
DA:852,0
DA:855,0
DA:856,0
DA:857,0
DA:859,0
DA:867,0
DA:868,0
DA:869,0
DA:870,0
DA:895,0
DA:913,0
DA:917,0
LF:288
LH:0
BRDA:180,0,0,0
BRDA:180,0,1,0
BRDA:201,1,0,0
BRDA:201,1,1,0
BRDA:221,2,0,0
BRDA:221,2,1,0
BRDA:221,2,2,0
BRDA:222,3,0,0
BRDA:222,3,1,0
BRDA:222,3,2,0
BRDA:250,4,0,0
BRDA:250,4,1,0
BRDA:261,5,0,0
BRDA:261,5,1,0
BRDA:301,6,0,0
BRDA:301,6,1,0
BRDA:302,7,0,0
BRDA:302,7,1,0
BRDA:303,8,0,0
BRDA:303,8,1,0
BRDA:310,9,0,0
BRDA:310,9,1,0
BRDA:310,10,0,0
BRDA:310,10,1,0
BRDA:313,11,0,0
BRDA:313,11,1,0
BRDA:317,12,0,0
BRDA:317,12,1,0
BRDA:323,13,0,0
BRDA:323,13,1,0
BRDA:324,14,0,0
BRDA:324,14,1,0
BRDA:325,15,0,0
BRDA:325,15,1,0
BRDA:326,16,0,0
BRDA:326,16,1,0
BRDA:331,17,0,0
BRDA:331,17,1,0
BRDA:332,18,0,0
BRDA:332,18,1,0
BRDA:334,19,0,0
BRDA:334,19,1,0
BRDA:345,20,0,0
BRDA:345,20,1,0
BRDA:345,21,0,0
BRDA:345,21,1,0
BRDA:370,22,0,0
BRDA:370,22,1,0
BRDA:374,23,0,0
BRDA:374,23,1,0
BRDA:375,24,0,0
BRDA:375,24,1,0
BRDA:377,25,0,0
BRDA:377,25,1,0
BRDA:389,26,0,0
BRDA:389,26,1,0
BRDA:392,27,0,0
BRDA:392,27,1,0
BRDA:394,28,0,0
BRDA:394,28,1,0
BRDA:395,29,0,0
BRDA:395,29,1,0
BRDA:396,30,0,0
BRDA:396,30,1,0
BRDA:397,31,0,0
BRDA:397,31,1,0
BRDA:446,32,0,0
BRDA:446,32,1,0
BRDA:451,33,0,0
BRDA:451,33,1,0
BRDA:452,34,0,0
BRDA:452,34,1,0
BRDA:454,35,0,0
BRDA:454,35,1,0
BRDA:463,36,0,0
BRDA:463,36,1,0
BRDA:478,37,0,0
BRDA:478,37,1,0
BRDA:483,38,0,0
BRDA:483,38,1,0
BRDA:484,39,0,0
BRDA:484,39,1,0
BRDA:486,40,0,0
BRDA:486,40,1,0
BRDA:496,41,0,0
BRDA:496,41,1,0
BRDA:496,41,2,0
BRDA:499,42,0,0
BRDA:499,42,1,0
BRDA:509,43,0,0
BRDA:509,43,1,0
BRDA:510,44,0,0
BRDA:510,44,1,0
BRDA:511,45,0,0
BRDA:511,45,1,0
BRDA:512,46,0,0
BRDA:512,46,1,0
BRDA:520,47,0,0
BRDA:520,47,1,0
BRDA:521,48,0,0
BRDA:521,48,1,0
BRDA:522,49,0,0
BRDA:522,49,1,0
BRDA:523,50,0,0
BRDA:523,50,1,0
BRDA:524,51,0,0
BRDA:524,51,1,0
BRDA:525,52,0,0
BRDA:525,52,1,0
BRDA:526,53,0,0
BRDA:526,53,1,0
BRDA:535,54,0,0
BRDA:535,54,1,0
BRDA:575,55,0,0
BRDA:575,55,1,0
BRDA:578,56,0,0
BRDA:578,56,1,0
BRDA:591,57,0,0
BRDA:591,57,1,0
BRDA:591,57,2,0
BRDA:591,57,3,0
BRDA:591,57,4,0
BRDA:601,58,0,0
BRDA:601,58,1,0
BRDA:601,58,2,0
BRDA:601,58,3,0
BRDA:601,58,4,0
BRDA:632,59,0,0
BRDA:632,59,1,0
BRDA:633,60,0,0
BRDA:633,60,1,0
BRDA:635,61,0,0
BRDA:635,61,1,0
BRDA:644,62,0,0
BRDA:644,62,1,0
BRDA:644,63,0,0
BRDA:644,63,1,0
BRDA:647,64,0,0
BRDA:647,64,1,0
BRDA:647,64,2,0
BRDA:649,65,0,0
BRDA:649,65,1,0
BRDA:649,65,2,0
BRDA:654,66,0,0
BRDA:654,66,1,0
BRDA:655,67,0,0
BRDA:655,67,1,0
BRDA:658,68,0,0
BRDA:658,68,1,0
BRDA:679,69,0,0
BRDA:679,69,1,0
BRDA:711,70,0,0
BRDA:711,70,1,0
BRDA:732,71,0,0
BRDA:732,71,1,0
BRDA:742,72,0,0
BRDA:742,72,1,0
BRDA:743,73,0,0
BRDA:743,73,1,0
BRDA:750,74,0,0
BRDA:750,74,1,0
BRDA:751,75,0,0
BRDA:751,75,1,0
BRDA:756,76,0,0
BRDA:756,76,1,0
BRDA:776,77,0,0
BRDA:776,77,1,0
BRDA:809,78,0,0
BRDA:809,78,1,0
BRDA:814,79,0,0
BRDA:814,79,1,0
BRDA:821,80,0,0
BRDA:821,80,1,0
BRDA:823,81,0,0
BRDA:823,81,1,0
BRDA:833,82,0,0
BRDA:833,82,1,0
BRDA:833,82,2,0
BRDA:837,83,0,0
BRDA:837,83,1,0
BRDA:839,84,0,0
BRDA:839,84,1,0
BRDA:843,85,0,0
BRDA:843,85,1,0
BRDA:844,86,0,0
BRDA:844,86,1,0
BRDA:846,87,0,0
BRDA:846,87,1,0
BRDA:857,88,0,0
BRDA:857,88,1,0
BRDA:860,89,0,0
BRDA:860,89,1,0
BRDA:860,89,2,0
BRDA:865,90,0,0
BRDA:865,90,1,0
BRDA:867,91,0,0
BRDA:867,91,1,0
BRDA:870,92,0,0
BRDA:870,92,1,0
BRDA:870,93,0,0
BRDA:870,93,1,0
BRDA:880,94,0,0
BRDA:880,94,1,0
BRDA:880,94,2,0
BRF:204
BRH:0
end_of_record
TN:
SF:src\components\nutrition\NutritionOverviewDashboard.tsx
FN:56,NutritionOverviewDashboard
FN:71,(anonymous_1)
FN:76,(anonymous_2)
FN:100,(anonymous_3)
FN:113,(anonymous_4)
FN:155,(anonymous_5)
FN:199,(anonymous_6)
FN:207,(anonymous_7)
FN:300,(anonymous_8)
FNF:9
FNH:0
FNDA:0,NutritionOverviewDashboard
FNDA:0,(anonymous_1)
FNDA:0,(anonymous_2)
FNDA:0,(anonymous_3)
FNDA:0,(anonymous_4)
FNDA:0,(anonymous_5)
FNDA:0,(anonymous_6)
FNDA:0,(anonymous_7)
FNDA:0,(anonymous_8)
DA:62,0
DA:63,0
DA:64,0
DA:65,0
DA:66,0
DA:67,0
DA:68,0
DA:71,0
DA:72,0
DA:73,0
DA:76,0
DA:77,0
DA:79,0
DA:81,0
DA:91,0
DA:92,0
DA:93,0
DA:96,0
DA:100,0
DA:101,0
DA:102,0
DA:105,0
DA:106,0
DA:113,0
DA:114,0
DA:115,0
DA:134,0
DA:137,0
DA:138,0
DA:141,0
DA:149,0
DA:151,0
DA:155,0
DA:157,0
DA:158,0
DA:167,0
DA:175,0
DA:177,0
DA:185,0
DA:187,0
DA:195,0
DA:199,0
DA:200,0
DA:201,0
DA:202,0
DA:203,0
DA:207,0
DA:208,0
DA:209,0
DA:210,0
DA:211,0
DA:215,0
DA:216,0
DA:224,0
DA:226,0
DA:300,0
DA:388,0
LF:57
LH:0
BRDA:59,0,0,0
BRDA:79,1,0,0
BRDA:79,1,1,0
BRDA:116,2,0,0
BRDA:116,2,1,0
BRDA:117,3,0,0
BRDA:117,3,1,0
BRDA:118,4,0,0
BRDA:118,4,1,0
BRDA:119,5,0,0
BRDA:119,5,1,0
BRDA:157,6,0,0
BRDA:157,6,1,0
BRDA:175,7,0,0
BRDA:175,7,1,0
BRDA:175,7,2,0
BRDA:175,7,3,0
BRDA:200,8,0,0
BRDA:200,8,1,0
BRDA:200,8,2,0
BRDA:208,9,0,0
BRDA:208,9,1,0
BRDA:208,9,2,0
BRDA:215,10,0,0
BRDA:215,10,1,0
BRDA:240,11,0,0
BRDA:240,11,1,0
BRDA:246,12,0,0
BRDA:246,12,1,0
BRDA:252,13,0,0
BRDA:252,13,1,0
BRDA:269,14,0,0
BRDA:269,14,1,0
BRDA:277,15,0,0
BRDA:277,15,1,0
BRDA:285,16,0,0
BRDA:285,16,1,0
BRDA:293,17,0,0
BRDA:293,17,1,0
BRDA:306,18,0,0
BRDA:306,18,1,0
BRDA:307,19,0,0
BRDA:307,19,1,0
BRDA:308,20,0,0
BRDA:308,20,1,0
BRDA:309,21,0,0
BRDA:309,21,1,0
BRDA:316,22,0,0
BRDA:316,22,1,0
BRDA:324,23,0,0
BRDA:324,23,1,0
BRDA:338,24,0,0
BRDA:338,24,1,0
BRDA:368,25,0,0
BRDA:368,25,1,0
BRF:55
BRH:0
end_of_record
TN:
SF:src\components\nutrition\QuickAddMeals.tsx
FN:153,QuickAddMeals
FN:158,(anonymous_1)
FN:162,(anonymous_2)
FN:172,(anonymous_3)
FN:195,(anonymous_4)
FN:199,(anonymous_5)
FNF:6
FNH:0
FNDA:0,QuickAddMeals
FNDA:0,(anonymous_1)
FNDA:0,(anonymous_2)
FNDA:0,(anonymous_3)
FNDA:0,(anonymous_4)
FNDA:0,(anonymous_5)
DA:43,0
DA:158,0
DA:159,0
DA:162,0
DA:163,0
DA:164,0
DA:165,0
DA:166,0
DA:167,0
DA:168,0
DA:172,0
DA:173,0
DA:174,0
DA:175,0
DA:176,0
DA:177,0
DA:178,0
DA:182,0
DA:196,0
DA:199,0
DA:264,0
LF:21
LH:0
BRDA:163,0,0,0
BRDA:163,0,1,0
BRDA:163,0,2,0
BRDA:163,0,3,0
BRDA:163,0,4,0
BRDA:173,1,0,0
BRDA:173,1,1,0
BRDA:173,1,2,0
BRDA:173,1,3,0
BRDA:173,1,4,0
BRF:10
BRH:0
end_of_record
TN:
SF:src\components\nutrition\UnifiedNutritionLogger.tsx
FN:69,(anonymous_0)
FN:85,UnifiedNutritionLogger
FN:107,(anonymous_2)
FN:116,(anonymous_3)
FN:124,(anonymous_4)
FN:138,(anonymous_5)
FN:159,(anonymous_6)
FN:165,(anonymous_7)
FN:175,(anonymous_8)
FN:203,(anonymous_9)
FN:217,(anonymous_10)
FN:218,(anonymous_11)
FN:235,(anonymous_12)
FN:236,(anonymous_13)
FN:253,(anonymous_14)
FN:262,(anonymous_15)
FN:263,(anonymous_16)
FN:264,(anonymous_17)
FN:277,(anonymous_18)
FN:278,(anonymous_19)
FN:281,(anonymous_20)
FN:282,(anonymous_21)
FN:295,(anonymous_22)
FN:307,(anonymous_23)
FN:317,(anonymous_24)
FN:317,(anonymous_25)
FN:350,(anonymous_26)
FN:366,(anonymous_27)
FN:373,(anonymous_28)
FN:401,(anonymous_29)
FN:415,(anonymous_30)
FN:428,(anonymous_31)
FNF:32
FNH:0
FNDA:0,(anonymous_0)
FNDA:0,UnifiedNutritionLogger
FNDA:0,(anonymous_2)
FNDA:0,(anonymous_3)
FNDA:0,(anonymous_4)
FNDA:0,(anonymous_5)
FNDA:0,(anonymous_6)
FNDA:0,(anonymous_7)
FNDA:0,(anonymous_8)
FNDA:0,(anonymous_9)
FNDA:0,(anonymous_10)
FNDA:0,(anonymous_11)
FNDA:0,(anonymous_12)
FNDA:0,(anonymous_13)
FNDA:0,(anonymous_14)
FNDA:0,(anonymous_15)
FNDA:0,(anonymous_16)
FNDA:0,(anonymous_17)
FNDA:0,(anonymous_18)
FNDA:0,(anonymous_19)
FNDA:0,(anonymous_20)
FNDA:0,(anonymous_21)
FNDA:0,(anonymous_22)
FNDA:0,(anonymous_23)
FNDA:0,(anonymous_24)
FNDA:0,(anonymous_25)
FNDA:0,(anonymous_26)
FNDA:0,(anonymous_27)
FNDA:0,(anonymous_28)
FNDA:0,(anonymous_29)
FNDA:0,(anonymous_30)
FNDA:0,(anonymous_31)
DA:69,0
DA:70,0
DA:72,0
DA:73,0
DA:74,0
DA:75,0
DA:76,0
DA:77,0
DA:78,0
DA:79,0
DA:81,0
DA:92,0
DA:93,0
DA:102,0
DA:103,0
DA:104,0
DA:105,0
DA:107,0
DA:108,0
DA:109,0
DA:110,0
DA:111,0
DA:116,0
DA:117,0
DA:118,0
DA:120,0
DA:124,0
DA:125,0
DA:126,0
DA:127,0
DA:128,0
DA:129,0
DA:131,0
DA:132,0
DA:134,0
DA:138,0
DA:139,0
DA:140,0
DA:141,0
DA:144,0
DA:145,0
DA:146,0
DA:147,0
DA:148,0
DA:150,0
DA:152,0
DA:153,0
DA:155,0
DA:159,0
DA:160,0
DA:161,0
DA:162,0
DA:165,0
DA:166,0
DA:167,0
DA:169,0
DA:175,0
DA:190,0
DA:191,0
DA:192,0
DA:193,0
DA:194,0
DA:196,0
DA:197,0
DA:199,0
DA:203,0
DA:204,0
DA:213,0
DA:214,0
DA:217,0
DA:218,0
DA:219,0
DA:220,0
DA:221,0
DA:222,0
DA:224,0
DA:232,0
DA:235,0
DA:236,0
DA:238,0
DA:240,0
DA:241,0
DA:244,0
DA:250,0
DA:251,0
DA:253,0
DA:258,0
DA:262,0
DA:263,0
DA:264,0
DA:265,0
DA:267,0
DA:269,0
DA:277,0
DA:278,0
DA:279,0
DA:281,0
DA:282,0
DA:283,0
DA:285,0
DA:292,0
DA:295,0
DA:296,0
DA:308,0
DA:317,0
DA:350,0
DA:367,0
DA:373,0
DA:402,0
DA:416,0
DA:417,0
DA:418,0
DA:428,0
DA:473,0
DA:517,0
LF:115
LH:0
BRDA:72,0,0,0
BRDA:72,0,1,0
BRDA:72,1,0,0
BRDA:72,1,1,0
BRDA:74,2,0,0
BRDA:74,2,1,0
BRDA:74,3,0,0
BRDA:74,3,1,0
BRDA:76,4,0,0
BRDA:76,4,1,0
BRDA:76,5,0,0
BRDA:76,5,1,0
BRDA:78,6,0,0
BRDA:78,6,1,0
BRDA:78,7,0,0
BRDA:78,7,1,0
BRDA:94,8,0,0
BRDA:94,8,1,0
BRDA:108,9,0,0
BRDA:108,9,1,0
BRDA:110,10,0,0
BRDA:110,10,1,0
BRDA:117,11,0,0
BRDA:117,11,1,0
BRDA:139,12,0,0
BRDA:139,12,1,0
BRDA:181,13,0,0
BRDA:181,13,1,0
BRDA:182,14,0,0
BRDA:182,14,1,0
BRDA:183,15,0,0
BRDA:183,15,1,0
BRDA:184,16,0,0
BRDA:184,16,1,0
BRDA:205,17,0,0
BRDA:205,17,1,0
BRDA:219,18,0,0
BRDA:219,18,1,0
BRDA:220,19,0,0
BRDA:220,19,1,0
BRDA:221,20,0,0
BRDA:221,20,1,0
BRDA:222,21,0,0
BRDA:222,21,1,0
BRDA:238,22,0,0
BRDA:238,22,1,0
BRDA:265,23,0,0
BRDA:265,23,1,0
BRDA:279,24,0,0
BRDA:279,24,1,0
BRDA:313,25,0,0
BRDA:313,25,1,0
BRDA:314,26,0,0
BRDA:314,26,1,0
BRDA:326,27,0,0
BRDA:326,27,1,0
BRDA:348,28,0,0
BRDA:348,28,1,0
BRDA:359,29,0,0
BRDA:359,29,1,0
BRDA:361,30,0,0
BRDA:361,30,1,0
BRDA:365,31,0,0
BRDA:365,31,1,0
BRDA:371,32,0,0
BRDA:371,32,1,0
BRDA:391,33,0,0
BRDA:391,33,1,0
BRDA:416,34,0,0
BRDA:416,34,1,0
BRDA:417,35,0,0
BRDA:417,35,1,0
BRDA:437,36,0,0
BRDA:437,36,1,0
BRDA:443,37,0,0
BRDA:443,37,1,0
BRDA:449,38,0,0
BRDA:449,38,1,0
BRDA:455,39,0,0
BRDA:455,39,1,0
BRDA:501,40,0,0
BRDA:501,40,1,0
BRDA:505,41,0,0
BRDA:505,41,1,0
BRDA:505,41,2,0
BRDA:507,42,0,0
BRDA:507,42,1,0
BRF:87
BRH:0
end_of_record
TN:
SF:src\components\nutrition\WeeklyNutritionChart.tsx
FN:20,(anonymous_0)
FN:36,(anonymous_1)
FN:38,(anonymous_2)
FN:42,(anonymous_3)
FN:51,(anonymous_4)
FNF:5
FNH:0
FNDA:0,(anonymous_0)
FNDA:0,(anonymous_1)
FNDA:0,(anonymous_2)
FNDA:0,(anonymous_3)
FNDA:0,(anonymous_4)
DA:20,0
DA:26,0
DA:36,0
DA:38,0
DA:39,0
DA:42,0
DA:43,0
DA:44,0
DA:45,0
DA:48,0
DA:52,0
DA:89,0
LF:12
LH:0
BRDA:23,0,0,0
BRDA:24,1,0,0
BRDA:36,2,0,0
BRDA:36,2,1,0
BRDA:39,3,0,0
BRDA:39,3,1,0
BRDA:43,4,0,0
BRDA:43,4,1,0
BRDA:44,5,0,0
BRDA:44,5,1,0
BRDA:63,6,0,0
BRDA:63,6,1,0
BRDA:69,7,0,0
BRDA:69,7,1,0
BRF:14
BRH:0
end_of_record
TN:
SF:src\components\onboarding\BodyTypeGoalsStep.tsx
FN:39,BodyTypeGoalsStep
FN:50,(anonymous_1)
FN:52,(anonymous_2)
FN:68,(anonymous_3)
FN:75,(anonymous_4)
FN:82,(anonymous_5)
FN:87,(anonymous_6)
FN:91,(anonymous_7)
FN:121,(anonymous_8)
FN:136,(anonymous_9)
FN:143,(anonymous_10)
FN:165,(anonymous_11)
FN:184,(anonymous_12)
FN:190,(anonymous_13)
FN:340,(anonymous_14)
FN:345,(anonymous_15)
FN:371,(anonymous_16)
FN:375,(anonymous_17)
FN:375,(anonymous_18)
FNF:19
FNH:0
FNDA:0,BodyTypeGoalsStep
FNDA:0,(anonymous_1)
FNDA:0,(anonymous_2)
FNDA:0,(anonymous_3)
FNDA:0,(anonymous_4)
FNDA:0,(anonymous_5)
FNDA:0,(anonymous_6)
FNDA:0,(anonymous_7)
FNDA:0,(anonymous_8)
FNDA:0,(anonymous_9)
FNDA:0,(anonymous_10)
FNDA:0,(anonymous_11)
FNDA:0,(anonymous_12)
FNDA:0,(anonymous_13)
FNDA:0,(anonymous_14)
FNDA:0,(anonymous_15)
FNDA:0,(anonymous_16)
FNDA:0,(anonymous_17)
FNDA:0,(anonymous_18)
DA:45,0
DA:46,0
DA:47,0
DA:48,0
DA:50,0
DA:52,0
DA:53,0
DA:54,0
DA:55,0
DA:56,0
DA:59,0
DA:61,0
DA:65,0
DA:68,0
DA:70,0
DA:71,0
DA:75,0
DA:77,0
DA:78,0
DA:82,0
DA:83,0
DA:84,0
DA:87,0
DA:88,0
DA:91,0
DA:92,0
DA:94,0
DA:95,0
DA:96,0
DA:97,0
DA:98,0
DA:99,0
DA:100,0
DA:102,0
DA:103,0
DA:104,0
DA:108,0
DA:110,0
DA:111,0
DA:112,0
DA:113,0
DA:114,0
DA:116,0
DA:117,0
DA:121,0
DA:122,0
DA:124,0
DA:125,0
DA:126,0
DA:130,0
DA:132,0
DA:133,0
DA:136,0
DA:137,0
DA:139,0
DA:140,0
DA:143,0
DA:144,0
DA:146,0
DA:147,0
DA:148,0
DA:149,0
DA:150,0
DA:151,0
DA:152,0
DA:154,0
DA:155,0
DA:156,0
DA:160,0
DA:162,0
DA:165,0
DA:166,0
DA:168,0
DA:169,0
DA:170,0
DA:171,0
DA:172,0
DA:173,0
DA:174,0
DA:176,0
DA:177,0
DA:178,0
DA:181,0
DA:184,0
DA:185,0
DA:187,0
DA:190,0
DA:340,0
DA:341,0
DA:343,0
DA:345,0
DA:351,0
DA:352,0
DA:363,0
DA:364,0
DA:372,0
DA:373,0
DA:375,0
DA:385,0
DA:408,0
LF:100
LH:0
BRDA:41,0,0,0
BRDA:70,1,0,0
BRDA:70,1,1,0
BRDA:77,2,0,0
BRDA:77,2,1,0
BRDA:92,3,0,0
BRDA:92,3,1,0
BRDA:94,4,0,0
BRDA:94,4,1,0
BRDA:94,5,0,0
BRDA:94,5,1,0
BRDA:97,6,0,0
BRDA:97,6,1,0
BRDA:97,7,0,0
BRDA:97,7,1,0
BRDA:100,8,0,0
BRDA:100,8,1,0
BRDA:100,9,0,0
BRDA:100,9,1,0
BRDA:108,10,0,0
BRDA:108,10,1,0
BRDA:110,11,0,0
BRDA:110,11,1,0
BRDA:112,12,0,0
BRDA:112,12,1,0
BRDA:122,13,0,0
BRDA:122,13,1,0
BRDA:124,14,0,0
BRDA:124,14,1,0
BRDA:130,15,0,0
BRDA:130,15,1,0
BRDA:137,16,0,0
BRDA:137,16,1,0
BRDA:144,17,0,0
BRDA:144,17,1,0
BRDA:146,18,0,0
BRDA:146,18,1,0
BRDA:146,19,0,0
BRDA:146,19,1,0
BRDA:149,20,0,0
BRDA:149,20,1,0
BRDA:149,21,0,0
BRDA:149,21,1,0
BRDA:152,22,0,0
BRDA:152,22,1,0
BRDA:152,23,0,0
BRDA:152,23,1,0
BRDA:160,24,0,0
BRDA:160,24,1,0
BRDA:166,25,0,0
BRDA:166,25,1,0
BRDA:168,26,0,0
BRDA:168,26,1,0
BRDA:168,27,0,0
BRDA:168,27,1,0
BRDA:171,28,0,0
BRDA:171,28,1,0
BRDA:171,29,0,0
BRDA:171,29,1,0
BRDA:174,30,0,0
BRDA:174,30,1,0
BRDA:174,31,0,0
BRDA:174,31,1,0
BRDA:191,32,0,0
BRDA:191,32,1,0
BRDA:194,33,0,0
BRDA:194,33,1,0
BRDA:202,34,0,0
BRDA:202,34,1,0
BRDA:210,35,0,0
BRDA:210,35,1,0
BRDA:212,36,0,0
BRDA:212,36,1,0
BRDA:234,37,0,0
BRDA:234,37,1,0
BRDA:234,37,2,0
BRDA:234,37,3,0
BRDA:242,38,0,0
BRDA:242,38,1,0
BRDA:250,39,0,0
BRDA:250,39,1,0
BRDA:250,40,0,0
BRDA:250,40,1,0
BRDA:250,40,2,0
BRDA:258,41,0,0
BRDA:258,41,1,0
BRDA:258,42,0,0
BRDA:258,42,1,0
BRDA:266,43,0,0
BRDA:266,43,1,0
BRDA:270,44,0,0
BRDA:270,44,1,0
BRDA:277,45,0,0
BRDA:277,45,1,0
BRDA:281,46,0,0
BRDA:281,46,1,0
BRDA:288,47,0,0
BRDA:288,47,1,0
BRDA:292,48,0,0
BRDA:292,48,1,0
BRDA:299,49,0,0
BRDA:299,49,1,0
BRDA:307,50,0,0
BRDA:307,50,1,0
BRDA:311,51,0,0
BRDA:311,51,1,0
BRDA:318,52,0,0
BRDA:318,52,1,0
BRDA:326,53,0,0
BRDA:326,53,1,0
BRDA:351,54,0,0
BRDA:351,54,1,0
BRDA:351,55,0,0
BRDA:351,55,1,0
BRDA:363,56,0,0
BRDA:363,56,1,0
BRF:116
BRH:0
end_of_record
TN:
[...]
BRDA:273,14,0,0
BRDA:310,15,0,0
BRDA:311,16,0,0
BRDA:311,16,1,0
BRDA:314,17,0,0
BRDA:316,18,0,0
BRDA:316,18,1,0
BRDA:316,19,0,0
BRDA:316,19,1,0
BRDA:319,20,0,0
BRDA:321,21,0,0
BRDA:321,21,1,0
BRDA:321,22,0,0
BRDA:321,22,1,0
BRDA:324,23,0,0
BRDA:326,24,0,0
BRDA:326,24,1,0
BRDA:326,25,0,0
BRDA:326,25,1,0
BRDA:331,26,0,0
BRDA:331,26,1,0
BRDA:331,27,0,0
BRDA:331,27,1,0
BRDA:336,28,0,0
BRDA:336,28,1,0
BRDA:336,29,0,0
BRDA:336,29,1,0
BRDA:339,30,0,0
BRDA:341,31,0,0
BRDA:341,31,1,0
BRDA:341,32,0,0
BRDA:341,32,1,0
BRDA:344,33,0,0
BRDA:346,34,0,0
BRDA:346,34,1,0
BRDA:346,35,0,0
BRDA:346,35,1,0
BRDA:352,36,0,0
BRDA:352,36,1,0
BRDA:352,37,0,0
BRDA:352,37,1,0
BRDA:352,38,0,0
BRDA:352,38,1,0
BRDA:359,39,0,0
BRDA:359,39,1,0
BRDA:359,40,0,0
BRDA:359,40,1,0
BRDA:359,41,0,0
BRDA:359,41,1,0
BRDA:363,42,0,0
BRDA:364,43,0,0
BRDA:364,43,1,0
BRF:81
BRH:0
end_of_record
TN:
SF:src\utils\formValidation.ts
FN:24,(anonymous_0)
FN:28,(anonymous_1)
FN:65,(anonymous_2)
FN:68,(anonymous_3)
FN:78,(anonymous_4)
FN:82,(anonymous_5)
FN:101,(anonymous_6)
FN:106,(anonymous_7)
FN:112,(anonymous_8)
FN:119,(anonymous_9)
FN:124,(anonymous_10)
FN:129,(anonymous_11)
FN:134,(anonymous_12)
FN:139,(anonymous_13)
FN:144,(anonymous_14)
FN:149,(anonymous_15)
FN:152,(anonymous_16)
FN:161,(anonymous_17)
FN:164,(anonymous_18)
FN:173,(anonymous_19)
FN:176,(anonymous_20)
FN:223,(anonymous_21)
FNF:22
FNH:0
FNDA:0,(anonymous_0)
FNDA:0,(anonymous_1)
FNDA:0,(anonymous_2)
FNDA:0,(anonymous_3)
FNDA:0,(anonymous_4)
FNDA:0,(anonymous_5)
FNDA:0,(anonymous_6)
FNDA:0,(anonymous_7)
FNDA:0,(anonymous_8)
FNDA:0,(anonymous_9)
FNDA:0,(anonymous_10)
FNDA:0,(anonymous_11)
FNDA:0,(anonymous_12)
FNDA:0,(anonymous_13)
FNDA:0,(anonymous_14)
FNDA:0,(anonymous_15)
FNDA:0,(anonymous_16)
FNDA:0,(anonymous_17)
FNDA:0,(anonymous_18)
FNDA:0,(anonymous_19)
FNDA:0,(anonymous_20)
FNDA:0,(anonymous_21)
DA:25,0
DA:29,0
DA:30,0
DA:33,0
DA:34,0
DA:38,0
DA:39,0
DA:43,0
DA:44,0
DA:48,0
DA:49,0
DA:53,0
DA:54,0
DA:58,0
DA:59,0
DA:62,0
DA:66,0
DA:68,0
DA:69,0
DA:70,0
DA:71,0
DA:75,0
DA:79,0
DA:83,0
DA:84,0
DA:89,0
DA:100,0
DA:101,0
DA:106,0
DA:112,0
DA:119,0
DA:124,0
DA:129,0
DA:134,0
DA:139,0
DA:144,0
DA:149,0
DA:153,0
DA:154,0
DA:155,0
DA:157,0
DA:161,0
DA:165,0
DA:166,0
DA:167,0
DA:169,0
DA:173,0
DA:177,0
DA:178,0
DA:179,0
DA:181,0
DA:187,0
DA:196,0
DA:207,0
DA:213,0
DA:224,0
DA:225,0
DA:227,0
LF:58
LH:0
BRDA:30,0,0,0
BRDA:30,0,1,0
BRDA:33,1,0,0
BRDA:33,1,1,0
BRDA:33,2,0,0
BRDA:33,2,1,0
BRDA:33,2,2,0
BRDA:34,3,0,0
BRDA:34,3,1,0
BRDA:38,4,0,0
BRDA:38,4,1,0
BRDA:38,5,0,0
BRDA:38,5,1,0
BRDA:43,6,0,0
BRDA:43,6,1,0
BRDA:43,7,0,0
BRDA:43,7,1,0
BRDA:44,8,0,0
BRDA:44,8,1,0
BRDA:48,9,0,0
BRDA:48,9,1,0
BRDA:48,10,0,0
BRDA:48,10,1,0
BRDA:49,11,0,0
BRDA:49,11,1,0
BRDA:53,12,0,0
BRDA:53,12,1,0
BRDA:53,13,0,0
BRDA:53,13,1,0
BRDA:54,14,0,0
BRDA:54,14,1,0
BRDA:58,15,0,0
BRDA:58,15,1,0
BRDA:69,16,0,0
BRDA:69,16,1,0
BRDA:70,17,0,0
BRDA:70,17,1,0
BRDA:84,18,0,0
BRDA:84,18,1,0
BRDA:103,19,0,0
BRDA:103,19,1,0
BRDA:109,20,0,0
BRDA:109,20,1,0
BRDA:116,21,0,0
BRDA:116,21,1,0
BRDA:121,22,0,0
BRDA:121,22,1,0
BRDA:126,23,0,0
BRDA:126,23,1,0
BRDA:131,24,0,0
BRDA:131,24,1,0
BRDA:136,25,0,0
BRDA:136,25,1,0
BRDA:141,26,0,0
BRDA:141,26,1,0
BRDA:146,27,0,0
BRDA:146,27,1,0
BRDA:154,28,0,0
BRDA:154,28,1,0
BRDA:154,29,0,0
BRDA:154,29,1,0
BRDA:155,30,0,0
BRDA:155,30,1,0
BRDA:166,31,0,0
BRDA:166,31,1,0
BRDA:166,32,0,0
BRDA:166,32,1,0
BRDA:167,33,0,0
BRDA:167,33,1,0
BRDA:178,34,0,0
BRDA:178,34,1,0
BRDA:178,35,0,0
BRDA:178,35,1,0
BRDA:179,36,0,0
BRDA:179,36,1,0
BRDA:224,37,0,0
BRDA:224,37,1,0
BRDA:224,38,0,0
BRDA:224,38,1,0
BRF:79
BRH:0
end_of_record
TN:
SF:src\utils\haptics.ts
FN:7,(anonymous_0)
FN:16,(anonymous_1)
FN:25,(anonymous_2)
FN:34,(anonymous_3)
FN:43,(anonymous_4)
FN:52,(anonymous_5)
FN:61,(anonymous_6)
FN:76,(anonymous_7)
FN:81,(anonymous_8)
FN:86,(anonymous_9)
FN:133,(anonymous_10)
FN:138,(anonymous_11)
FN:148,(anonymous_12)
FN:154,(anonymous_13)
FNF:14
FNH:1
FNDA:1,(anonymous_0)
FNDA:0,(anonymous_1)
FNDA:0,(anonymous_2)
FNDA:0,(anonymous_3)
FNDA:0,(anonymous_4)
FNDA:0,(anonymous_5)
FNDA:0,(anonymous_6)
FNDA:0,(anonymous_7)
FNDA:0,(anonymous_8)
FNDA:0,(anonymous_9)
FNDA:0,(anonymous_10)
FNDA:0,(anonymous_11)
FNDA:0,(anonymous_12)
FNDA:0,(anonymous_13)
DA:5,1
DA:8,1
DA:9,1
DA:11,1
DA:17,0
DA:18,0
DA:20,0
DA:26,0
DA:27,0
DA:29,0
DA:35,0
DA:36,0
DA:38,0
DA:44,0
DA:45,0
DA:47,0
DA:53,0
DA:54,0
DA:56,0
DA:62,0
DA:63,0
DA:65,0
DA:71,1
DA:77,0
DA:82,0
DA:87,0
DA:92,1
DA:131,1
DA:134,0
DA:139,0
DA:149,0
DA:150,0
DA:155,0
DA:156,0
LF:34
LH:7
BRDA:77,0,0,0
BRDA:77,0,1,0
BRDA:86,1,0,0
BRF:3
BRH:0
end_of_record
TN:
SF:src\utils\index.ts
FNF:0
FNH:0
LF:0
LH:0
BRF:0
BRH:0
end_of_record
TN:
SF:src\utils\logger.ts
FN:18,(anonymous_0)
FN:22,(anonymous_1)
FN:26,(anonymous_2)
FN:32,(anonymous_3)
FN:38,(anonymous_4)
FN:44,(anonymous_5)
FN:51,(anonymous_6)
FN:57,(anonymous_7)
FN:63,(anonymous_8)
FN:69,(anonymous_9)
FN:75,(anonymous_10)
FN:81,(anonymous_11)
FNF:12
FNH:0
FNDA:0,(anonymous_0)
FNDA:0,(anonymous_1)
FNDA:0,(anonymous_2)
FNDA:0,(anonymous_3)
FNDA:0,(anonymous_4)
FNDA:0,(anonymous_5)
FNDA:0,(anonymous_6)
FNDA:0,(anonymous_7)
FNDA:0,(anonymous_8)
FNDA:0,(anonymous_9)
FNDA:0,(anonymous_10)
FNDA:0,(anonymous_11)
DA:5,0
DA:6,0
DA:16,0
DA:19,0
DA:23,0
DA:27,0
DA:28,0
DA:33,0
DA:34,0
DA:39,0
DA:40,0
DA:45,0
DA:46,0
DA:52,0
DA:53,0
DA:58,0
DA:59,0
DA:64,0
DA:65,0
DA:70,0
DA:71,0
DA:76,0
DA:77,0
DA:82,0
DA:83,0
DA:88,0
DA:91,0
DA:92,0
LF:28
LH:0
BRDA:16,0,0,0
BRDA:16,0,1,0
BRDA:27,1,0,0
BRDA:27,1,1,0
BRDA:33,2,0,0
BRDA:33,2,1,0
BRDA:39,3,0,0
BRDA:39,3,1,0
BRDA:45,4,0,0
BRDA:45,4,1,0
BRDA:52,5,0,0
BRDA:52,5,1,0
BRDA:58,6,0,0
BRDA:58,6,1,0
BRDA:64,7,0,0
BRDA:64,7,1,0
BRDA:70,8,0,0
BRDA:70,8,1,0
BRDA:76,9,0,0
BRDA:76,9,1,0
BRDA:82,10,0,0
BRDA:82,10,1,0
BRDA:91,11,0,0
BRDA:91,11,1,0
BRF:24
BRH:0
end_of_record
TN:
SF:src\utils\loggingUtils.ts
FN:36,(anonymous_0)
FN:68,(anonymous_1)
FN:72,(anonymous_2)
FN:76,(anonymous_3)
FN:82,(anonymous_4)
FN:91,(anonymous_5)
FN:95,(anonymous_6)
FN:100,(anonymous_7)
FN:111,(anonymous_8)
FN:115,(anonymous_9)
FN:119,(anonymous_10)
FN:123,(anonymous_11)
FN:132,(anonymous_12)
FN:136,(anonymous_13)
FN:141,(anonymous_14)
FN:147,(anonymous_15)
FN:156,(anonymous_16)
FN:160,(anonymous_17)
FN:164,(anonymous_18)
FN:175,(anonymous_19)
FN:179,(anonymous_20)
FN:193,(anonymous_21)
FN:194,(anonymous_22)
FN:195,(anonymous_23)
FN:196,(anonymous_24)
FN:197,(anonymous_25)
FN:203,(anonymous_26)
FN:227,(anonymous_27)
FN:231,(anonymous_28)
FN:232,(anonymous_29)
FN:234,(anonymous_30)
FN:251,(anonymous_31)
FN:255,(anonymous_32)
FN:259,(anonymous_33)
FN:269,(anonymous_34)
FN:273,(anonymous_35)
FNF:36
FNH:0
FNDA:0,(anonymous_0)
FNDA:0,(anonymous_1)
FNDA:0,(anonymous_2)
FNDA:0,(anonymous_3)
FNDA:0,(anonymous_4)
FNDA:0,(anonymous_5)
FNDA:0,(anonymous_6)
FNDA:0,(anonymous_7)
FNDA:0,(anonymous_8)
FNDA:0,(anonymous_9)
FNDA:0,(anonymous_10)
FNDA:0,(anonymous_11)
FNDA:0,(anonymous_12)
FNDA:0,(anonymous_13)
FNDA:0,(anonymous_14)
FNDA:0,(anonymous_15)
FNDA:0,(anonymous_16)
FNDA:0,(anonymous_17)
FNDA:0,(anonymous_18)
FNDA:0,(anonymous_19)
FNDA:0,(anonymous_20)
FNDA:0,(anonymous_21)
FNDA:0,(anonymous_22)
FNDA:0,(anonymous_23)
FNDA:0,(anonymous_24)
FNDA:0,(anonymous_25)
FNDA:0,(anonymous_26)
FNDA:0,(anonymous_27)
FNDA:0,(anonymous_28)
FNDA:0,(anonymous_29)
FNDA:0,(anonymous_30)
FNDA:0,(anonymous_31)
FNDA:0,(anonymous_32)
FNDA:0,(anonymous_33)
FNDA:0,(anonymous_34)
FNDA:0,(anonymous_35)
DA:23,0
DA:36,0
DA:37,0
DA:39,0
DA:40,0
DA:42,0
DA:43,0
DA:45,0
DA:46,0
DA:48,0
DA:49,0
DA:51,0
DA:52,0
DA:54,0
DA:55,0
DA:67,0
DA:69,0
DA:73,0
DA:77,0
DA:78,0
DA:83,0
DA:90,0
DA:92,0
DA:96,0
DA:97,0
DA:101,0
DA:103,0
DA:110,0
DA:112,0
DA:116,0
DA:120,0
DA:124,0
DA:131,0
DA:133,0
DA:137,0
DA:138,0
DA:142,0
DA:144,0
DA:148,0
DA:155,0
DA:157,0
DA:161,0
DA:165,0
DA:166,0
DA:174,0
DA:176,0
DA:180,0
DA:182,0
DA:193,0
DA:194,0
DA:195,0
DA:196,0
DA:197,0
DA:203,0
DA:207,0
DA:208,0
DA:210,0
DA:211,0
DA:212,0
DA:213,0
DA:214,0
DA:215,0
DA:217,0
DA:218,0
DA:219,0
DA:220,0
DA:227,0
DA:231,0
DA:232,0
DA:233,0
DA:234,0
DA:237,0
DA:240,0
DA:241,0
DA:251,0
DA:252,0
DA:253,0
DA:255,0
DA:256,0
DA:259,0
DA:260,0
DA:261,0
DA:269,0
DA:270,0
DA:271,0
DA:273,0
DA:274,0
DA:275,0
DA:277,0
DA:278,0
DA:279,0
DA:281,0
DA:282,0
DA:284,0
DA:288,0
LF:95
LH:0
BRDA:24,0,0,0
BRDA:24,0,1,0
BRDA:37,1,0,0
BRDA:37,1,1,0
BRDA:39,2,0,0
BRDA:39,2,1,0
BRDA:42,3,0,0
BRDA:42,3,1,0
BRDA:43,4,0,0
BRDA:43,4,1,0
BRDA:43,4,2,0
BRDA:43,4,3,0
BRDA:45,5,0,0
BRDA:45,5,1,0
BRDA:48,6,0,0
BRDA:48,6,1,0
BRDA:51,7,0,0
BRDA:51,7,1,0
BRDA:54,8,0,0
BRDA:54,8,1,0
BRDA:77,9,0,0
BRDA:77,9,1,0
BRDA:77,10,0,0
BRDA:77,10,1,0
BRDA:96,11,0,0
BRDA:96,11,1,0
BRDA:96,12,0,0
BRDA:96,12,1,0
BRDA:101,13,0,0
BRDA:101,13,1,0
BRDA:101,14,0,0
BRDA:101,14,1,0
BRDA:101,14,2,0
BRDA:137,15,0,0
BRDA:137,15,1,0
BRDA:142,16,0,0
BRDA:142,16,1,0
BRDA:142,17,0,0
BRDA:142,17,1,0
BRDA:142,17,2,0
BRDA:164,18,0,0
BRDA:165,19,0,0
BRDA:165,19,1,0
BRDA:180,20,0,0
BRDA:180,20,1,0
BRDA:180,21,0,0
BRDA:180,21,1,0
BRDA:180,21,2,0
BRDA:260,22,0,0
BRDA:260,22,1,0
BRF:50
BRH:0
end_of_record
TN:
SF:src\utils\networkUtils.ts
FN:21,(anonymous_0)
FN:32,(anonymous_1)
FN:68,(anonymous_2)
FN:81,(anonymous_3)
FN:96,(anonymous_4)
FN:102,(anonymous_5)
FN:127,(anonymous_6)
FN:140,(anonymous_7)
FN:145,(anonymous_8)
FNF:9
FNH:0
FNDA:0,(anonymous_0)
FNDA:0,(anonymous_1)
FNDA:0,(anonymous_2)
FNDA:0,(anonymous_3)
FNDA:0,(anonymous_4)
FNDA:0,(anonymous_5)
FNDA:0,(anonymous_6)
FNDA:0,(anonymous_7)
FNDA:0,(anonymous_8)
DA:14,0
DA:26,0
DA:27,0
DA:29,0
DA:30,0
DA:31,0
DA:32,0
DA:34,0
DA:39,0
DA:41,0
DA:42,0
DA:45,0
DA:46,0
DA:52,0
DA:53,0
DA:55,0
DA:56,0
DA:57,0
DA:59,0
DA:67,0
DA:68,0
DA:73,0
DA:82,0
DA:84,0
DA:85,0
DA:96,0
DA:97,0
DA:103,0
DA:105,0
DA:107,0
DA:108,0
DA:111,0
DA:112,0
DA:115,0
DA:116,0
DA:119,0
DA:120,0
DA:123,0
DA:128,0
DA:129,0
DA:133,0
DA:135,0
DA:145,0
DA:146,0
DA:147,0
DA:148,0
DA:150,0
DA:151,0
LF:48
LH:0
BRDA:23,0,0,0
BRDA:24,1,0,0
BRDA:29,2,0,0
BRDA:29,2,1,0
BRDA:41,3,0,0
BRDA:41,3,1,0
BRDA:53,4,0,0
BRDA:53,4,1,0
BRDA:55,5,0,0
BRDA:55,5,1,0
BRDA:56,6,0,0
BRDA:56,6,1,0
BRDA:67,7,0,0
BRDA:67,7,1,0
BRDA:67,8,0,0
BRDA:67,8,1,0
BRDA:82,9,0,0
BRDA:82,9,1,0
BRDA:84,10,0,0
BRDA:84,10,1,0
BRDA:103,11,0,0
BRDA:103,11,1,0
BRDA:105,12,0,0
BRDA:105,12,1,0
BRDA:107,13,0,0
BRDA:107,13,1,0
BRDA:111,14,0,0
BRDA:111,14,1,0
BRDA:115,15,0,0
BRDA:115,15,1,0
BRDA:119,16,0,0
BRDA:119,16,1,0
BRF:32
BRH:0
end_of_record
TN:
SF:src\utils\normalization.ts
FN:21,(anonymous_0)
FN:26,(anonymous_1)
FN:29,(anonymous_2)
FN:41,(anonymous_3)
FN:46,(anonymous_4)
FN:49,(anonymous_5)
FN:51,(anonymous_6)
FN:59,(anonymous_7)
FN:64,(anonymous_8)
FN:76,(anonymous_9)
FN:81,(anonymous_10)
FN:82,(anonymous_11)
FN:86,(anonymous_12)
FN:87,(anonymous_13)
FN:91,(anonymous_14)
FN:96,(anonymous_15)
FN:102,(anonymous_16)
FN:107,(anonymous_17)
FN:115,(anonymous_18)
FN:116,(anonymous_19)
FN:120,(anonymous_20)
FN:121,(anonymous_21)
FN:125,(anonymous_22)
FN:126,(anonymous_23)
FN:130,(anonymous_24)
FN:131,(anonymous_25)
FN:137,(anonymous_26)
FN:138,(anonymous_27)
FN:147,(anonymous_28)
FN:148,(anonymous_29)
FN:152,(anonymous_30)
FN:154,(anonymous_31)
FN:161,(anonymous_32)
FN:162,(anonymous_33)
FN:171,(anonymous_34)
FN:172,(anonymous_35)
FN:176,(anonymous_36)
FN:178,(anonymous_37)
FN:188,(anonymous_38)
FN:196,(anonymous_39)
FN:201,(anonymous_40)
FN:208,(anonymous_41)
FN:224,(anonymous_42)
FN:228,(anonymous_43)
FN:236,(anonymous_44)
FN:237,(anonymous_45)
FN:240,(anonymous_46)
FNF:47
FNH:37
FNDA:45,(anonymous_0)
FNDA:1040,(anonymous_1)
FNDA:1040,(anonymous_2)
FNDA:1040,(anonymous_3)
FNDA:4,(anonymous_4)
FNDA:4,(anonymous_5)
FNDA:118,(anonymous_6)
FNDA:4,(anonymous_7)
FNDA:6,(anonymous_8)
FNDA:14,(anonymous_9)
FNDA:10,(anonymous_10)
FNDA:70,(anonymous_11)
FNDA:0,(anonymous_12)
FNDA:0,(anonymous_13)
FNDA:40,(anonymous_14)
FNDA:0,(anonymous_15)
FNDA:60,(anonymous_16)
FNDA:0,(anonymous_17)
FNDA:1,(anonymous_18)
FNDA:4,(anonymous_19)
FNDA:1,(anonymous_20)
FNDA:6,(anonymous_21)
FNDA:1,(anonymous_22)
FNDA:8,(anonymous_23)
FNDA:1,(anonymous_24)
FNDA:10,(anonymous_25)
FNDA:1,(anonymous_26)
FNDA:3,(anonymous_27)
FNDA:1,(anonymous_28)
FNDA:10,(anonymous_29)
FNDA:1,(anonymous_30)
FNDA:16,(anonymous_31)
FNDA:1,(anonymous_32)
FNDA:3,(anonymous_33)
FNDA:1,(anonymous_34)
FNDA:10,(anonymous_35)
FNDA:1,(anonymous_36)
FNDA:16,(anonymous_37)
FNDA:0,(anonymous_38)
FNDA:0,(anonymous_39)
FNDA:0,(anonymous_40)
FNDA:0,(anonymous_41)
FNDA:40,(anonymous_42)
FNDA:11500,(anonymous_43)
FNDA:0,(anonymous_44)
FNDA:0,(anonymous_45)
FNDA:40,(anonymous_46)
DA:22,45
DA:27,1040
DA:29,1040
DA:30,1040
DA:31,1040
DA:32,136
DA:36,1040
DA:37,1040
DA:42,1040
DA:47,4
DA:49,4
DA:50,4
DA:51,118
DA:54,4
DA:55,4
DA:60,4
DA:65,6
DA:67,6
DA:68,5
DA:71,6
DA:72,6
DA:77,14
DA:82,70
DA:87,0
DA:92,40
DA:97,0
DA:98,0
DA:103,60
DA:108,0
DA:116,4
DA:121,6
DA:126,8
DA:131,10
DA:138,1
DA:139,3
DA:140,3
DA:141,3
DA:142,3
DA:148,10
DA:153,1
DA:154,16
DA:162,1
DA:163,3
DA:164,3
DA:165,3
DA:166,3
DA:172,10
DA:177,1
DA:178,16
DA:185,1
DA:189,0
DA:190,0
DA:192,0
DA:197,0
DA:202,0
DA:203,0
DA:209,0
DA:224,1
DA:225,40
DA:226,40
DA:228,40
DA:229,11500
DA:230,11500
DA:233,40
DA:236,1
DA:237,0
DA:240,1
DA:244,40
LF:68
LH:56
BRDA:21,0,0,5
BRDA:31,1,0,136
BRDA:31,1,1,904
BRDA:67,2,0,5
BRDA:67,2,1,1
BRDA:142,3,0,3
BRDA:142,3,1,2
BRDA:152,4,0,0
BRDA:166,5,0,3
BRDA:166,5,1,2
BRDA:176,6,0,0
BRDA:189,7,0,0
BRDA:189,7,1,0
BRDA:197,8,0,0
BRDA:197,8,1,0
BRDA:202,9,0,0
BRDA:202,9,1,0
BRF:17
BRH:9
end_of_record
TN:
SF:src\utils\performance.ts
FN:6,(anonymous_0)
FN:11,(anonymous_1)
FN:16,(anonymous_2)
FN:18,(anonymous_3)
FN:23,(anonymous_4)
FN:28,(anonymous_5)
FN:32,(anonymous_6)
FN:38,(anonymous_7)
FN:40,(anonymous_8)
FN:52,(anonymous_9)
FN:53,(anonymous_10)
FN:54,(anonymous_11)
FN:59,(anonymous_12)
FN:67,(anonymous_13)
FN:77,(anonymous_14)
FN:85,(anonymous_15)
FN:97,(anonymous_16)
FN:103,(anonymous_17)
FN:122,(anonymous_18)
FN:135,(anonymous_19)
FN:143,(anonymous_20)
FN:158,(anonymous_21)
FN:167,(anonymous_22)
FN:181,(anonymous_23)
FN:191,(anonymous_24)
FN:199,(anonymous_25)
FN:222,(anonymous_26)
FN:230,(anonymous_27)
FN:231,(anonymous_28)
FN:235,(anonymous_29)
FN:237,(anonymous_30)
FN:246,(anonymous_31)
FNF:32
FNH:0
FNDA:0,(anonymous_0)
FNDA:0,(anonymous_1)
FNDA:0,(anonymous_2)
FNDA:0,(anonymous_3)
FNDA:0,(anonymous_4)
FNDA:0,(anonymous_5)
FNDA:0,(anonymous_6)
FNDA:0,(anonymous_7)
FNDA:0,(anonymous_8)
FNDA:0,(anonymous_9)
FNDA:0,(anonymous_10)
FNDA:0,(anonymous_11)
FNDA:0,(anonymous_12)
FNDA:0,(anonymous_13)
FNDA:0,(anonymous_14)
FNDA:0,(anonymous_15)
FNDA:0,(anonymous_16)
FNDA:0,(anonymous_17)
FNDA:0,(anonymous_18)
FNDA:0,(anonymous_19)
FNDA:0,(anonymous_20)
FNDA:0,(anonymous_21)
FNDA:0,(anonymous_22)
FNDA:0,(anonymous_23)
FNDA:0,(anonymous_24)
FNDA:0,(anonymous_25)
FNDA:0,(anonymous_26)
FNDA:0,(anonymous_27)
FNDA:0,(anonymous_28)
FNDA:0,(anonymous_29)
FNDA:0,(anonymous_30)
FNDA:0,(anonymous_31)
DA:4,0
DA:7,0
DA:16,0
DA:17,0
DA:18,0
DA:28,0
DA:29,0
DA:30,0
DA:31,0
DA:32,0
DA:39,0
DA:40,0
DA:41,0
DA:42,0
DA:43,0
DA:45,0
DA:46,0
DA:47,0
DA:53,0
DA:54,0
DA:61,0
DA:62,0
DA:63,0
DA:68,0
DA:69,0
DA:71,0
DA:79,0
DA:80,0
DA:86,0
DA:99,0
DA:104,0
DA:105,0
DA:107,0
DA:109,0
DA:111,0
DA:123,0
DA:124,0
DA:136,0
DA:137,0
DA:139,0
DA:144,0
DA:145,0
DA:147,0
DA:153,0
DA:159,0
DA:168,0
DA:169,0
DA:171,0
DA:172,0
DA:173,0
DA:174,0
DA:177,0
DA:182,0
DA:183,0
DA:184,0
DA:185,0
DA:192,0
DA:197,0
DA:200,0
DA:201,0
DA:203,0
DA:205,0
DA:206,0
DA:207,0
DA:208,0
DA:209,0
DA:212,0
DA:213,0
DA:214,0
DA:215,0
DA:218,0
DA:223,0
DA:228,0
DA:231,0
DA:236,0
DA:237,0
DA:238,0
DA:239,0
DA:242,0
DA:248,0
DA:249,0
LF:81
LH:0
BRDA:29,0,0,0
BRDA:29,0,1,0
BRDA:42,1,0,0
BRDA:42,1,1,0
BRDA:68,2,0,0
BRDA:68,2,1,0
BRDA:79,3,0,0
BRDA:79,3,1,0
BRDA:105,4,0,0
BRDA:105,4,1,0
BRDA:105,4,2,0
BRDA:125,5,0,0
BRDA:125,5,1,0
BRDA:136,6,0,0
BRDA:136,6,1,0
BRDA:144,7,0,0
BRDA:144,7,1,0
BRDA:158,8,0,0
BRDA:169,9,0,0
BRDA:169,9,1,0
BRDA:172,10,0,0
BRDA:172,10,1,0
BRDA:184,11,0,0
BRDA:184,11,1,0
BRDA:205,12,0,0
BRDA:205,12,1,0
BRDA:205,13,0,0
BRDA:205,13,1,0
BRDA:206,14,0,0
BRDA:206,14,1,0
BRDA:212,15,0,0
BRDA:212,15,1,0
BRDA:213,16,0,0
BRDA:213,16,1,0
BRDA:214,17,0,0
BRDA:214,17,1,0
BRDA:215,18,0,0
BRDA:215,18,1,0
BRDA:223,19,0,0
BRDA:223,19,1,0
BRDA:238,20,0,0
BRDA:238,20,1,0
BRDA:248,21,0,0
BRDA:248,21,1,0
BRF:44
BRH:0
end_of_record
TN:
SF:src\utils\responsiveStyles.ts
FN:9,createResponsiveStyles
FN:18,(anonymous_1)
FN:32,(anonymous_2)
FN:39,(anonymous_3)
FN:47,(anonymous_4)
FN:53,(anonymous_5)
FN:68,(anonymous_6)
FN:79,(anonymous_7)
FN:87,(anonymous_8)
FN:95,(anonymous_9)
FN:101,(anonymous_10)
FN:115,(anonymous_11)
FN:123,(anonymous_12)
FN:137,(anonymous_13)
FN:148,(anonymous_14)
FN:161,(anonymous_15)
FN:167,(anonymous_16)
FN:173,(anonymous_17)
FN:179,(anonymous_18)
FNF:19
FNH:0
FNDA:0,createResponsiveStyles
FNDA:0,(anonymous_1)
FNDA:0,(anonymous_2)
FNDA:0,(anonymous_3)
FNDA:0,(anonymous_4)
FNDA:0,(anonymous_5)
FNDA:0,(anonymous_6)
FNDA:0,(anonymous_7)
FNDA:0,(anonymous_8)
FNDA:0,(anonymous_9)
FNDA:0,(anonymous_10)
FNDA:0,(anonymous_11)
FNDA:0,(anonymous_12)
FNDA:0,(anonymous_13)
FNDA:0,(anonymous_14)
FNDA:0,(anonymous_15)
FNDA:0,(anonymous_16)
FNDA:0,(anonymous_17)
FNDA:0,(anonymous_18)
DA:12,0
DA:16,0
DA:18,0
DA:32,0
DA:39,0
DA:47,0
DA:53,0
DA:68,0
DA:79,0
DA:87,0
DA:95,0
DA:101,0
DA:115,0
DA:123,0
DA:137,0
DA:148,0
DA:161,0
DA:167,0
DA:173,0
DA:179,0
LF:20
LH:0
BRDA:95,0,0,0
BRDA:141,1,0,0
BRDA:141,1,1,0
BRDA:157,2,0,0
BRDA:157,2,1,0
BRF:5
BRH:0
end_of_record
TN:
SF:src\utils\styleUtils.ts
FN:12,(anonymous_0)
FN:31,(anonymous_1)
FN:46,(anonymous_2)
FN:53,(anonymous_3)
FN:66,(anonymous_4)
FN:80,(anonymous_5)
FN:94,(anonymous_6)
FN:126,(anonymous_7)
FNF:8
FNH:0
FNDA:0,(anonymous_0)
FNDA:0,(anonymous_1)
FNDA:0,(anonymous_2)
FNDA:0,(anonymous_3)
FNDA:0,(anonymous_4)
FNDA:0,(anonymous_5)
FNDA:0,(anonymous_6)
FNDA:0,(anonymous_7)
DA:12,0
DA:13,0
DA:19,0
DA:25,0
DA:31,0
DA:32,0
DA:34,0
DA:40,0
DA:46,0
DA:47,0
DA:53,0
DA:54,0
DA:60,0
DA:66,0
DA:67,0
DA:74,0
DA:80,0
DA:81,0
DA:88,0
DA:94,0
DA:95,0
DA:120,0
DA:126,0
DA:137,0
DA:139,0
DA:145,0
LF:26
LH:0
BRDA:12,0,0,0
BRDA:31,1,0,0
BRDA:53,2,0,0
BRDA:66,3,0,0
BRDA:80,4,0,0
BRDA:94,5,0,0
BRDA:133,6,0,0
BRDA:134,7,0,0
BRDA:135,8,0,0
BRDA:136,9,0,0
BRF:10
BRH:0
end_of_record
TN:
SF:src\utils\timezoneUtils.ts
FN:8,getTimezoneFromLocation
FN:154,getTimezoneFromCoordinates
FN:195,getCurrentTimezone
FN:208,getUserTimezone
FN:215,formatDateInUserTimezone
FN:243,formatTimeInUserTimezone
FN:270,getDateInUserTimezone
FN:283,isDateInUserTimezone
FNF:8
FNH:0
FNDA:0,getTimezoneFromLocation
FNDA:0,getTimezoneFromCoordinates
FNDA:0,getCurrentTimezone
FNDA:0,getUserTimezone
FNDA:0,formatDateInUserTimezone
FNDA:0,formatTimeInUserTimezone
FNDA:0,getDateInUserTimezone
FNDA:0,isDateInUserTimezone
DA:9,0
DA:10,0
DA:12,0
DA:13,0
DA:14,0
DA:15,0
DA:18,0
DA:20,0
DA:21,0
DA:22,0
DA:24,0
DA:26,0
DA:30,0
DA:32,0
DA:33,0
DA:34,0
DA:37,0
DA:38,0
DA:40,0
DA:126,0
DA:127,0
DA:128,0
DA:129,0
DA:131,0
DA:136,0
DA:137,0
DA:138,0
DA:139,0
DA:143,0
DA:144,0
DA:146,0
DA:147,0
DA:158,0
DA:161,0
DA:189,0
DA:196,0
DA:197,0
DA:198,0
DA:200,0
DA:201,0
DA:209,0
DA:219,0
DA:220,0
DA:221,0
DA:223,0
DA:230,0
DA:235,0
DA:236,0
DA:247,0
DA:248,0
DA:249,0
DA:251,0
DA:257,0
DA:262,0
DA:263,0
DA:271,0
DA:272,0
DA:273,0
DA:275,0
DA:276,0
DA:286,0
LF:61
LH:0
BRDA:13,0,0,0
BRDA:13,0,1,0
BRDA:32,1,0,0
BRDA:32,1,1,0
BRDA:37,2,0,0
BRDA:37,2,1,0
BRDA:127,3,0,0
BRDA:127,3,1,0
BRDA:189,4,0,0
BRDA:189,4,1,0
BRF:10
BRH:0
end_of_record
TN:
SF:src\utils\toast.ts
FN:7,(anonymous_0)
FN:16,(anonymous_1)
FN:25,(anonymous_2)
FN:34,(anonymous_3)
FN:45,(anonymous_4)
FNF:5
FNH:0
FNDA:0,(anonymous_0)
FNDA:0,(anonymous_1)
FNDA:0,(anonymous_2)
FNDA:0,(anonymous_3)
FNDA:0,(anonymous_4)
DA:4,0
DA:6,0
DA:8,0
DA:9,0
DA:10,0
DA:12,0
DA:17,0
DA:18,0
DA:19,0
DA:21,0
DA:26,0
DA:27,0
DA:28,0
DA:30,0
DA:35,0
DA:36,0
DA:37,0
DA:39,0
DA:45,0
DA:46,0
LF:20
LH:0
BRDA:8,0,0,0
BRDA:8,0,1,0
BRDA:9,1,0,0
BRDA:9,1,1,0
BRDA:17,2,0,0
BRDA:17,2,1,0
BRDA:18,3,0,0
BRDA:18,3,1,0
BRDA:26,4,0,0
BRDA:26,4,1,0
BRDA:27,5,0,0
BRDA:27,5,1,0
BRDA:35,6,0,0
BRDA:35,6,1,0
BRDA:36,7,0,0
BRDA:36,7,1,0
BRF:16
BRH:0
end_of_record
